[PARSEC] [========== PARSEC 3.0-beta-20150206 BUILD LOGFILE ==========]

[PARSEC] Build amd64-linux.gcc started on mié 31 mar 2021 18:33:48 CEST.
[PARSEC] Packages to build:  parsec.blackscholes parsec.bodytrack parsec.canneal parsec.dedup parsec.facesim parsec.fluidanimate parsec.freqmine parsec.netstreamcluster parsec.raytrace parsec.streamcluster parsec.swaptions

[PARSEC] [========== Building package parsec.blackscholes [1] ==========]
[PARSEC] [---------- Analyzing package parsec.blackscholes ----------]
[PARSEC] Package parsec.blackscholes already exists, proceeding.

[PARSEC] [========== Building package parsec.bodytrack [1] ==========]
[PARSEC] [---------- Analyzing package parsec.bodytrack ----------]
[PARSEC] Package parsec.bodytrack already exists, proceeding.

[PARSEC] [========== Building package parsec.canneal [1] ==========]
[PARSEC] [---------- Analyzing package parsec.canneal ----------]
[PARSEC] Package parsec.canneal already exists, proceeding.

[PARSEC] [========== Building package parsec.dedup [1] ==========]
[PARSEC] [---------- Analyzing package parsec.dedup ----------]
[PARSEC] Package parsec.dedup already exists, proceeding.

[PARSEC] [========== Building package parsec.facesim [1] ==========]
[PARSEC] [---------- Analyzing package parsec.facesim ----------]
[PARSEC] Package parsec.facesim already exists, proceeding.

[PARSEC] [========== Building package parsec.fluidanimate [1] ==========]
[PARSEC] [---------- Analyzing package parsec.fluidanimate ----------]
[PARSEC] parsec.fluidanimate does not depend on any other packages.
[PARSEC] [---------- Building package parsec.fluidanimate ----------]
[PARSEC] Removing old build directory.
[PARSEC] Copying source code of package parsec.fluidanimate.
[PARSEC] Running 'env version=pthreads /usr/bin/make':
/usr/bin/make -f Makefile.pthreads all
make[1]: Entering directory '/home/alberto/Documentos/TFG/PARSEC/pkgs/apps/fluidanimate/obj/amd64-linux.gcc'
/usr/bin/g++ -std=c++17 -O3 -g -funroll-loops -fprefetch-loop-arrays -fpermissive -fno-exceptions -fsanitize=address -static-libgcc -Wl,--hash-style=both,--as-needed -DPARSEC_VERSION=3.0-beta-20150206 -Wno-invalid-offsetof -pthread -D_GNU_SOURCE -D__XOPEN_SOURCE=600 -c pthreads.cpp
/usr/bin/g++ -std=c++17 -O3 -g -funroll-loops -fprefetch-loop-arrays -fpermissive -fno-exceptions -fsanitize=address -static-libgcc -Wl,--hash-style=both,--as-needed -DPARSEC_VERSION=3.0-beta-20150206 -Wno-invalid-offsetof -pthread -D_GNU_SOURCE -D__XOPEN_SOURCE=600 -c cellpool.cpp
/usr/bin/g++ -std=c++17 -O3 -g -funroll-loops -fprefetch-loop-arrays -fpermissive -fno-exceptions -fsanitize=address -static-libgcc -Wl,--hash-style=both,--as-needed -DPARSEC_VERSION=3.0-beta-20150206 -Wno-invalid-offsetof -pthread -D_GNU_SOURCE -D__XOPEN_SOURCE=600 -c parsec_barrier.cpp
/usr/bin/g++ -std=c++17 -O3 -g -funroll-loops -fprefetch-loop-arrays -fpermissive -fno-exceptions -fsanitize=address -static-libgcc -Wl,--hash-style=both,--as-needed -DPARSEC_VERSION=3.0-beta-20150206 -Wno-invalid-offsetof -pthread -D_GNU_SOURCE -D__XOPEN_SOURCE=600 pthreads.o cellpool.o parsec_barrier.o -L/usr/lib64 -L/usr/lib  -o fluidanimate
rm -rf fluidcmp
/usr/bin/g++ -std=c++17 -O3 -g -funroll-loops -fprefetch-loop-arrays -fpermissive -fno-exceptions -fsanitize=address -static-libgcc -Wl,--hash-style=both,--as-needed -DPARSEC_VERSION=3.0-beta-20150206 -Wno-invalid-offsetof -pthread -D_GNU_SOURCE -D__XOPEN_SOURCE=600 fluidcmp.cpp -o fluidcmp
make[1]: Leaving directory '/home/alberto/Documentos/TFG/PARSEC/pkgs/apps/fluidanimate/obj/amd64-linux.gcc'
[PARSEC] Running 'env version=pthreads /usr/bin/make install':
mkdir -p /home/alberto/Documentos/TFG/PARSEC/pkgs/apps/fluidanimate/inst/amd64-linux.gcc/bin
cp -f fluidanimate /home/alberto/Documentos/TFG/PARSEC/pkgs/apps/fluidanimate/inst/amd64-linux.gcc/bin
cp -f fluidcmp /home/alberto/Documentos/TFG/PARSEC/pkgs/apps/fluidanimate/inst/amd64-linux.gcc/bin

[PARSEC] [========== Building package parsec.freqmine [1] ==========]
[PARSEC] [---------- Analyzing package parsec.freqmine ----------]
[PARSEC] parsec.freqmine does not depend on any other packages.
[PARSEC] [---------- Building package parsec.freqmine ----------]
[PARSEC] Removing old build directory.
[PARSEC] Copying source code of package parsec.freqmine.
[PARSEC] Running 'env CXXFLAGS=-O3 -g -funroll-loops -fprefetch-loop-arrays -fpermissive -fno-exceptions -fsanitize=address -static-libgcc -Wl,--hash-style=both,--as-needed -DPARSEC_VERSION=3.0-beta-20150206 -fopenmp /usr/bin/make':
/usr/bin/g++ -std=c++17 -O3 -g -funroll-loops -fprefetch-loop-arrays -fpermissive -fno-exceptions -fsanitize=address -static-libgcc -Wl,--hash-style=both,--as-needed -DPARSEC_VERSION=3.0-beta-20150206 -fopenmp -Wno-deprecated -O2 -c fpmax.cpp -o fpgrowth.o
/usr/bin/g++ -std=c++17 -O3 -g -funroll-loops -fprefetch-loop-arrays -fpermissive -fno-exceptions -fsanitize=address -static-libgcc -Wl,--hash-style=both,--as-needed -DPARSEC_VERSION=3.0-beta-20150206 -fopenmp -Wno-deprecated -O2 -c data.cpp
/usr/bin/g++ -std=c++17 -O3 -g -funroll-loops -fprefetch-loop-arrays -fpermissive -fno-exceptions -fsanitize=address -static-libgcc -Wl,--hash-style=both,--as-needed -DPARSEC_VERSION=3.0-beta-20150206 -fopenmp -Wno-deprecated -O2 -c fp_tree.cpp
/usr/bin/g++ -std=c++17 -O3 -g -funroll-loops -fprefetch-loop-arrays -fpermissive -fno-exceptions -fsanitize=address -static-libgcc -Wl,--hash-style=both,--as-needed -DPARSEC_VERSION=3.0-beta-20150206 -fopenmp -Wno-deprecated -O2 -c buffer.cpp
/usr/bin/g++ -std=c++17 -O3 -g -funroll-loops -fprefetch-loop-arrays -fpermissive -fno-exceptions -fsanitize=address -static-libgcc -Wl,--hash-style=both,--as-needed -DPARSEC_VERSION=3.0-beta-20150206 -fopenmp -Wno-deprecated -O2 -c fsout.cpp
/usr/bin/g++ -std=c++17 -O3 -g -funroll-loops -fprefetch-loop-arrays -fpermissive -fno-exceptions -fsanitize=address -static-libgcc -Wl,--hash-style=both,--as-needed -DPARSEC_VERSION=3.0-beta-20150206 -fopenmp -Wno-deprecated -O2 -c fp_node.cpp
/usr/bin/g++ -std=c++17 -O3 -g -funroll-loops -fprefetch-loop-arrays -fpermissive -fno-exceptions -fsanitize=address -static-libgcc -Wl,--hash-style=both,--as-needed -DPARSEC_VERSION=3.0-beta-20150206 -fopenmp -Wno-deprecated -O2 -c wtime.cpp -o wtime.o
/usr/bin/g++ -std=c++17 -O3 -g -funroll-loops -fprefetch-loop-arrays -fpermissive -fno-exceptions -fsanitize=address -static-libgcc -Wl,--hash-style=both,--as-needed -DPARSEC_VERSION=3.0-beta-20150206 -fopenmp -Wno-deprecated -O2 -L/usr/lib64 -L/usr/lib fpgrowth.o data.o fp_tree.o buffer.o fsout.o fp_node.o wtime.o  -o freqmine
[PARSEC] Running 'env CXXFLAGS=-O3 -g -funroll-loops -fprefetch-loop-arrays -fpermissive -fno-exceptions -fsanitize=address -static-libgcc -Wl,--hash-style=both,--as-needed -DPARSEC_VERSION=3.0-beta-20150206 -fopenmp /usr/bin/make install':
mkdir -p /home/alberto/Documentos/TFG/PARSEC/pkgs/apps/freqmine/inst/amd64-linux.gcc/bin
cp -f freqmine /home/alberto/Documentos/TFG/PARSEC/pkgs/apps/freqmine/inst/amd64-linux.gcc/bin/freqmine

[PARSEC] [========== Building package parsec.netstreamcluster [1] ==========]
[PARSEC] [---------- Analyzing package parsec.netstreamcluster ----------]
[PARSEC] parsec.netstreamcluster depends on: uptcpip
[PARSEC] [---------- Analyzing package parsec.uptcpip ----------]
[PARSEC] Package parsec.uptcpip already exists, proceeding.
[PARSEC] [---------- Building package parsec.netstreamcluster ----------]
[PARSEC] Removing old build directory.
[PARSEC] Copying source code of package parsec.netstreamcluster.
[PARSEC] Running 'env version=pthreads CXXFLAGS=-I/home/alberto/Documentos/TFG/PARSEC/pkgs/libs/uptcpip/inst/amd64-linux.gcc/include -O3 -g -funroll-loops -fprefetch-loop-arrays -fpermissive -fno-exceptions -fsanitize=address -static-libgcc -Wl,--hash-style=both,--as-needed -DPARSEC_VERSION=3.0-beta-20150206 LDFLAGS=-L/home/alberto/Documentos/TFG/PARSEC/pkgs/libs/uptcpip/inst/amd64-linux.gcc/lib -L/usr/lib64 -L/usr/lib /usr/bin/make':
/usr/bin/make -C server
make[1]: Entering directory '/home/alberto/Documentos/TFG/PARSEC/pkgs/netapps/netstreamcluster/obj/amd64-linux.gcc/server'
/usr/bin/g++ -std=c++17 -I/home/alberto/Documentos/TFG/PARSEC/pkgs/libs/uptcpip/inst/amd64-linux.gcc/include -O3 -g -funroll-loops -fprefetch-loop-arrays -fpermissive -fno-exceptions -fsanitize=address -static-libgcc -Wl,--hash-style=both,--as-needed -DPARSEC_VERSION=3.0-beta-20150206 -DENABLE_THREADS -lpthread -DENABLE_PARSEC_UPTCPIP -c streamcluster.cpp
/usr/bin/g++ -std=c++17 -I/home/alberto/Documentos/TFG/PARSEC/pkgs/libs/uptcpip/inst/amd64-linux.gcc/include -O3 -g -funroll-loops -fprefetch-loop-arrays -fpermissive -fno-exceptions -fsanitize=address -static-libgcc -Wl,--hash-style=both,--as-needed -DPARSEC_VERSION=3.0-beta-20150206 -DENABLE_THREADS -lpthread -DENABLE_PARSEC_UPTCPIP -c parsec_barrier.cpp
/usr/bin/g++ -std=c++17 -I/home/alberto/Documentos/TFG/PARSEC/pkgs/libs/uptcpip/inst/amd64-linux.gcc/include -O3 -g -funroll-loops -fprefetch-loop-arrays -fpermissive -fno-exceptions -fsanitize=address -static-libgcc -Wl,--hash-style=both,--as-needed -DPARSEC_VERSION=3.0-beta-20150206 -DENABLE_THREADS -lpthread -DENABLE_PARSEC_UPTCPIP -L/home/alberto/Documentos/TFG/PARSEC/pkgs/libs/uptcpip/inst/amd64-linux.gcc/lib -L/usr/lib64 -L/usr/lib streamcluster.o parsec_barrier.o  -luptcp -lpthread -o server
/usr/bin/g++ -std=c++17 -I/home/alberto/Documentos/TFG/PARSEC/pkgs/libs/uptcpip/inst/amd64-linux.gcc/include -O3 -g -funroll-loops -fprefetch-loop-arrays -fpermissive -fno-exceptions -fsanitize=address -static-libgcc -Wl,--hash-style=both,--as-needed -DPARSEC_VERSION=3.0-beta-20150206 -DENABLE_THREADS -lpthread -DENABLE_PARSEC_UPTCPIP -L/home/alberto/Documentos/TFG/PARSEC/pkgs/libs/uptcpip/inst/amd64-linux.gcc/lib -L/usr/lib64 -L/usr/lib streamcluster.o parsec_barrier.o  -luptcp.sim -lpthread -o server_sim
make[1]: Leaving directory '/home/alberto/Documentos/TFG/PARSEC/pkgs/netapps/netstreamcluster/obj/amd64-linux.gcc/server'
/usr/bin/make -C client
make[1]: Entering directory '/home/alberto/Documentos/TFG/PARSEC/pkgs/netapps/netstreamcluster/obj/amd64-linux.gcc/client'
/usr/bin/g++ -std=c++17 -I/home/alberto/Documentos/TFG/PARSEC/pkgs/libs/uptcpip/inst/amd64-linux.gcc/include -O3 -g -funroll-loops -fprefetch-loop-arrays -fpermissive -fno-exceptions -fsanitize=address -static-libgcc -Wl,--hash-style=both,--as-needed -DPARSEC_VERSION=3.0-beta-20150206 -DENABLE_PARSEC_UPTCPIP -c client.cpp
/usr/bin/g++ -std=c++17 -I/home/alberto/Documentos/TFG/PARSEC/pkgs/libs/uptcpip/inst/amd64-linux.gcc/include -O3 -g -funroll-loops -fprefetch-loop-arrays -fpermissive -fno-exceptions -fsanitize=address -static-libgcc -Wl,--hash-style=both,--as-needed -DPARSEC_VERSION=3.0-beta-20150206 -DENABLE_PARSEC_UPTCPIP -L/home/alberto/Documentos/TFG/PARSEC/pkgs/libs/uptcpip/inst/amd64-linux.gcc/lib -L/usr/lib64 -L/usr/lib client.o  -luptcp.client -lpthread -o client
/usr/bin/g++ -std=c++17 -I/home/alberto/Documentos/TFG/PARSEC/pkgs/libs/uptcpip/inst/amd64-linux.gcc/include -O3 -g -funroll-loops -fprefetch-loop-arrays -fpermissive -fno-exceptions -fsanitize=address -static-libgcc -Wl,--hash-style=both,--as-needed -DPARSEC_VERSION=3.0-beta-20150206 -DENABLE_PARSEC_UPTCPIP -L/home/alberto/Documentos/TFG/PARSEC/pkgs/libs/uptcpip/inst/amd64-linux.gcc/lib -L/usr/lib64 -L/usr/lib client.o  -luptcp.client.sim -lpthread -o client_sim
make[1]: Leaving directory '/home/alberto/Documentos/TFG/PARSEC/pkgs/netapps/netstreamcluster/obj/amd64-linux.gcc/client'
[PARSEC] Running 'env version=pthreads CXXFLAGS=-I/home/alberto/Documentos/TFG/PARSEC/pkgs/libs/uptcpip/inst/amd64-linux.gcc/include -O3 -g -funroll-loops -fprefetch-loop-arrays -fpermissive -fno-exceptions -fsanitize=address -static-libgcc -Wl,--hash-style=both,--as-needed -DPARSEC_VERSION=3.0-beta-20150206 LDFLAGS=-L/home/alberto/Documentos/TFG/PARSEC/pkgs/libs/uptcpip/inst/amd64-linux.gcc/lib -L/usr/lib64 -L/usr/lib /usr/bin/make install':
mkdir -p /home/alberto/Documentos/TFG/PARSEC/pkgs/netapps/netstreamcluster/inst/amd64-linux.gcc/bin
cp ./server/server /home/alberto/Documentos/TFG/PARSEC/pkgs/netapps/netstreamcluster/inst/amd64-linux.gcc/bin 
cp ./server/server_sim /home/alberto/Documentos/TFG/PARSEC/pkgs/netapps/netstreamcluster/inst/amd64-linux.gcc/bin 
cp ./client/client /home/alberto/Documentos/TFG/PARSEC/pkgs/netapps/netstreamcluster/inst/amd64-linux.gcc/bin 
cp ./client/client_sim /home/alberto/Documentos/TFG/PARSEC/pkgs/netapps/netstreamcluster/inst/amd64-linux.gcc/bin 
cp ./run.sh /home/alberto/Documentos/TFG/PARSEC/pkgs/netapps/netstreamcluster/inst/amd64-linux.gcc/bin 

[PARSEC] [========== Building package parsec.raytrace [1] ==========]
[PARSEC] [---------- Analyzing package parsec.raytrace ----------]
[PARSEC] parsec.raytrace depends on: cmake mesa
[PARSEC] [---------- Analyzing package parsec.cmake ----------]
[PARSEC] Package parsec.cmake already exists, proceeding.
[PARSEC] [---------- Analyzing package parsec.mesa ----------]
[PARSEC] Package parsec.mesa already exists, proceeding.
[PARSEC] [---------- Building package parsec.raytrace ----------]
[PARSEC] Removing old build directory.
[PARSEC] Copying source code of package parsec.raytrace.
[PARSEC] Running 'env version=pthreads CXXFLAGS=-I/home/alberto/Documentos/TFG/PARSEC/pkgs/libs/mesa/inst/amd64-linux.gcc/include -O3 -g -funroll-loops -fprefetch-loop-arrays -fpermissive -fno-exceptions -fsanitize=address -static-libgcc -Wl,--hash-style=both,--as-needed -DPARSEC_VERSION=3.0-beta-20150206 -fexceptions -fno-strict-aliasing -fno-align-labels -DNDEBUG -D_MM_NO_ALIGN_CHECK LDFLAGS=-L/home/alberto/Documentos/TFG/PARSEC/pkgs/libs/mesa/inst/amd64-linux.gcc/lib -L/usr/lib64 -L/usr/lib LIBS= -lGL -lGLU -lXmu -lXext -lXau -lX11 -ldl -lpthread ./configure --prefix=/home/alberto/Documentos/TFG/PARSEC/pkgs/apps/raytrace/inst/amd64-linux.gcc':
Warning: Ignoring specified arguments
-- The C compiler identification is GNU
-- The CXX compiler identification is GNU
-- Check for working C compiler: /usr/bin/gcc
-- Check for working C compiler: /usr/bin/gcc -- works
-- Detecting C compiler ABI info
-- Detecting C compiler ABI info - done
-- Check for working CXX compiler: /usr/bin/g++
-- Check for working CXX compiler: /usr/bin/g++ -- works
-- Detecting CXX compiler ABI info
-- Detecting CXX compiler ABI info - done
-- Looking for include files CMAKE_HAVE_PTHREAD_H
-- Looking for include files CMAKE_HAVE_PTHREAD_H - found
-- Looking for pthread_create in pthreads
-- Looking for pthread_create in pthreads - not found
-- Looking for pthread_create in pthread
-- Looking for pthread_create in pthread - found
-- Configuring done
-- Generating done
-- Build files have been written to: /home/alberto/Documentos/TFG/PARSEC/pkgs/apps/raytrace/obj/amd64-linux.gcc
[PARSEC] Running 'env version=pthreads CXXFLAGS=-I/home/alberto/Documentos/TFG/PARSEC/pkgs/libs/mesa/inst/amd64-linux.gcc/include -O3 -g -funroll-loops -fprefetch-loop-arrays -fpermissive -fno-exceptions -fsanitize=address -static-libgcc -Wl,--hash-style=both,--as-needed -DPARSEC_VERSION=3.0-beta-20150206 -fexceptions -fno-strict-aliasing -fno-align-labels -DNDEBUG -D_MM_NO_ALIGN_CHECK LDFLAGS=-L/home/alberto/Documentos/TFG/PARSEC/pkgs/libs/mesa/inst/amd64-linux.gcc/lib -L/usr/lib64 -L/usr/lib LIBS= -lGL -lGLU -lXmu -lXext -lXau -lX11 -ldl -lpthread /usr/bin/make':
/home/alberto/Documentos/TFG/PARSEC/pkgs/tools/cmake/inst/amd64-linux.gcc/bin/cmake -H/home/alberto/Documentos/TFG/PARSEC/pkgs/apps/raytrace/obj/amd64-linux.gcc -B/home/alberto/Documentos/TFG/PARSEC/pkgs/apps/raytrace/obj/amd64-linux.gcc --check-build-system CMakeFiles/Makefile.cmake 0
/home/alberto/Documentos/TFG/PARSEC/pkgs/tools/cmake/inst/amd64-linux.gcc/bin/cmake -E cmake_progress_start /home/alberto/Documentos/TFG/PARSEC/pkgs/apps/raytrace/obj/amd64-linux.gcc/CMakeFiles /home/alberto/Documentos/TFG/PARSEC/pkgs/apps/raytrace/obj/amd64-linux.gcc/CMakeFiles/progress.make
/usr/bin/make -f CMakeFiles/Makefile2 all
make[1]: Entering directory '/home/alberto/Documentos/TFG/PARSEC/pkgs/apps/raytrace/obj/amd64-linux.gcc'
/usr/bin/make -f CMakeFiles/test_glut.dir/build.make CMakeFiles/test_glut.dir/depend
make[2]: Entering directory '/home/alberto/Documentos/TFG/PARSEC/pkgs/apps/raytrace/obj/amd64-linux.gcc'
cd /home/alberto/Documentos/TFG/PARSEC/pkgs/apps/raytrace/obj/amd64-linux.gcc && /home/alberto/Documentos/TFG/PARSEC/pkgs/tools/cmake/inst/amd64-linux.gcc/bin/cmake -E cmake_depends "Unix Makefiles" /home/alberto/Documentos/TFG/PARSEC/pkgs/apps/raytrace/obj/amd64-linux.gcc /home/alberto/Documentos/TFG/PARSEC/pkgs/apps/raytrace/obj/amd64-linux.gcc /home/alberto/Documentos/TFG/PARSEC/pkgs/apps/raytrace/obj/amd64-linux.gcc /home/alberto/Documentos/TFG/PARSEC/pkgs/apps/raytrace/obj/amd64-linux.gcc /home/alberto/Documentos/TFG/PARSEC/pkgs/apps/raytrace/obj/amd64-linux.gcc/CMakeFiles/test_glut.dir/DependInfo.cmake --color=
Scanning dependencies of target test_glut
make[2]: Leaving directory '/home/alberto/Documentos/TFG/PARSEC/pkgs/apps/raytrace/obj/amd64-linux.gcc'
/usr/bin/make -f CMakeFiles/test_glut.dir/build.make CMakeFiles/test_glut.dir/build
make[2]: Entering directory '/home/alberto/Documentos/TFG/PARSEC/pkgs/apps/raytrace/obj/amd64-linux.gcc'
/home/alberto/Documentos/TFG/PARSEC/pkgs/tools/cmake/inst/amd64-linux.gcc/bin/cmake -E cmake_progress_report /home/alberto/Documentos/TFG/PARSEC/pkgs/apps/raytrace/obj/amd64-linux.gcc/CMakeFiles 1
[  4%] Building CXX object CMakeFiles/test_glut.dir/Testing/testglut.o
/usr/bin/g++   -DTHIS_IS_CMAKE -I/home/alberto/Documentos/TFG/PARSEC/pkgs/libs/mesa/inst/amd64-linux.gcc/include -O3 -g -funroll-loops -fprefetch-loop-arrays -fpermissive -fno-exceptions -fsanitize=address -static-libgcc -Wl,--hash-style=both,--as-needed -DPARSEC_VERSION=3.0-beta-20150206 -fexceptions -fno-strict-aliasing -fno-align-labels -DNDEBUG -D_MM_NO_ALIGN_CHECK  -I/home/alberto/Documentos/TFG/PARSEC/pkgs/libs/mesa/inst/amd64-linux.gcc/include -I/home/alberto/Documentos/TFG/PARSEC/pkgs/apps/raytrace/obj/amd64-linux.gcc -I/home/alberto/Documentos/TFG/PARSEC/pkgs/apps/raytrace/obj/amd64-linux.gcc/RTTL -I/home/alberto/Documentos/TFG/PARSEC/pkgs/apps/raytrace/obj/amd64-linux.gcc/RTTL/common -I/home/alberto/Documentos/TFG/PARSEC/pkgs/apps/raytrace/obj/amd64-linux.gcc/RTTL/BVH -I/home/alberto/Documentos/TFG/PARSEC/pkgs/apps/raytrace/obj/amd64-linux.gcc/SG -I/home/alberto/Documentos/TFG/PARSEC/pkgs/apps/raytrace/obj/amd64-linux.gcc/LRT/include -I/home/alberto/Documentos/TFG/PARSEC/pkgs/apps/raytrace/obj/amd64-linux.gcc/LRT   -D__alberto__ -o CMakeFiles/test_glut.dir/Testing/testglut.o -c /home/alberto/Documentos/TFG/PARSEC/pkgs/apps/raytrace/obj/amd64-linux.gcc/Testing/testglut.cxx
Linking CXX executable bin/test_glut
/home/alberto/Documentos/TFG/PARSEC/pkgs/tools/cmake/inst/amd64-linux.gcc/bin/cmake -E cmake_link_script CMakeFiles/test_glut.dir/link.txt --verbose=1
/usr/bin/g++   -I/home/alberto/Documentos/TFG/PARSEC/pkgs/libs/mesa/inst/amd64-linux.gcc/include -O3 -g -funroll-loops -fprefetch-loop-arrays -fpermissive -fno-exceptions -fsanitize=address -static-libgcc -Wl,--hash-style=both,--as-needed -DPARSEC_VERSION=3.0-beta-20150206 -fexceptions -fno-strict-aliasing -fno-align-labels -DNDEBUG -D_MM_NO_ALIGN_CHECK   -fPIC -L/home/alberto/Documentos/TFG/PARSEC/pkgs/libs/mesa/inst/amd64-linux.gcc/lib -L/usr/lib64 -L/usr/lib CMakeFiles/test_glut.dir/Testing/testglut.o  -o bin/test_glut -rdynamic -L/home/alberto/Documentos/TFG/PARSEC/pkgs/libs/mesa/inst/amd64-linux.gcc/lib /home/alberto/Documentos/TFG/PARSEC/pkgs/libs/mesa/inst/amd64-linux.gcc/lib/libglut.a /home/alberto/Documentos/TFG/PARSEC/pkgs/libs/mesa/inst/amd64-linux.gcc/lib/libGLU.a /home/alberto/Documentos/TFG/PARSEC/pkgs/libs/mesa/inst/amd64-linux.gcc/lib/libGL.a -lGL -lGLU -lXmu -lXext -lXau -lX11 -ldl -lpthread 
make[2]: Leaving directory '/home/alberto/Documentos/TFG/PARSEC/pkgs/apps/raytrace/obj/amd64-linux.gcc'
/home/alberto/Documentos/TFG/PARSEC/pkgs/tools/cmake/inst/amd64-linux.gcc/bin/cmake -E cmake_progress_report /home/alberto/Documentos/TFG/PARSEC/pkgs/apps/raytrace/obj/amd64-linux.gcc/CMakeFiles  1
[  4%] Built target test_glut
/usr/bin/make -f RTTL/CMakeFiles/RTTL.dir/build.make RTTL/CMakeFiles/RTTL.dir/depend
make[2]: Entering directory '/home/alberto/Documentos/TFG/PARSEC/pkgs/apps/raytrace/obj/amd64-linux.gcc'
cd /home/alberto/Documentos/TFG/PARSEC/pkgs/apps/raytrace/obj/amd64-linux.gcc && /home/alberto/Documentos/TFG/PARSEC/pkgs/tools/cmake/inst/amd64-linux.gcc/bin/cmake -E cmake_depends "Unix Makefiles" /home/alberto/Documentos/TFG/PARSEC/pkgs/apps/raytrace/obj/amd64-linux.gcc /home/alberto/Documentos/TFG/PARSEC/pkgs/apps/raytrace/obj/amd64-linux.gcc/RTTL /home/alberto/Documentos/TFG/PARSEC/pkgs/apps/raytrace/obj/amd64-linux.gcc /home/alberto/Documentos/TFG/PARSEC/pkgs/apps/raytrace/obj/amd64-linux.gcc/RTTL /home/alberto/Documentos/TFG/PARSEC/pkgs/apps/raytrace/obj/amd64-linux.gcc/RTTL/CMakeFiles/RTTL.dir/DependInfo.cmake --color=
Scanning dependencies of target RTTL
make[2]: Leaving directory '/home/alberto/Documentos/TFG/PARSEC/pkgs/apps/raytrace/obj/amd64-linux.gcc'
/usr/bin/make -f RTTL/CMakeFiles/RTTL.dir/build.make RTTL/CMakeFiles/RTTL.dir/build
make[2]: Entering directory '/home/alberto/Documentos/TFG/PARSEC/pkgs/apps/raytrace/obj/amd64-linux.gcc'
/home/alberto/Documentos/TFG/PARSEC/pkgs/tools/cmake/inst/amd64-linux.gcc/bin/cmake -E cmake_progress_report /home/alberto/Documentos/TFG/PARSEC/pkgs/apps/raytrace/obj/amd64-linux.gcc/CMakeFiles 2
[  9%] Building CXX object RTTL/CMakeFiles/RTTL.dir/BVH/BVH.o
cd /home/alberto/Documentos/TFG/PARSEC/pkgs/apps/raytrace/obj/amd64-linux.gcc/RTTL && /usr/bin/g++   -DTHIS_IS_CMAKE -I/home/alberto/Documentos/TFG/PARSEC/pkgs/libs/mesa/inst/amd64-linux.gcc/include -O3 -g -funroll-loops -fprefetch-loop-arrays -fpermissive -fno-exceptions -fsanitize=address -static-libgcc -Wl,--hash-style=both,--as-needed -DPARSEC_VERSION=3.0-beta-20150206 -fexceptions -fno-strict-aliasing -fno-align-labels -DNDEBUG -D_MM_NO_ALIGN_CHECK  -I/home/alberto/Documentos/TFG/PARSEC/pkgs/libs/mesa/inst/amd64-linux.gcc/include -I/home/alberto/Documentos/TFG/PARSEC/pkgs/apps/raytrace/obj/amd64-linux.gcc -I/home/alberto/Documentos/TFG/PARSEC/pkgs/apps/raytrace/obj/amd64-linux.gcc/RTTL -I/home/alberto/Documentos/TFG/PARSEC/pkgs/apps/raytrace/obj/amd64-linux.gcc/RTTL/common -I/home/alberto/Documentos/TFG/PARSEC/pkgs/apps/raytrace/obj/amd64-linux.gcc/RTTL/BVH -I/home/alberto/Documentos/TFG/PARSEC/pkgs/apps/raytrace/obj/amd64-linux.gcc/SG -I/home/alberto/Documentos/TFG/PARSEC/pkgs/apps/raytrace/obj/amd64-linux.gcc/LRT/include -I/home/alberto/Documentos/TFG/PARSEC/pkgs/apps/raytrace/obj/amd64-linux.gcc/LRT   -D__alberto__ -o CMakeFiles/RTTL.dir/BVH/BVH.o -c /home/alberto/Documentos/TFG/PARSEC/pkgs/apps/raytrace/obj/amd64-linux.gcc/RTTL/BVH/BVH.cxx
/home/alberto/Documentos/TFG/PARSEC/pkgs/tools/cmake/inst/amd64-linux.gcc/bin/cmake -E cmake_progress_report /home/alberto/Documentos/TFG/PARSEC/pkgs/apps/raytrace/obj/amd64-linux.gcc/CMakeFiles 3
[ 13%] Building CXX object RTTL/CMakeFiles/RTTL.dir/BVH/Builder/Builder.o
cd /home/alberto/Documentos/TFG/PARSEC/pkgs/apps/raytrace/obj/amd64-linux.gcc/RTTL && /usr/bin/g++   -DTHIS_IS_CMAKE -I/home/alberto/Documentos/TFG/PARSEC/pkgs/libs/mesa/inst/amd64-linux.gcc/include -O3 -g -funroll-loops -fprefetch-loop-arrays -fpermissive -fno-exceptions -fsanitize=address -static-libgcc -Wl,--hash-style=both,--as-needed -DPARSEC_VERSION=3.0-beta-20150206 -fexceptions -fno-strict-aliasing -fno-align-labels -DNDEBUG -D_MM_NO_ALIGN_CHECK  -I/home/alberto/Documentos/TFG/PARSEC/pkgs/libs/mesa/inst/amd64-linux.gcc/include -I/home/alberto/Documentos/TFG/PARSEC/pkgs/apps/raytrace/obj/amd64-linux.gcc -I/home/alberto/Documentos/TFG/PARSEC/pkgs/apps/raytrace/obj/amd64-linux.gcc/RTTL -I/home/alberto/Documentos/TFG/PARSEC/pkgs/apps/raytrace/obj/amd64-linux.gcc/RTTL/common -I/home/alberto/Documentos/TFG/PARSEC/pkgs/apps/raytrace/obj/amd64-linux.gcc/RTTL/BVH -I/home/alberto/Documentos/TFG/PARSEC/pkgs/apps/raytrace/obj/amd64-linux.gcc/SG -I/home/alberto/Documentos/TFG/PARSEC/pkgs/apps/raytrace/obj/amd64-linux.gcc/LRT/include -I/home/alberto/Documentos/TFG/PARSEC/pkgs/apps/raytrace/obj/amd64-linux.gcc/LRT   -D__alberto__ -o CMakeFiles/RTTL.dir/BVH/Builder/Builder.o -c /home/alberto/Documentos/TFG/PARSEC/pkgs/apps/raytrace/obj/amd64-linux.gcc/RTTL/BVH/Builder/Builder.cxx
/home/alberto/Documentos/TFG/PARSEC/pkgs/tools/cmake/inst/amd64-linux.gcc/bin/cmake -E cmake_progress_report /home/alberto/Documentos/TFG/PARSEC/pkgs/apps/raytrace/obj/amd64-linux.gcc/CMakeFiles 4
[ 18%] Building CXX object RTTL/CMakeFiles/RTTL.dir/BVH/Builder/Sweep.o
cd /home/alberto/Documentos/TFG/PARSEC/pkgs/apps/raytrace/obj/amd64-linux.gcc/RTTL && /usr/bin/g++   -DTHIS_IS_CMAKE -I/home/alberto/Documentos/TFG/PARSEC/pkgs/libs/mesa/inst/amd64-linux.gcc/include -O3 -g -funroll-loops -fprefetch-loop-arrays -fpermissive -fno-exceptions -fsanitize=address -static-libgcc -Wl,--hash-style=both,--as-needed -DPARSEC_VERSION=3.0-beta-20150206 -fexceptions -fno-strict-aliasing -fno-align-labels -DNDEBUG -D_MM_NO_ALIGN_CHECK  -I/home/alberto/Documentos/TFG/PARSEC/pkgs/libs/mesa/inst/amd64-linux.gcc/include -I/home/alberto/Documentos/TFG/PARSEC/pkgs/apps/raytrace/obj/amd64-linux.gcc -I/home/alberto/Documentos/TFG/PARSEC/pkgs/apps/raytrace/obj/amd64-linux.gcc/RTTL -I/home/alberto/Documentos/TFG/PARSEC/pkgs/apps/raytrace/obj/amd64-linux.gcc/RTTL/common -I/home/alberto/Documentos/TFG/PARSEC/pkgs/apps/raytrace/obj/amd64-linux.gcc/RTTL/BVH -I/home/alberto/Documentos/TFG/PARSEC/pkgs/apps/raytrace/obj/amd64-linux.gcc/SG -I/home/alberto/Documentos/TFG/PARSEC/pkgs/apps/raytrace/obj/amd64-linux.gcc/LRT/include -I/home/alberto/Documentos/TFG/PARSEC/pkgs/apps/raytrace/obj/amd64-linux.gcc/LRT   -D__alberto__ -o CMakeFiles/RTTL.dir/BVH/Builder/Sweep.o -c /home/alberto/Documentos/TFG/PARSEC/pkgs/apps/raytrace/obj/amd64-linux.gcc/RTTL/BVH/Builder/Sweep.cxx
/home/alberto/Documentos/TFG/PARSEC/pkgs/tools/cmake/inst/amd64-linux.gcc/bin/cmake -E cmake_progress_report /home/alberto/Documentos/TFG/PARSEC/pkgs/apps/raytrace/obj/amd64-linux.gcc/CMakeFiles 5
[ 22%] Building CXX object RTTL/CMakeFiles/RTTL.dir/BVH/Builder/BinnedAllDims.o
cd /home/alberto/Documentos/TFG/PARSEC/pkgs/apps/raytrace/obj/amd64-linux.gcc/RTTL && /usr/bin/g++   -DTHIS_IS_CMAKE -I/home/alberto/Documentos/TFG/PARSEC/pkgs/libs/mesa/inst/amd64-linux.gcc/include -O3 -g -funroll-loops -fprefetch-loop-arrays -fpermissive -fno-exceptions -fsanitize=address -static-libgcc -Wl,--hash-style=both,--as-needed -DPARSEC_VERSION=3.0-beta-20150206 -fexceptions -fno-strict-aliasing -fno-align-labels -DNDEBUG -D_MM_NO_ALIGN_CHECK  -I/home/alberto/Documentos/TFG/PARSEC/pkgs/libs/mesa/inst/amd64-linux.gcc/include -I/home/alberto/Documentos/TFG/PARSEC/pkgs/apps/raytrace/obj/amd64-linux.gcc -I/home/alberto/Documentos/TFG/PARSEC/pkgs/apps/raytrace/obj/amd64-linux.gcc/RTTL -I/home/alberto/Documentos/TFG/PARSEC/pkgs/apps/raytrace/obj/amd64-linux.gcc/RTTL/common -I/home/alberto/Documentos/TFG/PARSEC/pkgs/apps/raytrace/obj/amd64-linux.gcc/RTTL/BVH -I/home/alberto/Documentos/TFG/PARSEC/pkgs/apps/raytrace/obj/amd64-linux.gcc/SG -I/home/alberto/Documentos/TFG/PARSEC/pkgs/apps/raytrace/obj/amd64-linux.gcc/LRT/include -I/home/alberto/Documentos/TFG/PARSEC/pkgs/apps/raytrace/obj/amd64-linux.gcc/LRT   -D__alberto__ -o CMakeFiles/RTTL.dir/BVH/Builder/BinnedAllDims.o -c /home/alberto/Documentos/TFG/PARSEC/pkgs/apps/raytrace/obj/amd64-linux.gcc/RTTL/BVH/Builder/BinnedAllDims.cxx
/home/alberto/Documentos/TFG/PARSEC/pkgs/tools/cmake/inst/amd64-linux.gcc/bin/cmake -E cmake_progress_report /home/alberto/Documentos/TFG/PARSEC/pkgs/apps/raytrace/obj/amd64-linux.gcc/CMakeFiles 6
[ 27%] Building CXX object RTTL/CMakeFiles/RTTL.dir/BVH/Builder/BinnedAllDimsSaveSpace.o
cd /home/alberto/Documentos/TFG/PARSEC/pkgs/apps/raytrace/obj/amd64-linux.gcc/RTTL && /usr/bin/g++   -DTHIS_IS_CMAKE -I/home/alberto/Documentos/TFG/PARSEC/pkgs/libs/mesa/inst/amd64-linux.gcc/include -O3 -g -funroll-loops -fprefetch-loop-arrays -fpermissive -fno-exceptions -fsanitize=address -static-libgcc -Wl,--hash-style=both,--as-needed -DPARSEC_VERSION=3.0-beta-20150206 -fexceptions -fno-strict-aliasing -fno-align-labels -DNDEBUG -D_MM_NO_ALIGN_CHECK  -I/home/alberto/Documentos/TFG/PARSEC/pkgs/libs/mesa/inst/amd64-linux.gcc/include -I/home/alberto/Documentos/TFG/PARSEC/pkgs/apps/raytrace/obj/amd64-linux.gcc -I/home/alberto/Documentos/TFG/PARSEC/pkgs/apps/raytrace/obj/amd64-linux.gcc/RTTL -I/home/alberto/Documentos/TFG/PARSEC/pkgs/apps/raytrace/obj/amd64-linux.gcc/RTTL/common -I/home/alberto/Documentos/TFG/PARSEC/pkgs/apps/raytrace/obj/amd64-linux.gcc/RTTL/BVH -I/home/alberto/Documentos/TFG/PARSEC/pkgs/apps/raytrace/obj/amd64-linux.gcc/SG -I/home/alberto/Documentos/TFG/PARSEC/pkgs/apps/raytrace/obj/amd64-linux.gcc/LRT/include -I/home/alberto/Documentos/TFG/PARSEC/pkgs/apps/raytrace/obj/amd64-linux.gcc/LRT   -D__alberto__ -o CMakeFiles/RTTL.dir/BVH/Builder/BinnedAllDimsSaveSpace.o -c /home/alberto/Documentos/TFG/PARSEC/pkgs/apps/raytrace/obj/amd64-linux.gcc/RTTL/BVH/Builder/BinnedAllDimsSaveSpace.cxx
/home/alberto/Documentos/TFG/PARSEC/pkgs/tools/cmake/inst/amd64-linux.gcc/bin/cmake -E cmake_progress_report /home/alberto/Documentos/TFG/PARSEC/pkgs/apps/raytrace/obj/amd64-linux.gcc/CMakeFiles 7
[ 31%] Building CXX object RTTL/CMakeFiles/RTTL.dir/BVH/Builder/OnDemandBuilder.o
cd /home/alberto/Documentos/TFG/PARSEC/pkgs/apps/raytrace/obj/amd64-linux.gcc/RTTL && /usr/bin/g++   -DTHIS_IS_CMAKE -I/home/alberto/Documentos/TFG/PARSEC/pkgs/libs/mesa/inst/amd64-linux.gcc/include -O3 -g -funroll-loops -fprefetch-loop-arrays -fpermissive -fno-exceptions -fsanitize=address -static-libgcc -Wl,--hash-style=both,--as-needed -DPARSEC_VERSION=3.0-beta-20150206 -fexceptions -fno-strict-aliasing -fno-align-labels -DNDEBUG -D_MM_NO_ALIGN_CHECK  -I/home/alberto/Documentos/TFG/PARSEC/pkgs/libs/mesa/inst/amd64-linux.gcc/include -I/home/alberto/Documentos/TFG/PARSEC/pkgs/apps/raytrace/obj/amd64-linux.gcc -I/home/alberto/Documentos/TFG/PARSEC/pkgs/apps/raytrace/obj/amd64-linux.gcc/RTTL -I/home/alberto/Documentos/TFG/PARSEC/pkgs/apps/raytrace/obj/amd64-linux.gcc/RTTL/common -I/home/alberto/Documentos/TFG/PARSEC/pkgs/apps/raytrace/obj/amd64-linux.gcc/RTTL/BVH -I/home/alberto/Documentos/TFG/PARSEC/pkgs/apps/raytrace/obj/amd64-linux.gcc/SG -I/home/alberto/Documentos/TFG/PARSEC/pkgs/apps/raytrace/obj/amd64-linux.gcc/LRT/include -I/home/alberto/Documentos/TFG/PARSEC/pkgs/apps/raytrace/obj/amd64-linux.gcc/LRT   -D__alberto__ -o CMakeFiles/RTTL.dir/BVH/Builder/OnDemandBuilder.o -c /home/alberto/Documentos/TFG/PARSEC/pkgs/apps/raytrace/obj/amd64-linux.gcc/RTTL/BVH/Builder/OnDemandBuilder.cxx
/home/alberto/Documentos/TFG/PARSEC/pkgs/tools/cmake/inst/amd64-linux.gcc/bin/cmake -E cmake_progress_report /home/alberto/Documentos/TFG/PARSEC/pkgs/apps/raytrace/obj/amd64-linux.gcc/CMakeFiles 8
[ 36%] Building CXX object RTTL/CMakeFiles/RTTL.dir/common/RTThread.o
cd /home/alberto/Documentos/TFG/PARSEC/pkgs/apps/raytrace/obj/amd64-linux.gcc/RTTL && /usr/bin/g++   -DTHIS_IS_CMAKE -I/home/alberto/Documentos/TFG/PARSEC/pkgs/libs/mesa/inst/amd64-linux.gcc/include -O3 -g -funroll-loops -fprefetch-loop-arrays -fpermissive -fno-exceptions -fsanitize=address -static-libgcc -Wl,--hash-style=both,--as-needed -DPARSEC_VERSION=3.0-beta-20150206 -fexceptions -fno-strict-aliasing -fno-align-labels -DNDEBUG -D_MM_NO_ALIGN_CHECK  -I/home/alberto/Documentos/TFG/PARSEC/pkgs/libs/mesa/inst/amd64-linux.gcc/include -I/home/alberto/Documentos/TFG/PARSEC/pkgs/apps/raytrace/obj/amd64-linux.gcc -I/home/alberto/Documentos/TFG/PARSEC/pkgs/apps/raytrace/obj/amd64-linux.gcc/RTTL -I/home/alberto/Documentos/TFG/PARSEC/pkgs/apps/raytrace/obj/amd64-linux.gcc/RTTL/common -I/home/alberto/Documentos/TFG/PARSEC/pkgs/apps/raytrace/obj/amd64-linux.gcc/RTTL/BVH -I/home/alberto/Documentos/TFG/PARSEC/pkgs/apps/raytrace/obj/amd64-linux.gcc/SG -I/home/alberto/Documentos/TFG/PARSEC/pkgs/apps/raytrace/obj/amd64-linux.gcc/LRT/include -I/home/alberto/Documentos/TFG/PARSEC/pkgs/apps/raytrace/obj/amd64-linux.gcc/LRT   -D__alberto__ -o CMakeFiles/RTTL.dir/common/RTThread.o -c /home/alberto/Documentos/TFG/PARSEC/pkgs/apps/raytrace/obj/amd64-linux.gcc/RTTL/common/RTThread.cxx
/home/alberto/Documentos/TFG/PARSEC/pkgs/tools/cmake/inst/amd64-linux.gcc/bin/cmake -E cmake_progress_report /home/alberto/Documentos/TFG/PARSEC/pkgs/apps/raytrace/obj/amd64-linux.gcc/CMakeFiles 9
[ 40%] Building CXX object RTTL/CMakeFiles/RTTL.dir/common/MapOptions.o
cd /home/alberto/Documentos/TFG/PARSEC/pkgs/apps/raytrace/obj/amd64-linux.gcc/RTTL && /usr/bin/g++   -DTHIS_IS_CMAKE -I/home/alberto/Documentos/TFG/PARSEC/pkgs/libs/mesa/inst/amd64-linux.gcc/include -O3 -g -funroll-loops -fprefetch-loop-arrays -fpermissive -fno-exceptions -fsanitize=address -static-libgcc -Wl,--hash-style=both,--as-needed -DPARSEC_VERSION=3.0-beta-20150206 -fexceptions -fno-strict-aliasing -fno-align-labels -DNDEBUG -D_MM_NO_ALIGN_CHECK  -I/home/alberto/Documentos/TFG/PARSEC/pkgs/libs/mesa/inst/amd64-linux.gcc/include -I/home/alberto/Documentos/TFG/PARSEC/pkgs/apps/raytrace/obj/amd64-linux.gcc -I/home/alberto/Documentos/TFG/PARSEC/pkgs/apps/raytrace/obj/amd64-linux.gcc/RTTL -I/home/alberto/Documentos/TFG/PARSEC/pkgs/apps/raytrace/obj/amd64-linux.gcc/RTTL/common -I/home/alberto/Documentos/TFG/PARSEC/pkgs/apps/raytrace/obj/amd64-linux.gcc/RTTL/BVH -I/home/alberto/Documentos/TFG/PARSEC/pkgs/apps/raytrace/obj/amd64-linux.gcc/SG -I/home/alberto/Documentos/TFG/PARSEC/pkgs/apps/raytrace/obj/amd64-linux.gcc/LRT/include -I/home/alberto/Documentos/TFG/PARSEC/pkgs/apps/raytrace/obj/amd64-linux.gcc/LRT   -D__alberto__ -o CMakeFiles/RTTL.dir/common/MapOptions.o -c /home/alberto/Documentos/TFG/PARSEC/pkgs/apps/raytrace/obj/amd64-linux.gcc/RTTL/common/MapOptions.cxx
/home/alberto/Documentos/TFG/PARSEC/pkgs/tools/cmake/inst/amd64-linux.gcc/bin/cmake -E cmake_progress_report /home/alberto/Documentos/TFG/PARSEC/pkgs/apps/raytrace/obj/amd64-linux.gcc/CMakeFiles 10
[ 45%] Building CXX object RTTL/CMakeFiles/RTTL.dir/API/ISG.o
cd /home/alberto/Documentos/TFG/PARSEC/pkgs/apps/raytrace/obj/amd64-linux.gcc/RTTL && /usr/bin/g++   -DTHIS_IS_CMAKE -I/home/alberto/Documentos/TFG/PARSEC/pkgs/libs/mesa/inst/amd64-linux.gcc/include -O3 -g -funroll-loops -fprefetch-loop-arrays -fpermissive -fno-exceptions -fsanitize=address -static-libgcc -Wl,--hash-style=both,--as-needed -DPARSEC_VERSION=3.0-beta-20150206 -fexceptions -fno-strict-aliasing -fno-align-labels -DNDEBUG -D_MM_NO_ALIGN_CHECK  -I/home/alberto/Documentos/TFG/PARSEC/pkgs/libs/mesa/inst/amd64-linux.gcc/include -I/home/alberto/Documentos/TFG/PARSEC/pkgs/apps/raytrace/obj/amd64-linux.gcc -I/home/alberto/Documentos/TFG/PARSEC/pkgs/apps/raytrace/obj/amd64-linux.gcc/RTTL -I/home/alberto/Documentos/TFG/PARSEC/pkgs/apps/raytrace/obj/amd64-linux.gcc/RTTL/common -I/home/alberto/Documentos/TFG/PARSEC/pkgs/apps/raytrace/obj/amd64-linux.gcc/RTTL/BVH -I/home/alberto/Documentos/TFG/PARSEC/pkgs/apps/raytrace/obj/amd64-linux.gcc/SG -I/home/alberto/Documentos/TFG/PARSEC/pkgs/apps/raytrace/obj/amd64-linux.gcc/LRT/include -I/home/alberto/Documentos/TFG/PARSEC/pkgs/apps/raytrace/obj/amd64-linux.gcc/LRT   -D__alberto__ -o CMakeFiles/RTTL.dir/API/ISG.o -c /home/alberto/Documentos/TFG/PARSEC/pkgs/apps/raytrace/obj/amd64-linux.gcc/RTTL/API/ISG.cxx
Linking CXX static library ../lib/libRTTL.a
cd /home/alberto/Documentos/TFG/PARSEC/pkgs/apps/raytrace/obj/amd64-linux.gcc/RTTL && /home/alberto/Documentos/TFG/PARSEC/pkgs/tools/cmake/inst/amd64-linux.gcc/bin/cmake -P CMakeFiles/RTTL.dir/cmake_clean_target.cmake
cd /home/alberto/Documentos/TFG/PARSEC/pkgs/apps/raytrace/obj/amd64-linux.gcc/RTTL && /home/alberto/Documentos/TFG/PARSEC/pkgs/tools/cmake/inst/amd64-linux.gcc/bin/cmake -E cmake_link_script CMakeFiles/RTTL.dir/link.txt --verbose=1
/usr/bin/ar cr ../lib/libRTTL.a  CMakeFiles/RTTL.dir/BVH/BVH.o CMakeFiles/RTTL.dir/BVH/Builder/Builder.o CMakeFiles/RTTL.dir/BVH/Builder/Sweep.o CMakeFiles/RTTL.dir/BVH/Builder/BinnedAllDims.o CMakeFiles/RTTL.dir/BVH/Builder/BinnedAllDimsSaveSpace.o CMakeFiles/RTTL.dir/BVH/Builder/OnDemandBuilder.o CMakeFiles/RTTL.dir/common/RTThread.o CMakeFiles/RTTL.dir/common/MapOptions.o CMakeFiles/RTTL.dir/API/ISG.o 
/usr/bin/ranlib ../lib/libRTTL.a 
make[2]: Leaving directory '/home/alberto/Documentos/TFG/PARSEC/pkgs/apps/raytrace/obj/amd64-linux.gcc'
/home/alberto/Documentos/TFG/PARSEC/pkgs/tools/cmake/inst/amd64-linux.gcc/bin/cmake -E cmake_progress_report /home/alberto/Documentos/TFG/PARSEC/pkgs/apps/raytrace/obj/amd64-linux.gcc/CMakeFiles  2 3 4 5 6 7 8 9 10
[ 45%] Built target RTTL
/usr/bin/make -f RTTL/CMakeFiles/TestOptions.dir/build.make RTTL/CMakeFiles/TestOptions.dir/depend
make[2]: Entering directory '/home/alberto/Documentos/TFG/PARSEC/pkgs/apps/raytrace/obj/amd64-linux.gcc'
cd /home/alberto/Documentos/TFG/PARSEC/pkgs/apps/raytrace/obj/amd64-linux.gcc && /home/alberto/Documentos/TFG/PARSEC/pkgs/tools/cmake/inst/amd64-linux.gcc/bin/cmake -E cmake_depends "Unix Makefiles" /home/alberto/Documentos/TFG/PARSEC/pkgs/apps/raytrace/obj/amd64-linux.gcc /home/alberto/Documentos/TFG/PARSEC/pkgs/apps/raytrace/obj/amd64-linux.gcc/RTTL /home/alberto/Documentos/TFG/PARSEC/pkgs/apps/raytrace/obj/amd64-linux.gcc /home/alberto/Documentos/TFG/PARSEC/pkgs/apps/raytrace/obj/amd64-linux.gcc/RTTL /home/alberto/Documentos/TFG/PARSEC/pkgs/apps/raytrace/obj/amd64-linux.gcc/RTTL/CMakeFiles/TestOptions.dir/DependInfo.cmake --color=
Scanning dependencies of target TestOptions
make[2]: Leaving directory '/home/alberto/Documentos/TFG/PARSEC/pkgs/apps/raytrace/obj/amd64-linux.gcc'
/usr/bin/make -f RTTL/CMakeFiles/TestOptions.dir/build.make RTTL/CMakeFiles/TestOptions.dir/build
make[2]: Entering directory '/home/alberto/Documentos/TFG/PARSEC/pkgs/apps/raytrace/obj/amd64-linux.gcc'
/home/alberto/Documentos/TFG/PARSEC/pkgs/tools/cmake/inst/amd64-linux.gcc/bin/cmake -E cmake_progress_report /home/alberto/Documentos/TFG/PARSEC/pkgs/apps/raytrace/obj/amd64-linux.gcc/CMakeFiles 11
[ 50%] Building CXX object RTTL/CMakeFiles/TestOptions.dir/test/TestOptions/TestOptions.o
cd /home/alberto/Documentos/TFG/PARSEC/pkgs/apps/raytrace/obj/amd64-linux.gcc/RTTL && /usr/bin/g++   -DTHIS_IS_CMAKE -I/home/alberto/Documentos/TFG/PARSEC/pkgs/libs/mesa/inst/amd64-linux.gcc/include -O3 -g -funroll-loops -fprefetch-loop-arrays -fpermissive -fno-exceptions -fsanitize=address -static-libgcc -Wl,--hash-style=both,--as-needed -DPARSEC_VERSION=3.0-beta-20150206 -fexceptions -fno-strict-aliasing -fno-align-labels -DNDEBUG -D_MM_NO_ALIGN_CHECK  -I/home/alberto/Documentos/TFG/PARSEC/pkgs/libs/mesa/inst/amd64-linux.gcc/include -I/home/alberto/Documentos/TFG/PARSEC/pkgs/apps/raytrace/obj/amd64-linux.gcc -I/home/alberto/Documentos/TFG/PARSEC/pkgs/apps/raytrace/obj/amd64-linux.gcc/RTTL -I/home/alberto/Documentos/TFG/PARSEC/pkgs/apps/raytrace/obj/amd64-linux.gcc/RTTL/common -I/home/alberto/Documentos/TFG/PARSEC/pkgs/apps/raytrace/obj/amd64-linux.gcc/RTTL/BVH -I/home/alberto/Documentos/TFG/PARSEC/pkgs/apps/raytrace/obj/amd64-linux.gcc/SG -I/home/alberto/Documentos/TFG/PARSEC/pkgs/apps/raytrace/obj/amd64-linux.gcc/LRT/include -I/home/alberto/Documentos/TFG/PARSEC/pkgs/apps/raytrace/obj/amd64-linux.gcc/LRT   -D__alberto__ -o CMakeFiles/TestOptions.dir/test/TestOptions/TestOptions.o -c /home/alberto/Documentos/TFG/PARSEC/pkgs/apps/raytrace/obj/amd64-linux.gcc/RTTL/test/TestOptions/TestOptions.cxx
Linking CXX executable ../bin/TestOptions
cd /home/alberto/Documentos/TFG/PARSEC/pkgs/apps/raytrace/obj/amd64-linux.gcc/RTTL && /home/alberto/Documentos/TFG/PARSEC/pkgs/tools/cmake/inst/amd64-linux.gcc/bin/cmake -E cmake_link_script CMakeFiles/TestOptions.dir/link.txt --verbose=1
/usr/bin/g++   -I/home/alberto/Documentos/TFG/PARSEC/pkgs/libs/mesa/inst/amd64-linux.gcc/include -O3 -g -funroll-loops -fprefetch-loop-arrays -fpermissive -fno-exceptions -fsanitize=address -static-libgcc -Wl,--hash-style=both,--as-needed -DPARSEC_VERSION=3.0-beta-20150206 -fexceptions -fno-strict-aliasing -fno-align-labels -DNDEBUG -D_MM_NO_ALIGN_CHECK   -fPIC -L/home/alberto/Documentos/TFG/PARSEC/pkgs/libs/mesa/inst/amd64-linux.gcc/lib -L/usr/lib64 -L/usr/lib CMakeFiles/TestOptions.dir/test/TestOptions/TestOptions.o  -o ../bin/TestOptions -rdynamic -L/home/alberto/Documentos/TFG/PARSEC/pkgs/apps/raytrace/obj/amd64-linux.gcc/lib ../lib/libRTTL.a -lstdc++ -lpthread -lrt 
make[2]: Leaving directory '/home/alberto/Documentos/TFG/PARSEC/pkgs/apps/raytrace/obj/amd64-linux.gcc'
/home/alberto/Documentos/TFG/PARSEC/pkgs/tools/cmake/inst/amd64-linux.gcc/bin/cmake -E cmake_progress_report /home/alberto/Documentos/TFG/PARSEC/pkgs/apps/raytrace/obj/amd64-linux.gcc/CMakeFiles  11
[ 50%] Built target TestOptions
/usr/bin/make -f RTTL/CMakeFiles/test_newmesh.dir/build.make RTTL/CMakeFiles/test_newmesh.dir/depend
make[2]: Entering directory '/home/alberto/Documentos/TFG/PARSEC/pkgs/apps/raytrace/obj/amd64-linux.gcc'
cd /home/alberto/Documentos/TFG/PARSEC/pkgs/apps/raytrace/obj/amd64-linux.gcc && /home/alberto/Documentos/TFG/PARSEC/pkgs/tools/cmake/inst/amd64-linux.gcc/bin/cmake -E cmake_depends "Unix Makefiles" /home/alberto/Documentos/TFG/PARSEC/pkgs/apps/raytrace/obj/amd64-linux.gcc /home/alberto/Documentos/TFG/PARSEC/pkgs/apps/raytrace/obj/amd64-linux.gcc/RTTL /home/alberto/Documentos/TFG/PARSEC/pkgs/apps/raytrace/obj/amd64-linux.gcc /home/alberto/Documentos/TFG/PARSEC/pkgs/apps/raytrace/obj/amd64-linux.gcc/RTTL /home/alberto/Documentos/TFG/PARSEC/pkgs/apps/raytrace/obj/amd64-linux.gcc/RTTL/CMakeFiles/test_newmesh.dir/DependInfo.cmake --color=
Scanning dependencies of target test_newmesh
make[2]: Leaving directory '/home/alberto/Documentos/TFG/PARSEC/pkgs/apps/raytrace/obj/amd64-linux.gcc'
/usr/bin/make -f RTTL/CMakeFiles/test_newmesh.dir/build.make RTTL/CMakeFiles/test_newmesh.dir/build
make[2]: Entering directory '/home/alberto/Documentos/TFG/PARSEC/pkgs/apps/raytrace/obj/amd64-linux.gcc'
/home/alberto/Documentos/TFG/PARSEC/pkgs/tools/cmake/inst/amd64-linux.gcc/bin/cmake -E cmake_progress_report /home/alberto/Documentos/TFG/PARSEC/pkgs/apps/raytrace/obj/amd64-linux.gcc/CMakeFiles 12
[ 54%] Building CXX object RTTL/CMakeFiles/test_newmesh.dir/test/api_newmesh/newmesh.o
cd /home/alberto/Documentos/TFG/PARSEC/pkgs/apps/raytrace/obj/amd64-linux.gcc/RTTL && /usr/bin/g++   -DTHIS_IS_CMAKE -I/home/alberto/Documentos/TFG/PARSEC/pkgs/libs/mesa/inst/amd64-linux.gcc/include -O3 -g -funroll-loops -fprefetch-loop-arrays -fpermissive -fno-exceptions -fsanitize=address -static-libgcc -Wl,--hash-style=both,--as-needed -DPARSEC_VERSION=3.0-beta-20150206 -fexceptions -fno-strict-aliasing -fno-align-labels -DNDEBUG -D_MM_NO_ALIGN_CHECK  -I/home/alberto/Documentos/TFG/PARSEC/pkgs/libs/mesa/inst/amd64-linux.gcc/include -I/home/alberto/Documentos/TFG/PARSEC/pkgs/apps/raytrace/obj/amd64-linux.gcc -I/home/alberto/Documentos/TFG/PARSEC/pkgs/apps/raytrace/obj/amd64-linux.gcc/RTTL -I/home/alberto/Documentos/TFG/PARSEC/pkgs/apps/raytrace/obj/amd64-linux.gcc/RTTL/common -I/home/alberto/Documentos/TFG/PARSEC/pkgs/apps/raytrace/obj/amd64-linux.gcc/RTTL/BVH -I/home/alberto/Documentos/TFG/PARSEC/pkgs/apps/raytrace/obj/amd64-linux.gcc/SG -I/home/alberto/Documentos/TFG/PARSEC/pkgs/apps/raytrace/obj/amd64-linux.gcc/LRT/include -I/home/alberto/Documentos/TFG/PARSEC/pkgs/apps/raytrace/obj/amd64-linux.gcc/LRT   -D__alberto__ -o CMakeFiles/test_newmesh.dir/test/api_newmesh/newmesh.o -c /home/alberto/Documentos/TFG/PARSEC/pkgs/apps/raytrace/obj/amd64-linux.gcc/RTTL/test/api_newmesh/newmesh.cxx
Linking CXX executable ../bin/test_newmesh
cd /home/alberto/Documentos/TFG/PARSEC/pkgs/apps/raytrace/obj/amd64-linux.gcc/RTTL && /home/alberto/Documentos/TFG/PARSEC/pkgs/tools/cmake/inst/amd64-linux.gcc/bin/cmake -E cmake_link_script CMakeFiles/test_newmesh.dir/link.txt --verbose=1
/usr/bin/g++   -I/home/alberto/Documentos/TFG/PARSEC/pkgs/libs/mesa/inst/amd64-linux.gcc/include -O3 -g -funroll-loops -fprefetch-loop-arrays -fpermissive -fno-exceptions -fsanitize=address -static-libgcc -Wl,--hash-style=both,--as-needed -DPARSEC_VERSION=3.0-beta-20150206 -fexceptions -fno-strict-aliasing -fno-align-labels -DNDEBUG -D_MM_NO_ALIGN_CHECK   -fPIC -L/home/alberto/Documentos/TFG/PARSEC/pkgs/libs/mesa/inst/amd64-linux.gcc/lib -L/usr/lib64 -L/usr/lib CMakeFiles/test_newmesh.dir/test/api_newmesh/newmesh.o  -o ../bin/test_newmesh -rdynamic -L/home/alberto/Documentos/TFG/PARSEC/pkgs/apps/raytrace/obj/amd64-linux.gcc/lib ../lib/libRTTL.a -lstdc++ -lpthread -lrt 
make[2]: Leaving directory '/home/alberto/Documentos/TFG/PARSEC/pkgs/apps/raytrace/obj/amd64-linux.gcc'
/home/alberto/Documentos/TFG/PARSEC/pkgs/tools/cmake/inst/amd64-linux.gcc/bin/cmake -E cmake_progress_report /home/alberto/Documentos/TFG/PARSEC/pkgs/apps/raytrace/obj/amd64-linux.gcc/CMakeFiles  12
[ 54%] Built target test_newmesh
/usr/bin/make -f RTTL/CMakeFiles/test_rtvec.dir/build.make RTTL/CMakeFiles/test_rtvec.dir/depend
make[2]: Entering directory '/home/alberto/Documentos/TFG/PARSEC/pkgs/apps/raytrace/obj/amd64-linux.gcc'
cd /home/alberto/Documentos/TFG/PARSEC/pkgs/apps/raytrace/obj/amd64-linux.gcc && /home/alberto/Documentos/TFG/PARSEC/pkgs/tools/cmake/inst/amd64-linux.gcc/bin/cmake -E cmake_depends "Unix Makefiles" /home/alberto/Documentos/TFG/PARSEC/pkgs/apps/raytrace/obj/amd64-linux.gcc /home/alberto/Documentos/TFG/PARSEC/pkgs/apps/raytrace/obj/amd64-linux.gcc/RTTL /home/alberto/Documentos/TFG/PARSEC/pkgs/apps/raytrace/obj/amd64-linux.gcc /home/alberto/Documentos/TFG/PARSEC/pkgs/apps/raytrace/obj/amd64-linux.gcc/RTTL /home/alberto/Documentos/TFG/PARSEC/pkgs/apps/raytrace/obj/amd64-linux.gcc/RTTL/CMakeFiles/test_rtvec.dir/DependInfo.cmake --color=
Scanning dependencies of target test_rtvec
make[2]: Leaving directory '/home/alberto/Documentos/TFG/PARSEC/pkgs/apps/raytrace/obj/amd64-linux.gcc'
/usr/bin/make -f RTTL/CMakeFiles/test_rtvec.dir/build.make RTTL/CMakeFiles/test_rtvec.dir/build
make[2]: Entering directory '/home/alberto/Documentos/TFG/PARSEC/pkgs/apps/raytrace/obj/amd64-linux.gcc'
/home/alberto/Documentos/TFG/PARSEC/pkgs/tools/cmake/inst/amd64-linux.gcc/bin/cmake -E cmake_progress_report /home/alberto/Documentos/TFG/PARSEC/pkgs/apps/raytrace/obj/amd64-linux.gcc/CMakeFiles 13
[ 59%] Building CXX object RTTL/CMakeFiles/test_rtvec.dir/test/TestRTVec/TestRTVec.o
cd /home/alberto/Documentos/TFG/PARSEC/pkgs/apps/raytrace/obj/amd64-linux.gcc/RTTL && /usr/bin/g++   -DTHIS_IS_CMAKE -I/home/alberto/Documentos/TFG/PARSEC/pkgs/libs/mesa/inst/amd64-linux.gcc/include -O3 -g -funroll-loops -fprefetch-loop-arrays -fpermissive -fno-exceptions -fsanitize=address -static-libgcc -Wl,--hash-style=both,--as-needed -DPARSEC_VERSION=3.0-beta-20150206 -fexceptions -fno-strict-aliasing -fno-align-labels -DNDEBUG -D_MM_NO_ALIGN_CHECK  -I/home/alberto/Documentos/TFG/PARSEC/pkgs/libs/mesa/inst/amd64-linux.gcc/include -I/home/alberto/Documentos/TFG/PARSEC/pkgs/apps/raytrace/obj/amd64-linux.gcc -I/home/alberto/Documentos/TFG/PARSEC/pkgs/apps/raytrace/obj/amd64-linux.gcc/RTTL -I/home/alberto/Documentos/TFG/PARSEC/pkgs/apps/raytrace/obj/amd64-linux.gcc/RTTL/common -I/home/alberto/Documentos/TFG/PARSEC/pkgs/apps/raytrace/obj/amd64-linux.gcc/RTTL/BVH -I/home/alberto/Documentos/TFG/PARSEC/pkgs/apps/raytrace/obj/amd64-linux.gcc/SG -I/home/alberto/Documentos/TFG/PARSEC/pkgs/apps/raytrace/obj/amd64-linux.gcc/LRT/include -I/home/alberto/Documentos/TFG/PARSEC/pkgs/apps/raytrace/obj/amd64-linux.gcc/LRT   -D__alberto__ -o CMakeFiles/test_rtvec.dir/test/TestRTVec/TestRTVec.o -c /home/alberto/Documentos/TFG/PARSEC/pkgs/apps/raytrace/obj/amd64-linux.gcc/RTTL/test/TestRTVec/TestRTVec.cxx
Linking CXX executable ../bin/test_rtvec
cd /home/alberto/Documentos/TFG/PARSEC/pkgs/apps/raytrace/obj/amd64-linux.gcc/RTTL && /home/alberto/Documentos/TFG/PARSEC/pkgs/tools/cmake/inst/amd64-linux.gcc/bin/cmake -E cmake_link_script CMakeFiles/test_rtvec.dir/link.txt --verbose=1
/usr/bin/g++   -I/home/alberto/Documentos/TFG/PARSEC/pkgs/libs/mesa/inst/amd64-linux.gcc/include -O3 -g -funroll-loops -fprefetch-loop-arrays -fpermissive -fno-exceptions -fsanitize=address -static-libgcc -Wl,--hash-style=both,--as-needed -DPARSEC_VERSION=3.0-beta-20150206 -fexceptions -fno-strict-aliasing -fno-align-labels -DNDEBUG -D_MM_NO_ALIGN_CHECK   -fPIC -L/home/alberto/Documentos/TFG/PARSEC/pkgs/libs/mesa/inst/amd64-linux.gcc/lib -L/usr/lib64 -L/usr/lib CMakeFiles/test_rtvec.dir/test/TestRTVec/TestRTVec.o  -o ../bin/test_rtvec -rdynamic 
make[2]: Leaving directory '/home/alberto/Documentos/TFG/PARSEC/pkgs/apps/raytrace/obj/amd64-linux.gcc'
/home/alberto/Documentos/TFG/PARSEC/pkgs/tools/cmake/inst/amd64-linux.gcc/bin/cmake -E cmake_progress_report /home/alberto/Documentos/TFG/PARSEC/pkgs/apps/raytrace/obj/amd64-linux.gcc/CMakeFiles  13
[ 59%] Built target test_rtvec
/usr/bin/make -f RTTL/CMakeFiles/test_vertex_conversion.dir/build.make RTTL/CMakeFiles/test_vertex_conversion.dir/depend
make[2]: Entering directory '/home/alberto/Documentos/TFG/PARSEC/pkgs/apps/raytrace/obj/amd64-linux.gcc'
cd /home/alberto/Documentos/TFG/PARSEC/pkgs/apps/raytrace/obj/amd64-linux.gcc && /home/alberto/Documentos/TFG/PARSEC/pkgs/tools/cmake/inst/amd64-linux.gcc/bin/cmake -E cmake_depends "Unix Makefiles" /home/alberto/Documentos/TFG/PARSEC/pkgs/apps/raytrace/obj/amd64-linux.gcc /home/alberto/Documentos/TFG/PARSEC/pkgs/apps/raytrace/obj/amd64-linux.gcc/RTTL /home/alberto/Documentos/TFG/PARSEC/pkgs/apps/raytrace/obj/amd64-linux.gcc /home/alberto/Documentos/TFG/PARSEC/pkgs/apps/raytrace/obj/amd64-linux.gcc/RTTL /home/alberto/Documentos/TFG/PARSEC/pkgs/apps/raytrace/obj/amd64-linux.gcc/RTTL/CMakeFiles/test_vertex_conversion.dir/DependInfo.cmake --color=
Scanning dependencies of target test_vertex_conversion
make[2]: Leaving directory '/home/alberto/Documentos/TFG/PARSEC/pkgs/apps/raytrace/obj/amd64-linux.gcc'
/usr/bin/make -f RTTL/CMakeFiles/test_vertex_conversion.dir/build.make RTTL/CMakeFiles/test_vertex_conversion.dir/build
make[2]: Entering directory '/home/alberto/Documentos/TFG/PARSEC/pkgs/apps/raytrace/obj/amd64-linux.gcc'
/home/alberto/Documentos/TFG/PARSEC/pkgs/tools/cmake/inst/amd64-linux.gcc/bin/cmake -E cmake_progress_report /home/alberto/Documentos/TFG/PARSEC/pkgs/apps/raytrace/obj/amd64-linux.gcc/CMakeFiles 14
[ 63%] Building CXX object RTTL/CMakeFiles/test_vertex_conversion.dir/test/api_vertex_conversion/vertex_conversion.o
cd /home/alberto/Documentos/TFG/PARSEC/pkgs/apps/raytrace/obj/amd64-linux.gcc/RTTL && /usr/bin/g++   -DTHIS_IS_CMAKE -I/home/alberto/Documentos/TFG/PARSEC/pkgs/libs/mesa/inst/amd64-linux.gcc/include -O3 -g -funroll-loops -fprefetch-loop-arrays -fpermissive -fno-exceptions -fsanitize=address -static-libgcc -Wl,--hash-style=both,--as-needed -DPARSEC_VERSION=3.0-beta-20150206 -fexceptions -fno-strict-aliasing -fno-align-labels -DNDEBUG -D_MM_NO_ALIGN_CHECK  -I/home/alberto/Documentos/TFG/PARSEC/pkgs/libs/mesa/inst/amd64-linux.gcc/include -I/home/alberto/Documentos/TFG/PARSEC/pkgs/apps/raytrace/obj/amd64-linux.gcc -I/home/alberto/Documentos/TFG/PARSEC/pkgs/apps/raytrace/obj/amd64-linux.gcc/RTTL -I/home/alberto/Documentos/TFG/PARSEC/pkgs/apps/raytrace/obj/amd64-linux.gcc/RTTL/common -I/home/alberto/Documentos/TFG/PARSEC/pkgs/apps/raytrace/obj/amd64-linux.gcc/RTTL/BVH -I/home/alberto/Documentos/TFG/PARSEC/pkgs/apps/raytrace/obj/amd64-linux.gcc/SG -I/home/alberto/Documentos/TFG/PARSEC/pkgs/apps/raytrace/obj/amd64-linux.gcc/LRT/include -I/home/alberto/Documentos/TFG/PARSEC/pkgs/apps/raytrace/obj/amd64-linux.gcc/LRT   -D__alberto__ -o CMakeFiles/test_vertex_conversion.dir/test/api_vertex_conversion/vertex_conversion.o -c /home/alberto/Documentos/TFG/PARSEC/pkgs/apps/raytrace/obj/amd64-linux.gcc/RTTL/test/api_vertex_conversion/vertex_conversion.cxx
Linking CXX executable ../bin/test_vertex_conversion
cd /home/alberto/Documentos/TFG/PARSEC/pkgs/apps/raytrace/obj/amd64-linux.gcc/RTTL && /home/alberto/Documentos/TFG/PARSEC/pkgs/tools/cmake/inst/amd64-linux.gcc/bin/cmake -E cmake_link_script CMakeFiles/test_vertex_conversion.dir/link.txt --verbose=1
/usr/bin/g++   -I/home/alberto/Documentos/TFG/PARSEC/pkgs/libs/mesa/inst/amd64-linux.gcc/include -O3 -g -funroll-loops -fprefetch-loop-arrays -fpermissive -fno-exceptions -fsanitize=address -static-libgcc -Wl,--hash-style=both,--as-needed -DPARSEC_VERSION=3.0-beta-20150206 -fexceptions -fno-strict-aliasing -fno-align-labels -DNDEBUG -D_MM_NO_ALIGN_CHECK   -fPIC -L/home/alberto/Documentos/TFG/PARSEC/pkgs/libs/mesa/inst/amd64-linux.gcc/lib -L/usr/lib64 -L/usr/lib CMakeFiles/test_vertex_conversion.dir/test/api_vertex_conversion/vertex_conversion.o  -o ../bin/test_vertex_conversion -rdynamic -L/home/alberto/Documentos/TFG/PARSEC/pkgs/apps/raytrace/obj/amd64-linux.gcc/lib ../lib/libRTTL.a -lstdc++ -lpthread -lrt 
make[2]: Leaving directory '/home/alberto/Documentos/TFG/PARSEC/pkgs/apps/raytrace/obj/amd64-linux.gcc'
/home/alberto/Documentos/TFG/PARSEC/pkgs/tools/cmake/inst/amd64-linux.gcc/bin/cmake -E cmake_progress_report /home/alberto/Documentos/TFG/PARSEC/pkgs/apps/raytrace/obj/amd64-linux.gcc/CMakeFiles  14
[ 63%] Built target test_vertex_conversion
/usr/bin/make -f LRT/CMakeFiles/LRT.dir/build.make LRT/CMakeFiles/LRT.dir/depend
make[2]: Entering directory '/home/alberto/Documentos/TFG/PARSEC/pkgs/apps/raytrace/obj/amd64-linux.gcc'
cd /home/alberto/Documentos/TFG/PARSEC/pkgs/apps/raytrace/obj/amd64-linux.gcc && /home/alberto/Documentos/TFG/PARSEC/pkgs/tools/cmake/inst/amd64-linux.gcc/bin/cmake -E cmake_depends "Unix Makefiles" /home/alberto/Documentos/TFG/PARSEC/pkgs/apps/raytrace/obj/amd64-linux.gcc /home/alberto/Documentos/TFG/PARSEC/pkgs/apps/raytrace/obj/amd64-linux.gcc/LRT /home/alberto/Documentos/TFG/PARSEC/pkgs/apps/raytrace/obj/amd64-linux.gcc /home/alberto/Documentos/TFG/PARSEC/pkgs/apps/raytrace/obj/amd64-linux.gcc/LRT /home/alberto/Documentos/TFG/PARSEC/pkgs/apps/raytrace/obj/amd64-linux.gcc/LRT/CMakeFiles/LRT.dir/DependInfo.cmake --color=
Scanning dependencies of target LRT
make[2]: Leaving directory '/home/alberto/Documentos/TFG/PARSEC/pkgs/apps/raytrace/obj/amd64-linux.gcc'
/usr/bin/make -f LRT/CMakeFiles/LRT.dir/build.make LRT/CMakeFiles/LRT.dir/build
make[2]: Entering directory '/home/alberto/Documentos/TFG/PARSEC/pkgs/apps/raytrace/obj/amd64-linux.gcc'
/home/alberto/Documentos/TFG/PARSEC/pkgs/tools/cmake/inst/amd64-linux.gcc/bin/cmake -E cmake_progress_report /home/alberto/Documentos/TFG/PARSEC/pkgs/apps/raytrace/obj/amd64-linux.gcc/CMakeFiles 15
[ 68%] Building CXX object LRT/CMakeFiles/LRT.dir/Init.o
cd /home/alberto/Documentos/TFG/PARSEC/pkgs/apps/raytrace/obj/amd64-linux.gcc/LRT && /usr/bin/g++   -DTHIS_IS_CMAKE -I/home/alberto/Documentos/TFG/PARSEC/pkgs/libs/mesa/inst/amd64-linux.gcc/include -O3 -g -funroll-loops -fprefetch-loop-arrays -fpermissive -fno-exceptions -fsanitize=address -static-libgcc -Wl,--hash-style=both,--as-needed -DPARSEC_VERSION=3.0-beta-20150206 -fexceptions -fno-strict-aliasing -fno-align-labels -DNDEBUG -D_MM_NO_ALIGN_CHECK  -I/home/alberto/Documentos/TFG/PARSEC/pkgs/libs/mesa/inst/amd64-linux.gcc/include -I/home/alberto/Documentos/TFG/PARSEC/pkgs/apps/raytrace/obj/amd64-linux.gcc -I/home/alberto/Documentos/TFG/PARSEC/pkgs/apps/raytrace/obj/amd64-linux.gcc/RTTL -I/home/alberto/Documentos/TFG/PARSEC/pkgs/apps/raytrace/obj/amd64-linux.gcc/RTTL/common -I/home/alberto/Documentos/TFG/PARSEC/pkgs/apps/raytrace/obj/amd64-linux.gcc/RTTL/BVH -I/home/alberto/Documentos/TFG/PARSEC/pkgs/apps/raytrace/obj/amd64-linux.gcc/SG -I/home/alberto/Documentos/TFG/PARSEC/pkgs/apps/raytrace/obj/amd64-linux.gcc/LRT/include -I/home/alberto/Documentos/TFG/PARSEC/pkgs/apps/raytrace/obj/amd64-linux.gcc/LRT   -D__alberto__ -o CMakeFiles/LRT.dir/Init.o -c /home/alberto/Documentos/TFG/PARSEC/pkgs/apps/raytrace/obj/amd64-linux.gcc/LRT/Init.cxx
/home/alberto/Documentos/TFG/PARSEC/pkgs/tools/cmake/inst/amd64-linux.gcc/bin/cmake -E cmake_progress_report /home/alberto/Documentos/TFG/PARSEC/pkgs/apps/raytrace/obj/amd64-linux.gcc/CMakeFiles 16
[ 72%] Building CXX object LRT/CMakeFiles/LRT.dir/FrameBuffer.o
cd /home/alberto/Documentos/TFG/PARSEC/pkgs/apps/raytrace/obj/amd64-linux.gcc/LRT && /usr/bin/g++   -DTHIS_IS_CMAKE -I/home/alberto/Documentos/TFG/PARSEC/pkgs/libs/mesa/inst/amd64-linux.gcc/include -O3 -g -funroll-loops -fprefetch-loop-arrays -fpermissive -fno-exceptions -fsanitize=address -static-libgcc -Wl,--hash-style=both,--as-needed -DPARSEC_VERSION=3.0-beta-20150206 -fexceptions -fno-strict-aliasing -fno-align-labels -DNDEBUG -D_MM_NO_ALIGN_CHECK  -I/home/alberto/Documentos/TFG/PARSEC/pkgs/libs/mesa/inst/amd64-linux.gcc/include -I/home/alberto/Documentos/TFG/PARSEC/pkgs/apps/raytrace/obj/amd64-linux.gcc -I/home/alberto/Documentos/TFG/PARSEC/pkgs/apps/raytrace/obj/amd64-linux.gcc/RTTL -I/home/alberto/Documentos/TFG/PARSEC/pkgs/apps/raytrace/obj/amd64-linux.gcc/RTTL/common -I/home/alberto/Documentos/TFG/PARSEC/pkgs/apps/raytrace/obj/amd64-linux.gcc/RTTL/BVH -I/home/alberto/Documentos/TFG/PARSEC/pkgs/apps/raytrace/obj/amd64-linux.gcc/SG -I/home/alberto/Documentos/TFG/PARSEC/pkgs/apps/raytrace/obj/amd64-linux.gcc/LRT/include -I/home/alberto/Documentos/TFG/PARSEC/pkgs/apps/raytrace/obj/amd64-linux.gcc/LRT   -D__alberto__ -o CMakeFiles/LRT.dir/FrameBuffer.o -c /home/alberto/Documentos/TFG/PARSEC/pkgs/apps/raytrace/obj/amd64-linux.gcc/LRT/FrameBuffer.cxx
/home/alberto/Documentos/TFG/PARSEC/pkgs/tools/cmake/inst/amd64-linux.gcc/bin/cmake -E cmake_progress_report /home/alberto/Documentos/TFG/PARSEC/pkgs/apps/raytrace/obj/amd64-linux.gcc/CMakeFiles 17
[ 77%] Building CXX object LRT/CMakeFiles/LRT.dir/FrameBuffer/PBOFrameBuffer.o
cd /home/alberto/Documentos/TFG/PARSEC/pkgs/apps/raytrace/obj/amd64-linux.gcc/LRT && /usr/bin/g++   -DTHIS_IS_CMAKE -I/home/alberto/Documentos/TFG/PARSEC/pkgs/libs/mesa/inst/amd64-linux.gcc/include -O3 -g -funroll-loops -fprefetch-loop-arrays -fpermissive -fno-exceptions -fsanitize=address -static-libgcc -Wl,--hash-style=both,--as-needed -DPARSEC_VERSION=3.0-beta-20150206 -fexceptions -fno-strict-aliasing -fno-align-labels -DNDEBUG -D_MM_NO_ALIGN_CHECK  -I/home/alberto/Documentos/TFG/PARSEC/pkgs/libs/mesa/inst/amd64-linux.gcc/include -I/home/alberto/Documentos/TFG/PARSEC/pkgs/apps/raytrace/obj/amd64-linux.gcc -I/home/alberto/Documentos/TFG/PARSEC/pkgs/apps/raytrace/obj/amd64-linux.gcc/RTTL -I/home/alberto/Documentos/TFG/PARSEC/pkgs/apps/raytrace/obj/amd64-linux.gcc/RTTL/common -I/home/alberto/Documentos/TFG/PARSEC/pkgs/apps/raytrace/obj/amd64-linux.gcc/RTTL/BVH -I/home/alberto/Documentos/TFG/PARSEC/pkgs/apps/raytrace/obj/amd64-linux.gcc/SG -I/home/alberto/Documentos/TFG/PARSEC/pkgs/apps/raytrace/obj/amd64-linux.gcc/LRT/include -I/home/alberto/Documentos/TFG/PARSEC/pkgs/apps/raytrace/obj/amd64-linux.gcc/LRT   -D__alberto__ -o CMakeFiles/LRT.dir/FrameBuffer/PBOFrameBuffer.o -c /home/alberto/Documentos/TFG/PARSEC/pkgs/apps/raytrace/obj/amd64-linux.gcc/LRT/FrameBuffer/PBOFrameBuffer.cxx
/home/alberto/Documentos/TFG/PARSEC/pkgs/tools/cmake/inst/amd64-linux.gcc/bin/cmake -E cmake_progress_report /home/alberto/Documentos/TFG/PARSEC/pkgs/apps/raytrace/obj/amd64-linux.gcc/CMakeFiles 18
[ 81%] Building CXX object LRT/CMakeFiles/LRT.dir/FrameBuffer/GLTextureFB.o
cd /home/alberto/Documentos/TFG/PARSEC/pkgs/apps/raytrace/obj/amd64-linux.gcc/LRT && /usr/bin/g++   -DTHIS_IS_CMAKE -I/home/alberto/Documentos/TFG/PARSEC/pkgs/libs/mesa/inst/amd64-linux.gcc/include -O3 -g -funroll-loops -fprefetch-loop-arrays -fpermissive -fno-exceptions -fsanitize=address -static-libgcc -Wl,--hash-style=both,--as-needed -DPARSEC_VERSION=3.0-beta-20150206 -fexceptions -fno-strict-aliasing -fno-align-labels -DNDEBUG -D_MM_NO_ALIGN_CHECK  -I/home/alberto/Documentos/TFG/PARSEC/pkgs/libs/mesa/inst/amd64-linux.gcc/include -I/home/alberto/Documentos/TFG/PARSEC/pkgs/apps/raytrace/obj/amd64-linux.gcc -I/home/alberto/Documentos/TFG/PARSEC/pkgs/apps/raytrace/obj/amd64-linux.gcc/RTTL -I/home/alberto/Documentos/TFG/PARSEC/pkgs/apps/raytrace/obj/amd64-linux.gcc/RTTL/common -I/home/alberto/Documentos/TFG/PARSEC/pkgs/apps/raytrace/obj/amd64-linux.gcc/RTTL/BVH -I/home/alberto/Documentos/TFG/PARSEC/pkgs/apps/raytrace/obj/amd64-linux.gcc/SG -I/home/alberto/Documentos/TFG/PARSEC/pkgs/apps/raytrace/obj/amd64-linux.gcc/LRT/include -I/home/alberto/Documentos/TFG/PARSEC/pkgs/apps/raytrace/obj/amd64-linux.gcc/LRT   -D__alberto__ -o CMakeFiles/LRT.dir/FrameBuffer/GLTextureFB.o -c /home/alberto/Documentos/TFG/PARSEC/pkgs/apps/raytrace/obj/amd64-linux.gcc/LRT/FrameBuffer/GLTextureFB.cxx
/home/alberto/Documentos/TFG/PARSEC/pkgs/tools/cmake/inst/amd64-linux.gcc/bin/cmake -E cmake_progress_report /home/alberto/Documentos/TFG/PARSEC/pkgs/apps/raytrace/obj/amd64-linux.gcc/CMakeFiles 19
[ 86%] Building CXX object LRT/CMakeFiles/LRT.dir/render.o
cd /home/alberto/Documentos/TFG/PARSEC/pkgs/apps/raytrace/obj/amd64-linux.gcc/LRT && /usr/bin/g++   -DTHIS_IS_CMAKE -I/home/alberto/Documentos/TFG/PARSEC/pkgs/libs/mesa/inst/amd64-linux.gcc/include -O3 -g -funroll-loops -fprefetch-loop-arrays -fpermissive -fno-exceptions -fsanitize=address -static-libgcc -Wl,--hash-style=both,--as-needed -DPARSEC_VERSION=3.0-beta-20150206 -fexceptions -fno-strict-aliasing -fno-align-labels -DNDEBUG -D_MM_NO_ALIGN_CHECK  -I/home/alberto/Documentos/TFG/PARSEC/pkgs/libs/mesa/inst/amd64-linux.gcc/include -I/home/alberto/Documentos/TFG/PARSEC/pkgs/apps/raytrace/obj/amd64-linux.gcc -I/home/alberto/Documentos/TFG/PARSEC/pkgs/apps/raytrace/obj/amd64-linux.gcc/RTTL -I/home/alberto/Documentos/TFG/PARSEC/pkgs/apps/raytrace/obj/amd64-linux.gcc/RTTL/common -I/home/alberto/Documentos/TFG/PARSEC/pkgs/apps/raytrace/obj/amd64-linux.gcc/RTTL/BVH -I/home/alberto/Documentos/TFG/PARSEC/pkgs/apps/raytrace/obj/amd64-linux.gcc/SG -I/home/alberto/Documentos/TFG/PARSEC/pkgs/apps/raytrace/obj/amd64-linux.gcc/LRT/include -I/home/alberto/Documentos/TFG/PARSEC/pkgs/apps/raytrace/obj/amd64-linux.gcc/LRT   -D__alberto__ -o CMakeFiles/LRT.dir/render.o -c /home/alberto/Documentos/TFG/PARSEC/pkgs/apps/raytrace/obj/amd64-linux.gcc/LRT/render.cxx
Linking CXX static library ../lib/libLRT.a
cd /home/alberto/Documentos/TFG/PARSEC/pkgs/apps/raytrace/obj/amd64-linux.gcc/LRT && /home/alberto/Documentos/TFG/PARSEC/pkgs/tools/cmake/inst/amd64-linux.gcc/bin/cmake -P CMakeFiles/LRT.dir/cmake_clean_target.cmake
cd /home/alberto/Documentos/TFG/PARSEC/pkgs/apps/raytrace/obj/amd64-linux.gcc/LRT && /home/alberto/Documentos/TFG/PARSEC/pkgs/tools/cmake/inst/amd64-linux.gcc/bin/cmake -E cmake_link_script CMakeFiles/LRT.dir/link.txt --verbose=1
/usr/bin/ar cr ../lib/libLRT.a  CMakeFiles/LRT.dir/Init.o CMakeFiles/LRT.dir/FrameBuffer.o CMakeFiles/LRT.dir/FrameBuffer/PBOFrameBuffer.o CMakeFiles/LRT.dir/FrameBuffer/GLTextureFB.o CMakeFiles/LRT.dir/render.o 
/usr/bin/ranlib ../lib/libLRT.a 
make[2]: Leaving directory '/home/alberto/Documentos/TFG/PARSEC/pkgs/apps/raytrace/obj/amd64-linux.gcc'
/home/alberto/Documentos/TFG/PARSEC/pkgs/tools/cmake/inst/amd64-linux.gcc/bin/cmake -E cmake_progress_report /home/alberto/Documentos/TFG/PARSEC/pkgs/apps/raytrace/obj/amd64-linux.gcc/CMakeFiles  15 16 17 18 19
[ 86%] Built target LRT
/usr/bin/make -f LRT/CMakeFiles/test_static_cube.dir/build.make LRT/CMakeFiles/test_static_cube.dir/depend
make[2]: Entering directory '/home/alberto/Documentos/TFG/PARSEC/pkgs/apps/raytrace/obj/amd64-linux.gcc'
cd /home/alberto/Documentos/TFG/PARSEC/pkgs/apps/raytrace/obj/amd64-linux.gcc && /home/alberto/Documentos/TFG/PARSEC/pkgs/tools/cmake/inst/amd64-linux.gcc/bin/cmake -E cmake_depends "Unix Makefiles" /home/alberto/Documentos/TFG/PARSEC/pkgs/apps/raytrace/obj/amd64-linux.gcc /home/alberto/Documentos/TFG/PARSEC/pkgs/apps/raytrace/obj/amd64-linux.gcc/LRT /home/alberto/Documentos/TFG/PARSEC/pkgs/apps/raytrace/obj/amd64-linux.gcc /home/alberto/Documentos/TFG/PARSEC/pkgs/apps/raytrace/obj/amd64-linux.gcc/LRT /home/alberto/Documentos/TFG/PARSEC/pkgs/apps/raytrace/obj/amd64-linux.gcc/LRT/CMakeFiles/test_static_cube.dir/DependInfo.cmake --color=
Scanning dependencies of target test_static_cube
make[2]: Leaving directory '/home/alberto/Documentos/TFG/PARSEC/pkgs/apps/raytrace/obj/amd64-linux.gcc'
/usr/bin/make -f LRT/CMakeFiles/test_static_cube.dir/build.make LRT/CMakeFiles/test_static_cube.dir/build
make[2]: Entering directory '/home/alberto/Documentos/TFG/PARSEC/pkgs/apps/raytrace/obj/amd64-linux.gcc'
/home/alberto/Documentos/TFG/PARSEC/pkgs/tools/cmake/inst/amd64-linux.gcc/bin/cmake -E cmake_progress_report /home/alberto/Documentos/TFG/PARSEC/pkgs/apps/raytrace/obj/amd64-linux.gcc/CMakeFiles 20
[ 90%] Building CXX object LRT/CMakeFiles/test_static_cube.dir/test/api_static_cube/static_cube.o
cd /home/alberto/Documentos/TFG/PARSEC/pkgs/apps/raytrace/obj/amd64-linux.gcc/LRT && /usr/bin/g++   -DTHIS_IS_CMAKE -I/home/alberto/Documentos/TFG/PARSEC/pkgs/libs/mesa/inst/amd64-linux.gcc/include -O3 -g -funroll-loops -fprefetch-loop-arrays -fpermissive -fno-exceptions -fsanitize=address -static-libgcc -Wl,--hash-style=both,--as-needed -DPARSEC_VERSION=3.0-beta-20150206 -fexceptions -fno-strict-aliasing -fno-align-labels -DNDEBUG -D_MM_NO_ALIGN_CHECK  -I/home/alberto/Documentos/TFG/PARSEC/pkgs/libs/mesa/inst/amd64-linux.gcc/include -I/home/alberto/Documentos/TFG/PARSEC/pkgs/apps/raytrace/obj/amd64-linux.gcc -I/home/alberto/Documentos/TFG/PARSEC/pkgs/apps/raytrace/obj/amd64-linux.gcc/RTTL -I/home/alberto/Documentos/TFG/PARSEC/pkgs/apps/raytrace/obj/amd64-linux.gcc/RTTL/common -I/home/alberto/Documentos/TFG/PARSEC/pkgs/apps/raytrace/obj/amd64-linux.gcc/RTTL/BVH -I/home/alberto/Documentos/TFG/PARSEC/pkgs/apps/raytrace/obj/amd64-linux.gcc/SG -I/home/alberto/Documentos/TFG/PARSEC/pkgs/apps/raytrace/obj/amd64-linux.gcc/LRT/include -I/home/alberto/Documentos/TFG/PARSEC/pkgs/apps/raytrace/obj/amd64-linux.gcc/LRT   -D__alberto__ -o CMakeFiles/test_static_cube.dir/test/api_static_cube/static_cube.o -c /home/alberto/Documentos/TFG/PARSEC/pkgs/apps/raytrace/obj/amd64-linux.gcc/LRT/test/api_static_cube/static_cube.cxx
Linking CXX executable ../bin/test_static_cube
cd /home/alberto/Documentos/TFG/PARSEC/pkgs/apps/raytrace/obj/amd64-linux.gcc/LRT && /home/alberto/Documentos/TFG/PARSEC/pkgs/tools/cmake/inst/amd64-linux.gcc/bin/cmake -E cmake_link_script CMakeFiles/test_static_cube.dir/link.txt --verbose=1
/usr/bin/g++   -I/home/alberto/Documentos/TFG/PARSEC/pkgs/libs/mesa/inst/amd64-linux.gcc/include -O3 -g -funroll-loops -fprefetch-loop-arrays -fpermissive -fno-exceptions -fsanitize=address -static-libgcc -Wl,--hash-style=both,--as-needed -DPARSEC_VERSION=3.0-beta-20150206 -fexceptions -fno-strict-aliasing -fno-align-labels -DNDEBUG -D_MM_NO_ALIGN_CHECK   -fPIC -L/home/alberto/Documentos/TFG/PARSEC/pkgs/libs/mesa/inst/amd64-linux.gcc/lib -L/usr/lib64 -L/usr/lib CMakeFiles/test_static_cube.dir/test/api_static_cube/static_cube.o  -o ../bin/test_static_cube -rdynamic -L/home/alberto/Documentos/TFG/PARSEC/pkgs/apps/raytrace/obj/amd64-linux.gcc/lib -L/home/alberto/Documentos/TFG/PARSEC/pkgs/libs/mesa/inst/amd64-linux.gcc/lib ../lib/libLRT.a /home/alberto/Documentos/TFG/PARSEC/pkgs/libs/mesa/inst/amd64-linux.gcc/lib/libGLU.a /home/alberto/Documentos/TFG/PARSEC/pkgs/libs/mesa/inst/amd64-linux.gcc/lib/libGL.a ../lib/libRTTL.a /home/alberto/Documentos/TFG/PARSEC/pkgs/libs/mesa/inst/amd64-linux.gcc/lib/libglut.a -lGL -lGLU -lXmu -lXext -lXau -lX11 -ldl -lpthread -lstdc++ -lpthread -lrt 
make[2]: Leaving directory '/home/alberto/Documentos/TFG/PARSEC/pkgs/apps/raytrace/obj/amd64-linux.gcc'
/home/alberto/Documentos/TFG/PARSEC/pkgs/tools/cmake/inst/amd64-linux.gcc/bin/cmake -E cmake_progress_report /home/alberto/Documentos/TFG/PARSEC/pkgs/apps/raytrace/obj/amd64-linux.gcc/CMakeFiles  20
[ 90%] Built target test_static_cube
/usr/bin/make -f MiniView/CMakeFiles/rtview.dir/build.make MiniView/CMakeFiles/rtview.dir/depend
make[2]: Entering directory '/home/alberto/Documentos/TFG/PARSEC/pkgs/apps/raytrace/obj/amd64-linux.gcc'
cd /home/alberto/Documentos/TFG/PARSEC/pkgs/apps/raytrace/obj/amd64-linux.gcc && /home/alberto/Documentos/TFG/PARSEC/pkgs/tools/cmake/inst/amd64-linux.gcc/bin/cmake -E cmake_depends "Unix Makefiles" /home/alberto/Documentos/TFG/PARSEC/pkgs/apps/raytrace/obj/amd64-linux.gcc /home/alberto/Documentos/TFG/PARSEC/pkgs/apps/raytrace/obj/amd64-linux.gcc/MiniView /home/alberto/Documentos/TFG/PARSEC/pkgs/apps/raytrace/obj/amd64-linux.gcc /home/alberto/Documentos/TFG/PARSEC/pkgs/apps/raytrace/obj/amd64-linux.gcc/MiniView /home/alberto/Documentos/TFG/PARSEC/pkgs/apps/raytrace/obj/amd64-linux.gcc/MiniView/CMakeFiles/rtview.dir/DependInfo.cmake --color=
Scanning dependencies of target rtview
make[2]: Leaving directory '/home/alberto/Documentos/TFG/PARSEC/pkgs/apps/raytrace/obj/amd64-linux.gcc'
/usr/bin/make -f MiniView/CMakeFiles/rtview.dir/build.make MiniView/CMakeFiles/rtview.dir/build
make[2]: Entering directory '/home/alberto/Documentos/TFG/PARSEC/pkgs/apps/raytrace/obj/amd64-linux.gcc'
/home/alberto/Documentos/TFG/PARSEC/pkgs/tools/cmake/inst/amd64-linux.gcc/bin/cmake -E cmake_progress_report /home/alberto/Documentos/TFG/PARSEC/pkgs/apps/raytrace/obj/amd64-linux.gcc/CMakeFiles 21
[ 95%] Building CXX object MiniView/CMakeFiles/rtview.dir/rtview.o
cd /home/alberto/Documentos/TFG/PARSEC/pkgs/apps/raytrace/obj/amd64-linux.gcc/MiniView && /usr/bin/g++   -DTHIS_IS_CMAKE -I/home/alberto/Documentos/TFG/PARSEC/pkgs/libs/mesa/inst/amd64-linux.gcc/include -O3 -g -funroll-loops -fprefetch-loop-arrays -fpermissive -fno-exceptions -fsanitize=address -static-libgcc -Wl,--hash-style=both,--as-needed -DPARSEC_VERSION=3.0-beta-20150206 -fexceptions -fno-strict-aliasing -fno-align-labels -DNDEBUG -D_MM_NO_ALIGN_CHECK  -I/home/alberto/Documentos/TFG/PARSEC/pkgs/libs/mesa/inst/amd64-linux.gcc/include -I/home/alberto/Documentos/TFG/PARSEC/pkgs/apps/raytrace/obj/amd64-linux.gcc -I/home/alberto/Documentos/TFG/PARSEC/pkgs/apps/raytrace/obj/amd64-linux.gcc/RTTL -I/home/alberto/Documentos/TFG/PARSEC/pkgs/apps/raytrace/obj/amd64-linux.gcc/RTTL/common -I/home/alberto/Documentos/TFG/PARSEC/pkgs/apps/raytrace/obj/amd64-linux.gcc/RTTL/BVH -I/home/alberto/Documentos/TFG/PARSEC/pkgs/apps/raytrace/obj/amd64-linux.gcc/SG -I/home/alberto/Documentos/TFG/PARSEC/pkgs/apps/raytrace/obj/amd64-linux.gcc/LRT/include -I/home/alberto/Documentos/TFG/PARSEC/pkgs/apps/raytrace/obj/amd64-linux.gcc/LRT   -D__alberto__ -o CMakeFiles/rtview.dir/rtview.o -c /home/alberto/Documentos/TFG/PARSEC/pkgs/apps/raytrace/obj/amd64-linux.gcc/MiniView/rtview.cxx
/home/alberto/Documentos/TFG/PARSEC/pkgs/tools/cmake/inst/amd64-linux.gcc/bin/cmake -E cmake_progress_report /home/alberto/Documentos/TFG/PARSEC/pkgs/apps/raytrace/obj/amd64-linux.gcc/CMakeFiles 22
[100%] Building CXX object MiniView/CMakeFiles/rtview.dir/__/RTTL/common/MapOptions.o
cd /home/alberto/Documentos/TFG/PARSEC/pkgs/apps/raytrace/obj/amd64-linux.gcc/MiniView && /usr/bin/g++   -DTHIS_IS_CMAKE -I/home/alberto/Documentos/TFG/PARSEC/pkgs/libs/mesa/inst/amd64-linux.gcc/include -O3 -g -funroll-loops -fprefetch-loop-arrays -fpermissive -fno-exceptions -fsanitize=address -static-libgcc -Wl,--hash-style=both,--as-needed -DPARSEC_VERSION=3.0-beta-20150206 -fexceptions -fno-strict-aliasing -fno-align-labels -DNDEBUG -D_MM_NO_ALIGN_CHECK  -I/home/alberto/Documentos/TFG/PARSEC/pkgs/libs/mesa/inst/amd64-linux.gcc/include -I/home/alberto/Documentos/TFG/PARSEC/pkgs/apps/raytrace/obj/amd64-linux.gcc -I/home/alberto/Documentos/TFG/PARSEC/pkgs/apps/raytrace/obj/amd64-linux.gcc/RTTL -I/home/alberto/Documentos/TFG/PARSEC/pkgs/apps/raytrace/obj/amd64-linux.gcc/RTTL/common -I/home/alberto/Documentos/TFG/PARSEC/pkgs/apps/raytrace/obj/amd64-linux.gcc/RTTL/BVH -I/home/alberto/Documentos/TFG/PARSEC/pkgs/apps/raytrace/obj/amd64-linux.gcc/SG -I/home/alberto/Documentos/TFG/PARSEC/pkgs/apps/raytrace/obj/amd64-linux.gcc/LRT/include -I/home/alberto/Documentos/TFG/PARSEC/pkgs/apps/raytrace/obj/amd64-linux.gcc/LRT   -D__alberto__ -o CMakeFiles/rtview.dir/__/RTTL/common/MapOptions.o -c /home/alberto/Documentos/TFG/PARSEC/pkgs/apps/raytrace/obj/amd64-linux.gcc/RTTL/common/MapOptions.cxx
Linking CXX executable ../bin/rtview
cd /home/alberto/Documentos/TFG/PARSEC/pkgs/apps/raytrace/obj/amd64-linux.gcc/MiniView && /home/alberto/Documentos/TFG/PARSEC/pkgs/tools/cmake/inst/amd64-linux.gcc/bin/cmake -E cmake_link_script CMakeFiles/rtview.dir/link.txt --verbose=1
/usr/bin/g++   -I/home/alberto/Documentos/TFG/PARSEC/pkgs/libs/mesa/inst/amd64-linux.gcc/include -O3 -g -funroll-loops -fprefetch-loop-arrays -fpermissive -fno-exceptions -fsanitize=address -static-libgcc -Wl,--hash-style=both,--as-needed -DPARSEC_VERSION=3.0-beta-20150206 -fexceptions -fno-strict-aliasing -fno-align-labels -DNDEBUG -D_MM_NO_ALIGN_CHECK   -fPIC -L/home/alberto/Documentos/TFG/PARSEC/pkgs/libs/mesa/inst/amd64-linux.gcc/lib -L/usr/lib64 -L/usr/lib CMakeFiles/rtview.dir/rtview.o CMakeFiles/rtview.dir/__/RTTL/common/MapOptions.o  -o ../bin/rtview -rdynamic -L/home/alberto/Documentos/TFG/PARSEC/pkgs/apps/raytrace/obj/amd64-linux.gcc/lib -L/home/alberto/Documentos/TFG/PARSEC/pkgs/libs/mesa/inst/amd64-linux.gcc/lib ../lib/libLRT.a ../lib/libRTTL.a /home/alberto/Documentos/TFG/PARSEC/pkgs/libs/mesa/inst/amd64-linux.gcc/lib/libglut.a /home/alberto/Documentos/TFG/PARSEC/pkgs/libs/mesa/inst/amd64-linux.gcc/lib/libGLU.a /home/alberto/Documentos/TFG/PARSEC/pkgs/libs/mesa/inst/amd64-linux.gcc/lib/libGL.a -lGL -lGLU -lXmu -lXext -lXau -lX11 -ldl -lpthread -lstdc++ -lpthread -lrt ../lib/libLRT.a /home/alberto/Documentos/TFG/PARSEC/pkgs/libs/mesa/inst/amd64-linux.gcc/lib/libglut.a /home/alberto/Documentos/TFG/PARSEC/pkgs/libs/mesa/inst/amd64-linux.gcc/lib/libGLU.a /home/alberto/Documentos/TFG/PARSEC/pkgs/libs/mesa/inst/amd64-linux.gcc/lib/libGL.a -lGL -lGLU -lXmu -lXext -lXau -lX11 -ldl -lpthread -lstdc++ -lrt 
make[2]: Leaving directory '/home/alberto/Documentos/TFG/PARSEC/pkgs/apps/raytrace/obj/amd64-linux.gcc'
/home/alberto/Documentos/TFG/PARSEC/pkgs/tools/cmake/inst/amd64-linux.gcc/bin/cmake -E cmake_progress_report /home/alberto/Documentos/TFG/PARSEC/pkgs/apps/raytrace/obj/amd64-linux.gcc/CMakeFiles  21 22
[100%] Built target rtview
make[1]: Leaving directory '/home/alberto/Documentos/TFG/PARSEC/pkgs/apps/raytrace/obj/amd64-linux.gcc'
/home/alberto/Documentos/TFG/PARSEC/pkgs/tools/cmake/inst/amd64-linux.gcc/bin/cmake -E cmake_progress_start /home/alberto/Documentos/TFG/PARSEC/pkgs/apps/raytrace/obj/amd64-linux.gcc/CMakeFiles 0
[PARSEC] Running 'env version=pthreads CXXFLAGS=-I/home/alberto/Documentos/TFG/PARSEC/pkgs/libs/mesa/inst/amd64-linux.gcc/include -O3 -g -funroll-loops -fprefetch-loop-arrays -fpermissive -fno-exceptions -fsanitize=address -static-libgcc -Wl,--hash-style=both,--as-needed -DPARSEC_VERSION=3.0-beta-20150206 -fexceptions -fno-strict-aliasing -fno-align-labels -DNDEBUG -D_MM_NO_ALIGN_CHECK LDFLAGS=-L/home/alberto/Documentos/TFG/PARSEC/pkgs/libs/mesa/inst/amd64-linux.gcc/lib -L/usr/lib64 -L/usr/lib LIBS= -lGL -lGLU -lXmu -lXext -lXau -lX11 -ldl -lpthread /usr/bin/make install':
/home/alberto/Documentos/TFG/PARSEC/pkgs/tools/cmake/inst/amd64-linux.gcc/bin/cmake -H/home/alberto/Documentos/TFG/PARSEC/pkgs/apps/raytrace/obj/amd64-linux.gcc -B/home/alberto/Documentos/TFG/PARSEC/pkgs/apps/raytrace/obj/amd64-linux.gcc --check-build-system CMakeFiles/Makefile.cmake 0
/home/alberto/Documentos/TFG/PARSEC/pkgs/tools/cmake/inst/amd64-linux.gcc/bin/cmake -E cmake_progress_start /home/alberto/Documentos/TFG/PARSEC/pkgs/apps/raytrace/obj/amd64-linux.gcc/CMakeFiles /home/alberto/Documentos/TFG/PARSEC/pkgs/apps/raytrace/obj/amd64-linux.gcc/CMakeFiles/progress.make
/usr/bin/make -f CMakeFiles/Makefile2 all
make[1]: Entering directory '/home/alberto/Documentos/TFG/PARSEC/pkgs/apps/raytrace/obj/amd64-linux.gcc'
/usr/bin/make -f CMakeFiles/test_glut.dir/build.make CMakeFiles/test_glut.dir/depend
make[2]: Entering directory '/home/alberto/Documentos/TFG/PARSEC/pkgs/apps/raytrace/obj/amd64-linux.gcc'
cd /home/alberto/Documentos/TFG/PARSEC/pkgs/apps/raytrace/obj/amd64-linux.gcc && /home/alberto/Documentos/TFG/PARSEC/pkgs/tools/cmake/inst/amd64-linux.gcc/bin/cmake -E cmake_depends "Unix Makefiles" /home/alberto/Documentos/TFG/PARSEC/pkgs/apps/raytrace/obj/amd64-linux.gcc /home/alberto/Documentos/TFG/PARSEC/pkgs/apps/raytrace/obj/amd64-linux.gcc /home/alberto/Documentos/TFG/PARSEC/pkgs/apps/raytrace/obj/amd64-linux.gcc /home/alberto/Documentos/TFG/PARSEC/pkgs/apps/raytrace/obj/amd64-linux.gcc /home/alberto/Documentos/TFG/PARSEC/pkgs/apps/raytrace/obj/amd64-linux.gcc/CMakeFiles/test_glut.dir/DependInfo.cmake --color=
make[2]: Leaving directory '/home/alberto/Documentos/TFG/PARSEC/pkgs/apps/raytrace/obj/amd64-linux.gcc'
/usr/bin/make -f CMakeFiles/test_glut.dir/build.make CMakeFiles/test_glut.dir/build
make[2]: Entering directory '/home/alberto/Documentos/TFG/PARSEC/pkgs/apps/raytrace/obj/amd64-linux.gcc'
make[2]: Nothing to be done for 'CMakeFiles/test_glut.dir/build'.
make[2]: Leaving directory '/home/alberto/Documentos/TFG/PARSEC/pkgs/apps/raytrace/obj/amd64-linux.gcc'
/home/alberto/Documentos/TFG/PARSEC/pkgs/tools/cmake/inst/amd64-linux.gcc/bin/cmake -E cmake_progress_report /home/alberto/Documentos/TFG/PARSEC/pkgs/apps/raytrace/obj/amd64-linux.gcc/CMakeFiles  1
[  4%] Built target test_glut
/usr/bin/make -f RTTL/CMakeFiles/RTTL.dir/build.make RTTL/CMakeFiles/RTTL.dir/depend
make[2]: Entering directory '/home/alberto/Documentos/TFG/PARSEC/pkgs/apps/raytrace/obj/amd64-linux.gcc'
cd /home/alberto/Documentos/TFG/PARSEC/pkgs/apps/raytrace/obj/amd64-linux.gcc && /home/alberto/Documentos/TFG/PARSEC/pkgs/tools/cmake/inst/amd64-linux.gcc/bin/cmake -E cmake_depends "Unix Makefiles" /home/alberto/Documentos/TFG/PARSEC/pkgs/apps/raytrace/obj/amd64-linux.gcc /home/alberto/Documentos/TFG/PARSEC/pkgs/apps/raytrace/obj/amd64-linux.gcc/RTTL /home/alberto/Documentos/TFG/PARSEC/pkgs/apps/raytrace/obj/amd64-linux.gcc /home/alberto/Documentos/TFG/PARSEC/pkgs/apps/raytrace/obj/amd64-linux.gcc/RTTL /home/alberto/Documentos/TFG/PARSEC/pkgs/apps/raytrace/obj/amd64-linux.gcc/RTTL/CMakeFiles/RTTL.dir/DependInfo.cmake --color=
make[2]: Leaving directory '/home/alberto/Documentos/TFG/PARSEC/pkgs/apps/raytrace/obj/amd64-linux.gcc'
/usr/bin/make -f RTTL/CMakeFiles/RTTL.dir/build.make RTTL/CMakeFiles/RTTL.dir/build
make[2]: Entering directory '/home/alberto/Documentos/TFG/PARSEC/pkgs/apps/raytrace/obj/amd64-linux.gcc'
make[2]: Nothing to be done for 'RTTL/CMakeFiles/RTTL.dir/build'.
make[2]: Leaving directory '/home/alberto/Documentos/TFG/PARSEC/pkgs/apps/raytrace/obj/amd64-linux.gcc'
/home/alberto/Documentos/TFG/PARSEC/pkgs/tools/cmake/inst/amd64-linux.gcc/bin/cmake -E cmake_progress_report /home/alberto/Documentos/TFG/PARSEC/pkgs/apps/raytrace/obj/amd64-linux.gcc/CMakeFiles  2 3 4 5 6 7 8 9 10
[ 45%] Built target RTTL
/usr/bin/make -f RTTL/CMakeFiles/TestOptions.dir/build.make RTTL/CMakeFiles/TestOptions.dir/depend
make[2]: Entering directory '/home/alberto/Documentos/TFG/PARSEC/pkgs/apps/raytrace/obj/amd64-linux.gcc'
cd /home/alberto/Documentos/TFG/PARSEC/pkgs/apps/raytrace/obj/amd64-linux.gcc && /home/alberto/Documentos/TFG/PARSEC/pkgs/tools/cmake/inst/amd64-linux.gcc/bin/cmake -E cmake_depends "Unix Makefiles" /home/alberto/Documentos/TFG/PARSEC/pkgs/apps/raytrace/obj/amd64-linux.gcc /home/alberto/Documentos/TFG/PARSEC/pkgs/apps/raytrace/obj/amd64-linux.gcc/RTTL /home/alberto/Documentos/TFG/PARSEC/pkgs/apps/raytrace/obj/amd64-linux.gcc /home/alberto/Documentos/TFG/PARSEC/pkgs/apps/raytrace/obj/amd64-linux.gcc/RTTL /home/alberto/Documentos/TFG/PARSEC/pkgs/apps/raytrace/obj/amd64-linux.gcc/RTTL/CMakeFiles/TestOptions.dir/DependInfo.cmake --color=
make[2]: Leaving directory '/home/alberto/Documentos/TFG/PARSEC/pkgs/apps/raytrace/obj/amd64-linux.gcc'
/usr/bin/make -f RTTL/CMakeFiles/TestOptions.dir/build.make RTTL/CMakeFiles/TestOptions.dir/build
make[2]: Entering directory '/home/alberto/Documentos/TFG/PARSEC/pkgs/apps/raytrace/obj/amd64-linux.gcc'
make[2]: Nothing to be done for 'RTTL/CMakeFiles/TestOptions.dir/build'.
make[2]: Leaving directory '/home/alberto/Documentos/TFG/PARSEC/pkgs/apps/raytrace/obj/amd64-linux.gcc'
/home/alberto/Documentos/TFG/PARSEC/pkgs/tools/cmake/inst/amd64-linux.gcc/bin/cmake -E cmake_progress_report /home/alberto/Documentos/TFG/PARSEC/pkgs/apps/raytrace/obj/amd64-linux.gcc/CMakeFiles  11
[ 50%] Built target TestOptions
/usr/bin/make -f RTTL/CMakeFiles/test_newmesh.dir/build.make RTTL/CMakeFiles/test_newmesh.dir/depend
make[2]: Entering directory '/home/alberto/Documentos/TFG/PARSEC/pkgs/apps/raytrace/obj/amd64-linux.gcc'
cd /home/alberto/Documentos/TFG/PARSEC/pkgs/apps/raytrace/obj/amd64-linux.gcc && /home/alberto/Documentos/TFG/PARSEC/pkgs/tools/cmake/inst/amd64-linux.gcc/bin/cmake -E cmake_depends "Unix Makefiles" /home/alberto/Documentos/TFG/PARSEC/pkgs/apps/raytrace/obj/amd64-linux.gcc /home/alberto/Documentos/TFG/PARSEC/pkgs/apps/raytrace/obj/amd64-linux.gcc/RTTL /home/alberto/Documentos/TFG/PARSEC/pkgs/apps/raytrace/obj/amd64-linux.gcc /home/alberto/Documentos/TFG/PARSEC/pkgs/apps/raytrace/obj/amd64-linux.gcc/RTTL /home/alberto/Documentos/TFG/PARSEC/pkgs/apps/raytrace/obj/amd64-linux.gcc/RTTL/CMakeFiles/test_newmesh.dir/DependInfo.cmake --color=
make[2]: Leaving directory '/home/alberto/Documentos/TFG/PARSEC/pkgs/apps/raytrace/obj/amd64-linux.gcc'
/usr/bin/make -f RTTL/CMakeFiles/test_newmesh.dir/build.make RTTL/CMakeFiles/test_newmesh.dir/build
make[2]: Entering directory '/home/alberto/Documentos/TFG/PARSEC/pkgs/apps/raytrace/obj/amd64-linux.gcc'
make[2]: Nothing to be done for 'RTTL/CMakeFiles/test_newmesh.dir/build'.
make[2]: Leaving directory '/home/alberto/Documentos/TFG/PARSEC/pkgs/apps/raytrace/obj/amd64-linux.gcc'
/home/alberto/Documentos/TFG/PARSEC/pkgs/tools/cmake/inst/amd64-linux.gcc/bin/cmake -E cmake_progress_report /home/alberto/Documentos/TFG/PARSEC/pkgs/apps/raytrace/obj/amd64-linux.gcc/CMakeFiles  12
[ 54%] Built target test_newmesh
/usr/bin/make -f RTTL/CMakeFiles/test_rtvec.dir/build.make RTTL/CMakeFiles/test_rtvec.dir/depend
make[2]: Entering directory '/home/alberto/Documentos/TFG/PARSEC/pkgs/apps/raytrace/obj/amd64-linux.gcc'
cd /home/alberto/Documentos/TFG/PARSEC/pkgs/apps/raytrace/obj/amd64-linux.gcc && /home/alberto/Documentos/TFG/PARSEC/pkgs/tools/cmake/inst/amd64-linux.gcc/bin/cmake -E cmake_depends "Unix Makefiles" /home/alberto/Documentos/TFG/PARSEC/pkgs/apps/raytrace/obj/amd64-linux.gcc /home/alberto/Documentos/TFG/PARSEC/pkgs/apps/raytrace/obj/amd64-linux.gcc/RTTL /home/alberto/Documentos/TFG/PARSEC/pkgs/apps/raytrace/obj/amd64-linux.gcc /home/alberto/Documentos/TFG/PARSEC/pkgs/apps/raytrace/obj/amd64-linux.gcc/RTTL /home/alberto/Documentos/TFG/PARSEC/pkgs/apps/raytrace/obj/amd64-linux.gcc/RTTL/CMakeFiles/test_rtvec.dir/DependInfo.cmake --color=
make[2]: Leaving directory '/home/alberto/Documentos/TFG/PARSEC/pkgs/apps/raytrace/obj/amd64-linux.gcc'
/usr/bin/make -f RTTL/CMakeFiles/test_rtvec.dir/build.make RTTL/CMakeFiles/test_rtvec.dir/build
make[2]: Entering directory '/home/alberto/Documentos/TFG/PARSEC/pkgs/apps/raytrace/obj/amd64-linux.gcc'
make[2]: Nothing to be done for 'RTTL/CMakeFiles/test_rtvec.dir/build'.
make[2]: Leaving directory '/home/alberto/Documentos/TFG/PARSEC/pkgs/apps/raytrace/obj/amd64-linux.gcc'
/home/alberto/Documentos/TFG/PARSEC/pkgs/tools/cmake/inst/amd64-linux.gcc/bin/cmake -E cmake_progress_report /home/alberto/Documentos/TFG/PARSEC/pkgs/apps/raytrace/obj/amd64-linux.gcc/CMakeFiles  13
[ 59%] Built target test_rtvec
/usr/bin/make -f RTTL/CMakeFiles/test_vertex_conversion.dir/build.make RTTL/CMakeFiles/test_vertex_conversion.dir/depend
make[2]: Entering directory '/home/alberto/Documentos/TFG/PARSEC/pkgs/apps/raytrace/obj/amd64-linux.gcc'
cd /home/alberto/Documentos/TFG/PARSEC/pkgs/apps/raytrace/obj/amd64-linux.gcc && /home/alberto/Documentos/TFG/PARSEC/pkgs/tools/cmake/inst/amd64-linux.gcc/bin/cmake -E cmake_depends "Unix Makefiles" /home/alberto/Documentos/TFG/PARSEC/pkgs/apps/raytrace/obj/amd64-linux.gcc /home/alberto/Documentos/TFG/PARSEC/pkgs/apps/raytrace/obj/amd64-linux.gcc/RTTL /home/alberto/Documentos/TFG/PARSEC/pkgs/apps/raytrace/obj/amd64-linux.gcc /home/alberto/Documentos/TFG/PARSEC/pkgs/apps/raytrace/obj/amd64-linux.gcc/RTTL /home/alberto/Documentos/TFG/PARSEC/pkgs/apps/raytrace/obj/amd64-linux.gcc/RTTL/CMakeFiles/test_vertex_conversion.dir/DependInfo.cmake --color=
make[2]: Leaving directory '/home/alberto/Documentos/TFG/PARSEC/pkgs/apps/raytrace/obj/amd64-linux.gcc'
/usr/bin/make -f RTTL/CMakeFiles/test_vertex_conversion.dir/build.make RTTL/CMakeFiles/test_vertex_conversion.dir/build
make[2]: Entering directory '/home/alberto/Documentos/TFG/PARSEC/pkgs/apps/raytrace/obj/amd64-linux.gcc'
make[2]: Nothing to be done for 'RTTL/CMakeFiles/test_vertex_conversion.dir/build'.
make[2]: Leaving directory '/home/alberto/Documentos/TFG/PARSEC/pkgs/apps/raytrace/obj/amd64-linux.gcc'
/home/alberto/Documentos/TFG/PARSEC/pkgs/tools/cmake/inst/amd64-linux.gcc/bin/cmake -E cmake_progress_report /home/alberto/Documentos/TFG/PARSEC/pkgs/apps/raytrace/obj/amd64-linux.gcc/CMakeFiles  14
[ 63%] Built target test_vertex_conversion
/usr/bin/make -f LRT/CMakeFiles/LRT.dir/build.make LRT/CMakeFiles/LRT.dir/depend
make[2]: Entering directory '/home/alberto/Documentos/TFG/PARSEC/pkgs/apps/raytrace/obj/amd64-linux.gcc'
cd /home/alberto/Documentos/TFG/PARSEC/pkgs/apps/raytrace/obj/amd64-linux.gcc && /home/alberto/Documentos/TFG/PARSEC/pkgs/tools/cmake/inst/amd64-linux.gcc/bin/cmake -E cmake_depends "Unix Makefiles" /home/alberto/Documentos/TFG/PARSEC/pkgs/apps/raytrace/obj/amd64-linux.gcc /home/alberto/Documentos/TFG/PARSEC/pkgs/apps/raytrace/obj/amd64-linux.gcc/LRT /home/alberto/Documentos/TFG/PARSEC/pkgs/apps/raytrace/obj/amd64-linux.gcc /home/alberto/Documentos/TFG/PARSEC/pkgs/apps/raytrace/obj/amd64-linux.gcc/LRT /home/alberto/Documentos/TFG/PARSEC/pkgs/apps/raytrace/obj/amd64-linux.gcc/LRT/CMakeFiles/LRT.dir/DependInfo.cmake --color=
make[2]: Leaving directory '/home/alberto/Documentos/TFG/PARSEC/pkgs/apps/raytrace/obj/amd64-linux.gcc'
/usr/bin/make -f LRT/CMakeFiles/LRT.dir/build.make LRT/CMakeFiles/LRT.dir/build
make[2]: Entering directory '/home/alberto/Documentos/TFG/PARSEC/pkgs/apps/raytrace/obj/amd64-linux.gcc'
make[2]: Nothing to be done for 'LRT/CMakeFiles/LRT.dir/build'.
make[2]: Leaving directory '/home/alberto/Documentos/TFG/PARSEC/pkgs/apps/raytrace/obj/amd64-linux.gcc'
/home/alberto/Documentos/TFG/PARSEC/pkgs/tools/cmake/inst/amd64-linux.gcc/bin/cmake -E cmake_progress_report /home/alberto/Documentos/TFG/PARSEC/pkgs/apps/raytrace/obj/amd64-linux.gcc/CMakeFiles  15 16 17 18 19
[ 86%] Built target LRT
/usr/bin/make -f LRT/CMakeFiles/test_static_cube.dir/build.make LRT/CMakeFiles/test_static_cube.dir/depend
make[2]: Entering directory '/home/alberto/Documentos/TFG/PARSEC/pkgs/apps/raytrace/obj/amd64-linux.gcc'
cd /home/alberto/Documentos/TFG/PARSEC/pkgs/apps/raytrace/obj/amd64-linux.gcc && /home/alberto/Documentos/TFG/PARSEC/pkgs/tools/cmake/inst/amd64-linux.gcc/bin/cmake -E cmake_depends "Unix Makefiles" /home/alberto/Documentos/TFG/PARSEC/pkgs/apps/raytrace/obj/amd64-linux.gcc /home/alberto/Documentos/TFG/PARSEC/pkgs/apps/raytrace/obj/amd64-linux.gcc/LRT /home/alberto/Documentos/TFG/PARSEC/pkgs/apps/raytrace/obj/amd64-linux.gcc /home/alberto/Documentos/TFG/PARSEC/pkgs/apps/raytrace/obj/amd64-linux.gcc/LRT /home/alberto/Documentos/TFG/PARSEC/pkgs/apps/raytrace/obj/amd64-linux.gcc/LRT/CMakeFiles/test_static_cube.dir/DependInfo.cmake --color=
make[2]: Leaving directory '/home/alberto/Documentos/TFG/PARSEC/pkgs/apps/raytrace/obj/amd64-linux.gcc'
/usr/bin/make -f LRT/CMakeFiles/test_static_cube.dir/build.make LRT/CMakeFiles/test_static_cube.dir/build
make[2]: Entering directory '/home/alberto/Documentos/TFG/PARSEC/pkgs/apps/raytrace/obj/amd64-linux.gcc'
make[2]: Nothing to be done for 'LRT/CMakeFiles/test_static_cube.dir/build'.
make[2]: Leaving directory '/home/alberto/Documentos/TFG/PARSEC/pkgs/apps/raytrace/obj/amd64-linux.gcc'
/home/alberto/Documentos/TFG/PARSEC/pkgs/tools/cmake/inst/amd64-linux.gcc/bin/cmake -E cmake_progress_report /home/alberto/Documentos/TFG/PARSEC/pkgs/apps/raytrace/obj/amd64-linux.gcc/CMakeFiles  20
[ 90%] Built target test_static_cube
/usr/bin/make -f MiniView/CMakeFiles/rtview.dir/build.make MiniView/CMakeFiles/rtview.dir/depend
make[2]: Entering directory '/home/alberto/Documentos/TFG/PARSEC/pkgs/apps/raytrace/obj/amd64-linux.gcc'
cd /home/alberto/Documentos/TFG/PARSEC/pkgs/apps/raytrace/obj/amd64-linux.gcc && /home/alberto/Documentos/TFG/PARSEC/pkgs/tools/cmake/inst/amd64-linux.gcc/bin/cmake -E cmake_depends "Unix Makefiles" /home/alberto/Documentos/TFG/PARSEC/pkgs/apps/raytrace/obj/amd64-linux.gcc /home/alberto/Documentos/TFG/PARSEC/pkgs/apps/raytrace/obj/amd64-linux.gcc/MiniView /home/alberto/Documentos/TFG/PARSEC/pkgs/apps/raytrace/obj/amd64-linux.gcc /home/alberto/Documentos/TFG/PARSEC/pkgs/apps/raytrace/obj/amd64-linux.gcc/MiniView /home/alberto/Documentos/TFG/PARSEC/pkgs/apps/raytrace/obj/amd64-linux.gcc/MiniView/CMakeFiles/rtview.dir/DependInfo.cmake --color=
make[2]: Leaving directory '/home/alberto/Documentos/TFG/PARSEC/pkgs/apps/raytrace/obj/amd64-linux.gcc'
/usr/bin/make -f MiniView/CMakeFiles/rtview.dir/build.make MiniView/CMakeFiles/rtview.dir/build
make[2]: Entering directory '/home/alberto/Documentos/TFG/PARSEC/pkgs/apps/raytrace/obj/amd64-linux.gcc'
make[2]: Nothing to be done for 'MiniView/CMakeFiles/rtview.dir/build'.
make[2]: Leaving directory '/home/alberto/Documentos/TFG/PARSEC/pkgs/apps/raytrace/obj/amd64-linux.gcc'
/home/alberto/Documentos/TFG/PARSEC/pkgs/tools/cmake/inst/amd64-linux.gcc/bin/cmake -E cmake_progress_report /home/alberto/Documentos/TFG/PARSEC/pkgs/apps/raytrace/obj/amd64-linux.gcc/CMakeFiles  21 22
[100%] Built target rtview
make[1]: Leaving directory '/home/alberto/Documentos/TFG/PARSEC/pkgs/apps/raytrace/obj/amd64-linux.gcc'
/home/alberto/Documentos/TFG/PARSEC/pkgs/tools/cmake/inst/amd64-linux.gcc/bin/cmake -E cmake_progress_start /home/alberto/Documentos/TFG/PARSEC/pkgs/apps/raytrace/obj/amd64-linux.gcc/CMakeFiles 0
/usr/bin/make -f CMakeFiles/Makefile2 preinstall
make[1]: Entering directory '/home/alberto/Documentos/TFG/PARSEC/pkgs/apps/raytrace/obj/amd64-linux.gcc'
make[1]: Nothing to be done for 'preinstall'.
make[1]: Leaving directory '/home/alberto/Documentos/TFG/PARSEC/pkgs/apps/raytrace/obj/amd64-linux.gcc'
Install the project...
/home/alberto/Documentos/TFG/PARSEC/pkgs/tools/cmake/inst/amd64-linux.gcc/bin/cmake -P cmake_install.cmake
-- Install configuration: ""
-- Installing: /home/alberto/Documentos/TFG/PARSEC/pkgs/apps/raytrace/inst/amd64-linux.gcc/bin/test_glut
-- Installing: /home/alberto/Documentos/TFG/PARSEC/pkgs/apps/raytrace/inst/amd64-linux.gcc/lib/libRTTL.a
-- Installing: /home/alberto/Documentos/TFG/PARSEC/pkgs/apps/raytrace/inst/amd64-linux.gcc/lib/libLRT.a
-- Installing: /home/alberto/Documentos/TFG/PARSEC/pkgs/apps/raytrace/inst/amd64-linux.gcc/bin/rtview

[PARSEC] [========== Building package parsec.streamcluster [1] ==========]
[PARSEC] [---------- Analyzing package parsec.streamcluster ----------]
[PARSEC] parsec.streamcluster does not depend on any other packages.
[PARSEC] [---------- Building package parsec.streamcluster ----------]
[PARSEC] Removing old build directory.
[PARSEC] Copying source code of package parsec.streamcluster.
[PARSEC] Running 'env version=pthreads /usr/bin/make':
/usr/bin/g++ -std=c++17 -O3 -g -funroll-loops -fprefetch-loop-arrays -fpermissive -fno-exceptions -fsanitize=address -static-libgcc -Wl,--hash-style=both,--as-needed -DPARSEC_VERSION=3.0-beta-20150206 -DENABLE_THREADS -pthread -c streamcluster.cpp
/usr/bin/g++ -std=c++17 -O3 -g -funroll-loops -fprefetch-loop-arrays -fpermissive -fno-exceptions -fsanitize=address -static-libgcc -Wl,--hash-style=both,--as-needed -DPARSEC_VERSION=3.0-beta-20150206 -DENABLE_THREADS -pthread -c parsec_barrier.cpp
/usr/bin/g++ -std=c++17 -O3 -g -funroll-loops -fprefetch-loop-arrays -fpermissive -fno-exceptions -fsanitize=address -static-libgcc -Wl,--hash-style=both,--as-needed -DPARSEC_VERSION=3.0-beta-20150206 -DENABLE_THREADS -pthread -L/usr/lib64 -L/usr/lib streamcluster.o parsec_barrier.o  -o streamcluster
[PARSEC] Running 'env version=pthreads /usr/bin/make install':
mkdir -p /home/alberto/Documentos/TFG/PARSEC/pkgs/kernels/streamcluster/inst/amd64-linux.gcc/bin
cp -f streamcluster /home/alberto/Documentos/TFG/PARSEC/pkgs/kernels/streamcluster/inst/amd64-linux.gcc/bin/streamcluster

[PARSEC] [========== Building package parsec.swaptions [1] ==========]
[PARSEC] [---------- Analyzing package parsec.swaptions ----------]
[PARSEC] parsec.swaptions depends on: tbblib
[PARSEC] [---------- Analyzing package parsec.tbblib ----------]
[PARSEC] Package parsec.tbblib already exists, proceeding.
[PARSEC] [---------- Building package parsec.swaptions ----------]
[PARSEC] Removing old build directory.
[PARSEC] Copying source code of package parsec.swaptions.
[PARSEC] Running 'env version=tbb /usr/bin/make':
/usr/bin/g++ -std=c++17 -O3 -g -funroll-loops -fprefetch-loop-arrays -fpermissive -fno-exceptions -fsanitize=address -static-libgcc -Wl,--hash-style=both,--as-needed -DPARSEC_VERSION=3.0-beta-20150206  -DENABLE_THREADS -DTBB_VERSION -c CumNormalInv.cpp -o CumNormalInv.o
/usr/bin/g++ -std=c++17 -O3 -g -funroll-loops -fprefetch-loop-arrays -fpermissive -fno-exceptions -fsanitize=address -static-libgcc -Wl,--hash-style=both,--as-needed -DPARSEC_VERSION=3.0-beta-20150206  -DENABLE_THREADS -DTBB_VERSION -c MaxFunction.cpp -o MaxFunction.o
/usr/bin/g++ -std=c++17 -O3 -g -funroll-loops -fprefetch-loop-arrays -fpermissive -fno-exceptions -fsanitize=address -static-libgcc -Wl,--hash-style=both,--as-needed -DPARSEC_VERSION=3.0-beta-20150206  -DENABLE_THREADS -DTBB_VERSION -c RanUnif.cpp -o RanUnif.o
/usr/bin/g++ -std=c++17 -O3 -g -funroll-loops -fprefetch-loop-arrays -fpermissive -fno-exceptions -fsanitize=address -static-libgcc -Wl,--hash-style=both,--as-needed -DPARSEC_VERSION=3.0-beta-20150206  -DENABLE_THREADS -DTBB_VERSION -c nr_routines.c -o nr_routines.o
/usr/bin/g++ -std=c++17 -O3 -g -funroll-loops -fprefetch-loop-arrays -fpermissive -fno-exceptions -fsanitize=address -static-libgcc -Wl,--hash-style=both,--as-needed -DPARSEC_VERSION=3.0-beta-20150206  -DENABLE_THREADS -DTBB_VERSION -c icdf.cpp -o icdf.o
/usr/bin/g++ -std=c++17 -O3 -g -funroll-loops -fprefetch-loop-arrays -fpermissive -fno-exceptions -fsanitize=address -static-libgcc -Wl,--hash-style=both,--as-needed -DPARSEC_VERSION=3.0-beta-20150206  -DENABLE_THREADS -DTBB_VERSION -c HJM_SimPath_Forward_Blocking.cpp -o HJM_SimPath_Forward_Blocking.o
/usr/bin/g++ -std=c++17 -O3 -g -funroll-loops -fprefetch-loop-arrays -fpermissive -fno-exceptions -fsanitize=address -static-libgcc -Wl,--hash-style=both,--as-needed -DPARSEC_VERSION=3.0-beta-20150206  -DENABLE_THREADS -DTBB_VERSION -c HJM.cpp -o HJM.o
/usr/bin/g++ -std=c++17 -O3 -g -funroll-loops -fprefetch-loop-arrays -fpermissive -fno-exceptions -fsanitize=address -static-libgcc -Wl,--hash-style=both,--as-needed -DPARSEC_VERSION=3.0-beta-20150206  -DENABLE_THREADS -DTBB_VERSION -c HJM_Swaption_Blocking.cpp -o HJM_Swaption_Blocking.o
/usr/bin/g++ -std=c++17 -O3 -g -funroll-loops -fprefetch-loop-arrays -fpermissive -fno-exceptions -fsanitize=address -static-libgcc -Wl,--hash-style=both,--as-needed -DPARSEC_VERSION=3.0-beta-20150206  -DENABLE_THREADS -DTBB_VERSION -c HJM_Securities.cpp -o HJM_Securities.o
/usr/bin/g++ -std=c++17 -O3 -g -funroll-loops -fprefetch-loop-arrays -fpermissive -fno-exceptions -fsanitize=address -static-libgcc -Wl,--hash-style=both,--as-needed -DPARSEC_VERSION=3.0-beta-20150206 -L/usr/lib64 -L/usr/lib  -DENABLE_THREADS -DTBB_VERSION CumNormalInv.o MaxFunction.o RanUnif.o nr_routines.o icdf.o HJM_SimPath_Forward_Blocking.o HJM.o HJM_Swaption_Blocking.o HJM_Securities.o   -ltbb -o swaptions 
[PARSEC] Running 'env version=tbb /usr/bin/make install':
mkdir -p /home/alberto/Documentos/TFG/PARSEC/pkgs/apps/swaptions/inst/amd64-linux.gcc/bin
cp -f swaptions  /home/alberto/Documentos/TFG/PARSEC/pkgs/apps/swaptions/inst/amd64-linux.gcc/bin/swaptions 
[PARSEC] Done.
