[PARSEC] [========== PARSEC 3.0-beta-20150206 BUILD LOGFILE ==========]

[PARSEC] Build amd64-linux.gcc started on jue 25 mar 2021 12:28:37 CET.
[PARSEC] Packages to build:  parsec.raytrace

[PARSEC] [========== Building package parsec.raytrace [1] ==========]
[PARSEC] [---------- Analyzing package parsec.raytrace ----------]
[PARSEC] parsec.raytrace depends on: cmake mesa
[PARSEC] [---------- Analyzing package parsec.cmake ----------]
[PARSEC] Package parsec.cmake already exists, proceeding.
[PARSEC] [---------- Analyzing package parsec.mesa ----------]
[PARSEC] Package parsec.mesa already exists, proceeding.
[PARSEC] [---------- Building package parsec.raytrace ----------]
[PARSEC] Removing old build directory.
[PARSEC] Copying source code of package parsec.raytrace.
[PARSEC] Running 'env version=pthreads CXXFLAGS=-I/home/alberto/Documentos/TFG/PARSEC/pkgs/libs/mesa/inst/amd64-linux.gcc/include -O3 -g -funroll-loops -fprefetch-loop-arrays -fpermissive -fno-exceptions -static-libgcc -Wl,--hash-style=both,--as-needed -DPARSEC_VERSION=3.0-beta-20150206 -fexceptions -fno-strict-aliasing -fno-align-labels -DNDEBUG -D_MM_NO_ALIGN_CHECK LDFLAGS=-L/home/alberto/Documentos/TFG/PARSEC/pkgs/libs/mesa/inst/amd64-linux.gcc/lib -L/usr/lib64 -L/usr/lib LIBS= -lGL -lGLU -lXmu -lXext -lXau -lX11 -ldl -lpthread ./configure --prefix=/home/alberto/Documentos/TFG/PARSEC/pkgs/apps/raytrace/inst/amd64-linux.gcc':
Warning: Ignoring specified arguments
-- The C compiler identification is GNU
-- The CXX compiler identification is GNU
-- Check for working C compiler: /usr/bin/gcc
-- Check for working C compiler: /usr/bin/gcc -- works
-- Detecting C compiler ABI info
-- Detecting C compiler ABI info - done
-- Check for working CXX compiler: /usr/bin/g++
-- Check for working CXX compiler: /usr/bin/g++ -- works
-- Detecting CXX compiler ABI info
-- Detecting CXX compiler ABI info - done
-- Looking for include files CMAKE_HAVE_PTHREAD_H
-- Looking for include files CMAKE_HAVE_PTHREAD_H - found
-- Looking for pthread_create in pthreads
-- Looking for pthread_create in pthreads - not found
-- Looking for pthread_create in pthread
-- Looking for pthread_create in pthread - found
-- Configuring done
-- Generating done
-- Build files have been written to: /home/alberto/Documentos/TFG/PARSEC/pkgs/apps/raytrace/obj/amd64-linux.gcc
[PARSEC] Running 'env version=pthreads CXXFLAGS=-I/home/alberto/Documentos/TFG/PARSEC/pkgs/libs/mesa/inst/amd64-linux.gcc/include -O3 -g -funroll-loops -fprefetch-loop-arrays -fpermissive -fno-exceptions -static-libgcc -Wl,--hash-style=both,--as-needed -DPARSEC_VERSION=3.0-beta-20150206 -fexceptions -fno-strict-aliasing -fno-align-labels -DNDEBUG -D_MM_NO_ALIGN_CHECK LDFLAGS=-L/home/alberto/Documentos/TFG/PARSEC/pkgs/libs/mesa/inst/amd64-linux.gcc/lib -L/usr/lib64 -L/usr/lib LIBS= -lGL -lGLU -lXmu -lXext -lXau -lX11 -ldl -lpthread /usr/bin/make':
/home/alberto/Documentos/TFG/PARSEC/pkgs/tools/cmake/inst/amd64-linux.gcc/bin/cmake -H/home/alberto/Documentos/TFG/PARSEC/pkgs/apps/raytrace/obj/amd64-linux.gcc -B/home/alberto/Documentos/TFG/PARSEC/pkgs/apps/raytrace/obj/amd64-linux.gcc --check-build-system CMakeFiles/Makefile.cmake 0
/home/alberto/Documentos/TFG/PARSEC/pkgs/tools/cmake/inst/amd64-linux.gcc/bin/cmake -E cmake_progress_start /home/alberto/Documentos/TFG/PARSEC/pkgs/apps/raytrace/obj/amd64-linux.gcc/CMakeFiles /home/alberto/Documentos/TFG/PARSEC/pkgs/apps/raytrace/obj/amd64-linux.gcc/CMakeFiles/progress.make
/usr/bin/make -f CMakeFiles/Makefile2 all
make[1]: Entering directory '/home/alberto/Documentos/TFG/PARSEC/pkgs/apps/raytrace/obj/amd64-linux.gcc'
/usr/bin/make -f CMakeFiles/test_glut.dir/build.make CMakeFiles/test_glut.dir/depend
make[2]: Entering directory '/home/alberto/Documentos/TFG/PARSEC/pkgs/apps/raytrace/obj/amd64-linux.gcc'
cd /home/alberto/Documentos/TFG/PARSEC/pkgs/apps/raytrace/obj/amd64-linux.gcc && /home/alberto/Documentos/TFG/PARSEC/pkgs/tools/cmake/inst/amd64-linux.gcc/bin/cmake -E cmake_depends "Unix Makefiles" /home/alberto/Documentos/TFG/PARSEC/pkgs/apps/raytrace/obj/amd64-linux.gcc /home/alberto/Documentos/TFG/PARSEC/pkgs/apps/raytrace/obj/amd64-linux.gcc /home/alberto/Documentos/TFG/PARSEC/pkgs/apps/raytrace/obj/amd64-linux.gcc /home/alberto/Documentos/TFG/PARSEC/pkgs/apps/raytrace/obj/amd64-linux.gcc /home/alberto/Documentos/TFG/PARSEC/pkgs/apps/raytrace/obj/amd64-linux.gcc/CMakeFiles/test_glut.dir/DependInfo.cmake --color=
Scanning dependencies of target test_glut
make[2]: Leaving directory '/home/alberto/Documentos/TFG/PARSEC/pkgs/apps/raytrace/obj/amd64-linux.gcc'
/usr/bin/make -f CMakeFiles/test_glut.dir/build.make CMakeFiles/test_glut.dir/build
make[2]: Entering directory '/home/alberto/Documentos/TFG/PARSEC/pkgs/apps/raytrace/obj/amd64-linux.gcc'
/home/alberto/Documentos/TFG/PARSEC/pkgs/tools/cmake/inst/amd64-linux.gcc/bin/cmake -E cmake_progress_report /home/alberto/Documentos/TFG/PARSEC/pkgs/apps/raytrace/obj/amd64-linux.gcc/CMakeFiles 1
[  4%] Building CXX object CMakeFiles/test_glut.dir/Testing/testglut.o
/usr/bin/g++   -DTHIS_IS_CMAKE -I/home/alberto/Documentos/TFG/PARSEC/pkgs/libs/mesa/inst/amd64-linux.gcc/include -O3 -g -funroll-loops -fprefetch-loop-arrays -fpermissive -fno-exceptions -static-libgcc -Wl,--hash-style=both,--as-needed -DPARSEC_VERSION=3.0-beta-20150206 -fexceptions -fno-strict-aliasing -fno-align-labels -DNDEBUG -D_MM_NO_ALIGN_CHECK  -I/home/alberto/Documentos/TFG/PARSEC/pkgs/libs/mesa/inst/amd64-linux.gcc/include -I/home/alberto/Documentos/TFG/PARSEC/pkgs/apps/raytrace/obj/amd64-linux.gcc -I/home/alberto/Documentos/TFG/PARSEC/pkgs/apps/raytrace/obj/amd64-linux.gcc/RTTL -I/home/alberto/Documentos/TFG/PARSEC/pkgs/apps/raytrace/obj/amd64-linux.gcc/RTTL/common -I/home/alberto/Documentos/TFG/PARSEC/pkgs/apps/raytrace/obj/amd64-linux.gcc/RTTL/BVH -I/home/alberto/Documentos/TFG/PARSEC/pkgs/apps/raytrace/obj/amd64-linux.gcc/SG -I/home/alberto/Documentos/TFG/PARSEC/pkgs/apps/raytrace/obj/amd64-linux.gcc/LRT/include -I/home/alberto/Documentos/TFG/PARSEC/pkgs/apps/raytrace/obj/amd64-linux.gcc/LRT   -D__alberto__ -o CMakeFiles/test_glut.dir/Testing/testglut.o -c /home/alberto/Documentos/TFG/PARSEC/pkgs/apps/raytrace/obj/amd64-linux.gcc/Testing/testglut.cxx
Linking CXX executable bin/test_glut
/home/alberto/Documentos/TFG/PARSEC/pkgs/tools/cmake/inst/amd64-linux.gcc/bin/cmake -E cmake_link_script CMakeFiles/test_glut.dir/link.txt --verbose=1
/usr/bin/g++   -I/home/alberto/Documentos/TFG/PARSEC/pkgs/libs/mesa/inst/amd64-linux.gcc/include -O3 -g -funroll-loops -fprefetch-loop-arrays -fpermissive -fno-exceptions -static-libgcc -Wl,--hash-style=both,--as-needed -DPARSEC_VERSION=3.0-beta-20150206 -fexceptions -fno-strict-aliasing -fno-align-labels -DNDEBUG -D_MM_NO_ALIGN_CHECK   -fPIC -L/home/alberto/Documentos/TFG/PARSEC/pkgs/libs/mesa/inst/amd64-linux.gcc/lib -L/usr/lib64 -L/usr/lib CMakeFiles/test_glut.dir/Testing/testglut.o  -o bin/test_glut -rdynamic -L/home/alberto/Documentos/TFG/PARSEC/pkgs/libs/mesa/inst/amd64-linux.gcc/lib /home/alberto/Documentos/TFG/PARSEC/pkgs/libs/mesa/inst/amd64-linux.gcc/lib/libglut.a /home/alberto/Documentos/TFG/PARSEC/pkgs/libs/mesa/inst/amd64-linux.gcc/lib/libGLU.a /home/alberto/Documentos/TFG/PARSEC/pkgs/libs/mesa/inst/amd64-linux.gcc/lib/libGL.a -lGL -lGLU -lXmu -lXext -lXau -lX11 -ldl -lpthread 
make[2]: Leaving directory '/home/alberto/Documentos/TFG/PARSEC/pkgs/apps/raytrace/obj/amd64-linux.gcc'
/home/alberto/Documentos/TFG/PARSEC/pkgs/tools/cmake/inst/amd64-linux.gcc/bin/cmake -E cmake_progress_report /home/alberto/Documentos/TFG/PARSEC/pkgs/apps/raytrace/obj/amd64-linux.gcc/CMakeFiles  1
[  4%] Built target test_glut
/usr/bin/make -f RTTL/CMakeFiles/RTTL.dir/build.make RTTL/CMakeFiles/RTTL.dir/depend
make[2]: Entering directory '/home/alberto/Documentos/TFG/PARSEC/pkgs/apps/raytrace/obj/amd64-linux.gcc'
cd /home/alberto/Documentos/TFG/PARSEC/pkgs/apps/raytrace/obj/amd64-linux.gcc && /home/alberto/Documentos/TFG/PARSEC/pkgs/tools/cmake/inst/amd64-linux.gcc/bin/cmake -E cmake_depends "Unix Makefiles" /home/alberto/Documentos/TFG/PARSEC/pkgs/apps/raytrace/obj/amd64-linux.gcc /home/alberto/Documentos/TFG/PARSEC/pkgs/apps/raytrace/obj/amd64-linux.gcc/RTTL /home/alberto/Documentos/TFG/PARSEC/pkgs/apps/raytrace/obj/amd64-linux.gcc /home/alberto/Documentos/TFG/PARSEC/pkgs/apps/raytrace/obj/amd64-linux.gcc/RTTL /home/alberto/Documentos/TFG/PARSEC/pkgs/apps/raytrace/obj/amd64-linux.gcc/RTTL/CMakeFiles/RTTL.dir/DependInfo.cmake --color=
Scanning dependencies of target RTTL
make[2]: Leaving directory '/home/alberto/Documentos/TFG/PARSEC/pkgs/apps/raytrace/obj/amd64-linux.gcc'
/usr/bin/make -f RTTL/CMakeFiles/RTTL.dir/build.make RTTL/CMakeFiles/RTTL.dir/build
make[2]: Entering directory '/home/alberto/Documentos/TFG/PARSEC/pkgs/apps/raytrace/obj/amd64-linux.gcc'
/home/alberto/Documentos/TFG/PARSEC/pkgs/tools/cmake/inst/amd64-linux.gcc/bin/cmake -E cmake_progress_report /home/alberto/Documentos/TFG/PARSEC/pkgs/apps/raytrace/obj/amd64-linux.gcc/CMakeFiles 2
[  9%] Building CXX object RTTL/CMakeFiles/RTTL.dir/BVH/BVH.o
cd /home/alberto/Documentos/TFG/PARSEC/pkgs/apps/raytrace/obj/amd64-linux.gcc/RTTL && /usr/bin/g++   -DTHIS_IS_CMAKE -I/home/alberto/Documentos/TFG/PARSEC/pkgs/libs/mesa/inst/amd64-linux.gcc/include -O3 -g -funroll-loops -fprefetch-loop-arrays -fpermissive -fno-exceptions -static-libgcc -Wl,--hash-style=both,--as-needed -DPARSEC_VERSION=3.0-beta-20150206 -fexceptions -fno-strict-aliasing -fno-align-labels -DNDEBUG -D_MM_NO_ALIGN_CHECK  -I/home/alberto/Documentos/TFG/PARSEC/pkgs/libs/mesa/inst/amd64-linux.gcc/include -I/home/alberto/Documentos/TFG/PARSEC/pkgs/apps/raytrace/obj/amd64-linux.gcc -I/home/alberto/Documentos/TFG/PARSEC/pkgs/apps/raytrace/obj/amd64-linux.gcc/RTTL -I/home/alberto/Documentos/TFG/PARSEC/pkgs/apps/raytrace/obj/amd64-linux.gcc/RTTL/common -I/home/alberto/Documentos/TFG/PARSEC/pkgs/apps/raytrace/obj/amd64-linux.gcc/RTTL/BVH -I/home/alberto/Documentos/TFG/PARSEC/pkgs/apps/raytrace/obj/amd64-linux.gcc/SG -I/home/alberto/Documentos/TFG/PARSEC/pkgs/apps/raytrace/obj/amd64-linux.gcc/LRT/include -I/home/alberto/Documentos/TFG/PARSEC/pkgs/apps/raytrace/obj/amd64-linux.gcc/LRT   -D__alberto__ -o CMakeFiles/RTTL.dir/BVH/BVH.o -c /home/alberto/Documentos/TFG/PARSEC/pkgs/apps/raytrace/obj/amd64-linux.gcc/RTTL/BVH/BVH.cxx
/home/alberto/Documentos/TFG/PARSEC/pkgs/tools/cmake/inst/amd64-linux.gcc/bin/cmake -E cmake_progress_report /home/alberto/Documentos/TFG/PARSEC/pkgs/apps/raytrace/obj/amd64-linux.gcc/CMakeFiles 3
[ 13%] Building CXX object RTTL/CMakeFiles/RTTL.dir/BVH/Builder/Builder.o
cd /home/alberto/Documentos/TFG/PARSEC/pkgs/apps/raytrace/obj/amd64-linux.gcc/RTTL && /usr/bin/g++   -DTHIS_IS_CMAKE -I/home/alberto/Documentos/TFG/PARSEC/pkgs/libs/mesa/inst/amd64-linux.gcc/include -O3 -g -funroll-loops -fprefetch-loop-arrays -fpermissive -fno-exceptions -static-libgcc -Wl,--hash-style=both,--as-needed -DPARSEC_VERSION=3.0-beta-20150206 -fexceptions -fno-strict-aliasing -fno-align-labels -DNDEBUG -D_MM_NO_ALIGN_CHECK  -I/home/alberto/Documentos/TFG/PARSEC/pkgs/libs/mesa/inst/amd64-linux.gcc/include -I/home/alberto/Documentos/TFG/PARSEC/pkgs/apps/raytrace/obj/amd64-linux.gcc -I/home/alberto/Documentos/TFG/PARSEC/pkgs/apps/raytrace/obj/amd64-linux.gcc/RTTL -I/home/alberto/Documentos/TFG/PARSEC/pkgs/apps/raytrace/obj/amd64-linux.gcc/RTTL/common -I/home/alberto/Documentos/TFG/PARSEC/pkgs/apps/raytrace/obj/amd64-linux.gcc/RTTL/BVH -I/home/alberto/Documentos/TFG/PARSEC/pkgs/apps/raytrace/obj/amd64-linux.gcc/SG -I/home/alberto/Documentos/TFG/PARSEC/pkgs/apps/raytrace/obj/amd64-linux.gcc/LRT/include -I/home/alberto/Documentos/TFG/PARSEC/pkgs/apps/raytrace/obj/amd64-linux.gcc/LRT   -D__alberto__ -o CMakeFiles/RTTL.dir/BVH/Builder/Builder.o -c /home/alberto/Documentos/TFG/PARSEC/pkgs/apps/raytrace/obj/amd64-linux.gcc/RTTL/BVH/Builder/Builder.cxx
/home/alberto/Documentos/TFG/PARSEC/pkgs/tools/cmake/inst/amd64-linux.gcc/bin/cmake -E cmake_progress_report /home/alberto/Documentos/TFG/PARSEC/pkgs/apps/raytrace/obj/amd64-linux.gcc/CMakeFiles 4
[ 18%] Building CXX object RTTL/CMakeFiles/RTTL.dir/BVH/Builder/Sweep.o
cd /home/alberto/Documentos/TFG/PARSEC/pkgs/apps/raytrace/obj/amd64-linux.gcc/RTTL && /usr/bin/g++   -DTHIS_IS_CMAKE -I/home/alberto/Documentos/TFG/PARSEC/pkgs/libs/mesa/inst/amd64-linux.gcc/include -O3 -g -funroll-loops -fprefetch-loop-arrays -fpermissive -fno-exceptions -static-libgcc -Wl,--hash-style=both,--as-needed -DPARSEC_VERSION=3.0-beta-20150206 -fexceptions -fno-strict-aliasing -fno-align-labels -DNDEBUG -D_MM_NO_ALIGN_CHECK  -I/home/alberto/Documentos/TFG/PARSEC/pkgs/libs/mesa/inst/amd64-linux.gcc/include -I/home/alberto/Documentos/TFG/PARSEC/pkgs/apps/raytrace/obj/amd64-linux.gcc -I/home/alberto/Documentos/TFG/PARSEC/pkgs/apps/raytrace/obj/amd64-linux.gcc/RTTL -I/home/alberto/Documentos/TFG/PARSEC/pkgs/apps/raytrace/obj/amd64-linux.gcc/RTTL/common -I/home/alberto/Documentos/TFG/PARSEC/pkgs/apps/raytrace/obj/amd64-linux.gcc/RTTL/BVH -I/home/alberto/Documentos/TFG/PARSEC/pkgs/apps/raytrace/obj/amd64-linux.gcc/SG -I/home/alberto/Documentos/TFG/PARSEC/pkgs/apps/raytrace/obj/amd64-linux.gcc/LRT/include -I/home/alberto/Documentos/TFG/PARSEC/pkgs/apps/raytrace/obj/amd64-linux.gcc/LRT   -D__alberto__ -o CMakeFiles/RTTL.dir/BVH/Builder/Sweep.o -c /home/alberto/Documentos/TFG/PARSEC/pkgs/apps/raytrace/obj/amd64-linux.gcc/RTTL/BVH/Builder/Sweep.cxx
/home/alberto/Documentos/TFG/PARSEC/pkgs/tools/cmake/inst/amd64-linux.gcc/bin/cmake -E cmake_progress_report /home/alberto/Documentos/TFG/PARSEC/pkgs/apps/raytrace/obj/amd64-linux.gcc/CMakeFiles 5
[ 22%] Building CXX object RTTL/CMakeFiles/RTTL.dir/BVH/Builder/BinnedAllDims.o
cd /home/alberto/Documentos/TFG/PARSEC/pkgs/apps/raytrace/obj/amd64-linux.gcc/RTTL && /usr/bin/g++   -DTHIS_IS_CMAKE -I/home/alberto/Documentos/TFG/PARSEC/pkgs/libs/mesa/inst/amd64-linux.gcc/include -O3 -g -funroll-loops -fprefetch-loop-arrays -fpermissive -fno-exceptions -static-libgcc -Wl,--hash-style=both,--as-needed -DPARSEC_VERSION=3.0-beta-20150206 -fexceptions -fno-strict-aliasing -fno-align-labels -DNDEBUG -D_MM_NO_ALIGN_CHECK  -I/home/alberto/Documentos/TFG/PARSEC/pkgs/libs/mesa/inst/amd64-linux.gcc/include -I/home/alberto/Documentos/TFG/PARSEC/pkgs/apps/raytrace/obj/amd64-linux.gcc -I/home/alberto/Documentos/TFG/PARSEC/pkgs/apps/raytrace/obj/amd64-linux.gcc/RTTL -I/home/alberto/Documentos/TFG/PARSEC/pkgs/apps/raytrace/obj/amd64-linux.gcc/RTTL/common -I/home/alberto/Documentos/TFG/PARSEC/pkgs/apps/raytrace/obj/amd64-linux.gcc/RTTL/BVH -I/home/alberto/Documentos/TFG/PARSEC/pkgs/apps/raytrace/obj/amd64-linux.gcc/SG -I/home/alberto/Documentos/TFG/PARSEC/pkgs/apps/raytrace/obj/amd64-linux.gcc/LRT/include -I/home/alberto/Documentos/TFG/PARSEC/pkgs/apps/raytrace/obj/amd64-linux.gcc/LRT   -D__alberto__ -o CMakeFiles/RTTL.dir/BVH/Builder/BinnedAllDims.o -c /home/alberto/Documentos/TFG/PARSEC/pkgs/apps/raytrace/obj/amd64-linux.gcc/RTTL/BVH/Builder/BinnedAllDims.cxx
/home/alberto/Documentos/TFG/PARSEC/pkgs/tools/cmake/inst/amd64-linux.gcc/bin/cmake -E cmake_progress_report /home/alberto/Documentos/TFG/PARSEC/pkgs/apps/raytrace/obj/amd64-linux.gcc/CMakeFiles 6
[ 27%] Building CXX object RTTL/CMakeFiles/RTTL.dir/BVH/Builder/BinnedAllDimsSaveSpace.o
cd /home/alberto/Documentos/TFG/PARSEC/pkgs/apps/raytrace/obj/amd64-linux.gcc/RTTL && /usr/bin/g++   -DTHIS_IS_CMAKE -I/home/alberto/Documentos/TFG/PARSEC/pkgs/libs/mesa/inst/amd64-linux.gcc/include -O3 -g -funroll-loops -fprefetch-loop-arrays -fpermissive -fno-exceptions -static-libgcc -Wl,--hash-style=both,--as-needed -DPARSEC_VERSION=3.0-beta-20150206 -fexceptions -fno-strict-aliasing -fno-align-labels -DNDEBUG -D_MM_NO_ALIGN_CHECK  -I/home/alberto/Documentos/TFG/PARSEC/pkgs/libs/mesa/inst/amd64-linux.gcc/include -I/home/alberto/Documentos/TFG/PARSEC/pkgs/apps/raytrace/obj/amd64-linux.gcc -I/home/alberto/Documentos/TFG/PARSEC/pkgs/apps/raytrace/obj/amd64-linux.gcc/RTTL -I/home/alberto/Documentos/TFG/PARSEC/pkgs/apps/raytrace/obj/amd64-linux.gcc/RTTL/common -I/home/alberto/Documentos/TFG/PARSEC/pkgs/apps/raytrace/obj/amd64-linux.gcc/RTTL/BVH -I/home/alberto/Documentos/TFG/PARSEC/pkgs/apps/raytrace/obj/amd64-linux.gcc/SG -I/home/alberto/Documentos/TFG/PARSEC/pkgs/apps/raytrace/obj/amd64-linux.gcc/LRT/include -I/home/alberto/Documentos/TFG/PARSEC/pkgs/apps/raytrace/obj/amd64-linux.gcc/LRT   -D__alberto__ -o CMakeFiles/RTTL.dir/BVH/Builder/BinnedAllDimsSaveSpace.o -c /home/alberto/Documentos/TFG/PARSEC/pkgs/apps/raytrace/obj/amd64-linux.gcc/RTTL/BVH/Builder/BinnedAllDimsSaveSpace.cxx
/home/alberto/Documentos/TFG/PARSEC/pkgs/tools/cmake/inst/amd64-linux.gcc/bin/cmake -E cmake_progress_report /home/alberto/Documentos/TFG/PARSEC/pkgs/apps/raytrace/obj/amd64-linux.gcc/CMakeFiles 7
[ 31%] Building CXX object RTTL/CMakeFiles/RTTL.dir/BVH/Builder/OnDemandBuilder.o
cd /home/alberto/Documentos/TFG/PARSEC/pkgs/apps/raytrace/obj/amd64-linux.gcc/RTTL && /usr/bin/g++   -DTHIS_IS_CMAKE -I/home/alberto/Documentos/TFG/PARSEC/pkgs/libs/mesa/inst/amd64-linux.gcc/include -O3 -g -funroll-loops -fprefetch-loop-arrays -fpermissive -fno-exceptions -static-libgcc -Wl,--hash-style=both,--as-needed -DPARSEC_VERSION=3.0-beta-20150206 -fexceptions -fno-strict-aliasing -fno-align-labels -DNDEBUG -D_MM_NO_ALIGN_CHECK  -I/home/alberto/Documentos/TFG/PARSEC/pkgs/libs/mesa/inst/amd64-linux.gcc/include -I/home/alberto/Documentos/TFG/PARSEC/pkgs/apps/raytrace/obj/amd64-linux.gcc -I/home/alberto/Documentos/TFG/PARSEC/pkgs/apps/raytrace/obj/amd64-linux.gcc/RTTL -I/home/alberto/Documentos/TFG/PARSEC/pkgs/apps/raytrace/obj/amd64-linux.gcc/RTTL/common -I/home/alberto/Documentos/TFG/PARSEC/pkgs/apps/raytrace/obj/amd64-linux.gcc/RTTL/BVH -I/home/alberto/Documentos/TFG/PARSEC/pkgs/apps/raytrace/obj/amd64-linux.gcc/SG -I/home/alberto/Documentos/TFG/PARSEC/pkgs/apps/raytrace/obj/amd64-linux.gcc/LRT/include -I/home/alberto/Documentos/TFG/PARSEC/pkgs/apps/raytrace/obj/amd64-linux.gcc/LRT   -D__alberto__ -o CMakeFiles/RTTL.dir/BVH/Builder/OnDemandBuilder.o -c /home/alberto/Documentos/TFG/PARSEC/pkgs/apps/raytrace/obj/amd64-linux.gcc/RTTL/BVH/Builder/OnDemandBuilder.cxx
/home/alberto/Documentos/TFG/PARSEC/pkgs/tools/cmake/inst/amd64-linux.gcc/bin/cmake -E cmake_progress_report /home/alberto/Documentos/TFG/PARSEC/pkgs/apps/raytrace/obj/amd64-linux.gcc/CMakeFiles 8
[ 36%] Building CXX object RTTL/CMakeFiles/RTTL.dir/common/RTThread.o
cd /home/alberto/Documentos/TFG/PARSEC/pkgs/apps/raytrace/obj/amd64-linux.gcc/RTTL && /usr/bin/g++   -DTHIS_IS_CMAKE -I/home/alberto/Documentos/TFG/PARSEC/pkgs/libs/mesa/inst/amd64-linux.gcc/include -O3 -g -funroll-loops -fprefetch-loop-arrays -fpermissive -fno-exceptions -static-libgcc -Wl,--hash-style=both,--as-needed -DPARSEC_VERSION=3.0-beta-20150206 -fexceptions -fno-strict-aliasing -fno-align-labels -DNDEBUG -D_MM_NO_ALIGN_CHECK  -I/home/alberto/Documentos/TFG/PARSEC/pkgs/libs/mesa/inst/amd64-linux.gcc/include -I/home/alberto/Documentos/TFG/PARSEC/pkgs/apps/raytrace/obj/amd64-linux.gcc -I/home/alberto/Documentos/TFG/PARSEC/pkgs/apps/raytrace/obj/amd64-linux.gcc/RTTL -I/home/alberto/Documentos/TFG/PARSEC/pkgs/apps/raytrace/obj/amd64-linux.gcc/RTTL/common -I/home/alberto/Documentos/TFG/PARSEC/pkgs/apps/raytrace/obj/amd64-linux.gcc/RTTL/BVH -I/home/alberto/Documentos/TFG/PARSEC/pkgs/apps/raytrace/obj/amd64-linux.gcc/SG -I/home/alberto/Documentos/TFG/PARSEC/pkgs/apps/raytrace/obj/amd64-linux.gcc/LRT/include -I/home/alberto/Documentos/TFG/PARSEC/pkgs/apps/raytrace/obj/amd64-linux.gcc/LRT   -D__alberto__ -o CMakeFiles/RTTL.dir/common/RTThread.o -c /home/alberto/Documentos/TFG/PARSEC/pkgs/apps/raytrace/obj/amd64-linux.gcc/RTTL/common/RTThread.cxx
/home/alberto/Documentos/TFG/PARSEC/pkgs/tools/cmake/inst/amd64-linux.gcc/bin/cmake -E cmake_progress_report /home/alberto/Documentos/TFG/PARSEC/pkgs/apps/raytrace/obj/amd64-linux.gcc/CMakeFiles 9
[ 40%] Building CXX object RTTL/CMakeFiles/RTTL.dir/common/MapOptions.o
cd /home/alberto/Documentos/TFG/PARSEC/pkgs/apps/raytrace/obj/amd64-linux.gcc/RTTL && /usr/bin/g++   -DTHIS_IS_CMAKE -I/home/alberto/Documentos/TFG/PARSEC/pkgs/libs/mesa/inst/amd64-linux.gcc/include -O3 -g -funroll-loops -fprefetch-loop-arrays -fpermissive -fno-exceptions -static-libgcc -Wl,--hash-style=both,--as-needed -DPARSEC_VERSION=3.0-beta-20150206 -fexceptions -fno-strict-aliasing -fno-align-labels -DNDEBUG -D_MM_NO_ALIGN_CHECK  -I/home/alberto/Documentos/TFG/PARSEC/pkgs/libs/mesa/inst/amd64-linux.gcc/include -I/home/alberto/Documentos/TFG/PARSEC/pkgs/apps/raytrace/obj/amd64-linux.gcc -I/home/alberto/Documentos/TFG/PARSEC/pkgs/apps/raytrace/obj/amd64-linux.gcc/RTTL -I/home/alberto/Documentos/TFG/PARSEC/pkgs/apps/raytrace/obj/amd64-linux.gcc/RTTL/common -I/home/alberto/Documentos/TFG/PARSEC/pkgs/apps/raytrace/obj/amd64-linux.gcc/RTTL/BVH -I/home/alberto/Documentos/TFG/PARSEC/pkgs/apps/raytrace/obj/amd64-linux.gcc/SG -I/home/alberto/Documentos/TFG/PARSEC/pkgs/apps/raytrace/obj/amd64-linux.gcc/LRT/include -I/home/alberto/Documentos/TFG/PARSEC/pkgs/apps/raytrace/obj/amd64-linux.gcc/LRT   -D__alberto__ -o CMakeFiles/RTTL.dir/common/MapOptions.o -c /home/alberto/Documentos/TFG/PARSEC/pkgs/apps/raytrace/obj/amd64-linux.gcc/RTTL/common/MapOptions.cxx
/home/alberto/Documentos/TFG/PARSEC/pkgs/tools/cmake/inst/amd64-linux.gcc/bin/cmake -E cmake_progress_report /home/alberto/Documentos/TFG/PARSEC/pkgs/apps/raytrace/obj/amd64-linux.gcc/CMakeFiles 10
[ 45%] Building CXX object RTTL/CMakeFiles/RTTL.dir/API/ISG.o
cd /home/alberto/Documentos/TFG/PARSEC/pkgs/apps/raytrace/obj/amd64-linux.gcc/RTTL && /usr/bin/g++   -DTHIS_IS_CMAKE -I/home/alberto/Documentos/TFG/PARSEC/pkgs/libs/mesa/inst/amd64-linux.gcc/include -O3 -g -funroll-loops -fprefetch-loop-arrays -fpermissive -fno-exceptions -static-libgcc -Wl,--hash-style=both,--as-needed -DPARSEC_VERSION=3.0-beta-20150206 -fexceptions -fno-strict-aliasing -fno-align-labels -DNDEBUG -D_MM_NO_ALIGN_CHECK  -I/home/alberto/Documentos/TFG/PARSEC/pkgs/libs/mesa/inst/amd64-linux.gcc/include -I/home/alberto/Documentos/TFG/PARSEC/pkgs/apps/raytrace/obj/amd64-linux.gcc -I/home/alberto/Documentos/TFG/PARSEC/pkgs/apps/raytrace/obj/amd64-linux.gcc/RTTL -I/home/alberto/Documentos/TFG/PARSEC/pkgs/apps/raytrace/obj/amd64-linux.gcc/RTTL/common -I/home/alberto/Documentos/TFG/PARSEC/pkgs/apps/raytrace/obj/amd64-linux.gcc/RTTL/BVH -I/home/alberto/Documentos/TFG/PARSEC/pkgs/apps/raytrace/obj/amd64-linux.gcc/SG -I/home/alberto/Documentos/TFG/PARSEC/pkgs/apps/raytrace/obj/amd64-linux.gcc/LRT/include -I/home/alberto/Documentos/TFG/PARSEC/pkgs/apps/raytrace/obj/amd64-linux.gcc/LRT   -D__alberto__ -o CMakeFiles/RTTL.dir/API/ISG.o -c /home/alberto/Documentos/TFG/PARSEC/pkgs/apps/raytrace/obj/amd64-linux.gcc/RTTL/API/ISG.cxx
Linking CXX static library ../lib/libRTTL.a
cd /home/alberto/Documentos/TFG/PARSEC/pkgs/apps/raytrace/obj/amd64-linux.gcc/RTTL && /home/alberto/Documentos/TFG/PARSEC/pkgs/tools/cmake/inst/amd64-linux.gcc/bin/cmake -P CMakeFiles/RTTL.dir/cmake_clean_target.cmake
cd /home/alberto/Documentos/TFG/PARSEC/pkgs/apps/raytrace/obj/amd64-linux.gcc/RTTL && /home/alberto/Documentos/TFG/PARSEC/pkgs/tools/cmake/inst/amd64-linux.gcc/bin/cmake -E cmake_link_script CMakeFiles/RTTL.dir/link.txt --verbose=1
/usr/bin/ar cr ../lib/libRTTL.a  CMakeFiles/RTTL.dir/BVH/BVH.o CMakeFiles/RTTL.dir/BVH/Builder/Builder.o CMakeFiles/RTTL.dir/BVH/Builder/Sweep.o CMakeFiles/RTTL.dir/BVH/Builder/BinnedAllDims.o CMakeFiles/RTTL.dir/BVH/Builder/BinnedAllDimsSaveSpace.o CMakeFiles/RTTL.dir/BVH/Builder/OnDemandBuilder.o CMakeFiles/RTTL.dir/common/RTThread.o CMakeFiles/RTTL.dir/common/MapOptions.o CMakeFiles/RTTL.dir/API/ISG.o 
/usr/bin/ranlib ../lib/libRTTL.a 
make[2]: Leaving directory '/home/alberto/Documentos/TFG/PARSEC/pkgs/apps/raytrace/obj/amd64-linux.gcc'
/home/alberto/Documentos/TFG/PARSEC/pkgs/tools/cmake/inst/amd64-linux.gcc/bin/cmake -E cmake_progress_report /home/alberto/Documentos/TFG/PARSEC/pkgs/apps/raytrace/obj/amd64-linux.gcc/CMakeFiles  2 3 4 5 6 7 8 9 10
[ 45%] Built target RTTL
/usr/bin/make -f RTTL/CMakeFiles/TestOptions.dir/build.make RTTL/CMakeFiles/TestOptions.dir/depend
make[2]: Entering directory '/home/alberto/Documentos/TFG/PARSEC/pkgs/apps/raytrace/obj/amd64-linux.gcc'
cd /home/alberto/Documentos/TFG/PARSEC/pkgs/apps/raytrace/obj/amd64-linux.gcc && /home/alberto/Documentos/TFG/PARSEC/pkgs/tools/cmake/inst/amd64-linux.gcc/bin/cmake -E cmake_depends "Unix Makefiles" /home/alberto/Documentos/TFG/PARSEC/pkgs/apps/raytrace/obj/amd64-linux.gcc /home/alberto/Documentos/TFG/PARSEC/pkgs/apps/raytrace/obj/amd64-linux.gcc/RTTL /home/alberto/Documentos/TFG/PARSEC/pkgs/apps/raytrace/obj/amd64-linux.gcc /home/alberto/Documentos/TFG/PARSEC/pkgs/apps/raytrace/obj/amd64-linux.gcc/RTTL /home/alberto/Documentos/TFG/PARSEC/pkgs/apps/raytrace/obj/amd64-linux.gcc/RTTL/CMakeFiles/TestOptions.dir/DependInfo.cmake --color=
Scanning dependencies of target TestOptions
make[2]: Leaving directory '/home/alberto/Documentos/TFG/PARSEC/pkgs/apps/raytrace/obj/amd64-linux.gcc'
/usr/bin/make -f RTTL/CMakeFiles/TestOptions.dir/build.make RTTL/CMakeFiles/TestOptions.dir/build
make[2]: Entering directory '/home/alberto/Documentos/TFG/PARSEC/pkgs/apps/raytrace/obj/amd64-linux.gcc'
/home/alberto/Documentos/TFG/PARSEC/pkgs/tools/cmake/inst/amd64-linux.gcc/bin/cmake -E cmake_progress_report /home/alberto/Documentos/TFG/PARSEC/pkgs/apps/raytrace/obj/amd64-linux.gcc/CMakeFiles 11
[ 50%] Building CXX object RTTL/CMakeFiles/TestOptions.dir/test/TestOptions/TestOptions.o
cd /home/alberto/Documentos/TFG/PARSEC/pkgs/apps/raytrace/obj/amd64-linux.gcc/RTTL && /usr/bin/g++   -DTHIS_IS_CMAKE -I/home/alberto/Documentos/TFG/PARSEC/pkgs/libs/mesa/inst/amd64-linux.gcc/include -O3 -g -funroll-loops -fprefetch-loop-arrays -fpermissive -fno-exceptions -static-libgcc -Wl,--hash-style=both,--as-needed -DPARSEC_VERSION=3.0-beta-20150206 -fexceptions -fno-strict-aliasing -fno-align-labels -DNDEBUG -D_MM_NO_ALIGN_CHECK  -I/home/alberto/Documentos/TFG/PARSEC/pkgs/libs/mesa/inst/amd64-linux.gcc/include -I/home/alberto/Documentos/TFG/PARSEC/pkgs/apps/raytrace/obj/amd64-linux.gcc -I/home/alberto/Documentos/TFG/PARSEC/pkgs/apps/raytrace/obj/amd64-linux.gcc/RTTL -I/home/alberto/Documentos/TFG/PARSEC/pkgs/apps/raytrace/obj/amd64-linux.gcc/RTTL/common -I/home/alberto/Documentos/TFG/PARSEC/pkgs/apps/raytrace/obj/amd64-linux.gcc/RTTL/BVH -I/home/alberto/Documentos/TFG/PARSEC/pkgs/apps/raytrace/obj/amd64-linux.gcc/SG -I/home/alberto/Documentos/TFG/PARSEC/pkgs/apps/raytrace/obj/amd64-linux.gcc/LRT/include -I/home/alberto/Documentos/TFG/PARSEC/pkgs/apps/raytrace/obj/amd64-linux.gcc/LRT   -D__alberto__ -o CMakeFiles/TestOptions.dir/test/TestOptions/TestOptions.o -c /home/alberto/Documentos/TFG/PARSEC/pkgs/apps/raytrace/obj/amd64-linux.gcc/RTTL/test/TestOptions/TestOptions.cxx
Linking CXX executable ../bin/TestOptions
cd /home/alberto/Documentos/TFG/PARSEC/pkgs/apps/raytrace/obj/amd64-linux.gcc/RTTL && /home/alberto/Documentos/TFG/PARSEC/pkgs/tools/cmake/inst/amd64-linux.gcc/bin/cmake -E cmake_link_script CMakeFiles/TestOptions.dir/link.txt --verbose=1
/usr/bin/g++   -I/home/alberto/Documentos/TFG/PARSEC/pkgs/libs/mesa/inst/amd64-linux.gcc/include -O3 -g -funroll-loops -fprefetch-loop-arrays -fpermissive -fno-exceptions -static-libgcc -Wl,--hash-style=both,--as-needed -DPARSEC_VERSION=3.0-beta-20150206 -fexceptions -fno-strict-aliasing -fno-align-labels -DNDEBUG -D_MM_NO_ALIGN_CHECK   -fPIC -L/home/alberto/Documentos/TFG/PARSEC/pkgs/libs/mesa/inst/amd64-linux.gcc/lib -L/usr/lib64 -L/usr/lib CMakeFiles/TestOptions.dir/test/TestOptions/TestOptions.o  -o ../bin/TestOptions -rdynamic -L/home/alberto/Documentos/TFG/PARSEC/pkgs/apps/raytrace/obj/amd64-linux.gcc/lib ../lib/libRTTL.a -lstdc++ -lpthread -lrt 
make[2]: Leaving directory '/home/alberto/Documentos/TFG/PARSEC/pkgs/apps/raytrace/obj/amd64-linux.gcc'
/home/alberto/Documentos/TFG/PARSEC/pkgs/tools/cmake/inst/amd64-linux.gcc/bin/cmake -E cmake_progress_report /home/alberto/Documentos/TFG/PARSEC/pkgs/apps/raytrace/obj/amd64-linux.gcc/CMakeFiles  11
[ 50%] Built target TestOptions
/usr/bin/make -f RTTL/CMakeFiles/test_newmesh.dir/build.make RTTL/CMakeFiles/test_newmesh.dir/depend
make[2]: Entering directory '/home/alberto/Documentos/TFG/PARSEC/pkgs/apps/raytrace/obj/amd64-linux.gcc'
cd /home/alberto/Documentos/TFG/PARSEC/pkgs/apps/raytrace/obj/amd64-linux.gcc && /home/alberto/Documentos/TFG/PARSEC/pkgs/tools/cmake/inst/amd64-linux.gcc/bin/cmake -E cmake_depends "Unix Makefiles" /home/alberto/Documentos/TFG/PARSEC/pkgs/apps/raytrace/obj/amd64-linux.gcc /home/alberto/Documentos/TFG/PARSEC/pkgs/apps/raytrace/obj/amd64-linux.gcc/RTTL /home/alberto/Documentos/TFG/PARSEC/pkgs/apps/raytrace/obj/amd64-linux.gcc /home/alberto/Documentos/TFG/PARSEC/pkgs/apps/raytrace/obj/amd64-linux.gcc/RTTL /home/alberto/Documentos/TFG/PARSEC/pkgs/apps/raytrace/obj/amd64-linux.gcc/RTTL/CMakeFiles/test_newmesh.dir/DependInfo.cmake --color=
Scanning dependencies of target test_newmesh
make[2]: Leaving directory '/home/alberto/Documentos/TFG/PARSEC/pkgs/apps/raytrace/obj/amd64-linux.gcc'
/usr/bin/make -f RTTL/CMakeFiles/test_newmesh.dir/build.make RTTL/CMakeFiles/test_newmesh.dir/build
make[2]: Entering directory '/home/alberto/Documentos/TFG/PARSEC/pkgs/apps/raytrace/obj/amd64-linux.gcc'
/home/alberto/Documentos/TFG/PARSEC/pkgs/tools/cmake/inst/amd64-linux.gcc/bin/cmake -E cmake_progress_report /home/alberto/Documentos/TFG/PARSEC/pkgs/apps/raytrace/obj/amd64-linux.gcc/CMakeFiles 12
[ 54%] Building CXX object RTTL/CMakeFiles/test_newmesh.dir/test/api_newmesh/newmesh.o
cd /home/alberto/Documentos/TFG/PARSEC/pkgs/apps/raytrace/obj/amd64-linux.gcc/RTTL && /usr/bin/g++   -DTHIS_IS_CMAKE -I/home/alberto/Documentos/TFG/PARSEC/pkgs/libs/mesa/inst/amd64-linux.gcc/include -O3 -g -funroll-loops -fprefetch-loop-arrays -fpermissive -fno-exceptions -static-libgcc -Wl,--hash-style=both,--as-needed -DPARSEC_VERSION=3.0-beta-20150206 -fexceptions -fno-strict-aliasing -fno-align-labels -DNDEBUG -D_MM_NO_ALIGN_CHECK  -I/home/alberto/Documentos/TFG/PARSEC/pkgs/libs/mesa/inst/amd64-linux.gcc/include -I/home/alberto/Documentos/TFG/PARSEC/pkgs/apps/raytrace/obj/amd64-linux.gcc -I/home/alberto/Documentos/TFG/PARSEC/pkgs/apps/raytrace/obj/amd64-linux.gcc/RTTL -I/home/alberto/Documentos/TFG/PARSEC/pkgs/apps/raytrace/obj/amd64-linux.gcc/RTTL/common -I/home/alberto/Documentos/TFG/PARSEC/pkgs/apps/raytrace/obj/amd64-linux.gcc/RTTL/BVH -I/home/alberto/Documentos/TFG/PARSEC/pkgs/apps/raytrace/obj/amd64-linux.gcc/SG -I/home/alberto/Documentos/TFG/PARSEC/pkgs/apps/raytrace/obj/amd64-linux.gcc/LRT/include -I/home/alberto/Documentos/TFG/PARSEC/pkgs/apps/raytrace/obj/amd64-linux.gcc/LRT   -D__alberto__ -o CMakeFiles/test_newmesh.dir/test/api_newmesh/newmesh.o -c /home/alberto/Documentos/TFG/PARSEC/pkgs/apps/raytrace/obj/amd64-linux.gcc/RTTL/test/api_newmesh/newmesh.cxx
Linking CXX executable ../bin/test_newmesh
cd /home/alberto/Documentos/TFG/PARSEC/pkgs/apps/raytrace/obj/amd64-linux.gcc/RTTL && /home/alberto/Documentos/TFG/PARSEC/pkgs/tools/cmake/inst/amd64-linux.gcc/bin/cmake -E cmake_link_script CMakeFiles/test_newmesh.dir/link.txt --verbose=1
/usr/bin/g++   -I/home/alberto/Documentos/TFG/PARSEC/pkgs/libs/mesa/inst/amd64-linux.gcc/include -O3 -g -funroll-loops -fprefetch-loop-arrays -fpermissive -fno-exceptions -static-libgcc -Wl,--hash-style=both,--as-needed -DPARSEC_VERSION=3.0-beta-20150206 -fexceptions -fno-strict-aliasing -fno-align-labels -DNDEBUG -D_MM_NO_ALIGN_CHECK   -fPIC -L/home/alberto/Documentos/TFG/PARSEC/pkgs/libs/mesa/inst/amd64-linux.gcc/lib -L/usr/lib64 -L/usr/lib CMakeFiles/test_newmesh.dir/test/api_newmesh/newmesh.o  -o ../bin/test_newmesh -rdynamic -L/home/alberto/Documentos/TFG/PARSEC/pkgs/apps/raytrace/obj/amd64-linux.gcc/lib ../lib/libRTTL.a -lstdc++ -lpthread -lrt 
make[2]: Leaving directory '/home/alberto/Documentos/TFG/PARSEC/pkgs/apps/raytrace/obj/amd64-linux.gcc'
/home/alberto/Documentos/TFG/PARSEC/pkgs/tools/cmake/inst/amd64-linux.gcc/bin/cmake -E cmake_progress_report /home/alberto/Documentos/TFG/PARSEC/pkgs/apps/raytrace/obj/amd64-linux.gcc/CMakeFiles  12
[ 54%] Built target test_newmesh
/usr/bin/make -f RTTL/CMakeFiles/test_rtvec.dir/build.make RTTL/CMakeFiles/test_rtvec.dir/depend
make[2]: Entering directory '/home/alberto/Documentos/TFG/PARSEC/pkgs/apps/raytrace/obj/amd64-linux.gcc'
cd /home/alberto/Documentos/TFG/PARSEC/pkgs/apps/raytrace/obj/amd64-linux.gcc && /home/alberto/Documentos/TFG/PARSEC/pkgs/tools/cmake/inst/amd64-linux.gcc/bin/cmake -E cmake_depends "Unix Makefiles" /home/alberto/Documentos/TFG/PARSEC/pkgs/apps/raytrace/obj/amd64-linux.gcc /home/alberto/Documentos/TFG/PARSEC/pkgs/apps/raytrace/obj/amd64-linux.gcc/RTTL /home/alberto/Documentos/TFG/PARSEC/pkgs/apps/raytrace/obj/amd64-linux.gcc /home/alberto/Documentos/TFG/PARSEC/pkgs/apps/raytrace/obj/amd64-linux.gcc/RTTL /home/alberto/Documentos/TFG/PARSEC/pkgs/apps/raytrace/obj/amd64-linux.gcc/RTTL/CMakeFiles/test_rtvec.dir/DependInfo.cmake --color=
Scanning dependencies of target test_rtvec
make[2]: Leaving directory '/home/alberto/Documentos/TFG/PARSEC/pkgs/apps/raytrace/obj/amd64-linux.gcc'
/usr/bin/make -f RTTL/CMakeFiles/test_rtvec.dir/build.make RTTL/CMakeFiles/test_rtvec.dir/build
make[2]: Entering directory '/home/alberto/Documentos/TFG/PARSEC/pkgs/apps/raytrace/obj/amd64-linux.gcc'
/home/alberto/Documentos/TFG/PARSEC/pkgs/tools/cmake/inst/amd64-linux.gcc/bin/cmake -E cmake_progress_report /home/alberto/Documentos/TFG/PARSEC/pkgs/apps/raytrace/obj/amd64-linux.gcc/CMakeFiles 13
[ 59%] Building CXX object RTTL/CMakeFiles/test_rtvec.dir/test/TestRTVec/TestRTVec.o
cd /home/alberto/Documentos/TFG/PARSEC/pkgs/apps/raytrace/obj/amd64-linux.gcc/RTTL && /usr/bin/g++   -DTHIS_IS_CMAKE -I/home/alberto/Documentos/TFG/PARSEC/pkgs/libs/mesa/inst/amd64-linux.gcc/include -O3 -g -funroll-loops -fprefetch-loop-arrays -fpermissive -fno-exceptions -static-libgcc -Wl,--hash-style=both,--as-needed -DPARSEC_VERSION=3.0-beta-20150206 -fexceptions -fno-strict-aliasing -fno-align-labels -DNDEBUG -D_MM_NO_ALIGN_CHECK  -I/home/alberto/Documentos/TFG/PARSEC/pkgs/libs/mesa/inst/amd64-linux.gcc/include -I/home/alberto/Documentos/TFG/PARSEC/pkgs/apps/raytrace/obj/amd64-linux.gcc -I/home/alberto/Documentos/TFG/PARSEC/pkgs/apps/raytrace/obj/amd64-linux.gcc/RTTL -I/home/alberto/Documentos/TFG/PARSEC/pkgs/apps/raytrace/obj/amd64-linux.gcc/RTTL/common -I/home/alberto/Documentos/TFG/PARSEC/pkgs/apps/raytrace/obj/amd64-linux.gcc/RTTL/BVH -I/home/alberto/Documentos/TFG/PARSEC/pkgs/apps/raytrace/obj/amd64-linux.gcc/SG -I/home/alberto/Documentos/TFG/PARSEC/pkgs/apps/raytrace/obj/amd64-linux.gcc/LRT/include -I/home/alberto/Documentos/TFG/PARSEC/pkgs/apps/raytrace/obj/amd64-linux.gcc/LRT   -D__alberto__ -o CMakeFiles/test_rtvec.dir/test/TestRTVec/TestRTVec.o -c /home/alberto/Documentos/TFG/PARSEC/pkgs/apps/raytrace/obj/amd64-linux.gcc/RTTL/test/TestRTVec/TestRTVec.cxx
