[PARSEC] [========== PARSEC 3.0-beta-20150206 BUILD LOGFILE ==========]

[PARSEC] Build amd64-linux.gcc started on mar 16 mar 2021 12:50:03 CET.
[PARSEC] Packages to build:  parsec.facesim

[PARSEC] [========== Building package parsec.facesim [1] ==========]
[PARSEC] [---------- Analyzing package parsec.facesim ----------]
[PARSEC] parsec.facesim does not depend on any other packages.
[PARSEC] [---------- Building package parsec.facesim ----------]
[PARSEC] Removing old build directory.
[PARSEC] Copying source code of package parsec.facesim.
[PARSEC] Running 'env version=pthreads PHYSBAM=/home/alberto/Documentos/TFG/PARSEC/pkgs/apps/facesim/obj/amd64-linux.gcc CXXFLAGS=-O3 -g -funroll-loops -fprefetch-loop-arrays -fpermissive -fno-exceptions  -static-libgcc -Wl,--hash-style=both,--as-needed -DPARSEC_VERSION=3.0-beta-20150206 -fexceptions /usr/bin/make':
/usr/bin/make -C TaskQ/lib all
make[1]: se entra en el directorio '/home/alberto/Documentos/TFG/PARSEC/pkgs/apps/facesim/obj/amd64-linux.gcc/TaskQ/lib'
/usr/bin/g++ -O3 -g -funroll-loops -fprefetch-loop-arrays -fpermissive -fno-exceptions -static-libgcc -Wl,--hash-style=both,--as-needed -DPARSEC_VERSION=3.0-beta-20150206 -fexceptions -DENABLE_PTHREADS	 -DTASKQ_DIST_FIXED -c taskQDistCommon.c
mv taskQDistCommon.o taskQ.o
make[1]: se sale del directorio '/home/alberto/Documentos/TFG/PARSEC/pkgs/apps/facesim/obj/amd64-linux.gcc/TaskQ/lib'
/usr/bin/make -C Benchmarks/facesim
make[1]: se entra en el directorio '/home/alberto/Documentos/TFG/PARSEC/pkgs/apps/facesim/obj/amd64-linux.gcc/Benchmarks/facesim'
Generating LANDMARK_PROXIMITY_OPTIMIZATION.d
Generating FACE_OPTIMIZATION.d
Generating FACE_LANDMARK_OPTIMIZATION_GOAL.d
Generating FACE_DRIVER.d
Generating main.d
cd /home/alberto/Documentos/TFG/PARSEC/pkgs/apps/facesim/obj/amd64-linux.gcc/Public_Library && /usr/bin/make -f Makefile.PhysBAM
make[2]: se entra en el directorio '/home/alberto/Documentos/TFG/PARSEC/pkgs/apps/facesim/obj/amd64-linux.gcc/Public_Library'
Generating Utilities/TIMER.d
Generating Utilities/STRING_UTILITIES.d
Generating Utilities/PARSE_ARGS.d
Generating Utilities/LOG_ENTRY.d
Generating Utilities/LOG.d
Generating Utilities/DEBUG_UTILITIES.d
Generating Thread_Utilities/THREAD_ARRAY_LOCK.d
Generating Thread_Utilities/THREAD_POOL_SINGLE.d
Generating Thread_Utilities/THREAD_POOL.d
Generating Thread_Utilities/THREAD_POOL_ALAMERE.d
Generating Thread_Utilities/THREAD_DIVISION_PARAMETERS.d
Generating Solids_And_Fluids/SOLIDS_PARAMETERS_3D.d
Generating Solids_And_Fluids/SOLIDS_FLUIDS_EXAMPLE_3D.d
Generating Solids_And_Fluids/SOLIDS_FLUIDS_DRIVER_3D.d
Generating Solids_And_Fluids/SOLIDS_FLUIDS_DRIVER.d
Generating Solids_And_Fluids/SOLIDS_EVOLUTION_3D.d
Generating Rigid_Bodies/RIGID_BODY_LIST_3D.d
Generating Rigid_Bodies/RIGID_BODY_INTERSECTIONS_3D.d
Generating Rigid_Bodies/RIGID_BODY_EVOLUTION_3D.d
Generating Rigid_Bodies/RIGID_BODY_COLLISIONS_3D.d
Generating Rigid_Bodies/RIGID_BODY_3D.d
Generating Rigid_Bodies/MASS_PROPERTIES_3D.d
Generating Read_Write/FILE_UTILITIES.d
Generating Particles/SOLIDS_PARTICLE.d
Generating Particles/PARTICLE.d
Generating Matrices_And_Vectors/VECTOR_ND_PARALLEL.d
Generating Matrices_And_Vectors/SYMMETRIC_MATRIX_3X3.d
Generating Matrices_And_Vectors/MATRIX_3X3.d
Generating Level_Sets/LEVELSET_3D.d
Generating Level_Sets/LEVELSET.d
Generating Grids/TRIANGLE_MESH.d
Generating Grids/TETRAHEDRON_MESH.d
Generating Grids/SEGMENT_MESH.d
Generating Geometry/TRIANGULATED_SURFACE_LIST.d
Generating Geometry/TRIANGULATED_SURFACE.d
Generating Geometry/TRIANGULATED_OBJECT.d
Generating Geometry/TRIANGLE_3D.d
Generating Geometry/TETRAHEDRON.d
Generating Geometry/TETRAHEDRALIZED_VOLUME_LIST.d
Generating Geometry/TETRAHEDRALIZED_VOLUME.d
Generating Geometry/SEGMENTED_CURVE_3D.d
Generating Geometry/SEGMENT_3D.d
Generating Geometry/SEGMENT_2D.d
Generating Geometry/PLANE.d
Generating Geometry/IMPLICIT_SURFACE_LIST.d
Generating Geometry/IMPLICIT_SURFACE.d
Generating Geometry/EMBEDDED_TETRAHEDRALIZED_VOLUME.d
Generating Geometry/EMBEDDED_OBJECT.d
Generating Geometry/BOX_3D.d
Generating Geometry/BOX_2D.d
Generating Forces_And_Torques/DIAGONALIZED_FINITE_VOLUME_3D.d
Generating Forces_And_Torques/BODY_FORCES_3D.d
Generating Fracture/EMBEDDED_TETRAHEDRALIZED_VOLUME_BOUNDARY_SURFACE.d
Generating Deformable_Objects/DEFORMABLE_OBJECT_COLLISIONS_3D.d
Generating Deformable_Objects/DEFORMABLE_OBJECT_3D.d
Generating Deformable_Objects/DEFORMABLE_OBJECT.d
Generating Data_Structures/SPLAY_TREE.d
Generating Constitutive_Models/STRAIN_MEASURE_3D.d
Generating Collisions_And_Interactions/TETRAHEDRON_HIERARCHY.d
Generating Collisions_And_Interactions/TETRAHEDRON_COLLISION_BODY.d
Generating Collisions_And_Interactions/COLLISION_BODY_LIST_3D.d
Generating Collisions_And_Interactions/BOX_HIERARCHY.d
Generating Arrays/ARRAY_PARALLEL_OPERATIONS.d
/usr/bin/g++ -c -O3 -g -funroll-loops -fprefetch-loop-arrays -fpermissive -fno-exceptions -static-libgcc -Wl,--hash-style=both,--as-needed -DPARSEC_VERSION=3.0-beta-20150206 -fexceptions -DENABLE_PTHREADS	  -I/home/alberto/Documentos/TFG/PARSEC/pkgs/apps/facesim/obj/amd64-linux.gcc/TaskQ/include -DUSE_ALAMERE_TASKQ -w  -DNDEBUG -o obj/Arrays/ARRAY_PARALLEL_OPERATIONS.o Arrays/ARRAY_PARALLEL_OPERATIONS.cpp
/usr/bin/g++ -c -O3 -g -funroll-loops -fprefetch-loop-arrays -fpermissive -fno-exceptions -static-libgcc -Wl,--hash-style=both,--as-needed -DPARSEC_VERSION=3.0-beta-20150206 -fexceptions -DENABLE_PTHREADS	  -I/home/alberto/Documentos/TFG/PARSEC/pkgs/apps/facesim/obj/amd64-linux.gcc/TaskQ/include -DUSE_ALAMERE_TASKQ -w  -DNDEBUG -o obj/Collisions_And_Interactions/BOX_HIERARCHY.o Collisions_And_Interactions/BOX_HIERARCHY.cpp
/usr/bin/g++ -c -O3 -g -funroll-loops -fprefetch-loop-arrays -fpermissive -fno-exceptions -static-libgcc -Wl,--hash-style=both,--as-needed -DPARSEC_VERSION=3.0-beta-20150206 -fexceptions -DENABLE_PTHREADS	  -I/home/alberto/Documentos/TFG/PARSEC/pkgs/apps/facesim/obj/amd64-linux.gcc/TaskQ/include -DUSE_ALAMERE_TASKQ -w  -DNDEBUG -o obj/Collisions_And_Interactions/COLLISION_BODY_LIST_3D.o Collisions_And_Interactions/COLLISION_BODY_LIST_3D.cpp
/usr/bin/g++ -c -O3 -g -funroll-loops -fprefetch-loop-arrays -fpermissive -fno-exceptions -static-libgcc -Wl,--hash-style=both,--as-needed -DPARSEC_VERSION=3.0-beta-20150206 -fexceptions -DENABLE_PTHREADS	  -I/home/alberto/Documentos/TFG/PARSEC/pkgs/apps/facesim/obj/amd64-linux.gcc/TaskQ/include -DUSE_ALAMERE_TASKQ -w  -DNDEBUG -o obj/Collisions_And_Interactions/TETRAHEDRON_COLLISION_BODY.o Collisions_And_Interactions/TETRAHEDRON_COLLISION_BODY.cpp
/usr/bin/g++ -c -O3 -g -funroll-loops -fprefetch-loop-arrays -fpermissive -fno-exceptions -static-libgcc -Wl,--hash-style=both,--as-needed -DPARSEC_VERSION=3.0-beta-20150206 -fexceptions -DENABLE_PTHREADS	  -I/home/alberto/Documentos/TFG/PARSEC/pkgs/apps/facesim/obj/amd64-linux.gcc/TaskQ/include -DUSE_ALAMERE_TASKQ -w  -DNDEBUG -o obj/Collisions_And_Interactions/TETRAHEDRON_HIERARCHY.o Collisions_And_Interactions/TETRAHEDRON_HIERARCHY.cpp
/usr/bin/g++ -c -O3 -g -funroll-loops -fprefetch-loop-arrays -fpermissive -fno-exceptions -static-libgcc -Wl,--hash-style=both,--as-needed -DPARSEC_VERSION=3.0-beta-20150206 -fexceptions -DENABLE_PTHREADS	  -I/home/alberto/Documentos/TFG/PARSEC/pkgs/apps/facesim/obj/amd64-linux.gcc/TaskQ/include -DUSE_ALAMERE_TASKQ -w  -DNDEBUG -o obj/Constitutive_Models/STRAIN_MEASURE_3D.o Constitutive_Models/STRAIN_MEASURE_3D.cpp
/usr/bin/g++ -c -O3 -g -funroll-loops -fprefetch-loop-arrays -fpermissive -fno-exceptions -static-libgcc -Wl,--hash-style=both,--as-needed -DPARSEC_VERSION=3.0-beta-20150206 -fexceptions -DENABLE_PTHREADS	  -I/home/alberto/Documentos/TFG/PARSEC/pkgs/apps/facesim/obj/amd64-linux.gcc/TaskQ/include -DUSE_ALAMERE_TASKQ -w  -DNDEBUG -o obj/Data_Structures/SPLAY_TREE.o Data_Structures/SPLAY_TREE.cpp
/usr/bin/g++ -c -O3 -g -funroll-loops -fprefetch-loop-arrays -fpermissive -fno-exceptions -static-libgcc -Wl,--hash-style=both,--as-needed -DPARSEC_VERSION=3.0-beta-20150206 -fexceptions -DENABLE_PTHREADS	  -I/home/alberto/Documentos/TFG/PARSEC/pkgs/apps/facesim/obj/amd64-linux.gcc/TaskQ/include -DUSE_ALAMERE_TASKQ -w  -DNDEBUG -o obj/Deformable_Objects/DEFORMABLE_OBJECT.o Deformable_Objects/DEFORMABLE_OBJECT.cpp
/usr/bin/g++ -c -O3 -g -funroll-loops -fprefetch-loop-arrays -fpermissive -fno-exceptions -static-libgcc -Wl,--hash-style=both,--as-needed -DPARSEC_VERSION=3.0-beta-20150206 -fexceptions -DENABLE_PTHREADS	  -I/home/alberto/Documentos/TFG/PARSEC/pkgs/apps/facesim/obj/amd64-linux.gcc/TaskQ/include -DUSE_ALAMERE_TASKQ -w  -DNDEBUG -o obj/Deformable_Objects/DEFORMABLE_OBJECT_3D.o Deformable_Objects/DEFORMABLE_OBJECT_3D.cpp
/usr/bin/g++ -c -O3 -g -funroll-loops -fprefetch-loop-arrays -fpermissive -fno-exceptions -static-libgcc -Wl,--hash-style=both,--as-needed -DPARSEC_VERSION=3.0-beta-20150206 -fexceptions -DENABLE_PTHREADS	  -I/home/alberto/Documentos/TFG/PARSEC/pkgs/apps/facesim/obj/amd64-linux.gcc/TaskQ/include -DUSE_ALAMERE_TASKQ -w  -DNDEBUG -o obj/Deformable_Objects/DEFORMABLE_OBJECT_COLLISIONS_3D.o Deformable_Objects/DEFORMABLE_OBJECT_COLLISIONS_3D.cpp
/usr/bin/g++ -c -O3 -g -funroll-loops -fprefetch-loop-arrays -fpermissive -fno-exceptions -static-libgcc -Wl,--hash-style=both,--as-needed -DPARSEC_VERSION=3.0-beta-20150206 -fexceptions -DENABLE_PTHREADS	  -I/home/alberto/Documentos/TFG/PARSEC/pkgs/apps/facesim/obj/amd64-linux.gcc/TaskQ/include -DUSE_ALAMERE_TASKQ -w  -DNDEBUG -o obj/Fracture/EMBEDDED_TETRAHEDRALIZED_VOLUME_BOUNDARY_SURFACE.o Fracture/EMBEDDED_TETRAHEDRALIZED_VOLUME_BOUNDARY_SURFACE.cpp
/usr/bin/g++ -c -O3 -g -funroll-loops -fprefetch-loop-arrays -fpermissive -fno-exceptions -static-libgcc -Wl,--hash-style=both,--as-needed -DPARSEC_VERSION=3.0-beta-20150206 -fexceptions -DENABLE_PTHREADS	  -I/home/alberto/Documentos/TFG/PARSEC/pkgs/apps/facesim/obj/amd64-linux.gcc/TaskQ/include -DUSE_ALAMERE_TASKQ -w  -DNDEBUG -o obj/Forces_And_Torques/BODY_FORCES_3D.o Forces_And_Torques/BODY_FORCES_3D.cpp
/usr/bin/g++ -c -O3 -g -funroll-loops -fprefetch-loop-arrays -fpermissive -fno-exceptions -static-libgcc -Wl,--hash-style=both,--as-needed -DPARSEC_VERSION=3.0-beta-20150206 -fexceptions -DENABLE_PTHREADS	  -I/home/alberto/Documentos/TFG/PARSEC/pkgs/apps/facesim/obj/amd64-linux.gcc/TaskQ/include -DUSE_ALAMERE_TASKQ -w  -DNDEBUG -o obj/Forces_And_Torques/DIAGONALIZED_FINITE_VOLUME_3D.o Forces_And_Torques/DIAGONALIZED_FINITE_VOLUME_3D.cpp
/usr/bin/g++ -c -O3 -g -funroll-loops -fprefetch-loop-arrays -fpermissive -fno-exceptions -static-libgcc -Wl,--hash-style=both,--as-needed -DPARSEC_VERSION=3.0-beta-20150206 -fexceptions -DENABLE_PTHREADS	  -I/home/alberto/Documentos/TFG/PARSEC/pkgs/apps/facesim/obj/amd64-linux.gcc/TaskQ/include -DUSE_ALAMERE_TASKQ -w  -DNDEBUG -o obj/Geometry/BOX_2D.o Geometry/BOX_2D.cpp
/usr/bin/g++ -c -O3 -g -funroll-loops -fprefetch-loop-arrays -fpermissive -fno-exceptions -static-libgcc -Wl,--hash-style=both,--as-needed -DPARSEC_VERSION=3.0-beta-20150206 -fexceptions -DENABLE_PTHREADS	  -I/home/alberto/Documentos/TFG/PARSEC/pkgs/apps/facesim/obj/amd64-linux.gcc/TaskQ/include -DUSE_ALAMERE_TASKQ -w  -DNDEBUG -o obj/Geometry/BOX_3D.o Geometry/BOX_3D.cpp
/usr/bin/g++ -c -O3 -g -funroll-loops -fprefetch-loop-arrays -fpermissive -fno-exceptions -static-libgcc -Wl,--hash-style=both,--as-needed -DPARSEC_VERSION=3.0-beta-20150206 -fexceptions -DENABLE_PTHREADS	  -I/home/alberto/Documentos/TFG/PARSEC/pkgs/apps/facesim/obj/amd64-linux.gcc/TaskQ/include -DUSE_ALAMERE_TASKQ -w  -DNDEBUG -o obj/Geometry/EMBEDDED_OBJECT.o Geometry/EMBEDDED_OBJECT.cpp
/usr/bin/g++ -c -O3 -g -funroll-loops -fprefetch-loop-arrays -fpermissive -fno-exceptions -static-libgcc -Wl,--hash-style=both,--as-needed -DPARSEC_VERSION=3.0-beta-20150206 -fexceptions -DENABLE_PTHREADS	  -I/home/alberto/Documentos/TFG/PARSEC/pkgs/apps/facesim/obj/amd64-linux.gcc/TaskQ/include -DUSE_ALAMERE_TASKQ -w  -DNDEBUG -o obj/Geometry/EMBEDDED_TETRAHEDRALIZED_VOLUME.o Geometry/EMBEDDED_TETRAHEDRALIZED_VOLUME.cpp
/usr/bin/g++ -c -O3 -g -funroll-loops -fprefetch-loop-arrays -fpermissive -fno-exceptions -static-libgcc -Wl,--hash-style=both,--as-needed -DPARSEC_VERSION=3.0-beta-20150206 -fexceptions -DENABLE_PTHREADS	  -I/home/alberto/Documentos/TFG/PARSEC/pkgs/apps/facesim/obj/amd64-linux.gcc/TaskQ/include -DUSE_ALAMERE_TASKQ -w  -DNDEBUG -o obj/Geometry/IMPLICIT_SURFACE.o Geometry/IMPLICIT_SURFACE.cpp
/usr/bin/g++ -c -O3 -g -funroll-loops -fprefetch-loop-arrays -fpermissive -fno-exceptions -static-libgcc -Wl,--hash-style=both,--as-needed -DPARSEC_VERSION=3.0-beta-20150206 -fexceptions -DENABLE_PTHREADS	  -I/home/alberto/Documentos/TFG/PARSEC/pkgs/apps/facesim/obj/amd64-linux.gcc/TaskQ/include -DUSE_ALAMERE_TASKQ -w  -DNDEBUG -o obj/Geometry/IMPLICIT_SURFACE_LIST.o Geometry/IMPLICIT_SURFACE_LIST.cpp
/usr/bin/g++ -c -O3 -g -funroll-loops -fprefetch-loop-arrays -fpermissive -fno-exceptions -static-libgcc -Wl,--hash-style=both,--as-needed -DPARSEC_VERSION=3.0-beta-20150206 -fexceptions -DENABLE_PTHREADS	  -I/home/alberto/Documentos/TFG/PARSEC/pkgs/apps/facesim/obj/amd64-linux.gcc/TaskQ/include -DUSE_ALAMERE_TASKQ -w  -DNDEBUG -o obj/Geometry/PLANE.o Geometry/PLANE.cpp
/usr/bin/g++ -c -O3 -g -funroll-loops -fprefetch-loop-arrays -fpermissive -fno-exceptions -static-libgcc -Wl,--hash-style=both,--as-needed -DPARSEC_VERSION=3.0-beta-20150206 -fexceptions -DENABLE_PTHREADS	  -I/home/alberto/Documentos/TFG/PARSEC/pkgs/apps/facesim/obj/amd64-linux.gcc/TaskQ/include -DUSE_ALAMERE_TASKQ -w  -DNDEBUG -o obj/Geometry/SEGMENT_2D.o Geometry/SEGMENT_2D.cpp
/usr/bin/g++ -c -O3 -g -funroll-loops -fprefetch-loop-arrays -fpermissive -fno-exceptions -static-libgcc -Wl,--hash-style=both,--as-needed -DPARSEC_VERSION=3.0-beta-20150206 -fexceptions -DENABLE_PTHREADS	  -I/home/alberto/Documentos/TFG/PARSEC/pkgs/apps/facesim/obj/amd64-linux.gcc/TaskQ/include -DUSE_ALAMERE_TASKQ -w  -DNDEBUG -o obj/Geometry/SEGMENT_3D.o Geometry/SEGMENT_3D.cpp
/usr/bin/g++ -c -O3 -g -funroll-loops -fprefetch-loop-arrays -fpermissive -fno-exceptions -static-libgcc -Wl,--hash-style=both,--as-needed -DPARSEC_VERSION=3.0-beta-20150206 -fexceptions -DENABLE_PTHREADS	  -I/home/alberto/Documentos/TFG/PARSEC/pkgs/apps/facesim/obj/amd64-linux.gcc/TaskQ/include -DUSE_ALAMERE_TASKQ -w  -DNDEBUG -o obj/Geometry/SEGMENTED_CURVE_3D.o Geometry/SEGMENTED_CURVE_3D.cpp
/usr/bin/g++ -c -O3 -g -funroll-loops -fprefetch-loop-arrays -fpermissive -fno-exceptions -static-libgcc -Wl,--hash-style=both,--as-needed -DPARSEC_VERSION=3.0-beta-20150206 -fexceptions -DENABLE_PTHREADS	  -I/home/alberto/Documentos/TFG/PARSEC/pkgs/apps/facesim/obj/amd64-linux.gcc/TaskQ/include -DUSE_ALAMERE_TASKQ -w  -DNDEBUG -o obj/Geometry/TETRAHEDRALIZED_VOLUME.o Geometry/TETRAHEDRALIZED_VOLUME.cpp
/usr/bin/g++ -c -O3 -g -funroll-loops -fprefetch-loop-arrays -fpermissive -fno-exceptions -static-libgcc -Wl,--hash-style=both,--as-needed -DPARSEC_VERSION=3.0-beta-20150206 -fexceptions -DENABLE_PTHREADS	  -I/home/alberto/Documentos/TFG/PARSEC/pkgs/apps/facesim/obj/amd64-linux.gcc/TaskQ/include -DUSE_ALAMERE_TASKQ -w  -DNDEBUG -o obj/Geometry/TETRAHEDRALIZED_VOLUME_LIST.o Geometry/TETRAHEDRALIZED_VOLUME_LIST.cpp
/usr/bin/g++ -c -O3 -g -funroll-loops -fprefetch-loop-arrays -fpermissive -fno-exceptions -static-libgcc -Wl,--hash-style=both,--as-needed -DPARSEC_VERSION=3.0-beta-20150206 -fexceptions -DENABLE_PTHREADS	  -I/home/alberto/Documentos/TFG/PARSEC/pkgs/apps/facesim/obj/amd64-linux.gcc/TaskQ/include -DUSE_ALAMERE_TASKQ -w  -DNDEBUG -o obj/Geometry/TETRAHEDRON.o Geometry/TETRAHEDRON.cpp
/usr/bin/g++ -c -O3 -g -funroll-loops -fprefetch-loop-arrays -fpermissive -fno-exceptions -static-libgcc -Wl,--hash-style=both,--as-needed -DPARSEC_VERSION=3.0-beta-20150206 -fexceptions -DENABLE_PTHREADS	  -I/home/alberto/Documentos/TFG/PARSEC/pkgs/apps/facesim/obj/amd64-linux.gcc/TaskQ/include -DUSE_ALAMERE_TASKQ -w  -DNDEBUG -o obj/Geometry/TRIANGLE_3D.o Geometry/TRIANGLE_3D.cpp
/usr/bin/g++ -c -O3 -g -funroll-loops -fprefetch-loop-arrays -fpermissive -fno-exceptions -static-libgcc -Wl,--hash-style=both,--as-needed -DPARSEC_VERSION=3.0-beta-20150206 -fexceptions -DENABLE_PTHREADS	  -I/home/alberto/Documentos/TFG/PARSEC/pkgs/apps/facesim/obj/amd64-linux.gcc/TaskQ/include -DUSE_ALAMERE_TASKQ -w  -DNDEBUG -o obj/Geometry/TRIANGULATED_OBJECT.o Geometry/TRIANGULATED_OBJECT.cpp
/usr/bin/g++ -c -O3 -g -funroll-loops -fprefetch-loop-arrays -fpermissive -fno-exceptions -static-libgcc -Wl,--hash-style=both,--as-needed -DPARSEC_VERSION=3.0-beta-20150206 -fexceptions -DENABLE_PTHREADS	  -I/home/alberto/Documentos/TFG/PARSEC/pkgs/apps/facesim/obj/amd64-linux.gcc/TaskQ/include -DUSE_ALAMERE_TASKQ -w  -DNDEBUG -o obj/Geometry/TRIANGULATED_SURFACE.o Geometry/TRIANGULATED_SURFACE.cpp
/usr/bin/g++ -c -O3 -g -funroll-loops -fprefetch-loop-arrays -fpermissive -fno-exceptions -static-libgcc -Wl,--hash-style=both,--as-needed -DPARSEC_VERSION=3.0-beta-20150206 -fexceptions -DENABLE_PTHREADS	  -I/home/alberto/Documentos/TFG/PARSEC/pkgs/apps/facesim/obj/amd64-linux.gcc/TaskQ/include -DUSE_ALAMERE_TASKQ -w  -DNDEBUG -o obj/Geometry/TRIANGULATED_SURFACE_LIST.o Geometry/TRIANGULATED_SURFACE_LIST.cpp
/usr/bin/g++ -c -O3 -g -funroll-loops -fprefetch-loop-arrays -fpermissive -fno-exceptions -static-libgcc -Wl,--hash-style=both,--as-needed -DPARSEC_VERSION=3.0-beta-20150206 -fexceptions -DENABLE_PTHREADS	  -I/home/alberto/Documentos/TFG/PARSEC/pkgs/apps/facesim/obj/amd64-linux.gcc/TaskQ/include -DUSE_ALAMERE_TASKQ -w  -DNDEBUG -o obj/Grids/SEGMENT_MESH.o Grids/SEGMENT_MESH.cpp
/usr/bin/g++ -c -O3 -g -funroll-loops -fprefetch-loop-arrays -fpermissive -fno-exceptions -static-libgcc -Wl,--hash-style=both,--as-needed -DPARSEC_VERSION=3.0-beta-20150206 -fexceptions -DENABLE_PTHREADS	  -I/home/alberto/Documentos/TFG/PARSEC/pkgs/apps/facesim/obj/amd64-linux.gcc/TaskQ/include -DUSE_ALAMERE_TASKQ -w  -DNDEBUG -o obj/Grids/TETRAHEDRON_MESH.o Grids/TETRAHEDRON_MESH.cpp
/usr/bin/g++ -c -O3 -g -funroll-loops -fprefetch-loop-arrays -fpermissive -fno-exceptions -static-libgcc -Wl,--hash-style=both,--as-needed -DPARSEC_VERSION=3.0-beta-20150206 -fexceptions -DENABLE_PTHREADS	  -I/home/alberto/Documentos/TFG/PARSEC/pkgs/apps/facesim/obj/amd64-linux.gcc/TaskQ/include -DUSE_ALAMERE_TASKQ -w  -DNDEBUG -o obj/Grids/TRIANGLE_MESH.o Grids/TRIANGLE_MESH.cpp
/usr/bin/g++ -c -O3 -g -funroll-loops -fprefetch-loop-arrays -fpermissive -fno-exceptions -static-libgcc -Wl,--hash-style=both,--as-needed -DPARSEC_VERSION=3.0-beta-20150206 -fexceptions -DENABLE_PTHREADS	  -I/home/alberto/Documentos/TFG/PARSEC/pkgs/apps/facesim/obj/amd64-linux.gcc/TaskQ/include -DUSE_ALAMERE_TASKQ -w  -DNDEBUG -o obj/Level_Sets/LEVELSET.o Level_Sets/LEVELSET.cpp
/usr/bin/g++ -c -O3 -g -funroll-loops -fprefetch-loop-arrays -fpermissive -fno-exceptions -static-libgcc -Wl,--hash-style=both,--as-needed -DPARSEC_VERSION=3.0-beta-20150206 -fexceptions -DENABLE_PTHREADS	  -I/home/alberto/Documentos/TFG/PARSEC/pkgs/apps/facesim/obj/amd64-linux.gcc/TaskQ/include -DUSE_ALAMERE_TASKQ -w  -DNDEBUG -o obj/Level_Sets/LEVELSET_3D.o Level_Sets/LEVELSET_3D.cpp
/usr/bin/g++ -c -O3 -g -funroll-loops -fprefetch-loop-arrays -fpermissive -fno-exceptions -static-libgcc -Wl,--hash-style=both,--as-needed -DPARSEC_VERSION=3.0-beta-20150206 -fexceptions -DENABLE_PTHREADS	  -I/home/alberto/Documentos/TFG/PARSEC/pkgs/apps/facesim/obj/amd64-linux.gcc/TaskQ/include -DUSE_ALAMERE_TASKQ -w  -DNDEBUG -o obj/Matrices_And_Vectors/MATRIX_3X3.o Matrices_And_Vectors/MATRIX_3X3.cpp
/usr/bin/g++ -c -O3 -g -funroll-loops -fprefetch-loop-arrays -fpermissive -fno-exceptions -static-libgcc -Wl,--hash-style=both,--as-needed -DPARSEC_VERSION=3.0-beta-20150206 -fexceptions -DENABLE_PTHREADS	  -I/home/alberto/Documentos/TFG/PARSEC/pkgs/apps/facesim/obj/amd64-linux.gcc/TaskQ/include -DUSE_ALAMERE_TASKQ -w  -DNDEBUG -o obj/Matrices_And_Vectors/SYMMETRIC_MATRIX_3X3.o Matrices_And_Vectors/SYMMETRIC_MATRIX_3X3.cpp
/usr/bin/g++ -c -O3 -g -funroll-loops -fprefetch-loop-arrays -fpermissive -fno-exceptions -static-libgcc -Wl,--hash-style=both,--as-needed -DPARSEC_VERSION=3.0-beta-20150206 -fexceptions -DENABLE_PTHREADS	  -I/home/alberto/Documentos/TFG/PARSEC/pkgs/apps/facesim/obj/amd64-linux.gcc/TaskQ/include -DUSE_ALAMERE_TASKQ -w  -DNDEBUG -o obj/Matrices_And_Vectors/VECTOR_ND_PARALLEL.o Matrices_And_Vectors/VECTOR_ND_PARALLEL.cpp
/usr/bin/g++ -c -O3 -g -funroll-loops -fprefetch-loop-arrays -fpermissive -fno-exceptions -static-libgcc -Wl,--hash-style=both,--as-needed -DPARSEC_VERSION=3.0-beta-20150206 -fexceptions -DENABLE_PTHREADS	  -I/home/alberto/Documentos/TFG/PARSEC/pkgs/apps/facesim/obj/amd64-linux.gcc/TaskQ/include -DUSE_ALAMERE_TASKQ -w  -DNDEBUG -o obj/Particles/PARTICLE.o Particles/PARTICLE.cpp
/usr/bin/g++ -c -O3 -g -funroll-loops -fprefetch-loop-arrays -fpermissive -fno-exceptions -static-libgcc -Wl,--hash-style=both,--as-needed -DPARSEC_VERSION=3.0-beta-20150206 -fexceptions -DENABLE_PTHREADS	  -I/home/alberto/Documentos/TFG/PARSEC/pkgs/apps/facesim/obj/amd64-linux.gcc/TaskQ/include -DUSE_ALAMERE_TASKQ -w  -DNDEBUG -o obj/Particles/SOLIDS_PARTICLE.o Particles/SOLIDS_PARTICLE.cpp
/usr/bin/g++ -c -O3 -g -funroll-loops -fprefetch-loop-arrays -fpermissive -fno-exceptions -static-libgcc -Wl,--hash-style=both,--as-needed -DPARSEC_VERSION=3.0-beta-20150206 -fexceptions -DENABLE_PTHREADS	  -I/home/alberto/Documentos/TFG/PARSEC/pkgs/apps/facesim/obj/amd64-linux.gcc/TaskQ/include -DUSE_ALAMERE_TASKQ -w  -DNDEBUG -o obj/Read_Write/FILE_UTILITIES.o Read_Write/FILE_UTILITIES.cpp
/usr/bin/g++ -c -O3 -g -funroll-loops -fprefetch-loop-arrays -fpermissive -fno-exceptions -static-libgcc -Wl,--hash-style=both,--as-needed -DPARSEC_VERSION=3.0-beta-20150206 -fexceptions -DENABLE_PTHREADS	  -I/home/alberto/Documentos/TFG/PARSEC/pkgs/apps/facesim/obj/amd64-linux.gcc/TaskQ/include -DUSE_ALAMERE_TASKQ -w  -DNDEBUG -o obj/Rigid_Bodies/MASS_PROPERTIES_3D.o Rigid_Bodies/MASS_PROPERTIES_3D.cpp
/usr/bin/g++ -c -O3 -g -funroll-loops -fprefetch-loop-arrays -fpermissive -fno-exceptions -static-libgcc -Wl,--hash-style=both,--as-needed -DPARSEC_VERSION=3.0-beta-20150206 -fexceptions -DENABLE_PTHREADS	  -I/home/alberto/Documentos/TFG/PARSEC/pkgs/apps/facesim/obj/amd64-linux.gcc/TaskQ/include -DUSE_ALAMERE_TASKQ -w  -DNDEBUG -o obj/Rigid_Bodies/RIGID_BODY_3D.o Rigid_Bodies/RIGID_BODY_3D.cpp
/usr/bin/g++ -c -O3 -g -funroll-loops -fprefetch-loop-arrays -fpermissive -fno-exceptions -static-libgcc -Wl,--hash-style=both,--as-needed -DPARSEC_VERSION=3.0-beta-20150206 -fexceptions -DENABLE_PTHREADS	  -I/home/alberto/Documentos/TFG/PARSEC/pkgs/apps/facesim/obj/amd64-linux.gcc/TaskQ/include -DUSE_ALAMERE_TASKQ -w  -DNDEBUG -o obj/Rigid_Bodies/RIGID_BODY_COLLISIONS_3D.o Rigid_Bodies/RIGID_BODY_COLLISIONS_3D.cpp
/usr/bin/g++ -c -O3 -g -funroll-loops -fprefetch-loop-arrays -fpermissive -fno-exceptions -static-libgcc -Wl,--hash-style=both,--as-needed -DPARSEC_VERSION=3.0-beta-20150206 -fexceptions -DENABLE_PTHREADS	  -I/home/alberto/Documentos/TFG/PARSEC/pkgs/apps/facesim/obj/amd64-linux.gcc/TaskQ/include -DUSE_ALAMERE_TASKQ -w  -DNDEBUG -o obj/Rigid_Bodies/RIGID_BODY_EVOLUTION_3D.o Rigid_Bodies/RIGID_BODY_EVOLUTION_3D.cpp
/usr/bin/g++ -c -O3 -g -funroll-loops -fprefetch-loop-arrays -fpermissive -fno-exceptions -static-libgcc -Wl,--hash-style=both,--as-needed -DPARSEC_VERSION=3.0-beta-20150206 -fexceptions -DENABLE_PTHREADS	  -I/home/alberto/Documentos/TFG/PARSEC/pkgs/apps/facesim/obj/amd64-linux.gcc/TaskQ/include -DUSE_ALAMERE_TASKQ -w  -DNDEBUG -o obj/Rigid_Bodies/RIGID_BODY_INTERSECTIONS_3D.o Rigid_Bodies/RIGID_BODY_INTERSECTIONS_3D.cpp
/usr/bin/g++ -c -O3 -g -funroll-loops -fprefetch-loop-arrays -fpermissive -fno-exceptions -static-libgcc -Wl,--hash-style=both,--as-needed -DPARSEC_VERSION=3.0-beta-20150206 -fexceptions -DENABLE_PTHREADS	  -I/home/alberto/Documentos/TFG/PARSEC/pkgs/apps/facesim/obj/amd64-linux.gcc/TaskQ/include -DUSE_ALAMERE_TASKQ -w  -DNDEBUG -o obj/Rigid_Bodies/RIGID_BODY_LIST_3D.o Rigid_Bodies/RIGID_BODY_LIST_3D.cpp
/usr/bin/g++ -c -O3 -g -funroll-loops -fprefetch-loop-arrays -fpermissive -fno-exceptions -static-libgcc -Wl,--hash-style=both,--as-needed -DPARSEC_VERSION=3.0-beta-20150206 -fexceptions -DENABLE_PTHREADS	  -I/home/alberto/Documentos/TFG/PARSEC/pkgs/apps/facesim/obj/amd64-linux.gcc/TaskQ/include -DUSE_ALAMERE_TASKQ -w  -DNDEBUG -o obj/Solids_And_Fluids/SOLIDS_EVOLUTION_3D.o Solids_And_Fluids/SOLIDS_EVOLUTION_3D.cpp
/usr/bin/g++ -c -O3 -g -funroll-loops -fprefetch-loop-arrays -fpermissive -fno-exceptions -static-libgcc -Wl,--hash-style=both,--as-needed -DPARSEC_VERSION=3.0-beta-20150206 -fexceptions -DENABLE_PTHREADS	  -I/home/alberto/Documentos/TFG/PARSEC/pkgs/apps/facesim/obj/amd64-linux.gcc/TaskQ/include -DUSE_ALAMERE_TASKQ -w  -DNDEBUG -o obj/Solids_And_Fluids/SOLIDS_FLUIDS_DRIVER.o Solids_And_Fluids/SOLIDS_FLUIDS_DRIVER.cpp
/usr/bin/g++ -c -O3 -g -funroll-loops -fprefetch-loop-arrays -fpermissive -fno-exceptions -static-libgcc -Wl,--hash-style=both,--as-needed -DPARSEC_VERSION=3.0-beta-20150206 -fexceptions -DENABLE_PTHREADS	  -I/home/alberto/Documentos/TFG/PARSEC/pkgs/apps/facesim/obj/amd64-linux.gcc/TaskQ/include -DUSE_ALAMERE_TASKQ -w  -DNDEBUG -o obj/Solids_And_Fluids/SOLIDS_FLUIDS_DRIVER_3D.o Solids_And_Fluids/SOLIDS_FLUIDS_DRIVER_3D.cpp
/usr/bin/g++ -c -O3 -g -funroll-loops -fprefetch-loop-arrays -fpermissive -fno-exceptions -static-libgcc -Wl,--hash-style=both,--as-needed -DPARSEC_VERSION=3.0-beta-20150206 -fexceptions -DENABLE_PTHREADS	  -I/home/alberto/Documentos/TFG/PARSEC/pkgs/apps/facesim/obj/amd64-linux.gcc/TaskQ/include -DUSE_ALAMERE_TASKQ -w  -DNDEBUG -o obj/Solids_And_Fluids/SOLIDS_FLUIDS_EXAMPLE_3D.o Solids_And_Fluids/SOLIDS_FLUIDS_EXAMPLE_3D.cpp
/usr/bin/g++ -c -O3 -g -funroll-loops -fprefetch-loop-arrays -fpermissive -fno-exceptions -static-libgcc -Wl,--hash-style=both,--as-needed -DPARSEC_VERSION=3.0-beta-20150206 -fexceptions -DENABLE_PTHREADS	  -I/home/alberto/Documentos/TFG/PARSEC/pkgs/apps/facesim/obj/amd64-linux.gcc/TaskQ/include -DUSE_ALAMERE_TASKQ -w  -DNDEBUG -o obj/Solids_And_Fluids/SOLIDS_PARAMETERS_3D.o Solids_And_Fluids/SOLIDS_PARAMETERS_3D.cpp
/usr/bin/g++ -c -O3 -g -funroll-loops -fprefetch-loop-arrays -fpermissive -fno-exceptions -static-libgcc -Wl,--hash-style=both,--as-needed -DPARSEC_VERSION=3.0-beta-20150206 -fexceptions -DENABLE_PTHREADS	  -I/home/alberto/Documentos/TFG/PARSEC/pkgs/apps/facesim/obj/amd64-linux.gcc/TaskQ/include -DUSE_ALAMERE_TASKQ -w  -DNDEBUG -o obj/Thread_Utilities/THREAD_DIVISION_PARAMETERS.o Thread_Utilities/THREAD_DIVISION_PARAMETERS.cpp
/usr/bin/g++ -c -O3 -g -funroll-loops -fprefetch-loop-arrays -fpermissive -fno-exceptions -static-libgcc -Wl,--hash-style=both,--as-needed -DPARSEC_VERSION=3.0-beta-20150206 -fexceptions -DENABLE_PTHREADS	  -I/home/alberto/Documentos/TFG/PARSEC/pkgs/apps/facesim/obj/amd64-linux.gcc/TaskQ/include -DUSE_ALAMERE_TASKQ -w  -DNDEBUG -o obj/Thread_Utilities/THREAD_POOL_ALAMERE.o Thread_Utilities/THREAD_POOL_ALAMERE.cpp
/usr/bin/g++ -c -O3 -g -funroll-loops -fprefetch-loop-arrays -fpermissive -fno-exceptions -static-libgcc -Wl,--hash-style=both,--as-needed -DPARSEC_VERSION=3.0-beta-20150206 -fexceptions -DENABLE_PTHREADS	  -I/home/alberto/Documentos/TFG/PARSEC/pkgs/apps/facesim/obj/amd64-linux.gcc/TaskQ/include -DUSE_ALAMERE_TASKQ -w  -DNDEBUG -o obj/Thread_Utilities/THREAD_POOL.o Thread_Utilities/THREAD_POOL.cpp
/usr/bin/g++ -c -O3 -g -funroll-loops -fprefetch-loop-arrays -fpermissive -fno-exceptions -static-libgcc -Wl,--hash-style=both,--as-needed -DPARSEC_VERSION=3.0-beta-20150206 -fexceptions -DENABLE_PTHREADS	  -I/home/alberto/Documentos/TFG/PARSEC/pkgs/apps/facesim/obj/amd64-linux.gcc/TaskQ/include -DUSE_ALAMERE_TASKQ -w  -DNDEBUG -o obj/Thread_Utilities/THREAD_POOL_SINGLE.o Thread_Utilities/THREAD_POOL_SINGLE.cpp
/usr/bin/g++ -c -O3 -g -funroll-loops -fprefetch-loop-arrays -fpermissive -fno-exceptions -static-libgcc -Wl,--hash-style=both,--as-needed -DPARSEC_VERSION=3.0-beta-20150206 -fexceptions -DENABLE_PTHREADS	  -I/home/alberto/Documentos/TFG/PARSEC/pkgs/apps/facesim/obj/amd64-linux.gcc/TaskQ/include -DUSE_ALAMERE_TASKQ -w  -DNDEBUG -o obj/Thread_Utilities/THREAD_ARRAY_LOCK.o Thread_Utilities/THREAD_ARRAY_LOCK.cpp
/usr/bin/g++ -c -O3 -g -funroll-loops -fprefetch-loop-arrays -fpermissive -fno-exceptions -static-libgcc -Wl,--hash-style=both,--as-needed -DPARSEC_VERSION=3.0-beta-20150206 -fexceptions -DENABLE_PTHREADS	  -I/home/alberto/Documentos/TFG/PARSEC/pkgs/apps/facesim/obj/amd64-linux.gcc/TaskQ/include -DUSE_ALAMERE_TASKQ -w  -DNDEBUG -o obj/Utilities/DEBUG_UTILITIES.o Utilities/DEBUG_UTILITIES.cpp
/usr/bin/g++ -c -O3 -g -funroll-loops -fprefetch-loop-arrays -fpermissive -fno-exceptions -static-libgcc -Wl,--hash-style=both,--as-needed -DPARSEC_VERSION=3.0-beta-20150206 -fexceptions -DENABLE_PTHREADS	  -I/home/alberto/Documentos/TFG/PARSEC/pkgs/apps/facesim/obj/amd64-linux.gcc/TaskQ/include -DUSE_ALAMERE_TASKQ -w  -DNDEBUG -o obj/Utilities/LOG.o Utilities/LOG.cpp
/usr/bin/g++ -c -O3 -g -funroll-loops -fprefetch-loop-arrays -fpermissive -fno-exceptions -static-libgcc -Wl,--hash-style=both,--as-needed -DPARSEC_VERSION=3.0-beta-20150206 -fexceptions -DENABLE_PTHREADS	  -I/home/alberto/Documentos/TFG/PARSEC/pkgs/apps/facesim/obj/amd64-linux.gcc/TaskQ/include -DUSE_ALAMERE_TASKQ -w  -DNDEBUG -o obj/Utilities/LOG_ENTRY.o Utilities/LOG_ENTRY.cpp
/usr/bin/g++ -c -O3 -g -funroll-loops -fprefetch-loop-arrays -fpermissive -fno-exceptions -static-libgcc -Wl,--hash-style=both,--as-needed -DPARSEC_VERSION=3.0-beta-20150206 -fexceptions -DENABLE_PTHREADS	  -I/home/alberto/Documentos/TFG/PARSEC/pkgs/apps/facesim/obj/amd64-linux.gcc/TaskQ/include -DUSE_ALAMERE_TASKQ -w  -DNDEBUG -o obj/Utilities/PARSE_ARGS.o Utilities/PARSE_ARGS.cpp
/usr/bin/g++ -c -O3 -g -funroll-loops -fprefetch-loop-arrays -fpermissive -fno-exceptions -static-libgcc -Wl,--hash-style=both,--as-needed -DPARSEC_VERSION=3.0-beta-20150206 -fexceptions -DENABLE_PTHREADS	  -I/home/alberto/Documentos/TFG/PARSEC/pkgs/apps/facesim/obj/amd64-linux.gcc/TaskQ/include -DUSE_ALAMERE_TASKQ -w  -DNDEBUG -o obj/Utilities/STRING_UTILITIES.o Utilities/STRING_UTILITIES.cpp
/usr/bin/g++ -c -O3 -g -funroll-loops -fprefetch-loop-arrays -fpermissive -fno-exceptions -static-libgcc -Wl,--hash-style=both,--as-needed -DPARSEC_VERSION=3.0-beta-20150206 -fexceptions -DENABLE_PTHREADS	  -I/home/alberto/Documentos/TFG/PARSEC/pkgs/apps/facesim/obj/amd64-linux.gcc/TaskQ/include -DUSE_ALAMERE_TASKQ -w  -DNDEBUG -o obj/Utilities/TIMER.o Utilities/TIMER.cpp
mkdir -p /home/alberto/Documentos/TFG/PARSEC/pkgs/apps/facesim/obj/amd64-linux.gcc/lib
rm -f /home/alberto/Documentos/TFG/PARSEC/pkgs/apps/facesim/obj/amd64-linux.gcc/lib/libPhysBAM.a
/usr/bin/ar -r /home/alberto/Documentos/TFG/PARSEC/pkgs/apps/facesim/obj/amd64-linux.gcc/lib/libPhysBAM.a obj/Arrays/ARRAY_PARALLEL_OPERATIONS.o obj/Collisions_And_Interactions/BOX_HIERARCHY.o obj/Collisions_And_Interactions/COLLISION_BODY_LIST_3D.o obj/Collisions_And_Interactions/TETRAHEDRON_COLLISION_BODY.o obj/Collisions_And_Interactions/TETRAHEDRON_HIERARCHY.o obj/Constitutive_Models/STRAIN_MEASURE_3D.o obj/Data_Structures/SPLAY_TREE.o obj/Deformable_Objects/DEFORMABLE_OBJECT.o obj/Deformable_Objects/DEFORMABLE_OBJECT_3D.o obj/Deformable_Objects/DEFORMABLE_OBJECT_COLLISIONS_3D.o obj/Fracture/EMBEDDED_TETRAHEDRALIZED_VOLUME_BOUNDARY_SURFACE.o obj/Forces_And_Torques/BODY_FORCES_3D.o obj/Forces_And_Torques/DIAGONALIZED_FINITE_VOLUME_3D.o obj/Geometry/BOX_2D.o obj/Geometry/BOX_3D.o obj/Geometry/EMBEDDED_OBJECT.o obj/Geometry/EMBEDDED_TETRAHEDRALIZED_VOLUME.o obj/Geometry/IMPLICIT_SURFACE.o obj/Geometry/IMPLICIT_SURFACE_LIST.o obj/Geometry/PLANE.o obj/Geometry/SEGMENT_2D.o obj/Geometry/SEGMENT_3D.o obj/Geometry/SEGMENTED_CURVE_3D.o obj/Geometry/TETRAHEDRALIZED_VOLUME.o obj/Geometry/TETRAHEDRALIZED_VOLUME_LIST.o obj/Geometry/TETRAHEDRON.o obj/Geometry/TRIANGLE_3D.o obj/Geometry/TRIANGULATED_OBJECT.o obj/Geometry/TRIANGULATED_SURFACE.o obj/Geometry/TRIANGULATED_SURFACE_LIST.o obj/Grids/SEGMENT_MESH.o obj/Grids/TETRAHEDRON_MESH.o obj/Grids/TRIANGLE_MESH.o obj/Level_Sets/LEVELSET.o obj/Level_Sets/LEVELSET_3D.o obj/Matrices_And_Vectors/MATRIX_3X3.o obj/Matrices_And_Vectors/SYMMETRIC_MATRIX_3X3.o obj/Matrices_And_Vectors/VECTOR_ND_PARALLEL.o obj/Particles/PARTICLE.o obj/Particles/SOLIDS_PARTICLE.o obj/Read_Write/FILE_UTILITIES.o obj/Rigid_Bodies/MASS_PROPERTIES_3D.o obj/Rigid_Bodies/RIGID_BODY_3D.o obj/Rigid_Bodies/RIGID_BODY_COLLISIONS_3D.o obj/Rigid_Bodies/RIGID_BODY_EVOLUTION_3D.o obj/Rigid_Bodies/RIGID_BODY_INTERSECTIONS_3D.o obj/Rigid_Bodies/RIGID_BODY_LIST_3D.o obj/Solids_And_Fluids/SOLIDS_EVOLUTION_3D.o obj/Solids_And_Fluids/SOLIDS_FLUIDS_DRIVER.o obj/Solids_And_Fluids/SOLIDS_FLUIDS_DRIVER_3D.o obj/Solids_And_Fluids/SOLIDS_FLUIDS_EXAMPLE_3D.o obj/Solids_And_Fluids/SOLIDS_PARAMETERS_3D.o obj/Thread_Utilities/THREAD_DIVISION_PARAMETERS.o obj/Thread_Utilities/THREAD_POOL_ALAMERE.o obj/Thread_Utilities/THREAD_POOL.o obj/Thread_Utilities/THREAD_POOL_SINGLE.o obj/Thread_Utilities/THREAD_ARRAY_LOCK.o obj/Utilities/DEBUG_UTILITIES.o obj/Utilities/LOG.o obj/Utilities/LOG_ENTRY.o obj/Utilities/PARSE_ARGS.o obj/Utilities/STRING_UTILITIES.o obj/Utilities/TIMER.o
make[2]: se sale del directorio '/home/alberto/Documentos/TFG/PARSEC/pkgs/apps/facesim/obj/amd64-linux.gcc/Public_Library'
cd /home/alberto/Documentos/TFG/PARSEC/pkgs/apps/facesim/obj/amd64-linux.gcc/Public_Library && /usr/bin/make -f Makefile.PhysBAM
make[2]: se entra en el directorio '/home/alberto/Documentos/TFG/PARSEC/pkgs/apps/facesim/obj/amd64-linux.gcc/Public_Library'
make[2]: No se hace nada para 'default'.
make[2]: se sale del directorio '/home/alberto/Documentos/TFG/PARSEC/pkgs/apps/facesim/obj/amd64-linux.gcc/Public_Library'
/usr/bin/g++ -c -O3 -g -funroll-loops -fprefetch-loop-arrays -fpermissive -fno-exceptions -static-libgcc -Wl,--hash-style=both,--as-needed -DPARSEC_VERSION=3.0-beta-20150206 -fexceptions -DENABLE_PTHREADS	  -I/home/alberto/Documentos/TFG/PARSEC/pkgs/apps/facesim/obj/amd64-linux.gcc/TaskQ/include -DUSE_ALAMERE_TASKQ -w  -DNDEBUG -o obj/main.o main.cpp
/usr/bin/g++ -c -O3 -g -funroll-loops -fprefetch-loop-arrays -fpermissive -fno-exceptions -static-libgcc -Wl,--hash-style=both,--as-needed -DPARSEC_VERSION=3.0-beta-20150206 -fexceptions -DENABLE_PTHREADS	  -I/home/alberto/Documentos/TFG/PARSEC/pkgs/apps/facesim/obj/amd64-linux.gcc/TaskQ/include -DUSE_ALAMERE_TASKQ -w  -DNDEBUG -o obj/FACE_DRIVER.o FACE_DRIVER.cpp
/usr/bin/g++ -c -O3 -g -funroll-loops -fprefetch-loop-arrays -fpermissive -fno-exceptions -static-libgcc -Wl,--hash-style=both,--as-needed -DPARSEC_VERSION=3.0-beta-20150206 -fexceptions -DENABLE_PTHREADS	  -I/home/alberto/Documentos/TFG/PARSEC/pkgs/apps/facesim/obj/amd64-linux.gcc/TaskQ/include -DUSE_ALAMERE_TASKQ -w  -DNDEBUG -o obj/FACE_LANDMARK_OPTIMIZATION_GOAL.o FACE_LANDMARK_OPTIMIZATION_GOAL.cpp
/usr/bin/g++ -c -O3 -g -funroll-loops -fprefetch-loop-arrays -fpermissive -fno-exceptions -static-libgcc -Wl,--hash-style=both,--as-needed -DPARSEC_VERSION=3.0-beta-20150206 -fexceptions -DENABLE_PTHREADS	  -I/home/alberto/Documentos/TFG/PARSEC/pkgs/apps/facesim/obj/amd64-linux.gcc/TaskQ/include -DUSE_ALAMERE_TASKQ -w  -DNDEBUG -o obj/FACE_OPTIMIZATION.o FACE_OPTIMIZATION.cpp
/usr/bin/g++ -c -O3 -g -funroll-loops -fprefetch-loop-arrays -fpermissive -fno-exceptions -static-libgcc -Wl,--hash-style=both,--as-needed -DPARSEC_VERSION=3.0-beta-20150206 -fexceptions -DENABLE_PTHREADS	  -I/home/alberto/Documentos/TFG/PARSEC/pkgs/apps/facesim/obj/amd64-linux.gcc/TaskQ/include -DUSE_ALAMERE_TASKQ -w  -DNDEBUG -o obj/LANDMARK_PROXIMITY_OPTIMIZATION.o LANDMARK_PROXIMITY_OPTIMIZATION.cpp
/usr/bin/g++ -Wl,-o,facesim obj/main.o obj/FACE_DRIVER.o obj/FACE_LANDMARK_OPTIMIZATION_GOAL.o obj/FACE_OPTIMIZATION.o obj/LANDMARK_PROXIMITY_OPTIMIZATION.o -lPhysBAM  /home/alberto/Documentos/TFG/PARSEC/pkgs/apps/facesim/obj/amd64-linux.gcc/TaskQ/lib/taskQ.o  -pthread -xW -lm -L/home/alberto/Documentos/TFG/PARSEC/pkgs/apps/facesim/obj/amd64-linux.gcc/lib -L/usr/lib64 -L/usr/lib 
make[1]: se sale del directorio '/home/alberto/Documentos/TFG/PARSEC/pkgs/apps/facesim/obj/amd64-linux.gcc/Benchmarks/facesim'
[PARSEC] Running 'env version=pthreads PHYSBAM=/home/alberto/Documentos/TFG/PARSEC/pkgs/apps/facesim/obj/amd64-linux.gcc CXXFLAGS=-O3 -g -funroll-loops -fprefetch-loop-arrays -fpermissive -fno-exceptions  -static-libgcc -Wl,--hash-style=both,--as-needed -DPARSEC_VERSION=3.0-beta-20150206 -fexceptions /usr/bin/make install':
mkdir -p /home/alberto/Documentos/TFG/PARSEC/pkgs/apps/facesim/inst/amd64-linux.gcc/bin
cp -f Benchmarks/facesim/facesim /home/alberto/Documentos/TFG/PARSEC/pkgs/apps/facesim/inst/amd64-linux.gcc/bin/facesim
[PARSEC] Done.
