[PARSEC] [========== PARSEC 3.0-beta-20150206 BUILD LOGFILE ==========]

[PARSEC] Build amd64-linux.gcc started on jue 24 jun 2021 04:27:21 CEST.
[PARSEC] Packages to build:  parsec.blackscholes parsec.bodytrack parsec.canneal parsec.cmake parsec.fluidanimate parsec.freqmine parsec.mesa parsec.netstreamcluster parsec.streamcluster parsec.swaptions parsec.tbblib parsec.uptcpip

[PARSEC] [========== Building package parsec.blackscholes [1] ==========]
[PARSEC] [---------- Analyzing package parsec.blackscholes ----------]
[PARSEC] Package parsec.blackscholes already exists, proceeding.

[PARSEC] [========== Building package parsec.bodytrack [1] ==========]
[PARSEC] [---------- Analyzing package parsec.bodytrack ----------]
[PARSEC] Package parsec.bodytrack already exists, proceeding.

[PARSEC] [========== Building package parsec.canneal [1] ==========]
[PARSEC] [---------- Analyzing package parsec.canneal ----------]
[PARSEC] Package parsec.canneal already exists, proceeding.

[PARSEC] [========== Building package parsec.cmake [1] ==========]
[PARSEC] [---------- Analyzing package parsec.cmake ----------]
[PARSEC] Package parsec.cmake already exists, proceeding.

[PARSEC] [========== Building package parsec.fluidanimate [1] ==========]
[PARSEC] [---------- Analyzing package parsec.fluidanimate ----------]
[PARSEC] Package parsec.fluidanimate already exists, proceeding.

[PARSEC] [========== Building package parsec.freqmine [1] ==========]
[PARSEC] [---------- Analyzing package parsec.freqmine ----------]
[PARSEC] Package parsec.freqmine already exists, proceeding.

[PARSEC] [========== Building package parsec.mesa [1] ==========]
[PARSEC] [---------- Analyzing package parsec.mesa ----------]
[PARSEC] Package parsec.mesa already exists, proceeding.

[PARSEC] [========== Building package parsec.netstreamcluster [1] ==========]
[PARSEC] [---------- Analyzing package parsec.netstreamcluster ----------]
[PARSEC] Package parsec.netstreamcluster already exists, proceeding.

[PARSEC] [========== Building package parsec.streamcluster [1] ==========]
[PARSEC] [---------- Analyzing package parsec.streamcluster ----------]
[PARSEC] Package parsec.streamcluster already exists, proceeding.

[PARSEC] [========== Building package parsec.swaptions [1] ==========]
[PARSEC] [---------- Analyzing package parsec.swaptions ----------]
[PARSEC] parsec.swaptions depends on: tbblib
[PARSEC] [---------- Analyzing package parsec.tbblib ----------]
[PARSEC] parsec.tbblib does not depend on any other packages.
[PARSEC] [---------- Building package parsec.tbblib ----------]
[PARSEC] Removing old build directory.
[PARSEC] Copying source code of package parsec.tbblib.
[PARSEC] Running 'env compiler=gcc PATH=/usr/bin:/home/alberto/Documentos/TFG/PARSEC_Modernizado/bin:/home/alberto/.local/bin:/usr/local/sbin:/usr/local/bin:/usr/sbin:/usr/bin:/sbin:/bin:/usr/games:/usr/local/games:/snap/bin:/home/alberto/Documentos/TFG/PARSEC_Modernizado/bin CXXFLAGS= -std=c++17 -O3 -g -funroll-loops -fprefetch-loop-arrays -fpermissive -fno-exceptions -static-libgcc -Wl,--hash-style=both,--as-needed -DPARSEC_VERSION=3.0-beta-20150206 -fexceptions /usr/bin/make':
Created ./build/linux_intel64_gcc_cc10.2.0_libc2.31_kernel5.10.0_release and ..._debug directories
/usr/bin/make -C "./build/linux_intel64_gcc_cc10.2.0_libc2.31_kernel5.10.0_debug"  -r -f ../../build/Makefile.tbb cfg=debug tbb_root=../..
make[1]: Entering directory '/home/alberto/Documentos/TFG/PARSEC_Modernizado/pkgs/libs/tbblib/obj/amd64-linux.gcc/build/linux_intel64_gcc_cc10.2.0_libc2.31_kernel5.10.0_debug'
g++  -c -MMD -DTBB_USE_DEBUG -DDO_ITT_NOTIFY -g -O0 -DUSE_PTHREAD -m64 -fPIC -D__TBB_BUILD=1 -Wall -Wno-parentheses -Wno-non-virtual-dtor  -std=c++17 -O3 -g -funroll-loops -fprefetch-loop-arrays -fpermissive -fno-exceptions -static-libgcc -Wl,--hash-style=both,--as-needed -DPARSEC_VERSION=3.0-beta-20150206 -fexceptions   -I../../src -I../../src/rml/include -I../../include ../../src/tbb/concurrent_hash_map.cpp
g++  -c -MMD -DTBB_USE_DEBUG -DDO_ITT_NOTIFY -g -O0 -DUSE_PTHREAD -m64 -fPIC -D__TBB_BUILD=1 -Wall -Wno-parentheses -Wno-non-virtual-dtor  -std=c++17 -O3 -g -funroll-loops -fprefetch-loop-arrays -fpermissive -fno-exceptions -static-libgcc -Wl,--hash-style=both,--as-needed -DPARSEC_VERSION=3.0-beta-20150206 -fexceptions   -I../../src -I../../src/rml/include -I../../include ../../src/tbb/concurrent_queue.cpp
g++  -c -MMD -DTBB_USE_DEBUG -DDO_ITT_NOTIFY -g -O0 -DUSE_PTHREAD -m64 -fPIC -D__TBB_BUILD=1 -Wall -Wno-parentheses -Wno-non-virtual-dtor  -std=c++17 -O3 -g -funroll-loops -fprefetch-loop-arrays -fpermissive -fno-exceptions -static-libgcc -Wl,--hash-style=both,--as-needed -DPARSEC_VERSION=3.0-beta-20150206 -fexceptions   -I../../src -I../../src/rml/include -I../../include ../../src/tbb/concurrent_vector.cpp
g++  -c -MMD -DTBB_USE_DEBUG -DDO_ITT_NOTIFY -g -O0 -DUSE_PTHREAD -m64 -fPIC -D__TBB_BUILD=1 -Wall -Wno-parentheses -Wno-non-virtual-dtor  -std=c++17 -O3 -g -funroll-loops -fprefetch-loop-arrays -fpermissive -fno-exceptions -static-libgcc -Wl,--hash-style=both,--as-needed -DPARSEC_VERSION=3.0-beta-20150206 -fexceptions   -I../../src -I../../src/rml/include -I../../include ../../src/tbb/dynamic_link.cpp
g++  -c -MMD -DTBB_USE_DEBUG -DDO_ITT_NOTIFY -g -O0 -DUSE_PTHREAD -m64 -fPIC -D__TBB_BUILD=1 -Wall -Wno-parentheses -Wno-non-virtual-dtor  -std=c++17 -O3 -g -funroll-loops -fprefetch-loop-arrays -fpermissive -fno-exceptions -static-libgcc -Wl,--hash-style=both,--as-needed -DPARSEC_VERSION=3.0-beta-20150206 -fexceptions   -I../../src -I../../src/rml/include -I../../include ../../src/tbb/itt_notify.cpp
g++  -c -MMD -DTBB_USE_DEBUG -DDO_ITT_NOTIFY -g -O0 -DUSE_PTHREAD -m64 -fPIC -D__TBB_BUILD=1 -Wall -Wno-parentheses -Wno-non-virtual-dtor  -std=c++17 -O3 -g -funroll-loops -fprefetch-loop-arrays -fpermissive -fno-exceptions -static-libgcc -Wl,--hash-style=both,--as-needed -DPARSEC_VERSION=3.0-beta-20150206 -fexceptions   -I../../src -I../../src/rml/include -I../../include ../../src/tbb/cache_aligned_allocator.cpp
g++  -c -MMD -DTBB_USE_DEBUG -DDO_ITT_NOTIFY -g -O0 -DUSE_PTHREAD -m64 -fPIC -D__TBB_BUILD=1 -Wall -Wno-parentheses -Wno-non-virtual-dtor  -std=c++17 -O3 -g -funroll-loops -fprefetch-loop-arrays -fpermissive -fno-exceptions -static-libgcc -Wl,--hash-style=both,--as-needed -DPARSEC_VERSION=3.0-beta-20150206 -fexceptions   -I../../src -I../../src/rml/include -I../../include ../../src/tbb/pipeline.cpp
g++  -c -MMD -DTBB_USE_DEBUG -DDO_ITT_NOTIFY -g -O0 -DUSE_PTHREAD -m64 -fPIC -D__TBB_BUILD=1 -Wall -Wno-parentheses -Wno-non-virtual-dtor  -std=c++17 -O3 -g -funroll-loops -fprefetch-loop-arrays -fpermissive -fno-exceptions -static-libgcc -Wl,--hash-style=both,--as-needed -DPARSEC_VERSION=3.0-beta-20150206 -fexceptions   -I../../src -I../../src/rml/include -I../../include ../../src/tbb/queuing_mutex.cpp
g++  -c -MMD -DTBB_USE_DEBUG -DDO_ITT_NOTIFY -g -O0 -DUSE_PTHREAD -m64 -fPIC -D__TBB_BUILD=1 -Wall -Wno-parentheses -Wno-non-virtual-dtor  -std=c++17 -O3 -g -funroll-loops -fprefetch-loop-arrays -fpermissive -fno-exceptions -static-libgcc -Wl,--hash-style=both,--as-needed -DPARSEC_VERSION=3.0-beta-20150206 -fexceptions   -I../../src -I../../src/rml/include -I../../include ../../src/tbb/queuing_rw_mutex.cpp
g++  -c -MMD -DTBB_USE_DEBUG -DDO_ITT_NOTIFY -g -O0 -DUSE_PTHREAD -m64 -fPIC -D__TBB_BUILD=1 -Wall -Wno-parentheses -Wno-non-virtual-dtor  -std=c++17 -O3 -g -funroll-loops -fprefetch-loop-arrays -fpermissive -fno-exceptions -static-libgcc -Wl,--hash-style=both,--as-needed -DPARSEC_VERSION=3.0-beta-20150206 -fexceptions   -I../../src -I../../src/rml/include -I../../include ../../src/tbb/reader_writer_lock.cpp
g++  -c -MMD -DTBB_USE_DEBUG -DDO_ITT_NOTIFY -g -O0 -DUSE_PTHREAD -m64 -fPIC -D__TBB_BUILD=1 -Wall -Wno-parentheses -Wno-non-virtual-dtor  -std=c++17 -O3 -g -funroll-loops -fprefetch-loop-arrays -fpermissive -fno-exceptions -static-libgcc -Wl,--hash-style=both,--as-needed -DPARSEC_VERSION=3.0-beta-20150206 -fexceptions   -I../../src -I../../src/rml/include -I../../include ../../src/tbb/spin_rw_mutex.cpp
g++  -c -MMD -DTBB_USE_DEBUG -DDO_ITT_NOTIFY -g -O0 -DUSE_PTHREAD -m64 -fPIC -D__TBB_BUILD=1 -Wall -Wno-parentheses -Wno-non-virtual-dtor  -std=c++17 -O3 -g -funroll-loops -fprefetch-loop-arrays -fpermissive -fno-exceptions -static-libgcc -Wl,--hash-style=both,--as-needed -DPARSEC_VERSION=3.0-beta-20150206 -fexceptions   -I../../src -I../../src/rml/include -I../../include ../../src/tbb/spin_mutex.cpp
g++  -c -MMD -DTBB_USE_DEBUG -DDO_ITT_NOTIFY -g -O0 -DUSE_PTHREAD -m64 -fPIC -D__TBB_BUILD=1 -Wall -Wno-parentheses -Wno-non-virtual-dtor  -std=c++17 -O3 -g -funroll-loops -fprefetch-loop-arrays -fpermissive -fno-exceptions -static-libgcc -Wl,--hash-style=both,--as-needed -DPARSEC_VERSION=3.0-beta-20150206 -fexceptions   -I../../src -I../../src/rml/include -I../../include ../../src/tbb/critical_section.cpp
g++  -c -MMD -DTBB_USE_DEBUG -DDO_ITT_NOTIFY -g -O0 -DUSE_PTHREAD -m64 -fPIC -D__TBB_BUILD=1 -Wall -Wno-parentheses -Wno-non-virtual-dtor  -std=c++17 -O3 -g -funroll-loops -fprefetch-loop-arrays -fpermissive -fno-exceptions -static-libgcc -Wl,--hash-style=both,--as-needed -DPARSEC_VERSION=3.0-beta-20150206 -fexceptions   -I../../src -I../../src/rml/include -I../../include ../../src/tbb/task.cpp
sh ../../build/version_info_linux.sh g++  -DTBB_USE_DEBUG -DDO_ITT_NOTIFY -g -O0 -DUSE_PTHREAD -m64 -fPIC -D__TBB_BUILD=1 -Wall -Wno-parentheses -Wno-non-virtual-dtor  -std=c++17 -O3 -g -funroll-loops -fprefetch-loop-arrays -fpermissive -fno-exceptions -static-libgcc -Wl,--hash-style=both,--as-needed -DPARSEC_VERSION=3.0-beta-20150206 -fexceptions -I../../src -I../../src/rml/include -I../../include >version_string.tmp
g++  -c -MMD -DTBB_USE_DEBUG -DDO_ITT_NOTIFY -g -O0 -DUSE_PTHREAD -m64 -fPIC -D__TBB_BUILD=1 -Wall -Wno-parentheses -Wno-non-virtual-dtor  -std=c++17 -O3 -g -funroll-loops -fprefetch-loop-arrays -fpermissive -fno-exceptions -static-libgcc -Wl,--hash-style=both,--as-needed -DPARSEC_VERSION=3.0-beta-20150206 -fexceptions  -I. -I../../src -I../../src/rml/include -I../../include ../../src/tbb/tbb_misc.cpp
g++  -c -MMD -DTBB_USE_DEBUG -DDO_ITT_NOTIFY -g -O0 -DUSE_PTHREAD -m64 -fPIC -D__TBB_BUILD=1 -Wall -Wno-parentheses -Wno-non-virtual-dtor  -std=c++17 -O3 -g -funroll-loops -fprefetch-loop-arrays -fpermissive -fno-exceptions -static-libgcc -Wl,--hash-style=both,--as-needed -DPARSEC_VERSION=3.0-beta-20150206 -fexceptions   -I../../src -I../../src/rml/include -I../../include ../../src/tbb/mutex.cpp
g++  -c -MMD -DTBB_USE_DEBUG -DDO_ITT_NOTIFY -g -O0 -DUSE_PTHREAD -m64 -fPIC -D__TBB_BUILD=1 -Wall -Wno-parentheses -Wno-non-virtual-dtor  -std=c++17 -O3 -g -funroll-loops -fprefetch-loop-arrays -fpermissive -fno-exceptions -static-libgcc -Wl,--hash-style=both,--as-needed -DPARSEC_VERSION=3.0-beta-20150206 -fexceptions   -I../../src -I../../src/rml/include -I../../include ../../src/tbb/recursive_mutex.cpp
g++  -c -MMD -DTBB_USE_DEBUG -DDO_ITT_NOTIFY -g -O0 -DUSE_PTHREAD -m64 -fPIC -D__TBB_BUILD=1 -Wall -Wno-parentheses -Wno-non-virtual-dtor  -std=c++17 -O3 -g -funroll-loops -fprefetch-loop-arrays -fpermissive -fno-exceptions -static-libgcc -Wl,--hash-style=both,--as-needed -DPARSEC_VERSION=3.0-beta-20150206 -fexceptions   -I../../src -I../../src/rml/include -I../../include ../../src/tbb/condition_variable.cpp
g++  -c -MMD -DTBB_USE_DEBUG -DDO_ITT_NOTIFY -g -O0 -DUSE_PTHREAD -m64 -fPIC -D__TBB_BUILD=1 -Wall -Wno-parentheses -Wno-non-virtual-dtor  -std=c++17 -O3 -g -funroll-loops -fprefetch-loop-arrays -fpermissive -fno-exceptions -static-libgcc -Wl,--hash-style=both,--as-needed -DPARSEC_VERSION=3.0-beta-20150206 -fexceptions   -I../../src -I../../src/rml/include -I../../include ../../src/tbb/tbb_thread.cpp
g++  -c -MMD -DTBB_USE_DEBUG -DDO_ITT_NOTIFY -g -O0 -DUSE_PTHREAD -m64 -fPIC -D__TBB_BUILD=1 -Wall -Wno-parentheses -Wno-non-virtual-dtor  -std=c++17 -O3 -g -funroll-loops -fprefetch-loop-arrays -fpermissive -fno-exceptions -static-libgcc -Wl,--hash-style=both,--as-needed -DPARSEC_VERSION=3.0-beta-20150206 -fexceptions   -I../../src -I../../src/rml/include -I../../include ../../src/tbb/concurrent_monitor.cpp
g++  -c -MMD -DTBB_USE_DEBUG -DDO_ITT_NOTIFY -g -O0 -DUSE_PTHREAD -m64 -fPIC -D__TBB_BUILD=1 -Wall -Wno-parentheses -Wno-non-virtual-dtor  -std=c++17 -O3 -g -funroll-loops -fprefetch-loop-arrays -fpermissive -fno-exceptions -static-libgcc -Wl,--hash-style=both,--as-needed -DPARSEC_VERSION=3.0-beta-20150206 -fexceptions   -I../../src -I../../src/rml/include -I../../include ../../src/tbb/private_server.cpp
g++  -c -MMD -DTBB_USE_DEBUG -DDO_ITT_NOTIFY -g -O0 -DUSE_PTHREAD -m64 -fPIC -D__TBB_BUILD=1 -Wall -Wno-parentheses -Wno-non-virtual-dtor  -std=c++17 -O3 -g -funroll-loops -fprefetch-loop-arrays -fpermissive -fno-exceptions -static-libgcc -Wl,--hash-style=both,--as-needed -DPARSEC_VERSION=3.0-beta-20150206 -fexceptions   -I../../src -I../../src/rml/include -I../../include ../../src/rml/client/rml_tbb.cpp
g++  -c -MMD -DTBB_USE_DEBUG -DDO_ITT_NOTIFY -g -O0 -DUSE_PTHREAD -m64 -fPIC -D__TBB_BUILD=1 -Wall -Wno-parentheses -Wno-non-virtual-dtor  -std=c++17 -O3 -g -funroll-loops -fprefetch-loop-arrays -fpermissive -fno-exceptions -static-libgcc -Wl,--hash-style=both,--as-needed -DPARSEC_VERSION=3.0-beta-20150206 -fexceptions   -I../../src -I../../src/rml/include -I../../include ../../src/tbb/task_group_context.cpp
g++  -c -MMD -DTBB_USE_DEBUG -DDO_ITT_NOTIFY -g -O0 -DUSE_PTHREAD -m64 -fPIC -D__TBB_BUILD=1 -Wall -Wno-parentheses -Wno-non-virtual-dtor  -std=c++17 -O3 -g -funroll-loops -fprefetch-loop-arrays -fpermissive -fno-exceptions -static-libgcc -Wl,--hash-style=both,--as-needed -DPARSEC_VERSION=3.0-beta-20150206 -fexceptions   -I../../src -I../../src/rml/include -I../../include ../../src/tbb/governor.cpp
g++  -c -MMD -DTBB_USE_DEBUG -DDO_ITT_NOTIFY -g -O0 -DUSE_PTHREAD -m64 -fPIC -D__TBB_BUILD=1 -Wall -Wno-parentheses -Wno-non-virtual-dtor  -std=c++17 -O3 -g -funroll-loops -fprefetch-loop-arrays -fpermissive -fno-exceptions -static-libgcc -Wl,--hash-style=both,--as-needed -DPARSEC_VERSION=3.0-beta-20150206 -fexceptions   -I../../src -I../../src/rml/include -I../../include ../../src/tbb/market.cpp
g++  -c -MMD -DTBB_USE_DEBUG -DDO_ITT_NOTIFY -g -O0 -DUSE_PTHREAD -m64 -fPIC -D__TBB_BUILD=1 -Wall -Wno-parentheses -Wno-non-virtual-dtor  -std=c++17 -O3 -g -funroll-loops -fprefetch-loop-arrays -fpermissive -fno-exceptions -static-libgcc -Wl,--hash-style=both,--as-needed -DPARSEC_VERSION=3.0-beta-20150206 -fexceptions   -I../../src -I../../src/rml/include -I../../include ../../src/tbb/arena.cpp
g++  -c -MMD -DTBB_USE_DEBUG -DDO_ITT_NOTIFY -g -O0 -DUSE_PTHREAD -m64 -fPIC -D__TBB_BUILD=1 -Wall -Wno-parentheses -Wno-non-virtual-dtor  -std=c++17 -O3 -g -funroll-loops -fprefetch-loop-arrays -fpermissive -fno-exceptions -static-libgcc -Wl,--hash-style=both,--as-needed -DPARSEC_VERSION=3.0-beta-20150206 -fexceptions   -I../../src -I../../src/rml/include -I../../include ../../src/tbb/scheduler.cpp
g++  -c -MMD -DTBB_USE_DEBUG -DDO_ITT_NOTIFY -g -O0 -DUSE_PTHREAD -m64 -fPIC -D__TBB_BUILD=1 -Wall -Wno-parentheses -Wno-non-virtual-dtor  -std=c++17 -O3 -g -funroll-loops -fprefetch-loop-arrays -fpermissive -fno-exceptions -static-libgcc -Wl,--hash-style=both,--as-needed -DPARSEC_VERSION=3.0-beta-20150206 -fexceptions   -I../../src -I../../src/rml/include -I../../include ../../src/tbb/observer_proxy.cpp
g++  -c -MMD -DTBB_USE_DEBUG -DDO_ITT_NOTIFY -g -O0 -DUSE_PTHREAD -m64 -fPIC -D__TBB_BUILD=1 -Wall -Wno-parentheses -Wno-non-virtual-dtor  -std=c++17 -O3 -g -funroll-loops -fprefetch-loop-arrays -fpermissive -fno-exceptions -static-libgcc -Wl,--hash-style=both,--as-needed -DPARSEC_VERSION=3.0-beta-20150206 -fexceptions   -I../../src -I../../src/rml/include -I../../include ../../src/tbb/tbb_main.cpp
g++  -c -MMD -DTBB_USE_DEBUG -DDO_ITT_NOTIFY -g -O0 -DUSE_PTHREAD -m64 -fPIC -D__TBB_BUILD=1 -Wall -Wno-parentheses -Wno-non-virtual-dtor  -std=c++17 -O3 -g -funroll-loops -fprefetch-loop-arrays -fpermissive -fno-exceptions -static-libgcc -Wl,--hash-style=both,--as-needed -DPARSEC_VERSION=3.0-beta-20150206 -fexceptions   -I../../src -I../../src/rml/include -I../../include ../../src/old/concurrent_vector_v2.cpp
g++  -c -MMD -DTBB_USE_DEBUG -DDO_ITT_NOTIFY -g -O0 -DUSE_PTHREAD -m64 -fPIC -D__TBB_BUILD=1 -Wall -Wno-parentheses -Wno-non-virtual-dtor  -std=c++17 -O3 -g -funroll-loops -fprefetch-loop-arrays -fpermissive -fno-exceptions -static-libgcc -Wl,--hash-style=both,--as-needed -DPARSEC_VERSION=3.0-beta-20150206 -fexceptions   -I../../src -I../../src/rml/include -I../../include ../../src/old/concurrent_queue_v2.cpp
g++  -c -MMD -DTBB_USE_DEBUG -DDO_ITT_NOTIFY -g -O0 -DUSE_PTHREAD -m64 -fPIC -D__TBB_BUILD=1 -Wall -Wno-parentheses -Wno-non-virtual-dtor  -std=c++17 -O3 -g -funroll-loops -fprefetch-loop-arrays -fpermissive -fno-exceptions -static-libgcc -Wl,--hash-style=both,--as-needed -DPARSEC_VERSION=3.0-beta-20150206 -fexceptions   -I../../src -I../../src/rml/include -I../../include ../../src/old/spin_rw_mutex_v2.cpp
g++  -c -MMD -DTBB_USE_DEBUG -DDO_ITT_NOTIFY -g -O0 -DUSE_PTHREAD -m64 -fPIC -D__TBB_BUILD=1 -Wall -Wno-parentheses -Wno-non-virtual-dtor  -std=c++17 -O3 -g -funroll-loops -fprefetch-loop-arrays -fpermissive -fno-exceptions -static-libgcc -Wl,--hash-style=both,--as-needed -DPARSEC_VERSION=3.0-beta-20150206 -fexceptions   -I../../src -I../../src/rml/include -I../../include ../../src/old/task_v2.cpp
sh ../../build/generate_tbbvars.sh
echo "INPUT (libtbb_debug.so.2)" > libtbb_debug.so
sh -c "g++  -E -x c ../../src/tbb/lin64-tbb-export.def -I../../src -I../../src/rml/include -I../../include -DTBB_USE_DEBUG -DDO_ITT_NOTIFY -g -O0 -DUSE_PTHREAD -m64 -fPIC -D__TBB_BUILD=1 -Wall -Wno-parentheses -Wno-non-virtual-dtor  -std=c++17 -O3 -g -funroll-loops -fprefetch-loop-arrays -fpermissive -fno-exceptions -static-libgcc -Wl,--hash-style=both,--as-needed -DPARSEC_VERSION=3.0-beta-20150206 -fexceptions >tbb.def 2>/dev/null || exit 0"
/usr/bin/ar rcs libtbb.a concurrent_hash_map.o concurrent_queue.o concurrent_vector.o dynamic_link.o itt_notify.o cache_aligned_allocator.o pipeline.o queuing_mutex.o queuing_rw_mutex.o reader_writer_lock.o spin_rw_mutex.o spin_mutex.o critical_section.o task.o tbb_misc.o mutex.o recursive_mutex.o condition_variable.o tbb_thread.o concurrent_monitor.o private_server.o rml_tbb.o task_group_context.o governor.o market.o arena.o scheduler.o observer_proxy.o tbb_main.o concurrent_vector_v2.o concurrent_queue_v2.o spin_rw_mutex_v2.o task_v2.o 
/usr/bin/ranlib libtbb.a
make[1]: Leaving directory '/home/alberto/Documentos/TFG/PARSEC_Modernizado/pkgs/libs/tbblib/obj/amd64-linux.gcc/build/linux_intel64_gcc_cc10.2.0_libc2.31_kernel5.10.0_debug'
/usr/bin/make -C "./build/linux_intel64_gcc_cc10.2.0_libc2.31_kernel5.10.0_release"  -r -f ../../build/Makefile.tbb cfg=release tbb_root=../..
make[1]: Entering directory '/home/alberto/Documentos/TFG/PARSEC_Modernizado/pkgs/libs/tbblib/obj/amd64-linux.gcc/build/linux_intel64_gcc_cc10.2.0_libc2.31_kernel5.10.0_release'
g++  -c -MMD -DDO_ITT_NOTIFY -O2 -DUSE_PTHREAD -m64 -fPIC -D__TBB_BUILD=1 -Wall -Wno-parentheses -Wno-non-virtual-dtor  -std=c++17 -O3 -g -funroll-loops -fprefetch-loop-arrays -fpermissive -fno-exceptions -static-libgcc -Wl,--hash-style=both,--as-needed -DPARSEC_VERSION=3.0-beta-20150206 -fexceptions   -I../../src -I../../src/rml/include -I../../include ../../src/tbb/concurrent_hash_map.cpp
g++  -c -MMD -DDO_ITT_NOTIFY -O2 -DUSE_PTHREAD -m64 -fPIC -D__TBB_BUILD=1 -Wall -Wno-parentheses -Wno-non-virtual-dtor  -std=c++17 -O3 -g -funroll-loops -fprefetch-loop-arrays -fpermissive -fno-exceptions -static-libgcc -Wl,--hash-style=both,--as-needed -DPARSEC_VERSION=3.0-beta-20150206 -fexceptions   -I../../src -I../../src/rml/include -I../../include ../../src/tbb/concurrent_queue.cpp
g++  -c -MMD -DDO_ITT_NOTIFY -O2 -DUSE_PTHREAD -m64 -fPIC -D__TBB_BUILD=1 -Wall -Wno-parentheses -Wno-non-virtual-dtor  -std=c++17 -O3 -g -funroll-loops -fprefetch-loop-arrays -fpermissive -fno-exceptions -static-libgcc -Wl,--hash-style=both,--as-needed -DPARSEC_VERSION=3.0-beta-20150206 -fexceptions   -I../../src -I../../src/rml/include -I../../include ../../src/tbb/concurrent_vector.cpp
g++  -c -MMD -DDO_ITT_NOTIFY -O2 -DUSE_PTHREAD -m64 -fPIC -D__TBB_BUILD=1 -Wall -Wno-parentheses -Wno-non-virtual-dtor  -std=c++17 -O3 -g -funroll-loops -fprefetch-loop-arrays -fpermissive -fno-exceptions -static-libgcc -Wl,--hash-style=both,--as-needed -DPARSEC_VERSION=3.0-beta-20150206 -fexceptions   -I../../src -I../../src/rml/include -I../../include ../../src/tbb/dynamic_link.cpp
g++  -c -MMD -DDO_ITT_NOTIFY -O2 -DUSE_PTHREAD -m64 -fPIC -D__TBB_BUILD=1 -Wall -Wno-parentheses -Wno-non-virtual-dtor  -std=c++17 -O3 -g -funroll-loops -fprefetch-loop-arrays -fpermissive -fno-exceptions -static-libgcc -Wl,--hash-style=both,--as-needed -DPARSEC_VERSION=3.0-beta-20150206 -fexceptions   -I../../src -I../../src/rml/include -I../../include ../../src/tbb/itt_notify.cpp
g++  -c -MMD -DDO_ITT_NOTIFY -O2 -DUSE_PTHREAD -m64 -fPIC -D__TBB_BUILD=1 -Wall -Wno-parentheses -Wno-non-virtual-dtor  -std=c++17 -O3 -g -funroll-loops -fprefetch-loop-arrays -fpermissive -fno-exceptions -static-libgcc -Wl,--hash-style=both,--as-needed -DPARSEC_VERSION=3.0-beta-20150206 -fexceptions   -I../../src -I../../src/rml/include -I../../include ../../src/tbb/cache_aligned_allocator.cpp
g++  -c -MMD -DDO_ITT_NOTIFY -O2 -DUSE_PTHREAD -m64 -fPIC -D__TBB_BUILD=1 -Wall -Wno-parentheses -Wno-non-virtual-dtor  -std=c++17 -O3 -g -funroll-loops -fprefetch-loop-arrays -fpermissive -fno-exceptions -static-libgcc -Wl,--hash-style=both,--as-needed -DPARSEC_VERSION=3.0-beta-20150206 -fexceptions   -I../../src -I../../src/rml/include -I../../include ../../src/tbb/pipeline.cpp
g++  -c -MMD -DDO_ITT_NOTIFY -O2 -DUSE_PTHREAD -m64 -fPIC -D__TBB_BUILD=1 -Wall -Wno-parentheses -Wno-non-virtual-dtor  -std=c++17 -O3 -g -funroll-loops -fprefetch-loop-arrays -fpermissive -fno-exceptions -static-libgcc -Wl,--hash-style=both,--as-needed -DPARSEC_VERSION=3.0-beta-20150206 -fexceptions   -I../../src -I../../src/rml/include -I../../include ../../src/tbb/queuing_mutex.cpp
g++  -c -MMD -DDO_ITT_NOTIFY -O2 -DUSE_PTHREAD -m64 -fPIC -D__TBB_BUILD=1 -Wall -Wno-parentheses -Wno-non-virtual-dtor  -std=c++17 -O3 -g -funroll-loops -fprefetch-loop-arrays -fpermissive -fno-exceptions -static-libgcc -Wl,--hash-style=both,--as-needed -DPARSEC_VERSION=3.0-beta-20150206 -fexceptions   -I../../src -I../../src/rml/include -I../../include ../../src/tbb/queuing_rw_mutex.cpp
g++  -c -MMD -DDO_ITT_NOTIFY -O2 -DUSE_PTHREAD -m64 -fPIC -D__TBB_BUILD=1 -Wall -Wno-parentheses -Wno-non-virtual-dtor  -std=c++17 -O3 -g -funroll-loops -fprefetch-loop-arrays -fpermissive -fno-exceptions -static-libgcc -Wl,--hash-style=both,--as-needed -DPARSEC_VERSION=3.0-beta-20150206 -fexceptions   -I../../src -I../../src/rml/include -I../../include ../../src/tbb/reader_writer_lock.cpp
g++  -c -MMD -DDO_ITT_NOTIFY -O2 -DUSE_PTHREAD -m64 -fPIC -D__TBB_BUILD=1 -Wall -Wno-parentheses -Wno-non-virtual-dtor  -std=c++17 -O3 -g -funroll-loops -fprefetch-loop-arrays -fpermissive -fno-exceptions -static-libgcc -Wl,--hash-style=both,--as-needed -DPARSEC_VERSION=3.0-beta-20150206 -fexceptions   -I../../src -I../../src/rml/include -I../../include ../../src/tbb/spin_rw_mutex.cpp
g++  -c -MMD -DDO_ITT_NOTIFY -O2 -DUSE_PTHREAD -m64 -fPIC -D__TBB_BUILD=1 -Wall -Wno-parentheses -Wno-non-virtual-dtor  -std=c++17 -O3 -g -funroll-loops -fprefetch-loop-arrays -fpermissive -fno-exceptions -static-libgcc -Wl,--hash-style=both,--as-needed -DPARSEC_VERSION=3.0-beta-20150206 -fexceptions   -I../../src -I../../src/rml/include -I../../include ../../src/tbb/spin_mutex.cpp
g++  -c -MMD -DDO_ITT_NOTIFY -O2 -DUSE_PTHREAD -m64 -fPIC -D__TBB_BUILD=1 -Wall -Wno-parentheses -Wno-non-virtual-dtor  -std=c++17 -O3 -g -funroll-loops -fprefetch-loop-arrays -fpermissive -fno-exceptions -static-libgcc -Wl,--hash-style=both,--as-needed -DPARSEC_VERSION=3.0-beta-20150206 -fexceptions   -I../../src -I../../src/rml/include -I../../include ../../src/tbb/critical_section.cpp
g++  -c -MMD -DDO_ITT_NOTIFY -O2 -DUSE_PTHREAD -m64 -fPIC -D__TBB_BUILD=1 -Wall -Wno-parentheses -Wno-non-virtual-dtor  -std=c++17 -O3 -g -funroll-loops -fprefetch-loop-arrays -fpermissive -fno-exceptions -static-libgcc -Wl,--hash-style=both,--as-needed -DPARSEC_VERSION=3.0-beta-20150206 -fexceptions   -I../../src -I../../src/rml/include -I../../include ../../src/tbb/task.cpp
sh ../../build/version_info_linux.sh g++  -DDO_ITT_NOTIFY -O2 -DUSE_PTHREAD -m64 -fPIC -D__TBB_BUILD=1 -Wall -Wno-parentheses -Wno-non-virtual-dtor  -std=c++17 -O3 -g -funroll-loops -fprefetch-loop-arrays -fpermissive -fno-exceptions -static-libgcc -Wl,--hash-style=both,--as-needed -DPARSEC_VERSION=3.0-beta-20150206 -fexceptions -I../../src -I../../src/rml/include -I../../include >version_string.tmp
g++  -c -MMD -DDO_ITT_NOTIFY -O2 -DUSE_PTHREAD -m64 -fPIC -D__TBB_BUILD=1 -Wall -Wno-parentheses -Wno-non-virtual-dtor  -std=c++17 -O3 -g -funroll-loops -fprefetch-loop-arrays -fpermissive -fno-exceptions -static-libgcc -Wl,--hash-style=both,--as-needed -DPARSEC_VERSION=3.0-beta-20150206 -fexceptions  -I. -I../../src -I../../src/rml/include -I../../include ../../src/tbb/tbb_misc.cpp
g++  -c -MMD -DDO_ITT_NOTIFY -O2 -DUSE_PTHREAD -m64 -fPIC -D__TBB_BUILD=1 -Wall -Wno-parentheses -Wno-non-virtual-dtor  -std=c++17 -O3 -g -funroll-loops -fprefetch-loop-arrays -fpermissive -fno-exceptions -static-libgcc -Wl,--hash-style=both,--as-needed -DPARSEC_VERSION=3.0-beta-20150206 -fexceptions   -I../../src -I../../src/rml/include -I../../include ../../src/tbb/mutex.cpp
g++  -c -MMD -DDO_ITT_NOTIFY -O2 -DUSE_PTHREAD -m64 -fPIC -D__TBB_BUILD=1 -Wall -Wno-parentheses -Wno-non-virtual-dtor  -std=c++17 -O3 -g -funroll-loops -fprefetch-loop-arrays -fpermissive -fno-exceptions -static-libgcc -Wl,--hash-style=both,--as-needed -DPARSEC_VERSION=3.0-beta-20150206 -fexceptions   -I../../src -I../../src/rml/include -I../../include ../../src/tbb/recursive_mutex.cpp
g++  -c -MMD -DDO_ITT_NOTIFY -O2 -DUSE_PTHREAD -m64 -fPIC -D__TBB_BUILD=1 -Wall -Wno-parentheses -Wno-non-virtual-dtor  -std=c++17 -O3 -g -funroll-loops -fprefetch-loop-arrays -fpermissive -fno-exceptions -static-libgcc -Wl,--hash-style=both,--as-needed -DPARSEC_VERSION=3.0-beta-20150206 -fexceptions   -I../../src -I../../src/rml/include -I../../include ../../src/tbb/condition_variable.cpp
g++  -c -MMD -DDO_ITT_NOTIFY -O2 -DUSE_PTHREAD -m64 -fPIC -D__TBB_BUILD=1 -Wall -Wno-parentheses -Wno-non-virtual-dtor  -std=c++17 -O3 -g -funroll-loops -fprefetch-loop-arrays -fpermissive -fno-exceptions -static-libgcc -Wl,--hash-style=both,--as-needed -DPARSEC_VERSION=3.0-beta-20150206 -fexceptions   -I../../src -I../../src/rml/include -I../../include ../../src/tbb/tbb_thread.cpp
g++  -c -MMD -DDO_ITT_NOTIFY -O2 -DUSE_PTHREAD -m64 -fPIC -D__TBB_BUILD=1 -Wall -Wno-parentheses -Wno-non-virtual-dtor  -std=c++17 -O3 -g -funroll-loops -fprefetch-loop-arrays -fpermissive -fno-exceptions -static-libgcc -Wl,--hash-style=both,--as-needed -DPARSEC_VERSION=3.0-beta-20150206 -fexceptions   -I../../src -I../../src/rml/include -I../../include ../../src/tbb/concurrent_monitor.cpp
g++  -c -MMD -DDO_ITT_NOTIFY -O2 -DUSE_PTHREAD -m64 -fPIC -D__TBB_BUILD=1 -Wall -Wno-parentheses -Wno-non-virtual-dtor  -std=c++17 -O3 -g -funroll-loops -fprefetch-loop-arrays -fpermissive -fno-exceptions -static-libgcc -Wl,--hash-style=both,--as-needed -DPARSEC_VERSION=3.0-beta-20150206 -fexceptions   -I../../src -I../../src/rml/include -I../../include ../../src/tbb/private_server.cpp
g++  -c -MMD -DDO_ITT_NOTIFY -O2 -DUSE_PTHREAD -m64 -fPIC -D__TBB_BUILD=1 -Wall -Wno-parentheses -Wno-non-virtual-dtor  -std=c++17 -O3 -g -funroll-loops -fprefetch-loop-arrays -fpermissive -fno-exceptions -static-libgcc -Wl,--hash-style=both,--as-needed -DPARSEC_VERSION=3.0-beta-20150206 -fexceptions   -I../../src -I../../src/rml/include -I../../include ../../src/rml/client/rml_tbb.cpp
g++  -c -MMD -DDO_ITT_NOTIFY -O2 -DUSE_PTHREAD -m64 -fPIC -D__TBB_BUILD=1 -Wall -Wno-parentheses -Wno-non-virtual-dtor  -std=c++17 -O3 -g -funroll-loops -fprefetch-loop-arrays -fpermissive -fno-exceptions -static-libgcc -Wl,--hash-style=both,--as-needed -DPARSEC_VERSION=3.0-beta-20150206 -fexceptions   -I../../src -I../../src/rml/include -I../../include ../../src/tbb/task_group_context.cpp
g++  -c -MMD -DDO_ITT_NOTIFY -O2 -DUSE_PTHREAD -m64 -fPIC -D__TBB_BUILD=1 -Wall -Wno-parentheses -Wno-non-virtual-dtor  -std=c++17 -O3 -g -funroll-loops -fprefetch-loop-arrays -fpermissive -fno-exceptions -static-libgcc -Wl,--hash-style=both,--as-needed -DPARSEC_VERSION=3.0-beta-20150206 -fexceptions   -I../../src -I../../src/rml/include -I../../include ../../src/tbb/governor.cpp
g++  -c -MMD -DDO_ITT_NOTIFY -O2 -DUSE_PTHREAD -m64 -fPIC -D__TBB_BUILD=1 -Wall -Wno-parentheses -Wno-non-virtual-dtor  -std=c++17 -O3 -g -funroll-loops -fprefetch-loop-arrays -fpermissive -fno-exceptions -static-libgcc -Wl,--hash-style=both,--as-needed -DPARSEC_VERSION=3.0-beta-20150206 -fexceptions   -I../../src -I../../src/rml/include -I../../include ../../src/tbb/market.cpp
g++  -c -MMD -DDO_ITT_NOTIFY -O2 -DUSE_PTHREAD -m64 -fPIC -D__TBB_BUILD=1 -Wall -Wno-parentheses -Wno-non-virtual-dtor  -std=c++17 -O3 -g -funroll-loops -fprefetch-loop-arrays -fpermissive -fno-exceptions -static-libgcc -Wl,--hash-style=both,--as-needed -DPARSEC_VERSION=3.0-beta-20150206 -fexceptions   -I../../src -I../../src/rml/include -I../../include ../../src/tbb/arena.cpp
g++  -c -MMD -DDO_ITT_NOTIFY -O2 -DUSE_PTHREAD -m64 -fPIC -D__TBB_BUILD=1 -Wall -Wno-parentheses -Wno-non-virtual-dtor  -std=c++17 -O3 -g -funroll-loops -fprefetch-loop-arrays -fpermissive -fno-exceptions -static-libgcc -Wl,--hash-style=both,--as-needed -DPARSEC_VERSION=3.0-beta-20150206 -fexceptions   -I../../src -I../../src/rml/include -I../../include ../../src/tbb/scheduler.cpp
g++  -c -MMD -DDO_ITT_NOTIFY -O2 -DUSE_PTHREAD -m64 -fPIC -D__TBB_BUILD=1 -Wall -Wno-parentheses -Wno-non-virtual-dtor  -std=c++17 -O3 -g -funroll-loops -fprefetch-loop-arrays -fpermissive -fno-exceptions -static-libgcc -Wl,--hash-style=both,--as-needed -DPARSEC_VERSION=3.0-beta-20150206 -fexceptions   -I../../src -I../../src/rml/include -I../../include ../../src/tbb/observer_proxy.cpp
g++  -c -MMD -DDO_ITT_NOTIFY -O2 -DUSE_PTHREAD -m64 -fPIC -D__TBB_BUILD=1 -Wall -Wno-parentheses -Wno-non-virtual-dtor  -std=c++17 -O3 -g -funroll-loops -fprefetch-loop-arrays -fpermissive -fno-exceptions -static-libgcc -Wl,--hash-style=both,--as-needed -DPARSEC_VERSION=3.0-beta-20150206 -fexceptions   -I../../src -I../../src/rml/include -I../../include ../../src/tbb/tbb_main.cpp
g++  -c -MMD -DDO_ITT_NOTIFY -O2 -DUSE_PTHREAD -m64 -fPIC -D__TBB_BUILD=1 -Wall -Wno-parentheses -Wno-non-virtual-dtor  -std=c++17 -O3 -g -funroll-loops -fprefetch-loop-arrays -fpermissive -fno-exceptions -static-libgcc -Wl,--hash-style=both,--as-needed -DPARSEC_VERSION=3.0-beta-20150206 -fexceptions   -I../../src -I../../src/rml/include -I../../include ../../src/old/concurrent_vector_v2.cpp
g++  -c -MMD -DDO_ITT_NOTIFY -O2 -DUSE_PTHREAD -m64 -fPIC -D__TBB_BUILD=1 -Wall -Wno-parentheses -Wno-non-virtual-dtor  -std=c++17 -O3 -g -funroll-loops -fprefetch-loop-arrays -fpermissive -fno-exceptions -static-libgcc -Wl,--hash-style=both,--as-needed -DPARSEC_VERSION=3.0-beta-20150206 -fexceptions   -I../../src -I../../src/rml/include -I../../include ../../src/old/concurrent_queue_v2.cpp
g++  -c -MMD -DDO_ITT_NOTIFY -O2 -DUSE_PTHREAD -m64 -fPIC -D__TBB_BUILD=1 -Wall -Wno-parentheses -Wno-non-virtual-dtor  -std=c++17 -O3 -g -funroll-loops -fprefetch-loop-arrays -fpermissive -fno-exceptions -static-libgcc -Wl,--hash-style=both,--as-needed -DPARSEC_VERSION=3.0-beta-20150206 -fexceptions   -I../../src -I../../src/rml/include -I../../include ../../src/old/spin_rw_mutex_v2.cpp
g++  -c -MMD -DDO_ITT_NOTIFY -O2 -DUSE_PTHREAD -m64 -fPIC -D__TBB_BUILD=1 -Wall -Wno-parentheses -Wno-non-virtual-dtor  -std=c++17 -O3 -g -funroll-loops -fprefetch-loop-arrays -fpermissive -fno-exceptions -static-libgcc -Wl,--hash-style=both,--as-needed -DPARSEC_VERSION=3.0-beta-20150206 -fexceptions   -I../../src -I../../src/rml/include -I../../include ../../src/old/task_v2.cpp
sh ../../build/generate_tbbvars.sh
echo "INPUT (libtbb.so.2)" > libtbb.so
sh -c "g++  -E -x c ../../src/tbb/lin64-tbb-export.def -I../../src -I../../src/rml/include -I../../include -DDO_ITT_NOTIFY -O2 -DUSE_PTHREAD -m64 -fPIC -D__TBB_BUILD=1 -Wall -Wno-parentheses -Wno-non-virtual-dtor  -std=c++17 -O3 -g -funroll-loops -fprefetch-loop-arrays -fpermissive -fno-exceptions -static-libgcc -Wl,--hash-style=both,--as-needed -DPARSEC_VERSION=3.0-beta-20150206 -fexceptions >tbb.def 2>/dev/null || exit 0"
/usr/bin/ar rcs libtbb.a concurrent_hash_map.o concurrent_queue.o concurrent_vector.o dynamic_link.o itt_notify.o cache_aligned_allocator.o pipeline.o queuing_mutex.o queuing_rw_mutex.o reader_writer_lock.o spin_rw_mutex.o spin_mutex.o critical_section.o task.o tbb_misc.o mutex.o recursive_mutex.o condition_variable.o tbb_thread.o concurrent_monitor.o private_server.o rml_tbb.o task_group_context.o governor.o market.o arena.o scheduler.o observer_proxy.o tbb_main.o concurrent_vector_v2.o concurrent_queue_v2.o spin_rw_mutex_v2.o task_v2.o 
/usr/bin/ranlib libtbb.a
make[1]: Leaving directory '/home/alberto/Documentos/TFG/PARSEC_Modernizado/pkgs/libs/tbblib/obj/amd64-linux.gcc/build/linux_intel64_gcc_cc10.2.0_libc2.31_kernel5.10.0_release'
/usr/bin/make -C "./build/linux_intel64_gcc_cc10.2.0_libc2.31_kernel5.10.0_debug"  -r -f ../../build/Makefile.tbbmalloc cfg=debug malloc tbb_root=../..
make[1]: Entering directory '/home/alberto/Documentos/TFG/PARSEC_Modernizado/pkgs/libs/tbblib/obj/amd64-linux.gcc/build/linux_intel64_gcc_cc10.2.0_libc2.31_kernel5.10.0_debug'
g++  -c -MMD -DTBB_USE_DEBUG -DDO_ITT_NOTIFY -g -O0 -DUSE_PTHREAD -m64  -Wall  -std=c++17 -O3 -g -funroll-loops -fprefetch-loop-arrays -fpermissive -fno-exceptions -static-libgcc -Wl,--hash-style=both,--as-needed -DPARSEC_VERSION=3.0-beta-20150206 -fexceptions -fPIC -I../../src -I../../src/rml/include -I../../include -I../../src/tbbmalloc -I../../src/tbbmalloc ../../src/tbbmalloc/proxy.cpp
make[1]: Leaving directory '/home/alberto/Documentos/TFG/PARSEC_Modernizado/pkgs/libs/tbblib/obj/amd64-linux.gcc/build/linux_intel64_gcc_cc10.2.0_libc2.31_kernel5.10.0_debug'
[PARSEC] Error: 'env compiler=gcc PATH=/usr/bin:/home/alberto/Documentos/TFG/PARSEC_Modernizado/bin:/home/alberto/.local/bin:/usr/local/sbin:/usr/local/bin:/usr/sbin:/usr/bin:/sbin:/bin:/usr/games:/usr/local/games:/snap/bin:/home/alberto/Documentos/TFG/PARSEC_Modernizado/bin CXXFLAGS= -std=c++17 -O3 -g -funroll-loops -fprefetch-loop-arrays -fpermissive -fno-exceptions -static-libgcc -Wl,--hash-style=both,--as-needed -DPARSEC_VERSION=3.0-beta-20150206 -fexceptions /usr/bin/make' failed.
