[PARSEC] [========== PARSEC 3.0-beta-20150206 BUILD LOGFILE ==========]

[PARSEC] Build amd64-linux.gcc started on mar 16 mar 2021 11:56:54 CET.
[PARSEC] Packages to build:  parsec.bodytrack

[PARSEC] [========== Building package parsec.bodytrack [1] ==========]
[PARSEC] [---------- Analyzing package parsec.bodytrack ----------]
[PARSEC] parsec.bodytrack does not depend on any other packages.
[PARSEC] [---------- Building package parsec.bodytrack ----------]
[PARSEC] Removing old build directory.
[PARSEC] Running 'env CXXFLAGS=-O3 -g -funroll-loops -fprefetch-loop-arrays -fpermissive -fno-exceptions -static-libgcc -Wl,--hash-style=both,--as-needed -DPARSEC_VERSION=3.0-beta-20150206 -fexceptions /home/alberto/Documentos/TFG/PARSEC/pkgs/apps/bodytrack/src/configure --enable-threads --disable-openmp --disable-tbb --prefix=/home/alberto/Documentos/TFG/PARSEC/pkgs/apps/bodytrack/inst/amd64-linux.gcc':
checking for a BSD-compatible install... /home/alberto/Documentos/TFG/PARSEC/bin/install -c
checking whether build environment is sane... yes
checking for gawk... no
checking for mawk... mawk
checking whether /usr/bin/make sets $(MAKE)... yes
checking build system type... x86_64-unknown-linux-gnu
checking host system type... x86_64-unknown-linux-gnu
checking for style of include used by /usr/bin/make... GNU
checking for gcc... /usr/bin/gcc
checking for C compiler default output file name... a.out
checking whether the C compiler works... yes
checking whether we are cross compiling... no
checking for suffix of executables... 
checking for suffix of object files... o
checking whether we are using the GNU C compiler... yes
checking whether /usr/bin/gcc accepts -g... yes
checking for /usr/bin/gcc option to accept ISO C89... none needed
checking dependency style of /usr/bin/gcc... gcc3
checking for a sed that does not truncate output... /usr/bin/sed
checking for grep that handles long lines and -e... /usr/bin/grep
checking for egrep... /usr/bin/grep -E
checking for ld used by /usr/bin/gcc... /usr/bin/ld
checking if the linker (/usr/bin/ld) is GNU ld... yes
checking for /usr/bin/ld option to reload object files... -r
checking for BSD-compatible nm... /usr/bin/nm -B
checking whether ln -s works... yes
checking how to recognise dependent libraries... pass_all
checking how to run the C preprocessor... /usr/bin/cpp
checking for ANSI C header files... yes
checking for sys/types.h... yes
checking for sys/stat.h... yes
checking for stdlib.h... yes
checking for string.h... yes
checking for memory.h... yes
checking for strings.h... yes
checking for inttypes.h... yes
checking for stdint.h... yes
checking for unistd.h... yes
checking dlfcn.h usability... yes
checking dlfcn.h presence... yes
checking for dlfcn.h... yes
checking whether we are using the GNU C++ compiler... yes
checking whether /usr/bin/g++ accepts -g... yes
checking dependency style of /usr/bin/g++... gcc3
checking how to run the C++ preprocessor... /usr/bin/g++ -E
checking for g77... no
checking for f77... no
checking for xlf... no
checking for frt... no
checking for pgf77... no
checking for cf77... no
checking for fort77... no
checking for fl32... no
checking for af77... no
checking for f90... no
checking for xlf90... no
checking for pgf90... no
checking for pghpf... no
checking for epcf90... no
checking for gfortran... no
checking for g95... no
checking for f95... no
checking for fort... no
checking for xlf95... no
checking for ifort... no
checking for ifc... no
checking for efc... no
checking for pgf95... no
checking for lf95... no
checking for ftn... no
checking whether we are using the GNU Fortran 77 compiler... no
checking whether  accepts -g... no
checking the maximum length of command line arguments... 32768
checking command to parse /usr/bin/nm -B output from /usr/bin/gcc object... ok
checking for objdir... .libs
checking for ar... /usr/bin/ar
checking for ranlib... /usr/bin/ranlib
checking for strip... /usr/bin/strip
checking if /usr/bin/gcc supports -fno-rtti -fno-exceptions... no
checking for /usr/bin/gcc option to produce PIC... -fPIC
checking if /usr/bin/gcc PIC flag -fPIC works... yes
checking if /usr/bin/gcc static flag -static works... yes
checking if /usr/bin/gcc supports -c -o file.o... yes
checking whether the /usr/bin/gcc linker (/usr/bin/ld -m elf_x86_64) supports shared libraries... yes
checking whether -lc should be explicitly linked in... no
checking dynamic linker characteristics... GNU/Linux ld.so
checking how to hardcode library paths into programs... immediate
checking whether stripping libraries is possible... yes
checking if libtool supports shared libraries... yes
checking whether to build shared libraries... yes
checking whether to build static libraries... yes
configure: creating libtool
appending configuration tag "CXX" to libtool
checking for ld used by /usr/bin/g++... /usr/bin/ld -m elf_x86_64
checking if the linker (/usr/bin/ld -m elf_x86_64) is GNU ld... yes
checking whether the /usr/bin/g++ linker (/usr/bin/ld -m elf_x86_64) supports shared libraries... yes
checking for /usr/bin/g++ option to produce PIC... -fPIC
checking if /usr/bin/g++ PIC flag -fPIC works... yes
checking if /usr/bin/g++ static flag -static works... yes
checking if /usr/bin/g++ supports -c -o file.o... yes
checking whether the /usr/bin/g++ linker (/usr/bin/ld -m elf_x86_64) supports shared libraries... yes
checking dynamic linker characteristics... GNU/Linux ld.so
checking how to hardcode library paths into programs... immediate
appending configuration tag "F77" to libtool
checking whether we are using the GNU C++ compiler... (cached) yes
checking whether /usr/bin/g++ accepts -g... (cached) yes
checking dependency style of /usr/bin/g++... (cached) gcc3
checking for a BSD-compatible install... /home/alberto/Documentos/TFG/PARSEC/bin/install -c
checking whether ln -s works... yes
checking whether /usr/bin/make sets $(MAKE)... (cached) yes
checking for main in -lpthread... yes
checking pthread.h usability... yes
checking pthread.h presence... yes
checking for pthread.h... yes
checking for stdint.h... (cached) yes
checking for ANSI C header files... (cached) yes
checking for stdbool.h that conforms to C99... yes
checking for _Bool... yes
checking whether time.h and sys/time.h may both be included... yes
checking for an ANSI C-conforming const... yes
checking for inline... inline
checking for memset... yes
checking for sqrt... no
configure: creating ./config.status
config.status: creating Makefile
config.status: creating FlexImageLib/Makefile
config.status: creating TrackingBenchmark/Makefile
config.status: creating TrackingBenchmark/threads/Makefile
config.status: creating config.h
config.status: executing depfiles commands
[PARSEC] Running 'env CXXFLAGS=-O3 -g -funroll-loops -fprefetch-loop-arrays -fpermissive -fno-exceptions -static-libgcc -Wl,--hash-style=both,--as-needed -DPARSEC_VERSION=3.0-beta-20150206 -fexceptions /usr/bin/make':
/usr/bin/make  all-recursive
make[1]: se entra en el directorio '/home/alberto/Documentos/TFG/PARSEC/pkgs/apps/bodytrack/obj/amd64-linux.gcc'
Making all in FlexImageLib
make[2]: se entra en el directorio '/home/alberto/Documentos/TFG/PARSEC/pkgs/apps/bodytrack/obj/amd64-linux.gcc/FlexImageLib'
if /bin/bash ../libtool --tag=CXX --mode=compile /usr/bin/g++ -DHAVE_CONFIG_H -I. -I/home/alberto/Documentos/TFG/PARSEC/pkgs/apps/bodytrack/src/FlexImageLib -I..     -O3 -g -funroll-loops -fprefetch-loop-arrays -fpermissive -fno-exceptions -static-libgcc -Wl,--hash-style=both,--as-needed -DPARSEC_VERSION=3.0-beta-20150206 -fexceptions -Wall -Wno-unknown-pragmas -MT FlexImage.lo -MD -MP -MF ".deps/FlexImage.Tpo" -c -o FlexImage.lo /home/alberto/Documentos/TFG/PARSEC/pkgs/apps/bodytrack/src/FlexImageLib/FlexImage.cpp; \
then mv -f ".deps/FlexImage.Tpo" ".deps/FlexImage.Plo"; else rm -f ".deps/FlexImage.Tpo"; exit 1; fi
mkdir .libs
 /usr/bin/g++ -DHAVE_CONFIG_H -I. -I/home/alberto/Documentos/TFG/PARSEC/pkgs/apps/bodytrack/src/FlexImageLib -I.. -O3 -g -funroll-loops -fprefetch-loop-arrays -fpermissive -fno-exceptions -static-libgcc -Wl,--hash-style=both,--as-needed -DPARSEC_VERSION=3.0-beta-20150206 -fexceptions -Wall -Wno-unknown-pragmas -MT FlexImage.lo -MD -MP -MF .deps/FlexImage.Tpo -c /home/alberto/Documentos/TFG/PARSEC/pkgs/apps/bodytrack/src/FlexImageLib/FlexImage.cpp  -fPIC -DPIC -o .libs/FlexImage.o
 /usr/bin/g++ -DHAVE_CONFIG_H -I. -I/home/alberto/Documentos/TFG/PARSEC/pkgs/apps/bodytrack/src/FlexImageLib -I.. -O3 -g -funroll-loops -fprefetch-loop-arrays -fpermissive -fno-exceptions -static-libgcc -Wl,--hash-style=both,--as-needed -DPARSEC_VERSION=3.0-beta-20150206 -fexceptions -Wall -Wno-unknown-pragmas -MT FlexImage.lo -MD -MP -MF .deps/FlexImage.Tpo -c /home/alberto/Documentos/TFG/PARSEC/pkgs/apps/bodytrack/src/FlexImageLib/FlexImage.cpp -o FlexImage.o >/dev/null 2>&1
if /bin/bash ../libtool --tag=CXX --mode=compile /usr/bin/g++ -DHAVE_CONFIG_H -I. -I/home/alberto/Documentos/TFG/PARSEC/pkgs/apps/bodytrack/src/FlexImageLib -I..     -O3 -g -funroll-loops -fprefetch-loop-arrays -fpermissive -fno-exceptions -static-libgcc -Wl,--hash-style=both,--as-needed -DPARSEC_VERSION=3.0-beta-20150206 -fexceptions -Wall -Wno-unknown-pragmas -MT FlexIO.lo -MD -MP -MF ".deps/FlexIO.Tpo" -c -o FlexIO.lo /home/alberto/Documentos/TFG/PARSEC/pkgs/apps/bodytrack/src/FlexImageLib/FlexIO.cpp; \
then mv -f ".deps/FlexIO.Tpo" ".deps/FlexIO.Plo"; else rm -f ".deps/FlexIO.Tpo"; exit 1; fi
 /usr/bin/g++ -DHAVE_CONFIG_H -I. -I/home/alberto/Documentos/TFG/PARSEC/pkgs/apps/bodytrack/src/FlexImageLib -I.. -O3 -g -funroll-loops -fprefetch-loop-arrays -fpermissive -fno-exceptions -static-libgcc -Wl,--hash-style=both,--as-needed -DPARSEC_VERSION=3.0-beta-20150206 -fexceptions -Wall -Wno-unknown-pragmas -MT FlexIO.lo -MD -MP -MF .deps/FlexIO.Tpo -c /home/alberto/Documentos/TFG/PARSEC/pkgs/apps/bodytrack/src/FlexImageLib/FlexIO.cpp  -fPIC -DPIC -o .libs/FlexIO.o
 /usr/bin/g++ -DHAVE_CONFIG_H -I. -I/home/alberto/Documentos/TFG/PARSEC/pkgs/apps/bodytrack/src/FlexImageLib -I.. -O3 -g -funroll-loops -fprefetch-loop-arrays -fpermissive -fno-exceptions -static-libgcc -Wl,--hash-style=both,--as-needed -DPARSEC_VERSION=3.0-beta-20150206 -fexceptions -Wall -Wno-unknown-pragmas -MT FlexIO.lo -MD -MP -MF .deps/FlexIO.Tpo -c /home/alberto/Documentos/TFG/PARSEC/pkgs/apps/bodytrack/src/FlexImageLib/FlexIO.cpp -o FlexIO.o >/dev/null 2>&1
/bin/bash ../libtool --tag=CXX --mode=link /usr/bin/g++  -O3 -g -funroll-loops -fprefetch-loop-arrays -fpermissive -fno-exceptions -static-libgcc -Wl,--hash-style=both,--as-needed -DPARSEC_VERSION=3.0-beta-20150206 -fexceptions -Wall -Wno-unknown-pragmas  -L/usr/lib64 -L/usr/lib -o libflex.la   FlexImage.lo FlexIO.lo  -lpthread 
/usr/bin/ar cru .libs/libflex.a .libs/FlexImage.o .libs/FlexIO.o
/usr/bin/ranlib .libs/libflex.a
creating libflex.la
(cd .libs && rm -f libflex.la && ln -s ../libflex.la libflex.la)
make[2]: se sale del directorio '/home/alberto/Documentos/TFG/PARSEC/pkgs/apps/bodytrack/obj/amd64-linux.gcc/FlexImageLib'
Making all in TrackingBenchmark
make[2]: se entra en el directorio '/home/alberto/Documentos/TFG/PARSEC/pkgs/apps/bodytrack/obj/amd64-linux.gcc/TrackingBenchmark'
Making all in threads
make[3]: se entra en el directorio '/home/alberto/Documentos/TFG/PARSEC/pkgs/apps/bodytrack/obj/amd64-linux.gcc/TrackingBenchmark/threads'
if /bin/bash ../../libtool --tag=CXX --mode=compile /usr/bin/g++ -DHAVE_CONFIG_H -I. -I/home/alberto/Documentos/TFG/PARSEC/pkgs/apps/bodytrack/src/TrackingBenchmark/threads -I../..  -pthread   -O3 -g -funroll-loops -fprefetch-loop-arrays -fpermissive -fno-exceptions -static-libgcc -Wl,--hash-style=both,--as-needed -DPARSEC_VERSION=3.0-beta-20150206 -fexceptions -Wall -Wno-unknown-pragmas -MT Thread.lo -MD -MP -MF ".deps/Thread.Tpo" -c -o Thread.lo /home/alberto/Documentos/TFG/PARSEC/pkgs/apps/bodytrack/src/TrackingBenchmark/threads/Thread.cpp; \
then mv -f ".deps/Thread.Tpo" ".deps/Thread.Plo"; else rm -f ".deps/Thread.Tpo"; exit 1; fi
mkdir .libs
 /usr/bin/g++ -DHAVE_CONFIG_H -I. -I/home/alberto/Documentos/TFG/PARSEC/pkgs/apps/bodytrack/src/TrackingBenchmark/threads -I../.. -pthread -O3 -g -funroll-loops -fprefetch-loop-arrays -fpermissive -fno-exceptions -static-libgcc -Wl,--hash-style=both,--as-needed -DPARSEC_VERSION=3.0-beta-20150206 -fexceptions -Wall -Wno-unknown-pragmas -MT Thread.lo -MD -MP -MF .deps/Thread.Tpo -c /home/alberto/Documentos/TFG/PARSEC/pkgs/apps/bodytrack/src/TrackingBenchmark/threads/Thread.cpp  -fPIC -DPIC -o .libs/Thread.o
 /usr/bin/g++ -DHAVE_CONFIG_H -I. -I/home/alberto/Documentos/TFG/PARSEC/pkgs/apps/bodytrack/src/TrackingBenchmark/threads -I../.. -pthread -O3 -g -funroll-loops -fprefetch-loop-arrays -fpermissive -fno-exceptions -static-libgcc -Wl,--hash-style=both,--as-needed -DPARSEC_VERSION=3.0-beta-20150206 -fexceptions -Wall -Wno-unknown-pragmas -MT Thread.lo -MD -MP -MF .deps/Thread.Tpo -c /home/alberto/Documentos/TFG/PARSEC/pkgs/apps/bodytrack/src/TrackingBenchmark/threads/Thread.cpp -o Thread.o >/dev/null 2>&1
if /bin/bash ../../libtool --tag=CXX --mode=compile /usr/bin/g++ -DHAVE_CONFIG_H -I. -I/home/alberto/Documentos/TFG/PARSEC/pkgs/apps/bodytrack/src/TrackingBenchmark/threads -I../..  -pthread   -O3 -g -funroll-loops -fprefetch-loop-arrays -fpermissive -fno-exceptions -static-libgcc -Wl,--hash-style=both,--as-needed -DPARSEC_VERSION=3.0-beta-20150206 -fexceptions -Wall -Wno-unknown-pragmas -MT ThreadGroup.lo -MD -MP -MF ".deps/ThreadGroup.Tpo" -c -o ThreadGroup.lo /home/alberto/Documentos/TFG/PARSEC/pkgs/apps/bodytrack/src/TrackingBenchmark/threads/ThreadGroup.cpp; \
then mv -f ".deps/ThreadGroup.Tpo" ".deps/ThreadGroup.Plo"; else rm -f ".deps/ThreadGroup.Tpo"; exit 1; fi
 /usr/bin/g++ -DHAVE_CONFIG_H -I. -I/home/alberto/Documentos/TFG/PARSEC/pkgs/apps/bodytrack/src/TrackingBenchmark/threads -I../.. -pthread -O3 -g -funroll-loops -fprefetch-loop-arrays -fpermissive -fno-exceptions -static-libgcc -Wl,--hash-style=both,--as-needed -DPARSEC_VERSION=3.0-beta-20150206 -fexceptions -Wall -Wno-unknown-pragmas -MT ThreadGroup.lo -MD -MP -MF .deps/ThreadGroup.Tpo -c /home/alberto/Documentos/TFG/PARSEC/pkgs/apps/bodytrack/src/TrackingBenchmark/threads/ThreadGroup.cpp  -fPIC -DPIC -o .libs/ThreadGroup.o
 /usr/bin/g++ -DHAVE_CONFIG_H -I. -I/home/alberto/Documentos/TFG/PARSEC/pkgs/apps/bodytrack/src/TrackingBenchmark/threads -I../.. -pthread -O3 -g -funroll-loops -fprefetch-loop-arrays -fpermissive -fno-exceptions -static-libgcc -Wl,--hash-style=both,--as-needed -DPARSEC_VERSION=3.0-beta-20150206 -fexceptions -Wall -Wno-unknown-pragmas -MT ThreadGroup.lo -MD -MP -MF .deps/ThreadGroup.Tpo -c /home/alberto/Documentos/TFG/PARSEC/pkgs/apps/bodytrack/src/TrackingBenchmark/threads/ThreadGroup.cpp -o ThreadGroup.o >/dev/null 2>&1
if /bin/bash ../../libtool --tag=CXX --mode=compile /usr/bin/g++ -DHAVE_CONFIG_H -I. -I/home/alberto/Documentos/TFG/PARSEC/pkgs/apps/bodytrack/src/TrackingBenchmark/threads -I../..  -pthread   -O3 -g -funroll-loops -fprefetch-loop-arrays -fpermissive -fno-exceptions -static-libgcc -Wl,--hash-style=both,--as-needed -DPARSEC_VERSION=3.0-beta-20150206 -fexceptions -Wall -Wno-unknown-pragmas -MT WorkerGroup.lo -MD -MP -MF ".deps/WorkerGroup.Tpo" -c -o WorkerGroup.lo /home/alberto/Documentos/TFG/PARSEC/pkgs/apps/bodytrack/src/TrackingBenchmark/threads/WorkerGroup.cpp; \
then mv -f ".deps/WorkerGroup.Tpo" ".deps/WorkerGroup.Plo"; else rm -f ".deps/WorkerGroup.Tpo"; exit 1; fi
 /usr/bin/g++ -DHAVE_CONFIG_H -I. -I/home/alberto/Documentos/TFG/PARSEC/pkgs/apps/bodytrack/src/TrackingBenchmark/threads -I../.. -pthread -O3 -g -funroll-loops -fprefetch-loop-arrays -fpermissive -fno-exceptions -static-libgcc -Wl,--hash-style=both,--as-needed -DPARSEC_VERSION=3.0-beta-20150206 -fexceptions -Wall -Wno-unknown-pragmas -MT WorkerGroup.lo -MD -MP -MF .deps/WorkerGroup.Tpo -c /home/alberto/Documentos/TFG/PARSEC/pkgs/apps/bodytrack/src/TrackingBenchmark/threads/WorkerGroup.cpp  -fPIC -DPIC -o .libs/WorkerGroup.o
 /usr/bin/g++ -DHAVE_CONFIG_H -I. -I/home/alberto/Documentos/TFG/PARSEC/pkgs/apps/bodytrack/src/TrackingBenchmark/threads -I../.. -pthread -O3 -g -funroll-loops -fprefetch-loop-arrays -fpermissive -fno-exceptions -static-libgcc -Wl,--hash-style=both,--as-needed -DPARSEC_VERSION=3.0-beta-20150206 -fexceptions -Wall -Wno-unknown-pragmas -MT WorkerGroup.lo -MD -MP -MF .deps/WorkerGroup.Tpo -c /home/alberto/Documentos/TFG/PARSEC/pkgs/apps/bodytrack/src/TrackingBenchmark/threads/WorkerGroup.cpp -o WorkerGroup.o >/dev/null 2>&1
if /bin/bash ../../libtool --tag=CXX --mode=compile /usr/bin/g++ -DHAVE_CONFIG_H -I. -I/home/alberto/Documentos/TFG/PARSEC/pkgs/apps/bodytrack/src/TrackingBenchmark/threads -I../..  -pthread   -O3 -g -funroll-loops -fprefetch-loop-arrays -fpermissive -fno-exceptions -static-libgcc -Wl,--hash-style=both,--as-needed -DPARSEC_VERSION=3.0-beta-20150206 -fexceptions -Wall -Wno-unknown-pragmas -MT Mutex.lo -MD -MP -MF ".deps/Mutex.Tpo" -c -o Mutex.lo /home/alberto/Documentos/TFG/PARSEC/pkgs/apps/bodytrack/src/TrackingBenchmark/threads/Mutex.cpp; \
then mv -f ".deps/Mutex.Tpo" ".deps/Mutex.Plo"; else rm -f ".deps/Mutex.Tpo"; exit 1; fi
 /usr/bin/g++ -DHAVE_CONFIG_H -I. -I/home/alberto/Documentos/TFG/PARSEC/pkgs/apps/bodytrack/src/TrackingBenchmark/threads -I../.. -pthread -O3 -g -funroll-loops -fprefetch-loop-arrays -fpermissive -fno-exceptions -static-libgcc -Wl,--hash-style=both,--as-needed -DPARSEC_VERSION=3.0-beta-20150206 -fexceptions -Wall -Wno-unknown-pragmas -MT Mutex.lo -MD -MP -MF .deps/Mutex.Tpo -c /home/alberto/Documentos/TFG/PARSEC/pkgs/apps/bodytrack/src/TrackingBenchmark/threads/Mutex.cpp  -fPIC -DPIC -o .libs/Mutex.o
 /usr/bin/g++ -DHAVE_CONFIG_H -I. -I/home/alberto/Documentos/TFG/PARSEC/pkgs/apps/bodytrack/src/TrackingBenchmark/threads -I../.. -pthread -O3 -g -funroll-loops -fprefetch-loop-arrays -fpermissive -fno-exceptions -static-libgcc -Wl,--hash-style=both,--as-needed -DPARSEC_VERSION=3.0-beta-20150206 -fexceptions -Wall -Wno-unknown-pragmas -MT Mutex.lo -MD -MP -MF .deps/Mutex.Tpo -c /home/alberto/Documentos/TFG/PARSEC/pkgs/apps/bodytrack/src/TrackingBenchmark/threads/Mutex.cpp -o Mutex.o >/dev/null 2>&1
if /bin/bash ../../libtool --tag=CXX --mode=compile /usr/bin/g++ -DHAVE_CONFIG_H -I. -I/home/alberto/Documentos/TFG/PARSEC/pkgs/apps/bodytrack/src/TrackingBenchmark/threads -I../..  -pthread   -O3 -g -funroll-loops -fprefetch-loop-arrays -fpermissive -fno-exceptions -static-libgcc -Wl,--hash-style=both,--as-needed -DPARSEC_VERSION=3.0-beta-20150206 -fexceptions -Wall -Wno-unknown-pragmas -MT Condition.lo -MD -MP -MF ".deps/Condition.Tpo" -c -o Condition.lo /home/alberto/Documentos/TFG/PARSEC/pkgs/apps/bodytrack/src/TrackingBenchmark/threads/Condition.cpp; \
then mv -f ".deps/Condition.Tpo" ".deps/Condition.Plo"; else rm -f ".deps/Condition.Tpo"; exit 1; fi
 /usr/bin/g++ -DHAVE_CONFIG_H -I. -I/home/alberto/Documentos/TFG/PARSEC/pkgs/apps/bodytrack/src/TrackingBenchmark/threads -I../.. -pthread -O3 -g -funroll-loops -fprefetch-loop-arrays -fpermissive -fno-exceptions -static-libgcc -Wl,--hash-style=both,--as-needed -DPARSEC_VERSION=3.0-beta-20150206 -fexceptions -Wall -Wno-unknown-pragmas -MT Condition.lo -MD -MP -MF .deps/Condition.Tpo -c /home/alberto/Documentos/TFG/PARSEC/pkgs/apps/bodytrack/src/TrackingBenchmark/threads/Condition.cpp  -fPIC -DPIC -o .libs/Condition.o
 /usr/bin/g++ -DHAVE_CONFIG_H -I. -I/home/alberto/Documentos/TFG/PARSEC/pkgs/apps/bodytrack/src/TrackingBenchmark/threads -I../.. -pthread -O3 -g -funroll-loops -fprefetch-loop-arrays -fpermissive -fno-exceptions -static-libgcc -Wl,--hash-style=both,--as-needed -DPARSEC_VERSION=3.0-beta-20150206 -fexceptions -Wall -Wno-unknown-pragmas -MT Condition.lo -MD -MP -MF .deps/Condition.Tpo -c /home/alberto/Documentos/TFG/PARSEC/pkgs/apps/bodytrack/src/TrackingBenchmark/threads/Condition.cpp -o Condition.o >/dev/null 2>&1
if /bin/bash ../../libtool --tag=CXX --mode=compile /usr/bin/g++ -DHAVE_CONFIG_H -I. -I/home/alberto/Documentos/TFG/PARSEC/pkgs/apps/bodytrack/src/TrackingBenchmark/threads -I../..  -pthread   -O3 -g -funroll-loops -fprefetch-loop-arrays -fpermissive -fno-exceptions -static-libgcc -Wl,--hash-style=both,--as-needed -DPARSEC_VERSION=3.0-beta-20150206 -fexceptions -Wall -Wno-unknown-pragmas -MT Barrier.lo -MD -MP -MF ".deps/Barrier.Tpo" -c -o Barrier.lo /home/alberto/Documentos/TFG/PARSEC/pkgs/apps/bodytrack/src/TrackingBenchmark/threads/Barrier.cpp; \
then mv -f ".deps/Barrier.Tpo" ".deps/Barrier.Plo"; else rm -f ".deps/Barrier.Tpo"; exit 1; fi
 /usr/bin/g++ -DHAVE_CONFIG_H -I. -I/home/alberto/Documentos/TFG/PARSEC/pkgs/apps/bodytrack/src/TrackingBenchmark/threads -I../.. -pthread -O3 -g -funroll-loops -fprefetch-loop-arrays -fpermissive -fno-exceptions -static-libgcc -Wl,--hash-style=both,--as-needed -DPARSEC_VERSION=3.0-beta-20150206 -fexceptions -Wall -Wno-unknown-pragmas -MT Barrier.lo -MD -MP -MF .deps/Barrier.Tpo -c /home/alberto/Documentos/TFG/PARSEC/pkgs/apps/bodytrack/src/TrackingBenchmark/threads/Barrier.cpp  -fPIC -DPIC -o .libs/Barrier.o
 /usr/bin/g++ -DHAVE_CONFIG_H -I. -I/home/alberto/Documentos/TFG/PARSEC/pkgs/apps/bodytrack/src/TrackingBenchmark/threads -I../.. -pthread -O3 -g -funroll-loops -fprefetch-loop-arrays -fpermissive -fno-exceptions -static-libgcc -Wl,--hash-style=both,--as-needed -DPARSEC_VERSION=3.0-beta-20150206 -fexceptions -Wall -Wno-unknown-pragmas -MT Barrier.lo -MD -MP -MF .deps/Barrier.Tpo -c /home/alberto/Documentos/TFG/PARSEC/pkgs/apps/bodytrack/src/TrackingBenchmark/threads/Barrier.cpp -o Barrier.o >/dev/null 2>&1
if /bin/bash ../../libtool --tag=CXX --mode=compile /usr/bin/g++ -DHAVE_CONFIG_H -I. -I/home/alberto/Documentos/TFG/PARSEC/pkgs/apps/bodytrack/src/TrackingBenchmark/threads -I../..  -pthread   -O3 -g -funroll-loops -fprefetch-loop-arrays -fpermissive -fno-exceptions -static-libgcc -Wl,--hash-style=both,--as-needed -DPARSEC_VERSION=3.0-beta-20150206 -fexceptions -Wall -Wno-unknown-pragmas -MT RWLock.lo -MD -MP -MF ".deps/RWLock.Tpo" -c -o RWLock.lo /home/alberto/Documentos/TFG/PARSEC/pkgs/apps/bodytrack/src/TrackingBenchmark/threads/RWLock.cpp; \
then mv -f ".deps/RWLock.Tpo" ".deps/RWLock.Plo"; else rm -f ".deps/RWLock.Tpo"; exit 1; fi
 /usr/bin/g++ -DHAVE_CONFIG_H -I. -I/home/alberto/Documentos/TFG/PARSEC/pkgs/apps/bodytrack/src/TrackingBenchmark/threads -I../.. -pthread -O3 -g -funroll-loops -fprefetch-loop-arrays -fpermissive -fno-exceptions -static-libgcc -Wl,--hash-style=both,--as-needed -DPARSEC_VERSION=3.0-beta-20150206 -fexceptions -Wall -Wno-unknown-pragmas -MT RWLock.lo -MD -MP -MF .deps/RWLock.Tpo -c /home/alberto/Documentos/TFG/PARSEC/pkgs/apps/bodytrack/src/TrackingBenchmark/threads/RWLock.cpp  -fPIC -DPIC -o .libs/RWLock.o
 /usr/bin/g++ -DHAVE_CONFIG_H -I. -I/home/alberto/Documentos/TFG/PARSEC/pkgs/apps/bodytrack/src/TrackingBenchmark/threads -I../.. -pthread -O3 -g -funroll-loops -fprefetch-loop-arrays -fpermissive -fno-exceptions -static-libgcc -Wl,--hash-style=both,--as-needed -DPARSEC_VERSION=3.0-beta-20150206 -fexceptions -Wall -Wno-unknown-pragmas -MT RWLock.lo -MD -MP -MF .deps/RWLock.Tpo -c /home/alberto/Documentos/TFG/PARSEC/pkgs/apps/bodytrack/src/TrackingBenchmark/threads/RWLock.cpp -o RWLock.o >/dev/null 2>&1
/bin/bash ../../libtool --tag=CXX --mode=link /usr/bin/g++  -O3 -g -funroll-loops -fprefetch-loop-arrays -fpermissive -fno-exceptions -static-libgcc -Wl,--hash-style=both,--as-needed -DPARSEC_VERSION=3.0-beta-20150206 -fexceptions -Wall -Wno-unknown-pragmas  -L/usr/lib64 -L/usr/lib -o libthreads.la   Thread.lo ThreadGroup.lo WorkerGroup.lo Mutex.lo Condition.lo Barrier.lo RWLock.lo  -lpthread 
/usr/bin/ar cru .libs/libthreads.a .libs/Thread.o .libs/ThreadGroup.o .libs/WorkerGroup.o .libs/Mutex.o .libs/Condition.o .libs/Barrier.o .libs/RWLock.o
/usr/bin/ranlib .libs/libthreads.a
creating libthreads.la
(cd .libs && rm -f libthreads.la && ln -s ../libthreads.la libthreads.la)
make[3]: se sale del directorio '/home/alberto/Documentos/TFG/PARSEC/pkgs/apps/bodytrack/obj/amd64-linux.gcc/TrackingBenchmark/threads'
make[3]: se entra en el directorio '/home/alberto/Documentos/TFG/PARSEC/pkgs/apps/bodytrack/obj/amd64-linux.gcc/TrackingBenchmark'
if /usr/bin/g++ -DHAVE_CONFIG_H -I. -I/home/alberto/Documentos/TFG/PARSEC/pkgs/apps/bodytrack/src/TrackingBenchmark -I..  -I/home/alberto/Documentos/TFG/PARSEC/pkgs/apps/bodytrack/src/TrackingBenchmark/../FlexImageLib   -O3 -g -funroll-loops -fprefetch-loop-arrays -fpermissive -fno-exceptions -static-libgcc -Wl,--hash-style=both,--as-needed -DPARSEC_VERSION=3.0-beta-20150206 -fexceptions -Wall -Wno-unknown-pragmas -MT AnnealingFactor.o -MD -MP -MF ".deps/AnnealingFactor.Tpo" -c -o AnnealingFactor.o /home/alberto/Documentos/TFG/PARSEC/pkgs/apps/bodytrack/src/TrackingBenchmark/AnnealingFactor.cpp; \
then mv -f ".deps/AnnealingFactor.Tpo" ".deps/AnnealingFactor.Po"; else rm -f ".deps/AnnealingFactor.Tpo"; exit 1; fi
if /usr/bin/g++ -DHAVE_CONFIG_H -I. -I/home/alberto/Documentos/TFG/PARSEC/pkgs/apps/bodytrack/src/TrackingBenchmark -I..  -I/home/alberto/Documentos/TFG/PARSEC/pkgs/apps/bodytrack/src/TrackingBenchmark/../FlexImageLib   -O3 -g -funroll-loops -fprefetch-loop-arrays -fpermissive -fno-exceptions -static-libgcc -Wl,--hash-style=both,--as-needed -DPARSEC_VERSION=3.0-beta-20150206 -fexceptions -Wall -Wno-unknown-pragmas -MT BodyGeometry.o -MD -MP -MF ".deps/BodyGeometry.Tpo" -c -o BodyGeometry.o /home/alberto/Documentos/TFG/PARSEC/pkgs/apps/bodytrack/src/TrackingBenchmark/BodyGeometry.cpp; \
then mv -f ".deps/BodyGeometry.Tpo" ".deps/BodyGeometry.Po"; else rm -f ".deps/BodyGeometry.Tpo"; exit 1; fi
if /usr/bin/g++ -DHAVE_CONFIG_H -I. -I/home/alberto/Documentos/TFG/PARSEC/pkgs/apps/bodytrack/src/TrackingBenchmark -I..  -I/home/alberto/Documentos/TFG/PARSEC/pkgs/apps/bodytrack/src/TrackingBenchmark/../FlexImageLib   -O3 -g -funroll-loops -fprefetch-loop-arrays -fpermissive -fno-exceptions -static-libgcc -Wl,--hash-style=both,--as-needed -DPARSEC_VERSION=3.0-beta-20150206 -fexceptions -Wall -Wno-unknown-pragmas -MT BodyPose.o -MD -MP -MF ".deps/BodyPose.Tpo" -c -o BodyPose.o /home/alberto/Documentos/TFG/PARSEC/pkgs/apps/bodytrack/src/TrackingBenchmark/BodyPose.cpp; \
then mv -f ".deps/BodyPose.Tpo" ".deps/BodyPose.Po"; else rm -f ".deps/BodyPose.Tpo"; exit 1; fi
if /usr/bin/g++ -DHAVE_CONFIG_H -I. -I/home/alberto/Documentos/TFG/PARSEC/pkgs/apps/bodytrack/src/TrackingBenchmark -I..  -I/home/alberto/Documentos/TFG/PARSEC/pkgs/apps/bodytrack/src/TrackingBenchmark/../FlexImageLib   -O3 -g -funroll-loops -fprefetch-loop-arrays -fpermissive -fno-exceptions -static-libgcc -Wl,--hash-style=both,--as-needed -DPARSEC_VERSION=3.0-beta-20150206 -fexceptions -Wall -Wno-unknown-pragmas -MT CameraModel.o -MD -MP -MF ".deps/CameraModel.Tpo" -c -o CameraModel.o /home/alberto/Documentos/TFG/PARSEC/pkgs/apps/bodytrack/src/TrackingBenchmark/CameraModel.cpp; \
then mv -f ".deps/CameraModel.Tpo" ".deps/CameraModel.Po"; else rm -f ".deps/CameraModel.Tpo"; exit 1; fi
if /usr/bin/g++ -DHAVE_CONFIG_H -I. -I/home/alberto/Documentos/TFG/PARSEC/pkgs/apps/bodytrack/src/TrackingBenchmark -I..  -I/home/alberto/Documentos/TFG/PARSEC/pkgs/apps/bodytrack/src/TrackingBenchmark/../FlexImageLib   -O3 -g -funroll-loops -fprefetch-loop-arrays -fpermissive -fno-exceptions -static-libgcc -Wl,--hash-style=both,--as-needed -DPARSEC_VERSION=3.0-beta-20150206 -fexceptions -Wall -Wno-unknown-pragmas -MT CovarianceMatrix.o -MD -MP -MF ".deps/CovarianceMatrix.Tpo" -c -o CovarianceMatrix.o /home/alberto/Documentos/TFG/PARSEC/pkgs/apps/bodytrack/src/TrackingBenchmark/CovarianceMatrix.cpp; \
then mv -f ".deps/CovarianceMatrix.Tpo" ".deps/CovarianceMatrix.Po"; else rm -f ".deps/CovarianceMatrix.Tpo"; exit 1; fi
if /usr/bin/g++ -DHAVE_CONFIG_H -I. -I/home/alberto/Documentos/TFG/PARSEC/pkgs/apps/bodytrack/src/TrackingBenchmark -I..  -I/home/alberto/Documentos/TFG/PARSEC/pkgs/apps/bodytrack/src/TrackingBenchmark/../FlexImageLib   -O3 -g -funroll-loops -fprefetch-loop-arrays -fpermissive -fno-exceptions -static-libgcc -Wl,--hash-style=both,--as-needed -DPARSEC_VERSION=3.0-beta-20150206 -fexceptions -Wall -Wno-unknown-pragmas -MT ImageMeasurements.o -MD -MP -MF ".deps/ImageMeasurements.Tpo" -c -o ImageMeasurements.o /home/alberto/Documentos/TFG/PARSEC/pkgs/apps/bodytrack/src/TrackingBenchmark/ImageMeasurements.cpp; \
then mv -f ".deps/ImageMeasurements.Tpo" ".deps/ImageMeasurements.Po"; else rm -f ".deps/ImageMeasurements.Tpo"; exit 1; fi
if /usr/bin/g++ -DHAVE_CONFIG_H -I. -I/home/alberto/Documentos/TFG/PARSEC/pkgs/apps/bodytrack/src/TrackingBenchmark -I..  -I/home/alberto/Documentos/TFG/PARSEC/pkgs/apps/bodytrack/src/TrackingBenchmark/../FlexImageLib   -O3 -g -funroll-loops -fprefetch-loop-arrays -fpermissive -fno-exceptions -static-libgcc -Wl,--hash-style=both,--as-needed -DPARSEC_VERSION=3.0-beta-20150206 -fexceptions -Wall -Wno-unknown-pragmas -MT ImageProjection.o -MD -MP -MF ".deps/ImageProjection.Tpo" -c -o ImageProjection.o /home/alberto/Documentos/TFG/PARSEC/pkgs/apps/bodytrack/src/TrackingBenchmark/ImageProjection.cpp; \
then mv -f ".deps/ImageProjection.Tpo" ".deps/ImageProjection.Po"; else rm -f ".deps/ImageProjection.Tpo"; exit 1; fi
if /usr/bin/g++ -DHAVE_CONFIG_H -I. -I/home/alberto/Documentos/TFG/PARSEC/pkgs/apps/bodytrack/src/TrackingBenchmark -I..  -I/home/alberto/Documentos/TFG/PARSEC/pkgs/apps/bodytrack/src/TrackingBenchmark/../FlexImageLib   -O3 -g -funroll-loops -fprefetch-loop-arrays -fpermissive -fno-exceptions -static-libgcc -Wl,--hash-style=both,--as-needed -DPARSEC_VERSION=3.0-beta-20150206 -fexceptions -Wall -Wno-unknown-pragmas -MT RandomGenerator.o -MD -MP -MF ".deps/RandomGenerator.Tpo" -c -o RandomGenerator.o /home/alberto/Documentos/TFG/PARSEC/pkgs/apps/bodytrack/src/TrackingBenchmark/RandomGenerator.cpp; \
then mv -f ".deps/RandomGenerator.Tpo" ".deps/RandomGenerator.Po"; else rm -f ".deps/RandomGenerator.Tpo"; exit 1; fi
if /usr/bin/g++ -DHAVE_CONFIG_H -I. -I/home/alberto/Documentos/TFG/PARSEC/pkgs/apps/bodytrack/src/TrackingBenchmark -I..  -I/home/alberto/Documentos/TFG/PARSEC/pkgs/apps/bodytrack/src/TrackingBenchmark/../FlexImageLib   -O3 -g -funroll-loops -fprefetch-loop-arrays -fpermissive -fno-exceptions -static-libgcc -Wl,--hash-style=both,--as-needed -DPARSEC_VERSION=3.0-beta-20150206 -fexceptions -Wall -Wno-unknown-pragmas -MT TrackingModel.o -MD -MP -MF ".deps/TrackingModel.Tpo" -c -o TrackingModel.o /home/alberto/Documentos/TFG/PARSEC/pkgs/apps/bodytrack/src/TrackingBenchmark/TrackingModel.cpp; \
then mv -f ".deps/TrackingModel.Tpo" ".deps/TrackingModel.Po"; else rm -f ".deps/TrackingModel.Tpo"; exit 1; fi
if /usr/bin/g++ -DHAVE_CONFIG_H -I. -I/home/alberto/Documentos/TFG/PARSEC/pkgs/apps/bodytrack/src/TrackingBenchmark -I..  -I/home/alberto/Documentos/TFG/PARSEC/pkgs/apps/bodytrack/src/TrackingBenchmark/../FlexImageLib   -O3 -g -funroll-loops -fprefetch-loop-arrays -fpermissive -fno-exceptions -static-libgcc -Wl,--hash-style=both,--as-needed -DPARSEC_VERSION=3.0-beta-20150206 -fexceptions -Wall -Wno-unknown-pragmas -MT main.o -MD -MP -MF ".deps/main.Tpo" -c -o main.o /home/alberto/Documentos/TFG/PARSEC/pkgs/apps/bodytrack/src/TrackingBenchmark/main.cpp; \
then mv -f ".deps/main.Tpo" ".deps/main.Po"; else rm -f ".deps/main.Tpo"; exit 1; fi
if /usr/bin/g++ -DHAVE_CONFIG_H -I. -I/home/alberto/Documentos/TFG/PARSEC/pkgs/apps/bodytrack/src/TrackingBenchmark -I..  -I/home/alberto/Documentos/TFG/PARSEC/pkgs/apps/bodytrack/src/TrackingBenchmark/../FlexImageLib   -O3 -g -funroll-loops -fprefetch-loop-arrays -fpermissive -fno-exceptions -static-libgcc -Wl,--hash-style=both,--as-needed -DPARSEC_VERSION=3.0-beta-20150206 -fexceptions -Wall -Wno-unknown-pragmas -MT TrackingModelPthread.o -MD -MP -MF ".deps/TrackingModelPthread.Tpo" -c -o TrackingModelPthread.o /home/alberto/Documentos/TFG/PARSEC/pkgs/apps/bodytrack/src/TrackingBenchmark/TrackingModelPthread.cpp; \
then mv -f ".deps/TrackingModelPthread.Tpo" ".deps/TrackingModelPthread.Po"; else rm -f ".deps/TrackingModelPthread.Tpo"; exit 1; fi
if /usr/bin/g++ -DHAVE_CONFIG_H -I. -I/home/alberto/Documentos/TFG/PARSEC/pkgs/apps/bodytrack/src/TrackingBenchmark -I..  -I/home/alberto/Documentos/TFG/PARSEC/pkgs/apps/bodytrack/src/TrackingBenchmark/../FlexImageLib   -O3 -g -funroll-loops -fprefetch-loop-arrays -fpermissive -fno-exceptions -static-libgcc -Wl,--hash-style=both,--as-needed -DPARSEC_VERSION=3.0-beta-20150206 -fexceptions -Wall -Wno-unknown-pragmas -MT AsyncIO.o -MD -MP -MF ".deps/AsyncIO.Tpo" -c -o AsyncIO.o /home/alberto/Documentos/TFG/PARSEC/pkgs/apps/bodytrack/src/TrackingBenchmark/AsyncIO.cpp; \
then mv -f ".deps/AsyncIO.Tpo" ".deps/AsyncIO.Po"; else rm -f ".deps/AsyncIO.Tpo"; exit 1; fi
/bin/bash ../libtool --tag=CXX --mode=link /usr/bin/g++  -O3 -g -funroll-loops -fprefetch-loop-arrays -fpermissive -fno-exceptions -static-libgcc -Wl,--hash-style=both,--as-needed -DPARSEC_VERSION=3.0-beta-20150206 -fexceptions -Wall -Wno-unknown-pragmas  -L/usr/lib64 -L/usr/lib -o bodytrack  AnnealingFactor.o BodyGeometry.o BodyPose.o CameraModel.o CovarianceMatrix.o ImageMeasurements.o ImageProjection.o RandomGenerator.o TrackingModel.o main.o  TrackingModelPthread.o AsyncIO.o  ../FlexImageLib/libflex.la -lm threads/libthreads.la  -lpthread 
mkdir .libs
/usr/bin/g++ -O3 -g -funroll-loops -fprefetch-loop-arrays -fpermissive -fno-exceptions -static-libgcc -Wl,--hash-style=both -Wl,--as-needed -DPARSEC_VERSION=3.0-beta-20150206 -fexceptions -Wall -Wno-unknown-pragmas -o bodytrack AnnealingFactor.o BodyGeometry.o BodyPose.o CameraModel.o CovarianceMatrix.o ImageMeasurements.o ImageProjection.o RandomGenerator.o TrackingModel.o main.o TrackingModelPthread.o AsyncIO.o  -L/usr/lib64 -L/usr/lib ../FlexImageLib/.libs/libflex.a -lm threads/.libs/libthreads.a -lpthread  
make[3]: se sale del directorio '/home/alberto/Documentos/TFG/PARSEC/pkgs/apps/bodytrack/obj/amd64-linux.gcc/TrackingBenchmark'
make[2]: se sale del directorio '/home/alberto/Documentos/TFG/PARSEC/pkgs/apps/bodytrack/obj/amd64-linux.gcc/TrackingBenchmark'
make[2]: se entra en el directorio '/home/alberto/Documentos/TFG/PARSEC/pkgs/apps/bodytrack/obj/amd64-linux.gcc'
make[2]: se sale del directorio '/home/alberto/Documentos/TFG/PARSEC/pkgs/apps/bodytrack/obj/amd64-linux.gcc'
make[1]: se sale del directorio '/home/alberto/Documentos/TFG/PARSEC/pkgs/apps/bodytrack/obj/amd64-linux.gcc'
[PARSEC] Running 'env CXXFLAGS=-O3 -g -funroll-loops -fprefetch-loop-arrays -fpermissive -fno-exceptions -static-libgcc -Wl,--hash-style=both,--as-needed -DPARSEC_VERSION=3.0-beta-20150206 -fexceptions /usr/bin/make install':
Making install in FlexImageLib
make[1]: se entra en el directorio '/home/alberto/Documentos/TFG/PARSEC/pkgs/apps/bodytrack/obj/amd64-linux.gcc/FlexImageLib'
make[2]: se entra en el directorio '/home/alberto/Documentos/TFG/PARSEC/pkgs/apps/bodytrack/obj/amd64-linux.gcc/FlexImageLib'
make[2]: No se hace nada para 'install-exec-am'.
make[2]: No se hace nada para 'install-data-am'.
make[2]: se sale del directorio '/home/alberto/Documentos/TFG/PARSEC/pkgs/apps/bodytrack/obj/amd64-linux.gcc/FlexImageLib'
make[1]: se sale del directorio '/home/alberto/Documentos/TFG/PARSEC/pkgs/apps/bodytrack/obj/amd64-linux.gcc/FlexImageLib'
Making install in TrackingBenchmark
make[1]: se entra en el directorio '/home/alberto/Documentos/TFG/PARSEC/pkgs/apps/bodytrack/obj/amd64-linux.gcc/TrackingBenchmark'
Making install in threads
make[2]: se entra en el directorio '/home/alberto/Documentos/TFG/PARSEC/pkgs/apps/bodytrack/obj/amd64-linux.gcc/TrackingBenchmark/threads'
make[3]: se entra en el directorio '/home/alberto/Documentos/TFG/PARSEC/pkgs/apps/bodytrack/obj/amd64-linux.gcc/TrackingBenchmark/threads'
make[3]: No se hace nada para 'install-exec-am'.
make[3]: No se hace nada para 'install-data-am'.
make[3]: se sale del directorio '/home/alberto/Documentos/TFG/PARSEC/pkgs/apps/bodytrack/obj/amd64-linux.gcc/TrackingBenchmark/threads'
make[2]: se sale del directorio '/home/alberto/Documentos/TFG/PARSEC/pkgs/apps/bodytrack/obj/amd64-linux.gcc/TrackingBenchmark/threads'
make[2]: se entra en el directorio '/home/alberto/Documentos/TFG/PARSEC/pkgs/apps/bodytrack/obj/amd64-linux.gcc/TrackingBenchmark'
make[3]: se entra en el directorio '/home/alberto/Documentos/TFG/PARSEC/pkgs/apps/bodytrack/obj/amd64-linux.gcc/TrackingBenchmark'
test -z "/home/alberto/Documentos/TFG/PARSEC/pkgs/apps/bodytrack/inst/amd64-linux.gcc/bin" || mkdir -p -- "/home/alberto/Documentos/TFG/PARSEC/pkgs/apps/bodytrack/inst/amd64-linux.gcc/bin"
  /bin/bash ../libtool --mode=install /home/alberto/Documentos/TFG/PARSEC/bin/install -c 'bodytrack' '/home/alberto/Documentos/TFG/PARSEC/pkgs/apps/bodytrack/inst/amd64-linux.gcc/bin/bodytrack'
/home/alberto/Documentos/TFG/PARSEC/bin/install -c bodytrack /home/alberto/Documentos/TFG/PARSEC/pkgs/apps/bodytrack/inst/amd64-linux.gcc/bin/bodytrack
make[3]: No se hace nada para 'install-data-am'.
make[3]: se sale del directorio '/home/alberto/Documentos/TFG/PARSEC/pkgs/apps/bodytrack/obj/amd64-linux.gcc/TrackingBenchmark'
make[2]: se sale del directorio '/home/alberto/Documentos/TFG/PARSEC/pkgs/apps/bodytrack/obj/amd64-linux.gcc/TrackingBenchmark'
make[1]: se sale del directorio '/home/alberto/Documentos/TFG/PARSEC/pkgs/apps/bodytrack/obj/amd64-linux.gcc/TrackingBenchmark'
make[1]: se entra en el directorio '/home/alberto/Documentos/TFG/PARSEC/pkgs/apps/bodytrack/obj/amd64-linux.gcc'
make[2]: se entra en el directorio '/home/alberto/Documentos/TFG/PARSEC/pkgs/apps/bodytrack/obj/amd64-linux.gcc'
make[2]: No se hace nada para 'install-exec-am'.
make[2]: No se hace nada para 'install-data-am'.
make[2]: se sale del directorio '/home/alberto/Documentos/TFG/PARSEC/pkgs/apps/bodytrack/obj/amd64-linux.gcc'
make[1]: se sale del directorio '/home/alberto/Documentos/TFG/PARSEC/pkgs/apps/bodytrack/obj/amd64-linux.gcc'
[PARSEC] Done.
