[PARSEC] [========== PARSEC 3.0-beta-20150206 RUN LOGFILE ==========]

[PARSEC] Run with amd64-linux.gcc binaries and input native started on lun 29 mar 2021 12:49:08 CEST.
[PARSEC] Benchmarks to run:  parsec.netstreamcluster

[PARSEC] [========== Running benchmark parsec.netstreamcluster [1] ==========]
[PARSEC] Deleting old run directory.
[PARSEC] Setting up run directory.
[PARSEC] No archive for input 'native' available, skipping input setup.
[PARSEC] Running 'time /home/alberto/Documentos/TFG/PARSEC/pkgs/netapps/netstreamcluster/inst/amd64-linux.gcc/bin/run.sh 1 native':
[PARSEC] [---------- Beginning of output ----------]
Running
/home/alberto/Documentos/TFG/PARSEC/pkgs/netapps/netstreamcluster/inst/amd64-linux.gcc/bin/client 128 1000000 200000 1 &
/home/alberto/Documentos/TFG/PARSEC/pkgs/netapps/netstreamcluster/inst/amd64-linux.gcc/bin/server 10 20 128 1000000 200000 5000 none output.txt 1
PARSEC Benchmark Suite Version 3.0-beta-20150206

============================================================
  Enter PARSEC TCPIP ROI 
============================================================[Server] 1 clients are connected

LeakSanitizer:DEADLYSIGNAL
==36758==ERROR: LeakSanitizer: SEGV on unknown address 0x7f835093c008 (pc 0x55f2a53b3092 bp 0x000000000000 sp 0x7f83528952a0 T5)
==36758==The signal is caused by a READ memory access.
    #0 0x55f2a53b3092 in receive_from_client(void*) /home/alberto/Documentos/TFG/PARSEC/pkgs/netapps/netstreamcluster/obj/amd64-linux.gcc/server/streamcluster.cpp:1917
    #1 0x7f8358901608 in start_thread /build/glibc-eX1tMB/glibc-2.31/nptl/pthread_create.c:477
    #2 0x7f83584f8292 in __clone (/lib/x86_64-linux-gnu/libc.so.6+0x122292)

LeakSanitizer can not provide additional info.
SUMMARY: LeakSanitizer: SEGV /home/alberto/Documentos/TFG/PARSEC/pkgs/netapps/netstreamcluster/obj/amd64-linux.gcc/server/streamcluster.cpp:1917 in receive_from_client(void*)
==36758==ABORTING

real	0m0,182s
user	0m0,027s
sys	0m0,013s
