[PARSEC] [========== PARSEC 3.0-beta-20150206 RUN LOGFILE ==========]

[PARSEC] Run with amd64-linux.gcc binaries and input native started on vie 02 abr 2021 10:44:57 CEST.
[PARSEC] Benchmarks to run:  parsec.netstreamcluster

[PARSEC] [========== Running benchmark parsec.netstreamcluster [1] ==========]
[PARSEC] Deleting old run directory.
[PARSEC] Setting up run directory.
[PARSEC] No archive for input 'native' available, skipping input setup.
[PARSEC] Running 'time /home/alberto/Documentos/TFG/PARSEC/pkgs/netapps/netstreamcluster/inst/amd64-linux.gcc/bin/run.sh 1 native':
[PARSEC] [---------- Beginning of output ----------]
Running
/home/alberto/Documentos/TFG/PARSEC/pkgs/netapps/netstreamcluster/inst/amd64-linux.gcc/bin/client 128 1000000 200000 1 &
/home/alberto/Documentos/TFG/PARSEC/pkgs/netapps/netstreamcluster/inst/amd64-linux.gcc/bin/server 10 20 128 1000000 200000 5000 none output.txt 1
PARSEC Benchmark Suite Version 3.0-beta-20150206

============================================================
  Enter PARSEC TCPIP ROI 
============================================================
read 200000 points
[Server] 1 clients are connected
[0] Data size = 102400000B, time =  0.286359s, BW =  357.593MB/s
[0] Data size = 102400000B, time =  0.243930s, BW =  419.793MB/s
[0] Data size = 102400000B, time =  0.245546s, BW =  417.030MB/s
[0] Data size = 102400000B, time =  0.251223s, BW =  407.606MB/s
[0] Data size = 102400000B, time =  0.250516s, BW =  408.756MB/s
Send Ack

------------------------------------------------------------
      Execution Statistics of u-TCP/IP Stack 
------------------------------------------------------------
There are 6 threads, 5 involved to u-TCP/IP stack
(u-TCP/IP_Threads) / (Total_Threads) = 83.33%

ROI_RUN_TIME =   1.28s

     THREAD_TYPE         ACTIVE_TIME           ACTIVE(%)
        Rx_Tcpip              0.580s               45.22
         Tx_Link              0.085s                6.63
         Rx_Link              0.216s               16.83
           Timer              0.003s                0.25
          Socket              0.323s               25.20
------------------------------------------------------------

============================================================
  Exit PARSEC TCPIP ROI 
============================================================


=================================================================
==7926==ERROR: LeakSanitizer: detected memory leaks

Direct leak of 96 byte(s) in 2 object(s) allocated from:
    #0 0x7f6e5b4ee517 in malloc (/lib/x86_64-linux-gnu/libasan.so.6+0xb0517)
    #1 0x5638d036983f in host_pthread_cond_init /home/alberto/Documentos/TFG/PARSEC/pkgs/libs/uptcpip/obj/amd64-linux.gcc/host.support/host_serv.c:800

Direct leak of 24 byte(s) in 3 object(s) allocated from:
    #0 0x7f6e5b4ee517 in malloc (/lib/x86_64-linux-gnu/libasan.so.6+0xb0517)
    #1 0x5638d0368f71 in host_thread_create /home/alberto/Documentos/TFG/PARSEC/pkgs/libs/uptcpip/obj/amd64-linux.gcc/host.support/host_serv.c:330

SUMMARY: AddressSanitizer: 120 byte(s) leaked in 5 allocation(s).
read 200000 points
read 200000 points
read 200000 points
read 200000 points

=================================================================
==7927==ERROR: LeakSanitizer: detected memory leaks

Direct leak of 32000000 byte(s) in 5 object(s) allocated from:
    #0 0x7f8ca0e51517 in malloc (/lib/x86_64-linux-gnu/libasan.so.6+0xb0517)
    #1 0x55a4aebd6366 in streamCluster(PStream*, long, long, int, long, long, char*) /home/alberto/Documentos/TFG/PARSEC/pkgs/netapps/netstreamcluster/obj/amd64-linux.gcc/server/streamcluster.cpp:2145

Direct leak of 96 byte(s) in 2 object(s) allocated from:
    #0 0x7f8ca0e51517 in malloc (/lib/x86_64-linux-gnu/libasan.so.6+0xb0517)
    #1 0x55a4aebda52f in host_pthread_cond_init /home/alberto/Documentos/TFG/PARSEC/pkgs/libs/uptcpip/obj/amd64-linux.gcc/host.support/host_serv.c:800

Direct leak of 24 byte(s) in 3 object(s) allocated from:
    #0 0x7f8ca0e51517 in malloc (/lib/x86_64-linux-gnu/libasan.so.6+0xb0517)
    #1 0x55a4aebd9c61 in host_thread_create /home/alberto/Documentos/TFG/PARSEC/pkgs/libs/uptcpip/obj/amd64-linux.gcc/host.support/host_serv.c:330

Indirect leak of 512000000 byte(s) in 5 object(s) allocated from:
    #0 0x7f8ca0e51517 in malloc (/lib/x86_64-linux-gnu/libasan.so.6+0xb0517)
    #1 0x55a4aebd6310 in streamCluster(PStream*, long, long, int, long, long, char*) /home/alberto/Documentos/TFG/PARSEC/pkgs/netapps/netstreamcluster/obj/amd64-linux.gcc/server/streamcluster.cpp:2130

SUMMARY: AddressSanitizer: 544000120 byte(s) leaked in 15 allocation(s).

real	6m10,423s
user	6m27,769s
sys	0m0,521s
[PARSEC] [----------    End of output    ----------]
[PARSEC] Done.
