[PARSEC] [========== PARSEC 3.0-beta-20150206 RUN LOGFILE ==========]

[PARSEC] Run with amd64-linux.gcc binaries and input simlarge started on mar 16 mar 2021 11:33:23 CET.
[PARSEC] Benchmarks to run:  parsec.bodytrack

[PARSEC] [========== Running benchmark parsec.bodytrack [1] ==========]
[PARSEC] Deleting old run directory.
[PARSEC] Setting up run directory.
[PARSEC] Unpacking benchmark input 'simlarge'.
sequenceB_4/
sequenceB_4/BodyShapeParameters.txt
sequenceB_4/CALIB/
sequenceB_4/CALIB/Camera1.cal
sequenceB_4/CALIB/Camera2.cal
sequenceB_4/CALIB/Camera3.cal
sequenceB_4/CALIB/Camera4.cal
sequenceB_4/CAM1/
sequenceB_4/CAM1/image0000.bmp
sequenceB_4/CAM1/image0001.bmp
sequenceB_4/CAM1/image0002.bmp
sequenceB_4/CAM1/image0003.bmp
sequenceB_4/CAM2/
sequenceB_4/CAM2/image0000.bmp
sequenceB_4/CAM2/image0001.bmp
sequenceB_4/CAM2/image0002.bmp
sequenceB_4/CAM2/image0003.bmp
sequenceB_4/CAM3/
sequenceB_4/CAM3/image0000.bmp
sequenceB_4/CAM3/image0001.bmp
sequenceB_4/CAM3/image0002.bmp
sequenceB_4/CAM3/image0003.bmp
sequenceB_4/CAM4/
sequenceB_4/CAM4/image0000.bmp
sequenceB_4/CAM4/image0001.bmp
sequenceB_4/CAM4/image0002.bmp
sequenceB_4/CAM4/image0003.bmp
sequenceB_4/FG1/
sequenceB_4/FG1/image0000.bmp
sequenceB_4/FG1/image0001.bmp
sequenceB_4/FG1/image0002.bmp
sequenceB_4/FG1/image0003.bmp
sequenceB_4/FG2/
sequenceB_4/FG2/image0000.bmp
sequenceB_4/FG2/image0001.bmp
sequenceB_4/FG2/image0002.bmp
sequenceB_4/FG2/image0003.bmp
sequenceB_4/FG3/
sequenceB_4/FG3/image0000.bmp
sequenceB_4/FG3/image0001.bmp
sequenceB_4/FG3/image0002.bmp
sequenceB_4/FG3/image0003.bmp
sequenceB_4/FG4/
sequenceB_4/FG4/image0000.bmp
sequenceB_4/FG4/image0001.bmp
sequenceB_4/FG4/image0002.bmp
sequenceB_4/FG4/image0003.bmp
sequenceB_4/InitialPose.txt
sequenceB_4/PoseParameters.txt
[PARSEC] Running 'time /home/alberto/Documentos/TFG/PARSEC/pkgs/apps/bodytrack/inst/amd64-linux.gcc/bin/bodytrack sequenceB_4 4 4 4000 5 0 2':
[PARSEC] [---------- Beginning of output ----------]
PARSEC Benchmark Suite Version 3.0-beta-20150206
Threading with Posix Threads
Number of threads : 2
FAILING IN #8
Unable to load image: sequenceB_4/FG1/image0000.bmp
FAILING IN #8
Unable to load image: sequenceB_4/CAM1/image0000.bmp
FAILING IN #8
Unable to load image: sequenceB_4/FG2/image0000.bmp
FAILING IN #8
Unable to load image: sequenceB_4/CAM2/image0000.bmp
FAILING IN #8
Unable to load image: sequenceB_4/FG3/image0000.bmp
FAILING IN #8
Unable to load image: sequenceB_4/CAM3/image0000.bmp
FAILING IN #8
Unable to load image: sequenceB_4/FG4/image0000.bmp
FAILING IN #8
Unable to load image: sequenceB_4/CAM4/image0000.bmp
Using dataset : sequenceB_4/
4000 particles with 5 annealing layers

Processing frame 0
/home/alberto/Documentos/TFG/PARSEC/bin/parsecmgmt: línea 1190: 10899 Violación de segmento  (`core' generado) /home/alberto/Documentos/TFG/PARSEC/pkgs/apps/bodytrack/inst/amd64-linux.gcc/bin/bodytrack sequenceB_4 4 4 4000 5 0 2

real	0m0,186s
user	0m0,195s
sys	0m0,000s
[PARSEC] [----------    End of output    ----------]
[PARSEC] Done.
