[PARSEC] [========== PARSEC 3.0-beta-20150206 RUN LOGFILE ==========]

[PARSEC] Run with amd64-linux.gcc binaries and input native started on vie 02 abr 2021 10:32:11 CEST.
[PARSEC] Benchmarks to run:  parsec.dedup

[PARSEC] [========== Running benchmark parsec.dedup [1] ==========]
[PARSEC] Deleting old run directory.
[PARSEC] Setting up run directory.
[PARSEC] Unpacking benchmark input 'native'.
FC-6-x86_64-disc1.iso
[PARSEC] Running 'time /home/alberto/Documentos/TFG/PARSEC/pkgs/kernels/dedup/inst/amd64-linux.gcc/bin/dedup -c -p -v -t 1 -i FC-6-x86_64-disc1.iso -o output.dat.ddp':
[PARSEC] [---------- Beginning of output ----------]
PARSEC Benchmark Suite Version 3.0-beta-20150206
Total input size:                      671.58 MB
Total output size:                     637.28 MB
Effective compression factor:            1.05x

Mean data chunk size:                    1.88 KB (stddev: 2023.50 KB)
Amount of duplicate chunks:             54.49%
Data size after deduplication:         658.95 MB (compression factor: 1.02x)
Data size after compression:           630.26 MB (compression factor: 1.05x)
Output overhead:                         1.10%

real	0m11,714s
user	0m13,875s
sys	0m1,934s
[PARSEC] [----------    End of output    ----------]
[PARSEC] Done.
