[PARSEC] [========== PARSEC 3.0-beta-20150206 RUN LOGFILE ==========]

[PARSEC] Run with amd64-linux.gcc binaries and input native started on lun 29 mar 2021 12:36:40 CEST.
[PARSEC] Benchmarks to run:  parsec.netstreamcluster

[PARSEC] [========== Running benchmark parsec.netstreamcluster [1] ==========]
[PARSEC] Deleting old run directory.
[PARSEC] Setting up run directory.
[PARSEC] No archive for input 'native' available, skipping input setup.
[PARSEC] Running 'time /home/alberto/Documentos/TFG/PARSEC/pkgs/netapps/netstreamcluster/inst/amd64-linux.gcc/bin/run.sh 1 native':
[PARSEC] [---------- Beginning of output ----------]
Running
/home/alberto/Documentos/TFG/PARSEC/pkgs/netapps/netstreamcluster/inst/amd64-linux.gcc/bin/client 128 1000000 200000 1 &
/home/alberto/Documentos/TFG/PARSEC/pkgs/netapps/netstreamcluster/inst/amd64-linux.gcc/bin/server 10 20 128 1000000 200000 5000 none output.txt 1
PARSEC Benchmark Suite Version 3.0-beta-20150206

============================================================
  Enter PARSEC TCPIP ROI 
============================================================
read 200000 points
[Server] 1 clients are connected
[0] Data size = 102400000B, time =  0.282273s, BW =  362.769MB/s
[0] Data size = 102400000B, time =  0.171907s, BW =  595.671MB/s
[0] Data size = 102400000B, time =  0.171649s, BW =  596.566MB/s
[0] Data size = 102400000B, time =  0.170554s, BW =  600.396MB/s
[0] Data size = 102400000B, time =  0.221533s, BW =  462.234MB/s
Send Ack

------------------------------------------------------------
      Execution Statistics of u-TCP/IP Stack 
------------------------------------------------------------
There are 6 threads, 5 involved to u-TCP/IP stack
(u-TCP/IP_Threads) / (Total_Threads) = 83.33%

ROI_RUN_TIME =   1.02s

     THREAD_TYPE         ACTIVE_TIME           ACTIVE(%)
        Rx_Tcpip              0.665s               65.01
         Tx_Link              0.055s                5.37
         Rx_Link              0.070s                6.89
           Timer              0.003s                0.26
          Socket              0.326s               31.93
------------------------------------------------------------

============================================================
  Exit PARSEC TCPIP ROI 
============================================================


=================================================================
==33361==ERROR: LeakSanitizer: detected memory leaks

Direct leak of 96 byte(s) in 2 object(s) allocated from:
    #0 0x7fef8cc4b9d1 in malloc (/lib/x86_64-linux-gnu/liblsan.so.0+0xf9d1)
    #1 0x555d2104fbdf in host_pthread_cond_init /home/alberto/Documentos/TFG/PARSEC/pkgs/libs/uptcpip/obj/amd64-linux.gcc/host.support/host_serv.c:800

Direct leak of 24 byte(s) in 3 object(s) allocated from:
    #0 0x7fef8cc4b9d1 in malloc (/lib/x86_64-linux-gnu/liblsan.so.0+0xf9d1)
    #1 0x555d2104f311 in host_thread_create /home/alberto/Documentos/TFG/PARSEC/pkgs/libs/uptcpip/obj/amd64-linux.gcc/host.support/host_serv.c:330

SUMMARY: LeakSanitizer: 120 byte(s) leaked in 5 allocation(s).
read 200000 points
read 200000 points
read 200000 points
read 200000 points

=================================================================
==33362==ERROR: LeakSanitizer: detected memory leaks

Direct leak of 120 byte(s) in 1 object(s) allocated from:
    #0 0x7f413e4289d1 in malloc (/lib/x86_64-linux-gnu/liblsan.so.0+0xf9d1)
    #1 0x55fa1f7eeffd in streamCluster(PStream*, long, long, int, long, long, char*) /home/alberto/Documentos/TFG/PARSEC/pkgs/netapps/netstreamcluster/obj/amd64-linux.gcc/server/streamcluster.cpp:2122

Direct leak of 96 byte(s) in 2 object(s) allocated from:
    #0 0x7f413e4289d1 in malloc (/lib/x86_64-linux-gnu/liblsan.so.0+0xf9d1)
    #1 0x55fa1f7f224f in host_pthread_cond_init /home/alberto/Documentos/TFG/PARSEC/pkgs/libs/uptcpip/obj/amd64-linux.gcc/host.support/host_serv.c:800

Direct leak of 24 byte(s) in 3 object(s) allocated from:
    #0 0x7f413e4289d1 in malloc (/lib/x86_64-linux-gnu/liblsan.so.0+0xf9d1)
    #1 0x55fa1f7f1981 in host_thread_create /home/alberto/Documentos/TFG/PARSEC/pkgs/libs/uptcpip/obj/amd64-linux.gcc/host.support/host_serv.c:330

Indirect leak of 512000000 byte(s) in 5 object(s) allocated from:
    #0 0x7f413e4289d1 in malloc (/lib/x86_64-linux-gnu/liblsan.so.0+0xf9d1)
    #1 0x55fa1f7ef069 in streamCluster(PStream*, long, long, int, long, long, char*) /home/alberto/Documentos/TFG/PARSEC/pkgs/netapps/netstreamcluster/obj/amd64-linux.gcc/server/streamcluster.cpp:2128

Indirect leak of 32000000 byte(s) in 5 object(s) allocated from:
    #0 0x7f413e4289d1 in malloc (/lib/x86_64-linux-gnu/liblsan.so.0+0xf9d1)
    #1 0x55fa1f7ef089 in streamCluster(PStream*, long, long, int, long, long, char*) /home/alberto/Documentos/TFG/PARSEC/pkgs/netapps/netstreamcluster/obj/amd64-linux.gcc/server/streamcluster.cpp:2143

SUMMARY: LeakSanitizer: 544000240 byte(s) leaked in 16 allocation(s).

real	3m59,260s
user	4m15,899s
sys	0m2,962s
[PARSEC] [----------    End of output    ----------]
[PARSEC] Done.
