[PARSEC] [========== PARSEC 3.0-beta-20150206 RUN LOGFILE ==========]

[PARSEC] Run with amd64-linux.gcc binaries and input native started on lun 29 mar 2021 13:10:01 CEST.
[PARSEC] Benchmarks to run:  parsec.netstreamcluster

[PARSEC] [========== Running benchmark parsec.netstreamcluster [1] ==========]
[PARSEC] Deleting old run directory.
[PARSEC] Setting up run directory.
[PARSEC] No archive for input 'native' available, skipping input setup.
[PARSEC] Running 'time /home/alberto/Documentos/TFG/PARSEC/pkgs/netapps/netstreamcluster/inst/amd64-linux.gcc/bin/run.sh 1 native':
[PARSEC] [---------- Beginning of output ----------]
Running
/home/alberto/Documentos/TFG/PARSEC/pkgs/netapps/netstreamcluster/inst/amd64-linux.gcc/bin/client 128 1000000 200000 1 &
/home/alberto/Documentos/TFG/PARSEC/pkgs/netapps/netstreamcluster/inst/amd64-linux.gcc/bin/server 10 20 128 1000000 200000 5000 none output.txt 1
PARSEC Benchmark Suite Version 3.0-beta-20150206

============================================================
  Enter PARSEC TCPIP ROI 
============================================================
read 200000 points
[Server] 1 clients are connected
[0] Data size = 102400000B, time =  0.293422s, BW =  348.985MB/s
[0] Data size = 102400000B, time =  0.270023s, BW =  379.227MB/s
[0] Data size = 102400000B, time =  0.305056s, BW =  335.676MB/s
[0] Data size = 102400000B, time =  0.287322s, BW =  356.395MB/s
[0] Data size = 102400000B, time =  0.275221s, BW =  372.065MB/s
Send Ack

------------------------------------------------------------
      Execution Statistics of u-TCP/IP Stack 
------------------------------------------------------------
There are 6 threads, 5 involved to u-TCP/IP stack
(u-TCP/IP_Threads) / (Total_Threads) = 83.33%

ROI_RUN_TIME =   1.43s

     THREAD_TYPE         ACTIVE_TIME           ACTIVE(%)
        Rx_Tcpip              0.856s               59.67
         Tx_Link              0.072s                5.02
         Rx_Link              0.097s                6.77
           Timer              0.004s                0.29
          Socket              0.440s               30.71
------------------------------------------------------------

============================================================
  Exit PARSEC TCPIP ROI 
============================================================


=================================================================
==39578==ERROR: LeakSanitizer: detected memory leaks

Direct leak of 96 byte(s) in 2 object(s) allocated from:
    #0 0x7ff0ffa2f9d1 in malloc (/lib/x86_64-linux-gnu/liblsan.so.0+0xf9d1)
    #1 0x55e69639ebdf in host_pthread_cond_init /home/alberto/Documentos/TFG/PARSEC/pkgs/libs/uptcpip/obj/amd64-linux.gcc/host.support/host_serv.c:800

Direct leak of 24 byte(s) in 3 object(s) allocated from:
    #0 0x7ff0ffa2f9d1 in malloc (/lib/x86_64-linux-gnu/liblsan.so.0+0xf9d1)
    #1 0x55e69639e311 in host_thread_create /home/alberto/Documentos/TFG/PARSEC/pkgs/libs/uptcpip/obj/amd64-linux.gcc/host.support/host_serv.c:330

SUMMARY: LeakSanitizer: 120 byte(s) leaked in 5 allocation(s).
read 200000 points
read 200000 points
read 200000 points
read 200000 points

=================================================================
==39579==ERROR: LeakSanitizer: detected memory leaks

Direct leak of 25600000 byte(s) in 4 object(s) allocated from:
    #0 0x7f5b957689d1 in malloc (/lib/x86_64-linux-gnu/liblsan.so.0+0xf9d1)
    #1 0x55ace28e8086 in streamCluster(PStream*, long, long, int, long, long, char*) /home/alberto/Documentos/TFG/PARSEC/pkgs/netapps/netstreamcluster/obj/amd64-linux.gcc/server/streamcluster.cpp:2145

Direct leak of 96 byte(s) in 2 object(s) allocated from:
    #0 0x7f5b957689d1 in malloc (/lib/x86_64-linux-gnu/liblsan.so.0+0xf9d1)
    #1 0x55ace28eb2cf in host_pthread_cond_init /home/alberto/Documentos/TFG/PARSEC/pkgs/libs/uptcpip/obj/amd64-linux.gcc/host.support/host_serv.c:800

Direct leak of 24 byte(s) in 3 object(s) allocated from:
    #0 0x7f5b957689d1 in malloc (/lib/x86_64-linux-gnu/liblsan.so.0+0xf9d1)
    #1 0x55ace28eaa01 in host_thread_create /home/alberto/Documentos/TFG/PARSEC/pkgs/libs/uptcpip/obj/amd64-linux.gcc/host.support/host_serv.c:330

Indirect leak of 409600000 byte(s) in 4 object(s) allocated from:
    #0 0x7f5b957689d1 in malloc (/lib/x86_64-linux-gnu/liblsan.so.0+0xf9d1)
    #1 0x55ace28e805f in streamCluster(PStream*, long, long, int, long, long, char*) /home/alberto/Documentos/TFG/PARSEC/pkgs/netapps/netstreamcluster/obj/amd64-linux.gcc/server/streamcluster.cpp:2130

SUMMARY: LeakSanitizer: 435200120 byte(s) leaked in 13 allocation(s).

real	3m58,506s
user	4m15,922s
sys	0m2,913s
[PARSEC] [----------    End of output    ----------]
[PARSEC] Done.
