[PARSEC] [========== PARSEC 3.0-beta-20150206 RUN LOGFILE ==========]

[PARSEC] Run with amd64-linux.gcc binaries and input native started on mié 31 mar 2021 12:14:55 CEST.
[PARSEC] Benchmarks to run:  parsec.netstreamcluster

[PARSEC] [========== Running benchmark parsec.netstreamcluster [1] ==========]
[PARSEC] Deleting old run directory.
[PARSEC] Setting up run directory.
[PARSEC] No archive for input 'native' available, skipping input setup.
[PARSEC] Running 'time /home/alberto/Documentos/TFG/PARSEC/pkgs/netapps/netstreamcluster/inst/amd64-linux.gcc/bin/run.sh 1 native':
[PARSEC] [---------- Beginning of output ----------]
Running
/home/alberto/Documentos/TFG/PARSEC/pkgs/netapps/netstreamcluster/inst/amd64-linux.gcc/bin/client 128 1000000 200000 1 &
/home/alberto/Documentos/TFG/PARSEC/pkgs/netapps/netstreamcluster/inst/amd64-linux.gcc/bin/server 10 20 128 1000000 200000 5000 none output.txt 1
PARSEC Benchmark Suite Version 3.0-beta-20150206

============================================================
  Enter PARSEC TCPIP ROI 
============================================================
LeakSanitizer:DEADLYSIGNAL
==6986==ERROR: LeakSanitizer: SEGV on unknown address 0x7fdc41158580 (pc 0x7fdc486fc8e9 bp 0x7fdc42a95220 sp 0x7fdc42a95078 T5)
==6986==The signal is caused by a WRITE memory access.
    #0 0x7fdc486fc8e9  (/lib/x86_64-linux-gnu/libc.so.6+0x18e8e9)
    #1 0x560f89276b95 in copyout (/home/alberto/Documentos/TFG/PARSEC/pkgs/netapps/netstreamcluster/inst/amd64-linux.gcc/bin/server+0x2db95)
    #2 0x560f89271984 in uiomove /home/alberto/Documentos/TFG/PARSEC/pkgs/libs/uptcpip/obj/amd64-linux.gcc/freebsd.netinet/kern_subr.c:172
    #3 0x560f8928c241 in soreceive_generic /home/alberto/Documentos/TFG/PARSEC/pkgs/libs/uptcpip/obj/amd64-linux.gcc/freebsd.netinet/uipc_socket.c:1748
    #4 0x560f8925e51c in kern_recvit /home/alberto/Documentos/TFG/PARSEC/pkgs/libs/uptcpip/obj/amd64-linux.gcc/freebsd.kern/uipc_syscalls.c:1321
    #5 0x560f8925e8b9 in recvit /home/alberto/Documentos/TFG/PARSEC/pkgs/libs/uptcpip/obj/amd64-linux.gcc/freebsd.kern/uipc_syscalls.c:1435
    #6 0x560f8925e8b9 in bsd_syscall_recv /home/alberto/Documentos/TFG/PARSEC/pkgs/libs/uptcpip/obj/amd64-linux.gcc/freebsd.kern/uipc_syscalls.c:1506
    #7 0x560f89258ff3 in uptcp_recv /home/alberto/Documentos/TFG/PARSEC/pkgs/libs/uptcpip/obj/amd64-linux.gcc/lib/uptcp_api.c:466
    #8 0x560f892500cd in receive_from_client(void*) /home/alberto/Documentos/TFG/PARSEC/pkgs/netapps/netstreamcluster/obj/amd64-linux.gcc/server/streamcluster.cpp:1921
    #9 0x7fdc48a99608 in start_thread /build/glibc-eX1tMB/glibc-2.31/nptl/pthread_create.c:477
    #10 0x7fdc48690292 in __clone (/lib/x86_64-linux-gnu/libc.so.6+0x122292)

LeakSanitizer can not provide additional info.
SUMMARY: LeakSanitizer: SEGV (/lib/x86_64-linux-gnu/libc.so.6+0x18e8e9) 
==6986==ABORTING

real	0m0,313s
user	0m0,031s
sys	0m0,024s
