[PARSEC] [========== PARSEC 3.0-beta-20150206 RUN LOGFILE ==========]

[PARSEC] Run with amd64-linux.gcc binaries and input native started on dom 06 jun 2021 22:26:05 CEST.
[PARSEC] Benchmarks to run:  parsec.netstreamcluster

[PARSEC] [========== Running benchmark parsec.netstreamcluster [1] ==========]
[PARSEC] Deleting old run directory.
[PARSEC] Setting up run directory.
[PARSEC] No archive for input 'native' available, skipping input setup.
[PARSEC] Running 'time /home/alberto/Documentos/TFG/PARSEC_SANITIZED/pkgs/netapps/netstreamcluster/inst/amd64-linux.gcc/bin/run.sh 8 native':
[PARSEC] [---------- Beginning of output ----------]
Running
/home/alberto/Documentos/TFG/PARSEC_SANITIZED/pkgs/netapps/netstreamcluster/inst/amd64-linux.gcc/bin/client 128 1000000 200000 1 &
/home/alberto/Documentos/TFG/PARSEC_SANITIZED/pkgs/netapps/netstreamcluster/inst/amd64-linux.gcc/bin/server 10 20 128 1000000 200000 5000 none output.txt 8
PARSEC Benchmark Suite Version 3.0-beta-20150206
[Server] 1 clients are connected

============================================================
  Enter PARSEC TCPIP ROI 
============================================================
read 200000 points
[0] Data size = 102400000B, time =  0.255688s, BW =  400.488MB/s
[0] Data size = 102400000B, time =  0.419876s, BW =  243.882MB/s
[0] Data size = 102400000B, time =  0.275649s, BW =  371.487MB/s
[0] Data size = 102400000B, time =  0.287696s, BW =  355.931MB/s
[0] Data size = 102400000B, time =  0.206555s, BW =  495.752MB/s
Send Ack

------------------------------------------------------------
      Execution Statistics of u-TCP/IP Stack 
------------------------------------------------------------
There are 6 threads, 5 involved to u-TCP/IP stack
(u-TCP/IP_Threads) / (Total_Threads) = 83.33%

ROI_RUN_TIME =   1.45s

     THREAD_TYPE         ACTIVE_TIME           ACTIVE(%)
        Rx_Tcpip              0.776s               53.58
         Tx_Link              0.058s                3.99
         Rx_Link              0.102s                7.02
           Timer              0.005s                0.31
          Socket              0.370s               25.57
------------------------------------------------------------

============================================================
  Exit PARSEC TCPIP ROI 
============================================================

[Client:0]: Sending ...
[Client:0] send bytes = 102400000
[Client:0] send bytes = 102400000
[Client:0] send bytes = 102400000
[Client:0] send bytes = 102400000
[Client:0] send bytes = 102400000
[Client:0] Send data to server ok!
Receive Ack from Server
read 200000 points
read 200000 points
read 200000 points
read 200000 points

real	1m6,194s
user	7m14,818s
sys	0m2,818s
[PARSEC] [----------    End of output    ----------]
[PARSEC] Done.
