[PARSEC] [========== PARSEC 3.0-beta-20150206 RUN LOGFILE ==========]

[PARSEC] Run with amd64-linux.gcc binaries and input native started on jue 01 abr 2021 10:56:11 CEST.
[PARSEC] Benchmarks to run:  parsec.raytrace

[PARSEC] [========== Running benchmark parsec.raytrace [1] ==========]
[PARSEC] Deleting old run directory.
[PARSEC] Setting up run directory.
[PARSEC] Unpacking benchmark input 'native'.
thai_statue.obj
[PARSEC] Running 'time /home/alberto/Documentos/TFG/PARSEC/pkgs/apps/raytrace/inst/amd64-linux.gcc/bin/rtview thai_statue.obj -automove -nthreads 1 -frames 200 -res 1920 1080':
[PARSEC] [---------- Beginning of output ----------]
this =0x557fb5e6dbc0
PARSEC Benchmark Suite Version 3.0-beta-20150206
initializing LRT ray tracer ...
default BVH builder : binnedalldimssavespace


Options:  automove = ;
    files = thai_statue.obj;
   frames = 200;
 nthreads = 1;
      res = [1920, 1080];

Using memory framebuffer...
Adding obj file: thai_statue.obj
