[PARSEC] [========== PARSEC 3.0-beta-20150206 RUN LOGFILE ==========]

[PARSEC] Run with amd64-linux.gcc binaries and input native started on vie 02 abr 2021 11:08:32 CEST.
[PARSEC] Benchmarks to run:  parsec.netstreamcluster

[PARSEC] [========== Running benchmark parsec.netstreamcluster [1] ==========]
[PARSEC] Deleting old run directory.
[PARSEC] Setting up run directory.
[PARSEC] No archive for input 'native' available, skipping input setup.
[PARSEC] Running 'time /home/alberto/Documentos/TFG/PARSEC/pkgs/netapps/netstreamcluster/inst/amd64-linux.gcc/bin/run.sh 1 native':
[PARSEC] [---------- Beginning of output ----------]
Running
/home/alberto/Documentos/TFG/PARSEC/pkgs/netapps/netstreamcluster/inst/amd64-linux.gcc/bin/client 128 1000000 200000 1 &
/home/alberto/Documentos/TFG/PARSEC/pkgs/netapps/netstreamcluster/inst/amd64-linux.gcc/bin/server 10 20 128 1000000 200000 5000 none output.txt 1
PARSEC Benchmark Suite Version 3.0-beta-20150206
[Server] 1 clients are connected

============================================================
  Enter PARSEC TCPIP ROI 
============================================================
read 200000 points
[0] Data size = 102400000B, time =  0.310859s, BW =  329.410MB/s
[0] Data size = 102400000B, time =  0.243895s, BW =  419.853MB/s
[0] Data size = 102400000B, time =  0.259045s, BW =  395.298MB/s
[0] Data size = 102400000B, time =  0.254175s, BW =  402.872MB/s
[0] Data size = 102400000B, time =  0.254262s, BW =  402.734MB/s
Send Ack

------------------------------------------------------------
      Execution Statistics of u-TCP/IP Stack 
------------------------------------------------------------
There are 6 threads, 5 involved to u-TCP/IP stack
(u-TCP/IP_Threads) / (Total_Threads) = 83.33%

ROI_RUN_TIME =   1.33s

     THREAD_TYPE         ACTIVE_TIME           ACTIVE(%)
        Rx_Tcpip              0.677s               51.02
         Tx_Link              0.084s                6.30
         Rx_Link              0.220s               16.58
           Timer              0.004s                0.27
          Socket              0.368s               27.71
------------------------------------------------------------

============================================================
  Exit PARSEC TCPIP ROI 
============================================================


=================================================================
==9746==ERROR: LeakSanitizer: detected memory leaks

Direct leak of 96 byte(s) in 2 object(s) allocated from:
    #0 0x7fb2290f4517 in malloc (/lib/x86_64-linux-gnu/libasan.so.6+0xb0517)
    #1 0x55b71d6fa83f in host_pthread_cond_init /home/alberto/Documentos/TFG/PARSEC/pkgs/libs/uptcpip/obj/amd64-linux.gcc/host.support/host_serv.c:800

Direct leak of 24 byte(s) in 3 object(s) allocated from:
    #0 0x7fb2290f4517 in malloc (/lib/x86_64-linux-gnu/libasan.so.6+0xb0517)
    #1 0x55b71d6f9f71 in host_thread_create /home/alberto/Documentos/TFG/PARSEC/pkgs/libs/uptcpip/obj/amd64-linux.gcc/host.support/host_serv.c:330

SUMMARY: AddressSanitizer: 120 byte(s) leaked in 5 allocation(s).
read 200000 points
read 200000 points
read 200000 points
read 200000 points

=================================================================
==9747==ERROR: LeakSanitizer: detected memory leaks

Direct leak of 512000000 byte(s) in 5 object(s) allocated from:
    #0 0x7fc27041c517 in malloc (/lib/x86_64-linux-gnu/libasan.so.6+0xb0517)
    #1 0x5587f3bcd310 in streamCluster(PStream*, long, long, int, long, long, char*) /home/alberto/Documentos/TFG/PARSEC/pkgs/netapps/netstreamcluster/obj/amd64-linux.gcc/server/streamcluster.cpp:2132

Direct leak of 96 byte(s) in 2 object(s) allocated from:
    #0 0x7fc27041c517 in malloc (/lib/x86_64-linux-gnu/libasan.so.6+0xb0517)
    #1 0x5587f3bd157f in host_pthread_cond_init /home/alberto/Documentos/TFG/PARSEC/pkgs/libs/uptcpip/obj/amd64-linux.gcc/host.support/host_serv.c:800

Direct leak of 24 byte(s) in 3 object(s) allocated from:
    #0 0x7fc27041c517 in malloc (/lib/x86_64-linux-gnu/libasan.so.6+0xb0517)
    #1 0x5587f3bd0cb1 in host_thread_create /home/alberto/Documentos/TFG/PARSEC/pkgs/libs/uptcpip/obj/amd64-linux.gcc/host.support/host_serv.c:330

SUMMARY: AddressSanitizer: 512000120 byte(s) leaked in 10 allocation(s).

real	6m1,533s
user	6m19,032s
sys	0m0,634s
[PARSEC] [----------    End of output    ----------]
[PARSEC] Done.
