[PARSEC] [========== PARSEC 3.0-beta-20150206 RUN LOGFILE ==========]

[PARSEC] Run with amd64-linux.gcc binaries and input native started on vie 02 abr 2021 11:17:29 CEST.
[PARSEC] Benchmarks to run:  parsec.netstreamcluster

[PARSEC] [========== Running benchmark parsec.netstreamcluster [1] ==========]
[PARSEC] Deleting old run directory.
[PARSEC] Setting up run directory.
[PARSEC] No archive for input 'native' available, skipping input setup.
[PARSEC] Running 'time /home/alberto/Documentos/TFG/PARSEC/pkgs/netapps/netstreamcluster/inst/amd64-linux.gcc/bin/run.sh 1 native':
[PARSEC] [---------- Beginning of output ----------]
Running
/home/alberto/Documentos/TFG/PARSEC/pkgs/netapps/netstreamcluster/inst/amd64-linux.gcc/bin/client 128 1000000 200000 1 &
/home/alberto/Documentos/TFG/PARSEC/pkgs/netapps/netstreamcluster/inst/amd64-linux.gcc/bin/server 10 20 128 1000000 200000 5000 none output.txt 1
PARSEC Benchmark Suite Version 3.0-beta-20150206

============================================================
  Enter PARSEC TCPIP ROI 
============================================================
=================================================================
==10454==ERROR: AddressSanitizer: heap-use-after-free on address 0x7f37f0657800 at pc 0x7f37fa3665ce bp 0x7f37e5010b10 sp 0x7f37e50102b8
WRITE of size 1448 at 0x7f37f0657800 thread T5
    #0 0x7f37fa3665cd in __interceptor_memcpy (/lib/x86_64-linux-gnu/libasan.so.6+0x3a5cd)
    #1 0x55f39a3b0eb5 in copyout (/home/alberto/Documentos/TFG/PARSEC/pkgs/netapps/netstreamcluster/inst/amd64-linux.gcc/bin/server+0x35eb5)
    #2 0x55f39a3abca4 in uiomove /home/alberto/Documentos/TFG/PARSEC/pkgs/libs/uptcpip/obj/amd64-linux.gcc/freebsd.netinet/kern_subr.c:172
    #3 0x55f39a3c6561 in soreceive_generic /home/alberto/Documentos/TFG/PARSEC/pkgs/libs/uptcpip/obj/amd64-linux.gcc/freebsd.netinet/uipc_socket.c:1748
    #4 0x55f39a39883c in kern_recvit /home/alberto/Documentos/TFG/PARSEC/pkgs/libs/uptcpip/obj/amd64-linux.gcc/freebsd.kern/uipc_syscalls.c:1321
    #5 0x55f39a398bd9 in recvit /home/alberto/Documentos/TFG/PARSEC/pkgs/libs/uptcpip/obj/amd64-linux.gcc/freebsd.kern/uipc_syscalls.c:1435
    #6 0x55f39a398bd9 in bsd_syscall_recv /home/alberto/Documentos/TFG/PARSEC/pkgs/libs/uptcpip/obj/amd64-linux.gcc/freebsd.kern/uipc_syscalls.c:1506
    #7 0x55f39a393313 in uptcp_recv /home/alberto/Documentos/TFG/PARSEC/pkgs/libs/uptcpip/obj/amd64-linux.gcc/lib/uptcp_api.c:466
    #8 0x55f39a3849e4 in receive_from_client(void*) /home/alberto/Documentos/TFG/PARSEC/pkgs/netapps/netstreamcluster/obj/amd64-linux.gcc/server/streamcluster.cpp:1921
    #9 0x7f37fa312608 in start_thread /build/glibc-eX1tMB/glibc-2.31/nptl/pthread_create.c:477
    #10 0x7f37f9f09292 in __clone (/lib/x86_64-linux-gnu/libc.so.6+0x122292)

0x7f37f0657800 is located 0 bytes inside of 102400000-byte region [0x7f37f0657800,0x7f37f67ff800)
freed by thread T0 here:
    #0 0x7f37fa3dc1b7 in __interceptor_free (/lib/x86_64-linux-gnu/libasan.so.6+0xb01b7)
    #1 0x55f39a390892 in streamCluster(PStream*, long, long, int, long, long, char*) /home/alberto/Documentos/TFG/PARSEC/pkgs/netapps/netstreamcluster/obj/amd64-linux.gcc/server/streamcluster.cpp:2158

previously allocated by thread T0 here:
    #0 0x7f37fa3dc517 in malloc (/lib/x86_64-linux-gnu/libasan.so.6+0xb0517)
    #1 0x55f39a390310 in streamCluster(PStream*, long, long, int, long, long, char*) /home/alberto/Documentos/TFG/PARSEC/pkgs/netapps/netstreamcluster/obj/amd64-linux.gcc/server/streamcluster.cpp:2132

Thread T5 created by T0 here:
    #0 0x7f37fa383a95 in __interceptor_pthread_create (/lib/x86_64-linux-gnu/libasan.so.6+0x57a95)
    #1 0x55f39a393981 in pthread_create_wrapper /home/alberto/Documentos/TFG/PARSEC/pkgs/libs/uptcpip/obj/amd64-linux.gcc/host.support/host_serv.c:181
    #2 0x2500732573257324  (<unknown module>)

SUMMARY: AddressSanitizer: heap-use-after-free (/lib/x86_64-linux-gnu/libasan.so.6+0x3a5cd) in __interceptor_memcpy
Shadow bytes around the buggy address:
  0x0fe77e0c2eb0: fa fa fa fa fa fa fa fa fa fa fa fa fa fa fa fa
  0x0fe77e0c2ec0: fa fa fa fa fa fa fa fa fa fa fa fa fa fa fa fa
  0x0fe77e0c2ed0: fa fa fa fa fa fa fa fa fa fa fa fa fa fa fa fa
  0x0fe77e0c2ee0: fa fa fa fa fa fa fa fa fa fa fa fa fa fa fa fa
  0x0fe77e0c2ef0: fa fa fa fa fa fa fa fa fa fa fa fa fa fa fa fa
=>0x0fe77e0c2f00:[fd]fd fd fd fd fd fd fd fd fd fd fd fd fd fd fd
  0x0fe77e0c2f10: fd fd fd fd fd fd fd fd fd fd fd fd fd fd fd fd
  0x0fe77e0c2f20: fd fd fd fd fd fd fd fd fd fd fd fd fd fd fd fd
  0x0fe77e0c2f30: fd fd fd fd fd fd fd fd fd fd fd fd fd fd fd fd
  0x0fe77e0c2f40: fd fd fd fd fd fd fd fd fd fd fd fd fd fd fd fd
  0x0fe77e0c2f50: fd fd fd fd fd fd fd fd fd fd fd fd fd fd fd fd
Shadow byte legend (one shadow byte represents 8 application bytes):
  Addressable:           00
  Partially addressable: 01 02 03 04 05 06 07 
  Heap left redzone:       fa
  Freed heap region:       fd
  Stack left redzone:      f1
  Stack mid redzone:       f2
  Stack right redzone:     f3
  Stack after return:      f5
  Stack use after scope:   f8
  Global redzone:          f9
  Global init order:       f6
  Poisoned by user:        f7
  Container overflow:      fc
  Array cookie:            ac
  Intra object redzone:    bb
  ASan internal:           fe
  Left alloca redzone:     ca
  Right alloca redzone:    cb
  Shadow gap:              cc
==10454==ABORTING

real	0m0,322s
user	0m0,021s
sys	0m0,059s
