[PARSEC] [========== PARSEC 3.0-beta-20150206 RUN LOGFILE ==========]

[PARSEC] Run with amd64-linux.gcc binaries and input native started on dom 21 mar 2021 21:53:15 CET.
[PARSEC] Benchmarks to run:  parsec.netstreamcluster

[PARSEC] [========== Running benchmark parsec.netstreamcluster [1] ==========]
[PARSEC] Deleting old run directory.
[PARSEC] Setting up run directory.
[PARSEC] No archive for input 'native' available, skipping input setup.
[PARSEC] Running 'time /home/alberto/Documentos/TFG/PARSEC/pkgs/netapps/netstreamcluster/inst/amd64-linux.gcc/bin/run.sh 2 native':
[PARSEC] [---------- Beginning of output ----------]
Running
/home/alberto/Documentos/TFG/PARSEC/pkgs/netapps/netstreamcluster/inst/amd64-linux.gcc/bin/client 128 1000000 200000 1 &
/home/alberto/Documentos/TFG/PARSEC/pkgs/netapps/netstreamcluster/inst/amd64-linux.gcc/bin/server 10 20 128 1000000 200000 5000 none output.txt 2
PARSEC Benchmark Suite Version 3.0-beta-20150206
[Server] 1 clients are connected

============================================================
  Enter PARSEC TCPIP ROI 
============================================================
read 200000 points
[Client:0]: Sending ...
[Client:0] send bytes = 102400000
[Client:0] send bytes = 102400000
[Client:0] send bytes = 102400000
[Client:0] send bytes = 102400000
[Client:0] send bytes = 102400000
[Client:0] Send data to server ok!
Receive Ack from Server
[0] Data size = 102400000B, time =  0.411031s, BW =  249.130MB/s
[0] Data size = 102400000B, time =  0.292989s, BW =  349.501MB/s
[0] Data size = 102400000B, time =  0.310390s, BW =  329.908MB/s
[0] Data size = 102400000B, time =  0.304912s, BW =  335.835MB/s
[0] Data size = 102400000B, time =  0.204860s, BW =  499.854MB/s
Send Ack

------------------------------------------------------------
      Execution Statistics of u-TCP/IP Stack 
------------------------------------------------------------
There are 6 threads, 5 involved to u-TCP/IP stack
(u-TCP/IP_Threads) / (Total_Threads) = 83.33%

ROI_RUN_TIME =   1.53s

     THREAD_TYPE         ACTIVE_TIME           ACTIVE(%)
        Rx_Tcpip              0.750s               49.18
         Tx_Link              0.069s                4.55
         Rx_Link              0.086s                5.67
           Timer              0.004s                0.28
          Socket              0.391s               25.63
------------------------------------------------------------

============================================================
  Exit PARSEC TCPIP ROI 
============================================================

read 200000 points
read 200000 points
read 200000 points
read 200000 points

real	2m4,886s
user	4m17,731s
sys	0m1,468s
[PARSEC] [----------    End of output    ----------]
[PARSEC] Done.
