[PARSEC] [========== PARSEC 3.0-beta-20150206 RUN LOGFILE ==========]

[PARSEC] Run with amd64-linux.gcc binaries and input native started on jue 01 abr 2021 12:33:55 CEST.
[PARSEC] Benchmarks to run:  parsec.freqmine

[PARSEC] [========== Running benchmark parsec.freqmine [1] ==========]
[PARSEC] Deleting old run directory.
[PARSEC] Setting up run directory.
[PARSEC] Unpacking benchmark input 'native'.
webdocs_250k.dat
[PARSEC] Running 'time /home/alberto/Documentos/TFG/PARSEC/pkgs/apps/freqmine/inst/amd64-linux.gcc/bin/freqmine webdocs_250k.dat 11000':
[PARSEC] [---------- Beginning of output ----------]
PARSEC Benchmark Suite Version 3.0-beta-20150206
AddressSanitizer:DEADLYSIGNAL
=================================================================
==45202==ERROR: AddressSanitizer: SEGV on unknown address 0x000000000000 (pc 0x563a26adfc1b bp 0x602000000030 sp 0x7ffce423d660 T0)
==45202==The signal is caused by a READ memory access.
==45202==Hint: address points to the zero page.
    #0 0x563a26adfc1b in MapFileNode::finalize() /home/alberto/Documentos/TFG/PARSEC/pkgs/apps/freqmine/obj/amd64-linux.gcc/data.cpp:140
    #1 0x563a26adfc1b in Data::parseDataFile(MapFile*) /home/alberto/Documentos/TFG/PARSEC/pkgs/apps/freqmine/obj/amd64-linux.gcc/data.cpp:65
    #2 0x563a26ae975a in FP_tree::scan1_DB(Data*) /home/alberto/Documentos/TFG/PARSEC/pkgs/apps/freqmine/obj/amd64-linux.gcc/fp_tree.cpp:760
    #3 0x563a26addaef in main /home/alberto/Documentos/TFG/PARSEC/pkgs/apps/freqmine/obj/amd64-linux.gcc/fpmax.cpp:151
    #4 0x7fd631c0e0b2 in __libc_start_main (/lib/x86_64-linux-gnu/libc.so.6+0x270b2)
    #5 0x563a26ade36d in _start (/home/alberto/Documentos/TFG/PARSEC/pkgs/apps/freqmine/inst/amd64-linux.gcc/bin/freqmine+0x536d)

AddressSanitizer can not provide additional info.
SUMMARY: AddressSanitizer: SEGV /home/alberto/Documentos/TFG/PARSEC/pkgs/apps/freqmine/obj/amd64-linux.gcc/data.cpp:140 in MapFileNode::finalize()
==45202==ABORTING

real	0m0,017s
user	0m0,013s
sys	0m0,004s
[PARSEC] [----------    End of output    ----------]
[PARSEC] Done.
