[PARSEC] [========== PARSEC 3.0-beta-20150206 RUN LOGFILE ==========]

[PARSEC] Run with amd64-linux.gcc binaries and input native started on mié 07 abr 2021 11:01:10 CEST.
[PARSEC] Benchmarks to run:  parsec.raytrace

[PARSEC] [========== Running benchmark parsec.raytrace [1] ==========]
[PARSEC] Deleting old run directory.
[PARSEC] Setting up run directory.
[PARSEC] Unpacking benchmark input 'native'.
thai_statue.obj
[PARSEC] Running 'time /home/alberto/Documentos/TFG/PARSEC_SANITIZED/pkgs/apps/raytrace/inst/amd64-linux.gcc/bin/rtview thai_statue.obj -automove -nthreads 1 -frames 200 -res 1920 1080':
[PARSEC] [---------- Beginning of output ----------]
this =0x557fc5d0c0c0
PARSEC Benchmark Suite Version 3.0-beta-20150206
initializing LRT ray tracer ...
default BVH builder : binnedalldimssavespace


Options:  automove = ;
    files = thai_statue.obj;
   frames = 200;
 nthreads = 1;
      res = [1920, 1080];

Using memory framebuffer...
Adding obj file: thai_statue.obj
Using auto camera...
num nodes in scene graph 1
adding 4999996 vertices
adding 10000000 triangles
finalizing geometry
vertices            4999996 (58593.7 KB)
triangles           10000000 (117188 KB)
texture coordinates 0 (0 KB)
No materials -> create dummy material
building index
using BVH builder default
build time 11.7203
done
sceneAABB =[[[-117.959,-195.497,-99.8228,0] ],[[117.252,205.549,103.342,0] ]]
Rendering 200 frames... 
Done

real	2m56,732s
user	2m55,899s
sys	0m0,444s
[PARSEC] [----------    End of output    ----------]
[PARSEC] Done.
