[PARSEC] [========== PARSEC 3.0-beta-20150206 RUN LOGFILE ==========]

[PARSEC] Run with amd64-linux.gcc binaries and input native started on dom 06 jun 2021 22:27:12 CEST.
[PARSEC] Benchmarks to run:  parsec.netstreamcluster

[PARSEC] [========== Running benchmark parsec.netstreamcluster [1] ==========]
[PARSEC] Deleting old run directory.
[PARSEC] Setting up run directory.
[PARSEC] No archive for input 'native' available, skipping input setup.
[PARSEC] Running 'time /home/alberto/Documentos/TFG/PARSEC_SANITIZED/pkgs/netapps/netstreamcluster/inst/amd64-linux.gcc/bin/run.sh 8 native':
[PARSEC] [---------- Beginning of output ----------]
Running
/home/alberto/Documentos/TFG/PARSEC_SANITIZED/pkgs/netapps/netstreamcluster/inst/amd64-linux.gcc/bin/client 128 1000000 200000 1 &
/home/alberto/Documentos/TFG/PARSEC_SANITIZED/pkgs/netapps/netstreamcluster/inst/amd64-linux.gcc/bin/server 10 20 128 1000000 200000 5000 none output.txt 8
PARSEC Benchmark Suite Version 3.0-beta-20150206
[Server] 1 clients are connected

============================================================
  Enter PARSEC TCPIP ROI 
============================================================
read 200000 points
[Client:0]: Sending ...
[Client:0] send bytes = 102400000
[Client:0] send bytes = 102400000
[Client:0] send bytes = 102400000
[Client:0] send bytes = 102400000
[Client:0] send bytes = 102400000
[Client:0] Send data to server ok!
Receive Ack from Server
[0] Data size = 102400000B, time =  0.350397s, BW =  292.240MB/s
[0] Data size = 102400000B, time =  0.453662s, BW =  225.719MB/s
[0] Data size = 102400000B, time =  0.234446s, BW =  436.774MB/s
[0] Data size = 102400000B, time =  0.298492s, BW =  343.058MB/s
[0] Data size = 102400000B, time =  0.187023s, BW =  547.526MB/s
Send Ack

------------------------------------------------------------
      Execution Statistics of u-TCP/IP Stack 
------------------------------------------------------------
There are 6 threads, 5 involved to u-TCP/IP stack
(u-TCP/IP_Threads) / (Total_Threads) = 83.33%

ROI_RUN_TIME =   1.53s

     THREAD_TYPE         ACTIVE_TIME           ACTIVE(%)
        Rx_Tcpip              0.939s               61.44
         Tx_Link              0.067s                4.38
         Rx_Link              0.087s                5.67
           Timer              0.004s                0.28
          Socket              0.421s               27.55
------------------------------------------------------------

============================================================
  Exit PARSEC TCPIP ROI 
============================================================

read 200000 points
read 200000 points
read 200000 points
read 200000 points

real	1m7,898s
user	7m29,596s
sys	0m1,899s
[PARSEC] [----------    End of output    ----------]
[PARSEC] Done.
