[PARSEC] [========== PARSEC 3.0-beta-20150206 RUN LOGFILE ==========]

[PARSEC] Run with amd64-linux.gcc binaries and input simsmall started on jue 25 mar 2021 10:30:10 CET.
[PARSEC] Benchmarks to run:  parsec.fluidanimate

[PARSEC] [========== Running benchmark parsec.fluidanimate [1] ==========]
[PARSEC] Deleting old run directory.
[PARSEC] Setting up run directory.
[PARSEC] Unpacking benchmark input 'simsmall'.
in_35K.fluid
[PARSEC] Running 'time /home/alberto/Documentos/TFG/PARSEC/pkgs/apps/fluidanimate/inst/amd64-linux.gcc/bin/fluidanimate 1 5 in_35K.fluid out.fluid':
[PARSEC] [---------- Beginning of output ----------]
PARSEC Benchmark Suite Version 3.0-beta-20150206
Loading file "in_35K.fluid"...
Number of cells: 36900
Grids steps over x, y, z: 0.00433333 0.00439024 0.00433333
Number of particles: 36504
Saving file "out.fluid"...

real	0m0,275s
user	0m0,267s
sys	0m0,008s
[PARSEC] [----------    End of output    ----------]
[PARSEC] Done.
