[PARSEC] [========== PARSEC 3.0-beta-20150206 RUN LOGFILE ==========]

[PARSEC] Run with amd64-linux.gcc binaries and input native started on jue 25 mar 2021 12:30:45 CET.
[PARSEC] Benchmarks to run:  parsec.streamcluster

[PARSEC] [========== Running benchmark parsec.streamcluster [1] ==========]
[PARSEC] Deleting old run directory.
[PARSEC] Setting up run directory.
[PARSEC] No archive for input 'native' available, skipping input setup.
[PARSEC] Running 'time /home/alberto/Documentos/TFG/PARSEC/pkgs/kernels/streamcluster/inst/amd64-linux.gcc/bin/streamcluster 10 20 128 1000000 200000 5000 none output.txt 1':
[PARSEC] [---------- Beginning of output ----------]
PARSEC Benchmark Suite Version 3.0-beta-20150206
read 200000 points
read 200000 points
read 200000 points
read 200000 points
read 200000 points

real	8m15,129s
user	8m14,844s
sys	0m0,144s
[PARSEC] [----------    End of output    ----------]
[PARSEC] Done.
