[PARSEC] [========== PARSEC 3.0-beta-20150206 RUN LOGFILE ==========]

[PARSEC] Run with amd64-linux.gcc binaries and input native started on dom 06 jun 2021 22:25:12 CEST.
[PARSEC] Benchmarks to run:  parsec.netstreamcluster

[PARSEC] [========== Running benchmark parsec.netstreamcluster [1] ==========]
[PARSEC] Deleting old run directory.
[PARSEC] Setting up run directory.
[PARSEC] No archive for input 'native' available, skipping input setup.
[PARSEC] Running 'time /home/alberto/Documentos/TFG/PARSEC_SANITIZED/pkgs/netapps/netstreamcluster/inst/amd64-linux.gcc/bin/run.sh 8 native':
[PARSEC] [---------- Beginning of output ----------]
Running
/home/alberto/Documentos/TFG/PARSEC_SANITIZED/pkgs/netapps/netstreamcluster/inst/amd64-linux.gcc/bin/client 128 1000000 200000 1 &
/home/alberto/Documentos/TFG/PARSEC_SANITIZED/pkgs/netapps/netstreamcluster/inst/amd64-linux.gcc/bin/server 10 20 128 1000000 200000 5000 none output.txt 8
PARSEC Benchmark Suite Version 3.0-beta-20150206
[Server] 1 clients are connected

============================================================
  Enter PARSEC TCPIP ROI 
============================================================
read 200000 points
[0] Data size = 102400000B, time =  0.288021s, BW =  355.530MB/s
[0] Data size = 102400000B, time =  0.308604s, BW =  331.817MB/s
[0] Data size = 102400000B, time =  0.252697s, BW =  405.228MB/s
[0] Data size = 102400000B, time =  0.286221s, BW =  357.766MB/s
[0] Data size = 102400000B, time =  0.231284s, BW =  442.746MB/s
Send Ack

------------------------------------------------------------
      Execution Statistics of u-TCP/IP Stack 
------------------------------------------------------------
There are 6 threads, 5 involved to u-TCP/IP stack
(u-TCP/IP_Threads) / (Total_Threads) = 83.33%

ROI_RUN_TIME =   1.37s

     THREAD_TYPE         ACTIVE_TIME           ACTIVE(%)
        Rx_Tcpip              0.793s               57.73
         Tx_Link              0.062s                4.49
         Rx_Link              0.098s                7.16
           Timer              0.004s                0.26
          Socket              0.339s               24.67
------------------------------------------------------------

============================================================
  Exit PARSEC TCPIP ROI 
============================================================

[Client:0]: Sending ...
[Client:0] send bytes = 102400000
[Client:0] send bytes = 102400000
[Client:0] send bytes = 102400000
[Client:0] send bytes = 102400000
[Client:0] send bytes = 102400000
[Client:0] Send data to server ok!
Receive Ack from Server
read 200000 points
read 200000 points
read 200000 points
read 200000 points

real	0m53,558s
user	6m45,111s
sys	0m1,364s
[PARSEC] [----------    End of output    ----------]
[PARSEC] Done.
