[PARSEC] [========== PARSEC 3.0-beta-20150206 RUN LOGFILE ==========]

[PARSEC] Run with amd64-linux.gcc binaries and input native started on jue 01 abr 2021 11:53:38 CEST.
[PARSEC] Benchmarks to run:  parsec.freqmine

[PARSEC] [========== Running benchmark parsec.freqmine [1] ==========]
[PARSEC] Deleting old run directory.
[PARSEC] Setting up run directory.
[PARSEC] Unpacking benchmark input 'native'.
webdocs_250k.dat
[PARSEC] Running 'time /home/alberto/Documentos/TFG/PARSEC/pkgs/apps/freqmine/inst/amd64-linux.gcc/bin/freqmine webdocs_250k.dat 11000':
[PARSEC] [---------- Beginning of output ----------]
PARSEC Benchmark Suite Version 3.0-beta-20150206
transaction number is 250000
829
the data preparation cost 0.859243 seconds, the FPgrowth cost 0.156124 seconds

=================================================================
==20623==ERROR: LeakSanitizer: detected memory leaks

Direct leak of 176800000 byte(s) in 442 object(s) allocated from:
    #0 0x7f0d1024f087 in operator new[](unsigned long) (/lib/x86_64-linux-gnu/libasan.so.6+0xb2087)
    #1 0x56068b2f2c6d in MapFileNode::init(int, int) /home/alberto/Documentos/TFG/PARSEC/pkgs/apps/freqmine/obj/amd64-linux.gcc/data.cpp:130
    #2 0x56068b2f2c6d in Data::parseDataFile(MapFile*) /home/alberto/Documentos/TFG/PARSEC/pkgs/apps/freqmine/obj/amd64-linux.gcc/data.cpp:66

Direct leak of 1600000 byte(s) in 4 object(s) allocated from:
    #0 0x7f0d1024f087 in operator new[](unsigned long) (/lib/x86_64-linux-gnu/libasan.so.6+0xb2087)
    #1 0x56068b2f2b30 in MapFileNode::init(int, int) /home/alberto/Documentos/TFG/PARSEC/pkgs/apps/freqmine/obj/amd64-linux.gcc/data.cpp:130
    #2 0x56068b2f2b30 in Data::parseDataFile(MapFile*) /home/alberto/Documentos/TFG/PARSEC/pkgs/apps/freqmine/obj/amd64-linux.gcc/data.cpp:106

Direct leak of 400000 byte(s) in 1 object(s) allocated from:
    #0 0x7f0d1024f087 in operator new[](unsigned long) (/lib/x86_64-linux-gnu/libasan.so.6+0xb2087)
    #1 0x56068b2f19d5 in MapFileNode::init(int, int) /home/alberto/Documentos/TFG/PARSEC/pkgs/apps/freqmine/obj/amd64-linux.gcc/data.cpp:130
    #2 0x56068b2f19d5 in Data::parseDataFile(MapFile*) /home/alberto/Documentos/TFG/PARSEC/pkgs/apps/freqmine/obj/amd64-linux.gcc/data.cpp:34

Direct leak of 24 byte(s) in 1 object(s) allocated from:
    #0 0x7f0d1024ef17 in operator new(unsigned long) (/lib/x86_64-linux-gnu/libasan.so.6+0xb1f17)
    #1 0x56068b2fd5a9 in FP_tree::scan1_DB(Data*) /home/alberto/Documentos/TFG/PARSEC/pkgs/apps/freqmine/obj/amd64-linux.gcc/fp_tree.cpp:855

Direct leak of 16 byte(s) in 1 object(s) allocated from:
    #0 0x7f0d1024ef17 in operator new(unsigned long) (/lib/x86_64-linux-gnu/libasan.so.6+0xb1f17)
    #1 0x56068b2f0897 in main /home/alberto/Documentos/TFG/PARSEC/pkgs/apps/freqmine/obj/amd64-linux.gcc/fpmax.cpp:131

Indirect leak of 3316 byte(s) in 1 object(s) allocated from:
    #0 0x7f0d1024f087 in operator new[](unsigned long) (/lib/x86_64-linux-gnu/libasan.so.6+0xb2087)
    #1 0x56068b2fd60e in stack::stack(int) /home/alberto/Documentos/TFG/PARSEC/pkgs/apps/freqmine/obj/amd64-linux.gcc/fp_tree.cpp:485
    #2 0x56068b2fd60e in FP_tree::scan1_DB(Data*) /home/alberto/Documentos/TFG/PARSEC/pkgs/apps/freqmine/obj/amd64-linux.gcc/fp_tree.cpp:855

SUMMARY: AddressSanitizer: 178803356 byte(s) leaked in 450 allocation(s).

real	0m1,125s
user	0m0,805s
sys	0m0,320s
[PARSEC] [----------    End of output    ----------]
[PARSEC] Done.
