[PARSEC] [========== PARSEC 3.0-beta-20150206 RUN LOGFILE ==========]

[PARSEC] Run with amd64-linux.gcc binaries and input native started on dom 21 mar 2021 21:57:39 CET.
[PARSEC] Benchmarks to run:  parsec.netstreamcluster

[PARSEC] [========== Running benchmark parsec.netstreamcluster [1] ==========]
[PARSEC] Deleting old run directory.
[PARSEC] Setting up run directory.
[PARSEC] No archive for input 'native' available, skipping input setup.
[PARSEC] Running 'time /home/alberto/Documentos/TFG/PARSEC/pkgs/netapps/netstreamcluster/inst/amd64-linux.gcc/bin/run.sh 4 native':
[PARSEC] [---------- Beginning of output ----------]
Running
/home/alberto/Documentos/TFG/PARSEC/pkgs/netapps/netstreamcluster/inst/amd64-linux.gcc/bin/client 128 1000000 200000 1 &
/home/alberto/Documentos/TFG/PARSEC/pkgs/netapps/netstreamcluster/inst/amd64-linux.gcc/bin/server 10 20 128 1000000 200000 5000 none output.txt 4
PARSEC Benchmark Suite Version 3.0-beta-20150206
[Server] 1 clients are connected

============================================================
  Enter PARSEC TCPIP ROI 
============================================================
read 200000 points
[Client:0]: Sending ...
[Client:0] send bytes = 102400000
[Client:0] send bytes = 102400000
[Client:0] send bytes = 102400000
[Client:0] send bytes = 102400000
[Client:0] send bytes = 102400000
[Client:0] Send data to server ok!
Receive Ack from Server
[0] Data size = 102400000B, time =  0.314641s, BW =  325.450MB/s
[0] Data size = 102400000B, time =  0.302888s, BW =  338.079MB/s
[0] Data size = 102400000B, time =  0.291355s, BW =  351.461MB/s
[0] Data size = 102400000B, time =  0.298519s, BW =  343.027MB/s
[0] Data size = 102400000B, time =  0.285994s, BW =  358.049MB/s
Send Ack

------------------------------------------------------------
      Execution Statistics of u-TCP/IP Stack 
------------------------------------------------------------
There are 6 threads, 5 involved to u-TCP/IP stack
(u-TCP/IP_Threads) / (Total_Threads) = 83.33%

ROI_RUN_TIME =   1.49s

     THREAD_TYPE         ACTIVE_TIME           ACTIVE(%)
        Rx_Tcpip              0.795s               53.17
         Tx_Link              0.073s                4.91
         Rx_Link              0.102s                6.81
           Timer              0.005s                0.34
          Socket              0.421s               28.16
------------------------------------------------------------

============================================================
  Exit PARSEC TCPIP ROI 
============================================================

read 200000 points
read 200000 points
read 200000 points
read 200000 points

real	1m9,542s
user	4m38,182s
sys	0m1,147s
[PARSEC] [----------    End of output    ----------]
[PARSEC] Done.
