[PARSEC] [========== PARSEC 3.0-beta-20150206 RUN LOGFILE ==========]

[PARSEC] Run with amd64-linux.gcc binaries and input native started on jue 01 abr 2021 12:49:59 CEST.
[PARSEC] Benchmarks to run:  parsec.freqmine

[PARSEC] [========== Running benchmark parsec.freqmine [1] ==========]
[PARSEC] Deleting old run directory.
[PARSEC] Setting up run directory.
[PARSEC] Unpacking benchmark input 'native'.
webdocs_250k.dat
[PARSEC] Running 'time /home/alberto/Documentos/TFG/PARSEC/pkgs/apps/freqmine/inst/amd64-linux.gcc/bin/freqmine webdocs_250k.dat 11000':
[PARSEC] [---------- Beginning of output ----------]
PARSEC Benchmark Suite Version 3.0-beta-20150206
=================================================================
==47213==ERROR: AddressSanitizer: heap-use-after-free on address 0x7f153ceff908 at pc 0x55d29d305008 bp 0x7ffcd2247670 sp 0x7ffcd2247660
READ of size 8 at 0x7f153ceff908 thread T0
    #0 0x55d29d305007 in main /home/alberto/Documentos/TFG/PARSEC/pkgs/apps/freqmine/obj/amd64-linux.gcc/fpmax.cpp:195
    #1 0x7f154110a0b2 in __libc_start_main (/lib/x86_64-linux-gnu/libc.so.6+0x270b2)
    #2 0x55d29d30542d in _start (/home/alberto/Documentos/TFG/PARSEC/pkgs/apps/freqmine/inst/amd64-linux.gcc/bin/freqmine+0x542d)

0x7f153ceff908 is located 264 bytes inside of 10485760-byte region [0x7f153ceff800,0x7f153d8ff800)
freed by thread T0 here:
    #0 0x7f15415aab87 in operator delete[](void*) (/lib/x86_64-linux-gnu/libasan.so.6+0xb2b87)
    #1 0x55d29d32baac in memory::~memory() /home/alberto/Documentos/TFG/PARSEC/pkgs/apps/freqmine/obj/amd64-linux.gcc/buffer.cpp:92

previously allocated by thread T0 here:
    #0 0x7f15415aa087 in operator new[](unsigned long) (/lib/x86_64-linux-gnu/libasan.so.6+0xb2087)
    #1 0x55d29d32b66d in memory::init() /home/alberto/Documentos/TFG/PARSEC/pkgs/apps/freqmine/obj/amd64-linux.gcc/buffer.cpp:68

SUMMARY: AddressSanitizer: heap-use-after-free /home/alberto/Documentos/TFG/PARSEC/pkgs/apps/freqmine/obj/amd64-linux.gcc/fpmax.cpp:195 in main
Shadow bytes around the buggy address:
  0x0fe3279d7ed0: fa fa fa fa fa fa fa fa fa fa fa fa fa fa fa fa
  0x0fe3279d7ee0: fa fa fa fa fa fa fa fa fa fa fa fa fa fa fa fa
  0x0fe3279d7ef0: fa fa fa fa fa fa fa fa fa fa fa fa fa fa fa fa
  0x0fe3279d7f00: fd fd fd fd fd fd fd fd fd fd fd fd fd fd fd fd
  0x0fe3279d7f10: fd fd fd fd fd fd fd fd fd fd fd fd fd fd fd fd
=>0x0fe3279d7f20: fd[fd]fd fd fd fd fd fd fd fd fd fd fd fd fd fd
  0x0fe3279d7f30: fd fd fd fd fd fd fd fd fd fd fd fd fd fd fd fd
  0x0fe3279d7f40: fd fd fd fd fd fd fd fd fd fd fd fd fd fd fd fd
  0x0fe3279d7f50: fd fd fd fd fd fd fd fd fd fd fd fd fd fd fd fd
  0x0fe3279d7f60: fd fd fd fd fd fd fd fd fd fd fd fd fd fd fd fd
  0x0fe3279d7f70: fd fd fd fd fd fd fd fd fd fd fd fd fd fd fd fd
Shadow byte legend (one shadow byte represents 8 application bytes):
  Addressable:           00
  Partially addressable: 01 02 03 04 05 06 07 
  Heap left redzone:       fa
  Freed heap region:       fd
  Stack left redzone:      f1
  Stack mid redzone:       f2
  Stack right redzone:     f3
  Stack after return:      f5
  Stack use after scope:   f8
  Global redzone:          f9
  Global init order:       f6
  Poisoned by user:        f7
  Container overflow:      fc
  Array cookie:            ac
  Intra object redzone:    bb
  ASan internal:           fe
  Left alloca redzone:     ca
  Right alloca redzone:    cb
  Shadow gap:              cc
==47213==ABORTING

real	0m1,036s
user	0m0,736s
sys	0m0,294s
[PARSEC] [----------    End of output    ----------]
[PARSEC] Done.
