[PARSEC] [========== PARSEC 3.0-beta-20150206 RUN LOGFILE ==========]

[PARSEC] Run with amd64-linux.gcc binaries and input native started on lun 29 mar 2021 12:03:02 CEST.
[PARSEC] Benchmarks to run:  parsec.netstreamcluster

[PARSEC] [========== Running benchmark parsec.netstreamcluster [1] ==========]
[PARSEC] Deleting old run directory.
[PARSEC] Setting up run directory.
[PARSEC] No archive for input 'native' available, skipping input setup.
[PARSEC] Running 'time /home/alberto/Documentos/TFG/PARSEC/pkgs/netapps/netstreamcluster/inst/amd64-linux.gcc/bin/run.sh 1 native':
[PARSEC] [---------- Beginning of output ----------]
Running
/home/alberto/Documentos/TFG/PARSEC/pkgs/netapps/netstreamcluster/inst/amd64-linux.gcc/bin/client 128 1000000 200000 1 &
/home/alberto/Documentos/TFG/PARSEC/pkgs/netapps/netstreamcluster/inst/amd64-linux.gcc/bin/server 10 20 128 1000000 200000 5000 none output.txt 1
PARSEC Benchmark Suite Version 3.0-beta-20150206

====================================[Server] 1 clients are connected
========================
  Enter PARSEC TCPIP ROI 
============================================================
read 200000 points
[0] Data size = 102400000B, time =  0.294038s, BW =  348.254MB/s
[0] Data size = 102400000B, time =  0.285301s, BW =  358.919MB/s
[0] Data size = 102400000B, time =  0.206428s, BW =  496.057MB/s
[0] Data size = 102400000B, time =  0.202574s, BW =  505.494MB/s
[0] Data size = 102400000B, time =  0.206466s, BW =  495.965MB/s
Send Ack

------------------------------------------------------------
      Execution Statistics of u-TCP/IP Stack 
------------------------------------------------------------
There are 6 threads, 5 involved to u-TCP/IP stack
(u-TCP/IP_Threads) / (Total_Threads) = 83.33%

ROI_RUN_TIME =   1.20s

     THREAD_TYPE         ACTIVE_TIME           ACTIVE(%)
        Rx_Tcpip              0.725s               60.45
         Tx_Link              0.063s                5.25
         Rx_Link              0.084s                7.00
           Timer              0.003s                0.27
          Socket              0.357s               29.74
------------------------------------------------------------

============================================================
  Exit PARSEC TCPIP ROI 
============================================================


=================================================================
==29321==ERROR: LeakSanitizer: detected memory leaks

Direct leak of 96 byte(s) in 2 object(s) allocated from:
    #0 0x7f3a114949d1 in malloc (/lib/x86_64-linux-gnu/liblsan.so.0+0xf9d1)
    #1 0x55af86fabbdf in host_pthread_cond_init /home/alberto/Documentos/TFG/PARSEC/pkgs/libs/uptcpip/obj/amd64-linux.gcc/host.support/host_serv.c:800

Direct leak of 24 byte(s) in 3 object(s) allocated from:
    #0 0x7f3a114949d1 in malloc (/lib/x86_64-linux-gnu/liblsan.so.0+0xf9d1)
    #1 0x55af86fab311 in host_thread_create /home/alberto/Documentos/TFG/PARSEC/pkgs/libs/uptcpip/obj/amd64-linux.gcc/host.support/host_serv.c:330

SUMMARY: LeakSanitizer: 120 byte(s) leaked in 5 allocation(s).
read 200000 points
read 200000 points
read 200000 points
read 200000 points

=================================================================
==29322==ERROR: LeakSanitizer: detected memory leaks

Direct leak of 160000 byte(s) in 1 object(s) allocated from:
    #0 0x7f78317279d1 in malloc (/lib/x86_64-linux-gnu/liblsan.so.0+0xf9d1)
    #1 0x555e6caf64e4 in streamCluster(PStream*, long, long, int, long, long, char*) /home/alberto/Documentos/TFG/PARSEC/pkgs/netapps/netstreamcluster/obj/amd64-linux.gcc/server/streamcluster.cpp:2166

Direct leak of 120 byte(s) in 1 object(s) allocated from:
    #0 0x7f78317279d1 in malloc (/lib/x86_64-linux-gnu/liblsan.so.0+0xf9d1)
    #1 0x555e6caf5ffd in streamCluster(PStream*, long, long, int, long, long, char*) /home/alberto/Documentos/TFG/PARSEC/pkgs/netapps/netstreamcluster/obj/amd64-linux.gcc/server/streamcluster.cpp:2122

Direct leak of 96 byte(s) in 2 object(s) allocated from:
    #0 0x7f78317279d1 in malloc (/lib/x86_64-linux-gnu/liblsan.so.0+0xf9d1)
    #1 0x555e6caf923f in host_pthread_cond_init /home/alberto/Documentos/TFG/PARSEC/pkgs/libs/uptcpip/obj/amd64-linux.gcc/host.support/host_serv.c:800

Direct leak of 24 byte(s) in 3 object(s) allocated from:
    #0 0x7f78317279d1 in malloc (/lib/x86_64-linux-gnu/liblsan.so.0+0xf9d1)
    #1 0x555e6caf8971 in host_thread_create /home/alberto/Documentos/TFG/PARSEC/pkgs/libs/uptcpip/obj/amd64-linux.gcc/host.support/host_serv.c:330

Indirect leak of 512000000 byte(s) in 5 object(s) allocated from:
    #0 0x7f78317279d1 in malloc (/lib/x86_64-linux-gnu/liblsan.so.0+0xf9d1)
    #1 0x555e6caf6069 in streamCluster(PStream*, long, long, int, long, long, char*) /home/alberto/Documentos/TFG/PARSEC/pkgs/netapps/netstreamcluster/obj/amd64-linux.gcc/server/streamcluster.cpp:2128

Indirect leak of 32000000 byte(s) in 5 object(s) allocated from:
    #0 0x7f78317279d1 in malloc (/lib/x86_64-linux-gnu/liblsan.so.0+0xf9d1)
    #1 0x555e6caf6089 in streamCluster(PStream*, long, long, int, long, long, char*) /home/alberto/Documentos/TFG/PARSEC/pkgs/netapps/netstreamcluster/obj/amd64-linux.gcc/server/streamcluster.cpp:2143

SUMMARY: LeakSanitizer: 544160240 byte(s) leaked in 17 allocation(s).

real	3m52,649s
user	4m9,328s
sys	0m2,991s
[PARSEC] [----------    End of output    ----------]
[PARSEC] Done.
