[PARSEC] [========== PARSEC 3.0-beta-20150206 RUN LOGFILE ==========]

[PARSEC] Run with amd64-linux.gcc binaries and input native started on jue 01 abr 2021 11:34:37 CEST.
[PARSEC] Benchmarks to run:  parsec.freqmine

[PARSEC] [========== Running benchmark parsec.freqmine [1] ==========]
[PARSEC] Deleting old run directory.
[PARSEC] Setting up run directory.
[PARSEC] Unpacking benchmark input 'native'.
webdocs_250k.dat
[PARSEC] Running 'time /home/alberto/Documentos/TFG/PARSEC/pkgs/apps/freqmine/inst/amd64-linux.gcc/bin/freqmine webdocs_250k.dat 11000':
[PARSEC] [---------- Beginning of output ----------]
PARSEC Benchmark Suite Version 3.0-beta-20150206
transaction number is 250000
829
28599
363898
2699198
13410070
47495313
124190838
245065199
369974305
430373350
386138019
265795578
138598934
53551164
14790217
2753445
311877
17498
269
the data preparation cost 1.752661 seconds, the FPgrowth cost 244.126126 seconds

=================================================================
==16051==ERROR: LeakSanitizer: detected memory leaks

Direct leak of 6632 byte(s) in 1 object(s) allocated from:
    #0 0x7f3f24984511 in operator new[](unsigned long) (/lib/x86_64-linux-gnu/liblsan.so.0+0x10511)
    #1 0x56300be81a60 in void first_transform_FPTree_into_FPArray<unsigned short>(FP_tree*, unsigned short) /home/alberto/Documentos/TFG/PARSEC/pkgs/apps/freqmine/obj/amd64-linux.gcc/fp_tree.cpp:195

Direct leak of 16 byte(s) in 1 object(s) allocated from:
    #0 0x7f3f249843d1 in operator new(unsigned long) (/lib/x86_64-linux-gnu/liblsan.so.0+0x103d1)
    #1 0x56300be764f5 in main /home/alberto/Documentos/TFG/PARSEC/pkgs/apps/freqmine/obj/amd64-linux.gcc/fpmax.cpp:131

SUMMARY: LeakSanitizer: 6648 byte(s) leaked in 2 allocation(s).

real	4m5,900s
user	4m5,120s
sys	0m0,746s
[PARSEC] [----------    End of output    ----------]
[PARSEC] Done.
