[PARSEC] [========== PARSEC 3.0-beta-20150206 RUN LOGFILE ==========]

[PARSEC] Run with amd64-linux.gcc binaries and input native started on vie 02 abr 2021 19:13:54 CEST.
[PARSEC] Benchmarks to run:  parsec.freqmine

[PARSEC] [========== Running benchmark parsec.freqmine [1] ==========]
[PARSEC] Deleting old run directory.
[PARSEC] Setting up run directory.
[PARSEC] Unpacking benchmark input 'native'.
webdocs_250k.dat
[PARSEC] Running 'time /home/alberto/Documentos/TFG/PARSEC/pkgs/apps/freqmine/inst/amd64-linux.gcc/bin/freqmine webdocs_250k.dat 11000':
[PARSEC] [---------- Beginning of output ----------]
PARSEC Benchmark Suite Version 3.0-beta-20150206
=================================================================
==11087==ERROR: AddressSanitizer: heap-use-after-free on address 0x7ff850d39834 at pc 0x55b99b9e621e bp 0x7ffdb7e69c00 sp 0x7ffdb7e69bf0
WRITE of size 4 at 0x7ff850d39834 thread T0
    #0 0x55b99b9e621d in Data::parseDataFile(MapFile*) /home/alberto/Documentos/TFG/PARSEC/pkgs/apps/freqmine/obj/amd64-linux.gcc/data.cpp:87
    #1 0x55b99b9ef89a in FP_tree::scan1_DB(Data*) /home/alberto/Documentos/TFG/PARSEC/pkgs/apps/freqmine/obj/amd64-linux.gcc/fp_tree.cpp:760
    #2 0x55b99b9e3aef in main /home/alberto/Documentos/TFG/PARSEC/pkgs/apps/freqmine/obj/amd64-linux.gcc/fpmax.cpp:151
    #3 0x7ff853c700b2 in __libc_start_main (/lib/x86_64-linux-gnu/libc.so.6+0x270b2)
    #4 0x55b99b9e442d in _start (/home/alberto/Documentos/TFG/PARSEC/pkgs/apps/freqmine/inst/amd64-linux.gcc/bin/freqmine+0x542d)

0x7ff850d39834 is located 52 bytes inside of 400000-byte region [0x7ff850d39800,0x7ff850d9b280)
freed by thread T0 here:
    #0 0x7ff854110b87 in operator delete[](void*) (/lib/x86_64-linux-gnu/libasan.so.6+0xb2b87)
    #1 0x55b99b9e532e in MapFileNode::finalize() /home/alberto/Documentos/TFG/PARSEC/pkgs/apps/freqmine/obj/amd64-linux.gcc/data.cpp:144
    #2 0x55b99b9e532e in Data::parseDataFile(MapFile*) /home/alberto/Documentos/TFG/PARSEC/pkgs/apps/freqmine/obj/amd64-linux.gcc/data.cpp:128

previously allocated by thread T0 here:
    #0 0x7ff854110087 in operator new[](unsigned long) (/lib/x86_64-linux-gnu/libasan.so.6+0xb2087)
    #1 0x55b99b9e5d7e in MapFileNode::init(int, int) /home/alberto/Documentos/TFG/PARSEC/pkgs/apps/freqmine/obj/amd64-linux.gcc/data.cpp:137
    #2 0x55b99b9e5d7e in Data::parseDataFile(MapFile*) /home/alberto/Documentos/TFG/PARSEC/pkgs/apps/freqmine/obj/amd64-linux.gcc/data.cpp:67

SUMMARY: AddressSanitizer: heap-use-after-free /home/alberto/Documentos/TFG/PARSEC/pkgs/apps/freqmine/obj/amd64-linux.gcc/data.cpp:87 in Data::parseDataFile(MapFile*)
Shadow bytes around the buggy address:
  0x0fff8a19f2b0: fa fa fa fa fa fa fa fa fa fa fa fa fa fa fa fa
  0x0fff8a19f2c0: fa fa fa fa fa fa fa fa fa fa fa fa fa fa fa fa
  0x0fff8a19f2d0: fa fa fa fa fa fa fa fa fa fa fa fa fa fa fa fa
  0x0fff8a19f2e0: fa fa fa fa fa fa fa fa fa fa fa fa fa fa fa fa
  0x0fff8a19f2f0: fa fa fa fa fa fa fa fa fa fa fa fa fa fa fa fa
=>0x0fff8a19f300: fd fd fd fd fd fd[fd]fd fd fd fd fd fd fd fd fd
  0x0fff8a19f310: fd fd fd fd fd fd fd fd fd fd fd fd fd fd fd fd
  0x0fff8a19f320: fd fd fd fd fd fd fd fd fd fd fd fd fd fd fd fd
  0x0fff8a19f330: fd fd fd fd fd fd fd fd fd fd fd fd fd fd fd fd
  0x0fff8a19f340: fd fd fd fd fd fd fd fd fd fd fd fd fd fd fd fd
  0x0fff8a19f350: fd fd fd fd fd fd fd fd fd fd fd fd fd fd fd fd
Shadow byte legend (one shadow byte represents 8 application bytes):
  Addressable:           00
  Partially addressable: 01 02 03 04 05 06 07 
  Heap left redzone:       fa
  Freed heap region:       fd
  Stack left redzone:      f1
  Stack mid redzone:       f2
  Stack right redzone:     f3
  Stack after return:      f5
  Stack use after scope:   f8
  Global redzone:          f9
  Global init order:       f6
  Poisoned by user:        f7
  Container overflow:      fc
  Array cookie:            ac
  Intra object redzone:    bb
  ASan internal:           fe
  Left alloca redzone:     ca
  Right alloca redzone:    cb
  Shadow gap:              cc
==11087==ABORTING

real	0m0,017s
user	0m0,014s
sys	0m0,003s
[PARSEC] [----------    End of output    ----------]
[PARSEC] Done.
