[PARSEC] [========== PARSEC 3.0-beta-20150206 RUN LOGFILE ==========]

[PARSEC] Run with amd64-linux.gcc binaries and input native started on dom 21 mar 2021 21:44:58 CET.
[PARSEC] Benchmarks to run:  parsec.netstreamcluster

[PARSEC] [========== Running benchmark parsec.netstreamcluster [1] ==========]
[PARSEC] Deleting old run directory.
[PARSEC] Setting up run directory.
[PARSEC] No archive for input 'native' available, skipping input setup.
[PARSEC] Running 'time /home/alberto/Documentos/TFG/PARSEC/pkgs/netapps/netstreamcluster/inst/amd64-linux.gcc/bin/run.sh 2 native':
[PARSEC] [---------- Beginning of output ----------]
Running
/home/alberto/Documentos/TFG/PARSEC/pkgs/netapps/netstreamcluster/inst/amd64-linux.gcc/bin/client 128 1000000 200000 1 &
/home/alberto/Documentos/TFG/PARSEC/pkgs/netapps/netstreamcluster/inst/amd64-linux.gcc/bin/server 10 20 128 1000000 200000 5000 none output.txt 2
PARSEC Benchmark Suite Version 3.0-beta-20150206
[Server] 1 clients are connected

============================================================
  Enter PARSEC TCPIP ROI 
============================================================
read 200000 points
[Client:0]: Sending ...
[Client:0] send bytes = 102400000
[Client:0] send bytes = 102400000
[Client:0] send bytes = 102400000
[Client:0] send bytes = 102400000
[Client:0] send bytes = 102400000
[Client:0] Send data to server ok!
Receive Ack from Server
[0] Data size = 102400000B, time =  0.324985s, BW =  315.091MB/s
[0] Data size = 102400000B, time =  0.175273s, BW =  584.231MB/s
[0] Data size = 102400000B, time =  0.191022s, BW =  536.064MB/s
[0] Data size = 102400000B, time =  0.236850s, BW =  432.341MB/s
[0] Data size = 102400000B, time =  0.192027s, BW =  533.258MB/s
Send Ack

------------------------------------------------------------
      Execution Statistics of u-TCP/IP Stack 
------------------------------------------------------------
There are 6 threads, 5 involved to u-TCP/IP stack
(u-TCP/IP_Threads) / (Total_Threads) = 83.33%

ROI_RUN_TIME =   1.12s

     THREAD_TYPE         ACTIVE_TIME           ACTIVE(%)
        Rx_Tcpip              0.730s               65.10
         Tx_Link              0.066s                5.88
         Rx_Link              0.085s                7.62
           Timer              0.004s                0.32
          Socket              0.344s               30.70
------------------------------------------------------------

============================================================
  Exit PARSEC TCPIP ROI 
============================================================

read 200000 points
read 200000 points
read 200000 points
read 200000 points

real	2m4,338s
user	4m17,103s
sys	0m1,020s
[PARSEC] [----------    End of output    ----------]
[PARSEC] Done.
