[PARSEC] [========== PARSEC 3.0-beta-20150206 RUN LOGFILE ==========]

[PARSEC] Run with amd64-linux.gcc binaries and input native started on jue 01 abr 2021 11:25:41 CEST.
[PARSEC] Benchmarks to run:  parsec.freqmine

[PARSEC] [========== Running benchmark parsec.freqmine [1] ==========]
[PARSEC] Deleting old run directory.
[PARSEC] Setting up run directory.
[PARSEC] Unpacking benchmark input 'native'.
webdocs_250k.dat
[PARSEC] Running 'time /home/alberto/Documentos/TFG/PARSEC/pkgs/apps/freqmine/inst/amd64-linux.gcc/bin/freqmine webdocs_250k.dat 11000':
[PARSEC] [---------- Beginning of output ----------]
PARSEC Benchmark Suite Version 3.0-beta-20150206
transaction number is 250000
829
28599
363898
2699198
13410070
47495313
124190838
245065199
369974305
430373350
386138019
265795578
138598934
53551164
14790217
2753445
311877
17498
269
the data preparation cost 1.762690 seconds, the FPgrowth cost 238.963627 seconds

=================================================================
==15109==ERROR: LeakSanitizer: detected memory leaks

Direct leak of 16 byte(s) in 1 object(s) allocated from:
    #0 0x7fccffa64511 in operator new[](unsigned long) (/lib/x86_64-linux-gnu/liblsan.so.0+0x10511)
    #1 0x5568187565fc in void first_transform_FPTree_into_FPArray<unsigned short>(FP_tree*, unsigned short) /home/alberto/Documentos/TFG/PARSEC/pkgs/apps/freqmine/obj/amd64-linux.gcc/fp_tree.cpp:194

Direct leak of 16 byte(s) in 1 object(s) allocated from:
    #0 0x7fccffa643d1 in operator new(unsigned long) (/lib/x86_64-linux-gnu/liblsan.so.0+0x103d1)
    #1 0x55681874b4f5 in main /home/alberto/Documentos/TFG/PARSEC/pkgs/apps/freqmine/obj/amd64-linux.gcc/fpmax.cpp:131

Indirect leak of 6632 byte(s) in 1 object(s) allocated from:
    #0 0x7fccffa64511 in operator new[](unsigned long) (/lib/x86_64-linux-gnu/liblsan.so.0+0x10511)
    #1 0x556818756a3f in void first_transform_FPTree_into_FPArray<unsigned short>(FP_tree*, unsigned short) /home/alberto/Documentos/TFG/PARSEC/pkgs/apps/freqmine/obj/amd64-linux.gcc/fp_tree.cpp:195

SUMMARY: LeakSanitizer: 6664 byte(s) leaked in 3 allocation(s).

real	4m0,748s
user	3m59,998s
sys	0m0,712s
[PARSEC] [----------    End of output    ----------]
[PARSEC] Done.
